CRITICAL - 2024-08-06 00:45:57 --> Undefined array key "tldt_status"
in APPPATH\Controllers\ToolRequest\ToolRequestMasterController.php on line 984.
 1 APPPATH\Controllers\ToolRequest\ToolRequestMasterController.php(984): CodeIgniter\Debug\Exceptions->errorHandler(2, 'Undefined array key "tldt_status"', 'D:\\RAMS API GIT\\cat_rams_v2_api\\app\\Controllers\\ToolRequest\\ToolRequestMasterController.php', 984)
 2 SYSTEMPATH\CodeIgniter.php(919): App\Controllers\ToolRequest\ToolRequestMasterController->tool_req_list()
 3 SYSTEMPATH\CodeIgniter.php(494): CodeIgniter\CodeIgniter->runController(Object(App\Controllers\ToolRequest\ToolRequestMasterController))
 4 SYSTEMPATH\CodeIgniter.php(353): CodeIgniter\CodeIgniter->handleRequest(null, Object(Config\Cache), false)
 5 FCPATH\index.php(79): CodeIgniter\CodeIgniter->run()
 6 SYSTEMPATH\Commands\Server\rewrite.php(47): require_once('D:\\RAMS API GIT\\cat_rams_v2_api\\public\\index.php')
CRITICAL - 2024-08-06 00:46:45 --> Undefined array key "tldt_status"
in APPPATH\Controllers\ToolRequest\ToolRequestMasterController.php on line 984.
 1 APPPATH\Controllers\ToolRequest\ToolRequestMasterController.php(984): CodeIgniter\Debug\Exceptions->errorHandler(2, 'Undefined array key "tldt_status"', 'D:\\RAMS API GIT\\cat_rams_v2_api\\app\\Controllers\\ToolRequest\\ToolRequestMasterController.php', 984)
 2 SYSTEMPATH\CodeIgniter.php(919): App\Controllers\ToolRequest\ToolRequestMasterController->tool_req_list()
 3 SYSTEMPATH\CodeIgniter.php(494): CodeIgniter\CodeIgniter->runController(Object(App\Controllers\ToolRequest\ToolRequestMasterController))
 4 SYSTEMPATH\CodeIgniter.php(353): CodeIgniter\CodeIgniter->handleRequest(null, Object(Config\Cache), false)
 5 FCPATH\index.php(79): CodeIgniter\CodeIgniter->run()
 6 SYSTEMPATH\Commands\Server\rewrite.php(47): require_once('D:\\RAMS API GIT\\cat_rams_v2_api\\public\\index.php')
CRITICAL - 2024-08-06 00:47:25 --> Undefined array key "tldt_status"
in APPPATH\Controllers\ToolRequest\ToolRequestMasterController.php on line 984.
 1 APPPATH\Controllers\ToolRequest\ToolRequestMasterController.php(984): CodeIgniter\Debug\Exceptions->errorHandler(2, 'Undefined array key "tldt_status"', 'D:\\RAMS API GIT\\cat_rams_v2_api\\app\\Controllers\\ToolRequest\\ToolRequestMasterController.php', 984)
 2 SYSTEMPATH\CodeIgniter.php(919): App\Controllers\ToolRequest\ToolRequestMasterController->tool_req_list()
 3 SYSTEMPATH\CodeIgniter.php(494): CodeIgniter\CodeIgniter->runController(Object(App\Controllers\ToolRequest\ToolRequestMasterController))
 4 SYSTEMPATH\CodeIgniter.php(353): CodeIgniter\CodeIgniter->handleRequest(null, Object(Config\Cache), false)
 5 FCPATH\index.php(79): CodeIgniter\CodeIgniter->run()
 6 SYSTEMPATH\Commands\Server\rewrite.php(47): require_once('D:\\RAMS API GIT\\cat_rams_v2_api\\public\\index.php')
CRITICAL - 2024-08-06 00:48:50 --> Undefined array key "tool_rent_cost"
in APPPATH\Controllers\ToolRequest\RentDelayCalcController.php on line 195.
 1 APPPATH\Controllers\ToolRequest\RentDelayCalcController.php(195): CodeIgniter\Debug\Exceptions->errorHandler(2, 'Undefined array key "tool_rent_cost"', 'D:\\RAMS API GIT\\cat_rams_v2_api\\app\\Controllers\\ToolRequest\\RentDelayCalcController.php', 195)
 2 APPPATH\Controllers\ToolRequest\ToolRequestMasterController.php(996): App\Controllers\ToolRequest\RentDelayCalcController->calculate_due_req([...])
 3 SYSTEMPATH\CodeIgniter.php(919): App\Controllers\ToolRequest\ToolRequestMasterController->tool_req_list()
 4 SYSTEMPATH\CodeIgniter.php(494): CodeIgniter\CodeIgniter->runController(Object(App\Controllers\ToolRequest\ToolRequestMasterController))
 5 SYSTEMPATH\CodeIgniter.php(353): CodeIgniter\CodeIgniter->handleRequest(null, Object(Config\Cache), false)
 6 FCPATH\index.php(79): CodeIgniter\CodeIgniter->run()
 7 SYSTEMPATH\Commands\Server\rewrite.php(47): require_once('D:\\RAMS API GIT\\cat_rams_v2_api\\public\\index.php')
CRITICAL - 2024-08-06 00:49:02 --> Undefined array key "tldt_tool_quant"
in APPPATH\Controllers\ToolRequest\RentDelayCalcController.php on line 195.
 1 APPPATH\Controllers\ToolRequest\RentDelayCalcController.php(195): CodeIgniter\Debug\Exceptions->errorHandler(2, 'Undefined array key "tldt_tool_quant"', 'D:\\RAMS API GIT\\cat_rams_v2_api\\app\\Controllers\\ToolRequest\\RentDelayCalcController.php', 195)
 2 APPPATH\Controllers\ToolRequest\ToolRequestMasterController.php(996): App\Controllers\ToolRequest\RentDelayCalcController->calculate_due_req([...])
 3 SYSTEMPATH\CodeIgniter.php(919): App\Controllers\ToolRequest\ToolRequestMasterController->tool_req_list()
 4 SYSTEMPATH\CodeIgniter.php(494): CodeIgniter\CodeIgniter->runController(Object(App\Controllers\ToolRequest\ToolRequestMasterController))
 5 SYSTEMPATH\CodeIgniter.php(353): CodeIgniter\CodeIgniter->handleRequest(null, Object(Config\Cache), false)
 6 FCPATH\index.php(79): CodeIgniter\CodeIgniter->run()
 7 SYSTEMPATH\Commands\Server\rewrite.php(47): require_once('D:\\RAMS API GIT\\cat_rams_v2_api\\public\\index.php')
CRITICAL - 2024-08-06 00:49:12 --> Undefined array key "tool_delay_percentage"
in APPPATH\Controllers\ToolRequest\RentDelayCalcController.php on line 196.
 1 APPPATH\Controllers\ToolRequest\RentDelayCalcController.php(196): CodeIgniter\Debug\Exceptions->errorHandler(2, 'Undefined array key "tool_delay_percentage"', 'D:\\RAMS API GIT\\cat_rams_v2_api\\app\\Controllers\\ToolRequest\\RentDelayCalcController.php', 196)
 2 APPPATH\Controllers\ToolRequest\ToolRequestMasterController.php(996): App\Controllers\ToolRequest\RentDelayCalcController->calculate_due_req([...])
 3 SYSTEMPATH\CodeIgniter.php(919): App\Controllers\ToolRequest\ToolRequestMasterController->tool_req_list()
 4 SYSTEMPATH\CodeIgniter.php(494): CodeIgniter\CodeIgniter->runController(Object(App\Controllers\ToolRequest\ToolRequestMasterController))
 5 SYSTEMPATH\CodeIgniter.php(353): CodeIgniter\CodeIgniter->handleRequest(null, Object(Config\Cache), false)
 6 FCPATH\index.php(79): CodeIgniter\CodeIgniter->run()
 7 SYSTEMPATH\Commands\Server\rewrite.php(47): require_once('D:\\RAMS API GIT\\cat_rams_v2_api\\public\\index.php')
CRITICAL - 2024-08-06 00:49:21 --> Undefined array key "tool_cost"
in APPPATH\Controllers\ToolRequest\RentDelayCalcController.php on line 197.
 1 APPPATH\Controllers\ToolRequest\RentDelayCalcController.php(197): CodeIgniter\Debug\Exceptions->errorHandler(2, 'Undefined array key "tool_cost"', 'D:\\RAMS API GIT\\cat_rams_v2_api\\app\\Controllers\\ToolRequest\\RentDelayCalcController.php', 197)
 2 APPPATH\Controllers\ToolRequest\ToolRequestMasterController.php(996): App\Controllers\ToolRequest\RentDelayCalcController->calculate_due_req([...])
 3 SYSTEMPATH\CodeIgniter.php(919): App\Controllers\ToolRequest\ToolRequestMasterController->tool_req_list()
 4 SYSTEMPATH\CodeIgniter.php(494): CodeIgniter\CodeIgniter->runController(Object(App\Controllers\ToolRequest\ToolRequestMasterController))
 5 SYSTEMPATH\CodeIgniter.php(353): CodeIgniter\CodeIgniter->handleRequest(null, Object(Config\Cache), false)
 6 FCPATH\index.php(79): CodeIgniter\CodeIgniter->run()
 7 SYSTEMPATH\Commands\Server\rewrite.php(47): require_once('D:\\RAMS API GIT\\cat_rams_v2_api\\public\\index.php')
CRITICAL - 2024-08-06 02:21:38 --> Undefined array key "us_id"
in APPPATH\Controllers\ServiceRequest\ServiceRequestMasterController.php on line 2446.
 1 APPPATH\Controllers\ServiceRequest\ServiceRequestMasterController.php(2446): CodeIgniter\Debug\Exceptions->errorHandler(2, 'Undefined array key "us_id"', 'D:\\RAMS API GIT\\cat_rams_v2_api\\app\\Controllers\\ServiceRequest\\ServiceRequestMasterController.php', 2446)
 2 APPPATH\Controllers\DashBoard\DashBoardController.php(53): App\Controllers\ServiceRequest\ServiceRequestMasterController->fetch_dashb_details()
 3 SYSTEMPATH\CodeIgniter.php(919): App\Controllers\DashBoard\DashBoardController->index()
 4 SYSTEMPATH\CodeIgniter.php(494): CodeIgniter\CodeIgniter->runController(Object(App\Controllers\DashBoard\DashBoardController))
 5 SYSTEMPATH\CodeIgniter.php(353): CodeIgniter\CodeIgniter->handleRequest(null, Object(Config\Cache), false)
 6 FCPATH\index.php(79): CodeIgniter\CodeIgniter->run()
 7 SYSTEMPATH\Commands\Server\rewrite.php(47): require_once('D:\\RAMS API GIT\\cat_rams_v2_api\\public\\index.php')
CRITICAL - 2024-08-06 02:21:55 --> Undefined array key "us_firstname"
in APPPATH\Controllers\ServiceRequest\ServiceRequestMasterController.php on line 2455.
 1 APPPATH\Controllers\ServiceRequest\ServiceRequestMasterController.php(2455): CodeIgniter\Debug\Exceptions->errorHandler(2, 'Undefined array key "us_firstname"', 'D:\\RAMS API GIT\\cat_rams_v2_api\\app\\Controllers\\ServiceRequest\\ServiceRequestMasterController.php', 2455)
 2 APPPATH\Controllers\DashBoard\DashBoardController.php(53): App\Controllers\ServiceRequest\ServiceRequestMasterController->fetch_dashb_details()
 3 SYSTEMPATH\CodeIgniter.php(919): App\Controllers\DashBoard\DashBoardController->index()
 4 SYSTEMPATH\CodeIgniter.php(494): CodeIgniter\CodeIgniter->runController(Object(App\Controllers\DashBoard\DashBoardController))
 5 SYSTEMPATH\CodeIgniter.php(353): CodeIgniter\CodeIgniter->handleRequest(null, Object(Config\Cache), false)
 6 FCPATH\index.php(79): CodeIgniter\CodeIgniter->run()
 7 SYSTEMPATH\Commands\Server\rewrite.php(47): require_once('D:\\RAMS API GIT\\cat_rams_v2_api\\public\\index.php')
ERROR - 2024-08-06 02:24:56 --> mysqli_sql_exception: Unknown column 'us_id' in 'field list' in D:\RAMS API GIT\cat_rams_v2_api\system\Database\MySQLi\Connection.php:306
Stack trace:
#0 D:\RAMS API GIT\cat_rams_v2_api\system\Database\MySQLi\Connection.php(306): mysqli->query('SELECT `tldt_nu...', 0)
#1 D:\RAMS API GIT\cat_rams_v2_api\system\Database\BaseConnection.php(692): CodeIgniter\Database\MySQLi\Connection->execute('SELECT `tldt_nu...')
#2 D:\RAMS API GIT\cat_rams_v2_api\system\Database\BaseConnection.php(606): CodeIgniter\Database\BaseConnection->simpleQuery('SELECT `tldt_nu...')
#3 D:\RAMS API GIT\cat_rams_v2_api\system\Database\BaseBuilder.php(1615): CodeIgniter\Database\BaseConnection->query('SELECT `tldt_nu...', Array, false)
#4 D:\RAMS API GIT\cat_rams_v2_api\system\Model.php(237): CodeIgniter\Database\BaseBuilder->get()
#5 D:\RAMS API GIT\cat_rams_v2_api\system\BaseModel.php(624): CodeIgniter\Model->doFindAll(0, 0)
#6 D:\RAMS API GIT\cat_rams_v2_api\app\Controllers\ToolRequest\ToolRequestMasterController.php(3562): CodeIgniter\BaseModel->findAll()
#7 D:\RAMS API GIT\cat_rams_v2_api\app\Controllers\DashBoard\DashBoardController.php(49): App\Controllers\ToolRequest\ToolRequestMasterController->fetch_dashb_details()
#8 D:\RAMS API GIT\cat_rams_v2_api\system\CodeIgniter.php(919): App\Controllers\DashBoard\DashBoardController->index()
#9 D:\RAMS API GIT\cat_rams_v2_api\system\CodeIgniter.php(494): CodeIgniter\CodeIgniter->runController(Object(App\Controllers\DashBoard\DashBoardController))
#10 D:\RAMS API GIT\cat_rams_v2_api\system\CodeIgniter.php(353): CodeIgniter\CodeIgniter->handleRequest(NULL, Object(Config\Cache), false)
#11 D:\RAMS API GIT\cat_rams_v2_api\public\index.php(79): CodeIgniter\CodeIgniter->run()
#12 D:\RAMS API GIT\cat_rams_v2_api\system\Commands\Server\rewrite.php(47): require_once('D:\\RAMS API GIT...')
#13 {main}
CRITICAL - 2024-08-06 02:24:56 --> Unknown column 'us_id' in 'field list'
in SYSTEMPATH\Database\BaseConnection.php on line 646.
 1 SYSTEMPATH\Database\BaseBuilder.php(1615): CodeIgniter\Database\BaseConnection->query('SELECT `tldt_number`, `tldet_id`, `sm_id`, `sm_name`, `sm_pk_id`, `tldt_created_on`, `tldt_status`, `us_id`, `us_firstname`
FROM `tool_request_details`
JOIN `status_master` ON `sm_id`=`tldt_status`
LEFT JOIN `request_payment_tracker` ON `rpt_reqt_id`=`tldet_id`
JOIN `tool_details` ON `tool_id`=`tldt_tool_id`
JOIN `customer_master` ON `cstm_id`=`tldt_cstm_id`
WHERE `tldt_active_flag` = :tldt_active_flag:', [...], false)
 2 SYSTEMPATH\Model.php(237): CodeIgniter\Database\BaseBuilder->get()
 3 SYSTEMPATH\BaseModel.php(624): CodeIgniter\Model->doFindAll(0, 0)
 4 APPPATH\Controllers\ToolRequest\ToolRequestMasterController.php(3562): CodeIgniter\BaseModel->findAll()
 5 APPPATH\Controllers\DashBoard\DashBoardController.php(49): App\Controllers\ToolRequest\ToolRequestMasterController->fetch_dashb_details()
 6 SYSTEMPATH\CodeIgniter.php(919): App\Controllers\DashBoard\DashBoardController->index()
 7 SYSTEMPATH\CodeIgniter.php(494): CodeIgniter\CodeIgniter->runController(Object(App\Controllers\DashBoard\DashBoardController))
 8 SYSTEMPATH\CodeIgniter.php(353): CodeIgniter\CodeIgniter->handleRequest(null, Object(Config\Cache), false)
 9 FCPATH\index.php(79): CodeIgniter\CodeIgniter->run()
10 SYSTEMPATH\Commands\Server\rewrite.php(47): require_once('D:\\RAMS API GIT\\cat_rams_v2_api\\public\\index.php')
CRITICAL - 2024-08-06 02:25:16 --> Undefined array key "tldt_hold_flag"
in APPPATH\Controllers\ToolRequest\ToolRequestMasterController.php on line 3575.
 1 APPPATH\Controllers\ToolRequest\ToolRequestMasterController.php(3575): CodeIgniter\Debug\Exceptions->errorHandler(2, 'Undefined array key "tldt_hold_flag"', 'D:\\RAMS API GIT\\cat_rams_v2_api\\app\\Controllers\\ToolRequest\\ToolRequestMasterController.php', 3575)
 2 APPPATH\Controllers\DashBoard\DashBoardController.php(49): App\Controllers\ToolRequest\ToolRequestMasterController->fetch_dashb_details()
 3 SYSTEMPATH\CodeIgniter.php(919): App\Controllers\DashBoard\DashBoardController->index()
 4 SYSTEMPATH\CodeIgniter.php(494): CodeIgniter\CodeIgniter->runController(Object(App\Controllers\DashBoard\DashBoardController))
 5 SYSTEMPATH\CodeIgniter.php(353): CodeIgniter\CodeIgniter->handleRequest(null, Object(Config\Cache), false)
 6 FCPATH\index.php(79): CodeIgniter\CodeIgniter->run()
 7 SYSTEMPATH\Commands\Server\rewrite.php(47): require_once('D:\\RAMS API GIT\\cat_rams_v2_api\\public\\index.php')
ERROR - 2024-08-06 02:45:51 --> mysqli_sql_exception: Unknown column 'serm_vendor_flag' in 'field list' in D:\RAMS API GIT\cat_rams_v2_api\system\Database\MySQLi\Connection.php:306
Stack trace:
#0 D:\RAMS API GIT\cat_rams_v2_api\system\Database\MySQLi\Connection.php(306): mysqli->query('SELECT `sm_name...', 0)
#1 D:\RAMS API GIT\cat_rams_v2_api\system\Database\BaseConnection.php(692): CodeIgniter\Database\MySQLi\Connection->execute('SELECT `sm_name...')
#2 D:\RAMS API GIT\cat_rams_v2_api\system\Database\BaseConnection.php(606): CodeIgniter\Database\BaseConnection->simpleQuery('SELECT `sm_name...')
#3 D:\RAMS API GIT\cat_rams_v2_api\system\Database\BaseBuilder.php(1615): CodeIgniter\Database\BaseConnection->query('SELECT `sm_name...', Array, false)
#4 D:\RAMS API GIT\cat_rams_v2_api\system\Model.php(264): CodeIgniter\Database\BaseBuilder->get()
#5 D:\RAMS API GIT\cat_rams_v2_api\system\BaseModel.php(662): CodeIgniter\Model->doFirst()
#6 D:\RAMS API GIT\cat_rams_v2_api\app\Controllers\Payment\PaymentMasterController.php(319): CodeIgniter\BaseModel->first()
#7 D:\RAMS API GIT\cat_rams_v2_api\system\CodeIgniter.php(919): App\Controllers\Payment\PaymentMasterController->fetch_pay_hist()
#8 D:\RAMS API GIT\cat_rams_v2_api\system\CodeIgniter.php(494): CodeIgniter\CodeIgniter->runController(Object(App\Controllers\Payment\PaymentMasterController))
#9 D:\RAMS API GIT\cat_rams_v2_api\system\CodeIgniter.php(353): CodeIgniter\CodeIgniter->handleRequest(NULL, Object(Config\Cache), false)
#10 D:\RAMS API GIT\cat_rams_v2_api\public\index.php(79): CodeIgniter\CodeIgniter->run()
#11 D:\RAMS API GIT\cat_rams_v2_api\system\Commands\Server\rewrite.php(47): require_once('D:\\RAMS API GIT...')
#12 {main}
CRITICAL - 2024-08-06 02:45:51 --> Unknown column 'serm_vendor_flag' in 'field list'
in SYSTEMPATH\Database\BaseConnection.php on line 646.
 1 SYSTEMPATH\Database\BaseBuilder.php(1615): CodeIgniter\Database\BaseConnection->query('SELECT `sm_name`, `sm_pk_id`, `order_id`, `order_number`, `cstm_name`, `serm_vendor_flag`
FROM `order_master`
JOIN `status_master` ON `sm_id`=`order_status`
LEFT JOIN `customer_master` ON `cstm_id`=`order_created_by`
 LIMIT 1', [], false)
 2 SYSTEMPATH\Model.php(264): CodeIgniter\Database\BaseBuilder->get()
 3 SYSTEMPATH\BaseModel.php(662): CodeIgniter\Model->doFirst()
 4 APPPATH\Controllers\Payment\PaymentMasterController.php(319): CodeIgniter\BaseModel->first()
 5 SYSTEMPATH\CodeIgniter.php(919): App\Controllers\Payment\PaymentMasterController->fetch_pay_hist()
 6 SYSTEMPATH\CodeIgniter.php(494): CodeIgniter\CodeIgniter->runController(Object(App\Controllers\Payment\PaymentMasterController))
 7 SYSTEMPATH\CodeIgniter.php(353): CodeIgniter\CodeIgniter->handleRequest(null, Object(Config\Cache), false)
 8 FCPATH\index.php(79): CodeIgniter\CodeIgniter->run()
 9 SYSTEMPATH\Commands\Server\rewrite.php(47): require_once('D:\\RAMS API GIT\\cat_rams_v2_api\\public\\index.php')
CRITICAL - 2024-08-06 02:51:58 --> Undefined array key "rpt_type"
in APPPATH\Controllers\Payment\PaymentMasterController.php on line 97.
 1 APPPATH\Controllers\Payment\PaymentMasterController.php(97): CodeIgniter\Debug\Exceptions->errorHandler(2, 'Undefined array key "rpt_type"', 'D:\\RAMS API GIT\\cat_rams_v2_api\\app\\Controllers\\Payment\\PaymentMasterController.php', 97)
 2 SYSTEMPATH\CodeIgniter.php(919): App\Controllers\Payment\PaymentMasterController->index()
 3 SYSTEMPATH\CodeIgniter.php(494): CodeIgniter\CodeIgniter->runController(Object(App\Controllers\Payment\PaymentMasterController))
 4 SYSTEMPATH\CodeIgniter.php(353): CodeIgniter\CodeIgniter->handleRequest(null, Object(Config\Cache), false)
 5 FCPATH\index.php(79): CodeIgniter\CodeIgniter->run()
 6 SYSTEMPATH\Commands\Server\rewrite.php(47): require_once('D:\\RAMS API GIT\\cat_rams_v2_api\\public\\index.php')
CRITICAL - 2024-08-06 02:53:47 --> Undefined variable $serm_pay
in APPPATH\Controllers\Payment\PaymentMasterController.php on line 128.
 1 APPPATH\Controllers\Payment\PaymentMasterController.php(128): CodeIgniter\Debug\Exceptions->errorHandler(2, 'Undefined variable $serm_pay', 'D:\\RAMS API GIT\\cat_rams_v2_api\\app\\Controllers\\Payment\\PaymentMasterController.php', 128)
 2 SYSTEMPATH\CodeIgniter.php(919): App\Controllers\Payment\PaymentMasterController->index()
 3 SYSTEMPATH\CodeIgniter.php(494): CodeIgniter\CodeIgniter->runController(Object(App\Controllers\Payment\PaymentMasterController))
 4 SYSTEMPATH\CodeIgniter.php(353): CodeIgniter\CodeIgniter->handleRequest(null, Object(Config\Cache), false)
 5 FCPATH\index.php(79): CodeIgniter\CodeIgniter->run()
 6 SYSTEMPATH\Commands\Server\rewrite.php(47): require_once('D:\\RAMS API GIT\\cat_rams_v2_api\\public\\index.php')
CRITICAL - 2024-08-06 03:02:29 --> Undefined variable $serm_pay
in APPPATH\Controllers\Payment\PaymentMasterController.php on line 133.
 1 APPPATH\Controllers\Payment\PaymentMasterController.php(133): CodeIgniter\Debug\Exceptions->errorHandler(2, 'Undefined variable $serm_pay', 'D:\\RAMS API GIT\\cat_rams_v2_api\\app\\Controllers\\Payment\\PaymentMasterController.php', 133)
 2 SYSTEMPATH\CodeIgniter.php(919): App\Controllers\Payment\PaymentMasterController->index()
 3 SYSTEMPATH\CodeIgniter.php(494): CodeIgniter\CodeIgniter->runController(Object(App\Controllers\Payment\PaymentMasterController))
 4 SYSTEMPATH\CodeIgniter.php(353): CodeIgniter\CodeIgniter->handleRequest(null, Object(Config\Cache), false)
 5 FCPATH\index.php(79): CodeIgniter\CodeIgniter->run()
 6 SYSTEMPATH\Commands\Server\rewrite.php(47): require_once('D:\\RAMS API GIT\\cat_rams_v2_api\\public\\index.php')
