CRITICAL - 2023-11-04 07:56:46 --> Undefined array key 0
in APPPATH\Controllers\ToolRequest\ToolRequestMasterController.php on line 727.
 1 APPPATH\Controllers\ToolRequest\ToolRequestMasterController.php(727): CodeIgniter\Debug\Exceptions->errorHandler(2, 'Undefined array key 0', 'C:\\CandourAutoTech\\cat_rams_v2_api\\app\\Controllers\\ToolRequest\\ToolRequestMasterController.php', 727)
 2 SYSTEMPATH\CodeIgniter.php(919): App\Controllers\ToolRequest\ToolRequestMasterController->fetch_request_status()
 3 SYSTEMPATH\CodeIgniter.php(494): CodeIgniter\CodeIgniter->runController(Object(App\Controllers\ToolRequest\ToolRequestMasterController))
 4 SYSTEMPATH\CodeIgniter.php(353): CodeIgniter\CodeIgniter->handleRequest(null, Object(Config\Cache), false)
 5 FCPATH\index.php(87): CodeIgniter\CodeIgniter->run()
 6 SYSTEMPATH\Commands\Server\rewrite.php(47): require_once('C:\\CandourAutoTech\\cat_rams_v2_api\\public\\index.php')
CRITICAL - 2023-11-04 07:58:07 --> Undefined array key 0
in APPPATH\Controllers\ToolRequest\ToolRequestMasterController.php on line 728.
 1 APPPATH\Controllers\ToolRequest\ToolRequestMasterController.php(728): CodeIgniter\Debug\Exceptions->errorHandler(2, 'Undefined array key 0', 'C:\\CandourAutoTech\\cat_rams_v2_api\\app\\Controllers\\ToolRequest\\ToolRequestMasterController.php', 728)
 2 SYSTEMPATH\CodeIgniter.php(919): App\Controllers\ToolRequest\ToolRequestMasterController->fetch_request_status()
 3 SYSTEMPATH\CodeIgniter.php(494): CodeIgniter\CodeIgniter->runController(Object(App\Controllers\ToolRequest\ToolRequestMasterController))
 4 SYSTEMPATH\CodeIgniter.php(353): CodeIgniter\CodeIgniter->handleRequest(null, Object(Config\Cache), false)
 5 FCPATH\index.php(87): CodeIgniter\CodeIgniter->run()
 6 SYSTEMPATH\Commands\Server\rewrite.php(47): require_once('C:\\CandourAutoTech\\cat_rams_v2_api\\public\\index.php')
CRITICAL - 2023-11-04 07:58:16 --> Undefined array key 0
in APPPATH\Controllers\ToolRequest\ToolRequestMasterController.php on line 728.
 1 APPPATH\Controllers\ToolRequest\ToolRequestMasterController.php(728): CodeIgniter\Debug\Exceptions->errorHandler(2, 'Undefined array key 0', 'C:\\CandourAutoTech\\cat_rams_v2_api\\app\\Controllers\\ToolRequest\\ToolRequestMasterController.php', 728)
 2 SYSTEMPATH\CodeIgniter.php(919): App\Controllers\ToolRequest\ToolRequestMasterController->fetch_request_status()
 3 SYSTEMPATH\CodeIgniter.php(494): CodeIgniter\CodeIgniter->runController(Object(App\Controllers\ToolRequest\ToolRequestMasterController))
 4 SYSTEMPATH\CodeIgniter.php(353): CodeIgniter\CodeIgniter->handleRequest(null, Object(Config\Cache), false)
 5 FCPATH\index.php(87): CodeIgniter\CodeIgniter->run()
 6 SYSTEMPATH\Commands\Server\rewrite.php(47): require_once('C:\\CandourAutoTech\\cat_rams_v2_api\\public\\index.php')
CRITICAL - 2023-11-04 07:59:53 --> Undefined array key "sm_name"
in APPPATH\Controllers\ToolRequest\ToolRequestMasterController.php on line 721.
 1 APPPATH\Controllers\ToolRequest\ToolRequestMasterController.php(721): CodeIgniter\Debug\Exceptions->errorHandler(2, 'Undefined array key "sm_name"', 'C:\\CandourAutoTech\\cat_rams_v2_api\\app\\Controllers\\ToolRequest\\ToolRequestMasterController.php', 721)
 2 SYSTEMPATH\CodeIgniter.php(919): App\Controllers\ToolRequest\ToolRequestMasterController->fetch_request_status()
 3 SYSTEMPATH\CodeIgniter.php(494): CodeIgniter\CodeIgniter->runController(Object(App\Controllers\ToolRequest\ToolRequestMasterController))
 4 SYSTEMPATH\CodeIgniter.php(353): CodeIgniter\CodeIgniter->handleRequest(null, Object(Config\Cache), false)
 5 FCPATH\index.php(87): CodeIgniter\CodeIgniter->run()
 6 SYSTEMPATH\Commands\Server\rewrite.php(47): require_once('C:\\CandourAutoTech\\cat_rams_v2_api\\public\\index.php')
CRITICAL - 2023-11-04 10:32:19 --> Undefined array key "cstm_phone"
in APPPATH\Controllers\ToolRequest\ToolRequestMasterController.php on line 763.
 1 APPPATH\Controllers\ToolRequest\ToolRequestMasterController.php(763): CodeIgniter\Debug\Exceptions->errorHandler(2, 'Undefined array key "cstm_phone"', 'C:\\CandourAutoTech\\cat_rams_v2_api\\app\\Controllers\\ToolRequest\\ToolRequestMasterController.php', 763)
 2 SYSTEMPATH\CodeIgniter.php(919): App\Controllers\ToolRequest\ToolRequestMasterController->fetch_toolreq_hist()
 3 SYSTEMPATH\CodeIgniter.php(494): CodeIgniter\CodeIgniter->runController(Object(App\Controllers\ToolRequest\ToolRequestMasterController))
 4 SYSTEMPATH\CodeIgniter.php(353): CodeIgniter\CodeIgniter->handleRequest(null, Object(Config\Cache), false)
 5 FCPATH\index.php(87): CodeIgniter\CodeIgniter->run()
 6 SYSTEMPATH\Commands\Server\rewrite.php(47): require_once('C:\\CandourAutoTech\\cat_rams_v2_api\\public\\index.php')
CRITICAL - 2023-11-04 10:33:52 --> Undefined array key "tool_name"
in APPPATH\Controllers\ToolRequest\ToolRequestMasterController.php on line 769.
 1 APPPATH\Controllers\ToolRequest\ToolRequestMasterController.php(769): CodeIgniter\Debug\Exceptions->errorHandler(2, 'Undefined array key "tool_name"', 'C:\\CandourAutoTech\\cat_rams_v2_api\\app\\Controllers\\ToolRequest\\ToolRequestMasterController.php', 769)
 2 SYSTEMPATH\CodeIgniter.php(919): App\Controllers\ToolRequest\ToolRequestMasterController->fetch_toolreq_hist()
 3 SYSTEMPATH\CodeIgniter.php(494): CodeIgniter\CodeIgniter->runController(Object(App\Controllers\ToolRequest\ToolRequestMasterController))
 4 SYSTEMPATH\CodeIgniter.php(353): CodeIgniter\CodeIgniter->handleRequest(null, Object(Config\Cache), false)
 5 FCPATH\index.php(87): CodeIgniter\CodeIgniter->run()
 6 SYSTEMPATH\Commands\Server\rewrite.php(47): require_once('C:\\CandourAutoTech\\cat_rams_v2_api\\public\\index.php')
CRITICAL - 2023-11-04 11:38:22 --> Undefined variable $tool_req_fetch
in APPPATH\Controllers\ToolRequest\ToolRequestMasterController.php on line 697.
 1 APPPATH\Controllers\ToolRequest\ToolRequestMasterController.php(697): CodeIgniter\Debug\Exceptions->errorHandler(2, 'Undefined variable $tool_req_fetch', 'C:\\CandourAutoTech\\cat_rams_v2_api\\app\\Controllers\\ToolRequest\\ToolRequestMasterController.php', 697)
 2 SYSTEMPATH\CodeIgniter.php(919): App\Controllers\ToolRequest\ToolRequestMasterController->tool_req_details()
 3 SYSTEMPATH\CodeIgniter.php(494): CodeIgniter\CodeIgniter->runController(Object(App\Controllers\ToolRequest\ToolRequestMasterController))
 4 SYSTEMPATH\CodeIgniter.php(353): CodeIgniter\CodeIgniter->handleRequest(null, Object(Config\Cache), false)
 5 FCPATH\index.php(87): CodeIgniter\CodeIgniter->run()
 6 SYSTEMPATH\Commands\Server\rewrite.php(47): require_once('C:\\CandourAutoTech\\cat_rams_v2_api\\public\\index.php')
CRITICAL - 2023-11-04 12:56:27 --> Undefined variable $tool_req_fetch
in APPPATH\Controllers\ToolRequest\ToolRequestMasterController.php on line 739.
 1 APPPATH\Controllers\ToolRequest\ToolRequestMasterController.php(739): CodeIgniter\Debug\Exceptions->errorHandler(2, 'Undefined variable $tool_req_fetch', 'C:\\CandourAutoTech\\cat_rams_v2_api\\app\\Controllers\\ToolRequest\\ToolRequestMasterController.php', 739)
 2 SYSTEMPATH\CodeIgniter.php(919): App\Controllers\ToolRequest\ToolRequestMasterController->tool_req_details()
 3 SYSTEMPATH\CodeIgniter.php(494): CodeIgniter\CodeIgniter->runController(Object(App\Controllers\ToolRequest\ToolRequestMasterController))
 4 SYSTEMPATH\CodeIgniter.php(353): CodeIgniter\CodeIgniter->handleRequest(null, Object(Config\Cache), false)
 5 FCPATH\index.php(87): CodeIgniter\CodeIgniter->run()
 6 SYSTEMPATH\Commands\Server\rewrite.php(47): require_once('C:\\CandourAutoTech\\cat_rams_v2_api\\public\\index.php')
CRITICAL - 2023-11-04 14:49:10 --> Undefined variable $cstm_name
in APPPATH\Controllers\ToolRequest\ToolRequestMasterController.php on line 261.
 1 APPPATH\Controllers\ToolRequest\ToolRequestMasterController.php(261): CodeIgniter\Debug\Exceptions->errorHandler(2, 'Undefined variable $cstm_name', 'C:\\CandourAutoTech\\cat_rams_v2_api\\app\\Controllers\\ToolRequest\\ToolRequestMasterController.php', 261)
 2 SYSTEMPATH\CodeIgniter.php(919): App\Controllers\ToolRequest\ToolRequestMasterController->tool_req_fetch()
 3 SYSTEMPATH\CodeIgniter.php(494): CodeIgniter\CodeIgniter->runController(Object(App\Controllers\ToolRequest\ToolRequestMasterController))
 4 SYSTEMPATH\CodeIgniter.php(353): CodeIgniter\CodeIgniter->handleRequest(null, Object(Config\Cache), false)
 5 FCPATH\index.php(87): CodeIgniter\CodeIgniter->run()
 6 SYSTEMPATH\Commands\Server\rewrite.php(47): require_once('C:\\CandourAutoTech\\cat_rams_v2_api\\public\\index.php')
CRITICAL - 2023-11-04 15:08:28 --> Undefined variable $cstm_name
in APPPATH\Controllers\ToolRequest\ToolRequestMasterController.php on line 261.
 1 APPPATH\Controllers\ToolRequest\ToolRequestMasterController.php(261): CodeIgniter\Debug\Exceptions->errorHandler(2, 'Undefined variable $cstm_name', 'C:\\CandourAutoTech\\cat_rams_v2_api\\app\\Controllers\\ToolRequest\\ToolRequestMasterController.php', 261)
 2 SYSTEMPATH\CodeIgniter.php(919): App\Controllers\ToolRequest\ToolRequestMasterController->tool_req_fetch()
 3 SYSTEMPATH\CodeIgniter.php(494): CodeIgniter\CodeIgniter->runController(Object(App\Controllers\ToolRequest\ToolRequestMasterController))
 4 SYSTEMPATH\CodeIgniter.php(353): CodeIgniter\CodeIgniter->handleRequest(null, Object(Config\Cache), false)
 5 FCPATH\index.php(87): CodeIgniter\CodeIgniter->run()
 6 SYSTEMPATH\Commands\Server\rewrite.php(47): require_once('C:\\CandourAutoTech\\cat_rams_v2_api\\public\\index.php')
CRITICAL - 2023-11-04 15:49:05 --> Undefined variable $next_status
in APPPATH\Controllers\ToolRequest\ToolRequestMasterController.php on line 907.
 1 APPPATH\Controllers\ToolRequest\ToolRequestMasterController.php(907): CodeIgniter\Debug\Exceptions->errorHandler(2, 'Undefined variable $next_status', 'C:\\CandourAutoTech\\cat_rams_v2_api\\app\\Controllers\\ToolRequest\\ToolRequestMasterController.php', 907)
 2 SYSTEMPATH\CodeIgniter.php(919): App\Controllers\ToolRequest\ToolRequestMasterController->status_master_controller()
 3 SYSTEMPATH\CodeIgniter.php(494): CodeIgniter\CodeIgniter->runController(Object(App\Controllers\ToolRequest\ToolRequestMasterController))
 4 SYSTEMPATH\CodeIgniter.php(353): CodeIgniter\CodeIgniter->handleRequest(null, Object(Config\Cache), false)
 5 FCPATH\index.php(87): CodeIgniter\CodeIgniter->run()
 6 SYSTEMPATH\Commands\Server\rewrite.php(47): require_once('C:\\CandourAutoTech\\cat_rams_v2_api\\public\\index.php')
CRITICAL - 2023-11-04 15:49:08 --> Undefined variable $next_status
in APPPATH\Controllers\ToolRequest\ToolRequestMasterController.php on line 907.
 1 APPPATH\Controllers\ToolRequest\ToolRequestMasterController.php(907): CodeIgniter\Debug\Exceptions->errorHandler(2, 'Undefined variable $next_status', 'C:\\CandourAutoTech\\cat_rams_v2_api\\app\\Controllers\\ToolRequest\\ToolRequestMasterController.php', 907)
 2 SYSTEMPATH\CodeIgniter.php(919): App\Controllers\ToolRequest\ToolRequestMasterController->status_master_controller()
 3 SYSTEMPATH\CodeIgniter.php(494): CodeIgniter\CodeIgniter->runController(Object(App\Controllers\ToolRequest\ToolRequestMasterController))
 4 SYSTEMPATH\CodeIgniter.php(353): CodeIgniter\CodeIgniter->handleRequest(null, Object(Config\Cache), false)
 5 FCPATH\index.php(87): CodeIgniter\CodeIgniter->run()
 6 SYSTEMPATH\Commands\Server\rewrite.php(47): require_once('C:\\CandourAutoTech\\cat_rams_v2_api\\public\\index.php')
CRITICAL - 2023-11-04 16:57:44 --> Undefined variable $cstm_name
in APPPATH\Controllers\ToolRequest\ToolRequestMasterController.php on line 257.
 1 APPPATH\Controllers\ToolRequest\ToolRequestMasterController.php(257): CodeIgniter\Debug\Exceptions->errorHandler(2, 'Undefined variable $cstm_name', 'C:\\CandourAutoTech\\cat_rams_v2_api\\app\\Controllers\\ToolRequest\\ToolRequestMasterController.php', 257)
 2 SYSTEMPATH\CodeIgniter.php(919): App\Controllers\ToolRequest\ToolRequestMasterController->tool_req_fetch()
 3 SYSTEMPATH\CodeIgniter.php(494): CodeIgniter\CodeIgniter->runController(Object(App\Controllers\ToolRequest\ToolRequestMasterController))
 4 SYSTEMPATH\CodeIgniter.php(353): CodeIgniter\CodeIgniter->handleRequest(null, Object(Config\Cache), false)
 5 FCPATH\index.php(87): CodeIgniter\CodeIgniter->run()
 6 SYSTEMPATH\Commands\Server\rewrite.php(47): require_once('C:\\CandourAutoTech\\cat_rams_v2_api\\public\\index.php')
CRITICAL - 2023-11-04 16:57:46 --> Undefined variable $cstm_name
in APPPATH\Controllers\ToolRequest\ToolRequestMasterController.php on line 257.
 1 APPPATH\Controllers\ToolRequest\ToolRequestMasterController.php(257): CodeIgniter\Debug\Exceptions->errorHandler(2, 'Undefined variable $cstm_name', 'C:\\CandourAutoTech\\cat_rams_v2_api\\app\\Controllers\\ToolRequest\\ToolRequestMasterController.php', 257)
 2 SYSTEMPATH\CodeIgniter.php(919): App\Controllers\ToolRequest\ToolRequestMasterController->tool_req_fetch()
 3 SYSTEMPATH\CodeIgniter.php(494): CodeIgniter\CodeIgniter->runController(Object(App\Controllers\ToolRequest\ToolRequestMasterController))
 4 SYSTEMPATH\CodeIgniter.php(353): CodeIgniter\CodeIgniter->handleRequest(null, Object(Config\Cache), false)
 5 FCPATH\index.php(87): CodeIgniter\CodeIgniter->run()
 6 SYSTEMPATH\Commands\Server\rewrite.php(47): require_once('C:\\CandourAutoTech\\cat_rams_v2_api\\public\\index.php')
CRITICAL - 2023-11-04 16:58:04 --> Undefined variable $next_status
in APPPATH\Controllers\ToolRequest\ToolRequestMasterController.php on line 933.
 1 APPPATH\Controllers\ToolRequest\ToolRequestMasterController.php(933): CodeIgniter\Debug\Exceptions->errorHandler(2, 'Undefined variable $next_status', 'C:\\CandourAutoTech\\cat_rams_v2_api\\app\\Controllers\\ToolRequest\\ToolRequestMasterController.php', 933)
 2 SYSTEMPATH\CodeIgniter.php(919): App\Controllers\ToolRequest\ToolRequestMasterController->status_master_controller()
 3 SYSTEMPATH\CodeIgniter.php(494): CodeIgniter\CodeIgniter->runController(Object(App\Controllers\ToolRequest\ToolRequestMasterController))
 4 SYSTEMPATH\CodeIgniter.php(353): CodeIgniter\CodeIgniter->handleRequest(null, Object(Config\Cache), false)
 5 FCPATH\index.php(87): CodeIgniter\CodeIgniter->run()
 6 SYSTEMPATH\Commands\Server\rewrite.php(47): require_once('C:\\CandourAutoTech\\cat_rams_v2_api\\public\\index.php')
CRITICAL - 2023-11-04 16:58:06 --> Undefined variable $next_status
in APPPATH\Controllers\ToolRequest\ToolRequestMasterController.php on line 933.
 1 APPPATH\Controllers\ToolRequest\ToolRequestMasterController.php(933): CodeIgniter\Debug\Exceptions->errorHandler(2, 'Undefined variable $next_status', 'C:\\CandourAutoTech\\cat_rams_v2_api\\app\\Controllers\\ToolRequest\\ToolRequestMasterController.php', 933)
 2 SYSTEMPATH\CodeIgniter.php(919): App\Controllers\ToolRequest\ToolRequestMasterController->status_master_controller()
 3 SYSTEMPATH\CodeIgniter.php(494): CodeIgniter\CodeIgniter->runController(Object(App\Controllers\ToolRequest\ToolRequestMasterController))
 4 SYSTEMPATH\CodeIgniter.php(353): CodeIgniter\CodeIgniter->handleRequest(null, Object(Config\Cache), false)
 5 FCPATH\index.php(87): CodeIgniter\CodeIgniter->run()
 6 SYSTEMPATH\Commands\Server\rewrite.php(47): require_once('C:\\CandourAutoTech\\cat_rams_v2_api\\public\\index.php')
CRITICAL - 2023-11-04 16:58:07 --> Undefined variable $next_status
in APPPATH\Controllers\ToolRequest\ToolRequestMasterController.php on line 933.
 1 APPPATH\Controllers\ToolRequest\ToolRequestMasterController.php(933): CodeIgniter\Debug\Exceptions->errorHandler(2, 'Undefined variable $next_status', 'C:\\CandourAutoTech\\cat_rams_v2_api\\app\\Controllers\\ToolRequest\\ToolRequestMasterController.php', 933)
 2 SYSTEMPATH\CodeIgniter.php(919): App\Controllers\ToolRequest\ToolRequestMasterController->status_master_controller()
 3 SYSTEMPATH\CodeIgniter.php(494): CodeIgniter\CodeIgniter->runController(Object(App\Controllers\ToolRequest\ToolRequestMasterController))
 4 SYSTEMPATH\CodeIgniter.php(353): CodeIgniter\CodeIgniter->handleRequest(null, Object(Config\Cache), false)
 5 FCPATH\index.php(87): CodeIgniter\CodeIgniter->run()
 6 SYSTEMPATH\Commands\Server\rewrite.php(47): require_once('C:\\CandourAutoTech\\cat_rams_v2_api\\public\\index.php')
CRITICAL - 2023-11-04 17:19:20 --> Undefined variable $cstm_name
in APPPATH\Controllers\ToolRequest\ToolRequestMasterController.php on line 257.
 1 APPPATH\Controllers\ToolRequest\ToolRequestMasterController.php(257): CodeIgniter\Debug\Exceptions->errorHandler(2, 'Undefined variable $cstm_name', 'C:\\CandourAutoTech\\cat_rams_v2_api\\app\\Controllers\\ToolRequest\\ToolRequestMasterController.php', 257)
 2 SYSTEMPATH\CodeIgniter.php(919): App\Controllers\ToolRequest\ToolRequestMasterController->tool_req_fetch()
 3 SYSTEMPATH\CodeIgniter.php(494): CodeIgniter\CodeIgniter->runController(Object(App\Controllers\ToolRequest\ToolRequestMasterController))
 4 SYSTEMPATH\CodeIgniter.php(353): CodeIgniter\CodeIgniter->handleRequest(null, Object(Config\Cache), false)
 5 FCPATH\index.php(87): CodeIgniter\CodeIgniter->run()
 6 SYSTEMPATH\Commands\Server\rewrite.php(47): require_once('C:\\CandourAutoTech\\cat_rams_v2_api\\public\\index.php')
CRITICAL - 2023-11-04 17:42:37 --> Undefined variable $cstm_name
in APPPATH\Controllers\ToolRequest\ToolRequestMasterController.php on line 257.
 1 APPPATH\Controllers\ToolRequest\ToolRequestMasterController.php(257): CodeIgniter\Debug\Exceptions->errorHandler(2, 'Undefined variable $cstm_name', 'C:\\CandourAutoTech\\cat_rams_v2_api\\app\\Controllers\\ToolRequest\\ToolRequestMasterController.php', 257)
 2 SYSTEMPATH\CodeIgniter.php(919): App\Controllers\ToolRequest\ToolRequestMasterController->tool_req_fetch()
 3 SYSTEMPATH\CodeIgniter.php(494): CodeIgniter\CodeIgniter->runController(Object(App\Controllers\ToolRequest\ToolRequestMasterController))
 4 SYSTEMPATH\CodeIgniter.php(353): CodeIgniter\CodeIgniter->handleRequest(null, Object(Config\Cache), false)
 5 FCPATH\index.php(87): CodeIgniter\CodeIgniter->run()
 6 SYSTEMPATH\Commands\Server\rewrite.php(47): require_once('C:\\CandourAutoTech\\cat_rams_v2_api\\public\\index.php')
CRITICAL - 2023-11-04 17:42:58 --> Undefined variable $cstm_name
in APPPATH\Controllers\ToolRequest\ToolRequestMasterController.php on line 257.
 1 APPPATH\Controllers\ToolRequest\ToolRequestMasterController.php(257): CodeIgniter\Debug\Exceptions->errorHandler(2, 'Undefined variable $cstm_name', 'C:\\CandourAutoTech\\cat_rams_v2_api\\app\\Controllers\\ToolRequest\\ToolRequestMasterController.php', 257)
 2 SYSTEMPATH\CodeIgniter.php(919): App\Controllers\ToolRequest\ToolRequestMasterController->tool_req_fetch()
 3 SYSTEMPATH\CodeIgniter.php(494): CodeIgniter\CodeIgniter->runController(Object(App\Controllers\ToolRequest\ToolRequestMasterController))
 4 SYSTEMPATH\CodeIgniter.php(353): CodeIgniter\CodeIgniter->handleRequest(null, Object(Config\Cache), false)
 5 FCPATH\index.php(87): CodeIgniter\CodeIgniter->run()
 6 SYSTEMPATH\Commands\Server\rewrite.php(47): require_once('C:\\CandourAutoTech\\cat_rams_v2_api\\public\\index.php')
CRITICAL - 2023-11-04 18:13:47 --> Undefined variable $tool_req_fetch
in APPPATH\Controllers\ToolRequest\ToolRequestMasterController.php on line 741.
 1 APPPATH\Controllers\ToolRequest\ToolRequestMasterController.php(741): CodeIgniter\Debug\Exceptions->errorHandler(2, 'Undefined variable $tool_req_fetch', 'C:\\CandourAutoTech\\cat_rams_v2_api\\app\\Controllers\\ToolRequest\\ToolRequestMasterController.php', 741)
 2 SYSTEMPATH\CodeIgniter.php(919): App\Controllers\ToolRequest\ToolRequestMasterController->tool_req_details()
 3 SYSTEMPATH\CodeIgniter.php(494): CodeIgniter\CodeIgniter->runController(Object(App\Controllers\ToolRequest\ToolRequestMasterController))
 4 SYSTEMPATH\CodeIgniter.php(353): CodeIgniter\CodeIgniter->handleRequest(null, Object(Config\Cache), false)
 5 FCPATH\index.php(87): CodeIgniter\CodeIgniter->run()
 6 SYSTEMPATH\Commands\Server\rewrite.php(47): require_once('C:\\CandourAutoTech\\cat_rams_v2_api\\public\\index.php')
CRITICAL - 2023-11-04 18:14:26 --> Undefined variable $tool_req_fetch
in APPPATH\Controllers\ToolRequest\ToolRequestMasterController.php on line 741.
 1 APPPATH\Controllers\ToolRequest\ToolRequestMasterController.php(741): CodeIgniter\Debug\Exceptions->errorHandler(2, 'Undefined variable $tool_req_fetch', 'C:\\CandourAutoTech\\cat_rams_v2_api\\app\\Controllers\\ToolRequest\\ToolRequestMasterController.php', 741)
 2 SYSTEMPATH\CodeIgniter.php(919): App\Controllers\ToolRequest\ToolRequestMasterController->tool_req_details()
 3 SYSTEMPATH\CodeIgniter.php(494): CodeIgniter\CodeIgniter->runController(Object(App\Controllers\ToolRequest\ToolRequestMasterController))
 4 SYSTEMPATH\CodeIgniter.php(353): CodeIgniter\CodeIgniter->handleRequest(null, Object(Config\Cache), false)
 5 FCPATH\index.php(87): CodeIgniter\CodeIgniter->run()
 6 SYSTEMPATH\Commands\Server\rewrite.php(47): require_once('C:\\CandourAutoTech\\cat_rams_v2_api\\public\\index.php')
CRITICAL - 2023-11-04 20:07:37 --> Undefined variable $next_status
in APPPATH\Controllers\ToolRequest\ToolRequestMasterController.php on line 935.
 1 APPPATH\Controllers\ToolRequest\ToolRequestMasterController.php(935): CodeIgniter\Debug\Exceptions->errorHandler(2, 'Undefined variable $next_status', 'C:\\CandourAutoTech\\cat_rams_v2_api\\app\\Controllers\\ToolRequest\\ToolRequestMasterController.php', 935)
 2 SYSTEMPATH\CodeIgniter.php(919): App\Controllers\ToolRequest\ToolRequestMasterController->status_master_controller()
 3 SYSTEMPATH\CodeIgniter.php(494): CodeIgniter\CodeIgniter->runController(Object(App\Controllers\ToolRequest\ToolRequestMasterController))
 4 SYSTEMPATH\CodeIgniter.php(353): CodeIgniter\CodeIgniter->handleRequest(null, Object(Config\Cache), false)
 5 FCPATH\index.php(87): CodeIgniter\CodeIgniter->run()
 6 SYSTEMPATH\Commands\Server\rewrite.php(47): require_once('C:\\CandourAutoTech\\cat_rams_v2_api\\public\\index.php')
CRITICAL - 2023-11-04 20:50:18 --> Undefined variable $tool_req_fetch
in APPPATH\Controllers\ToolRequest\ToolRequestMasterController.php on line 741.
 1 APPPATH\Controllers\ToolRequest\ToolRequestMasterController.php(741): CodeIgniter\Debug\Exceptions->errorHandler(2, 'Undefined variable $tool_req_fetch', 'C:\\CandourAutoTech\\cat_rams_v2_api\\app\\Controllers\\ToolRequest\\ToolRequestMasterController.php', 741)
 2 SYSTEMPATH\CodeIgniter.php(919): App\Controllers\ToolRequest\ToolRequestMasterController->tool_req_details()
 3 SYSTEMPATH\CodeIgniter.php(494): CodeIgniter\CodeIgniter->runController(Object(App\Controllers\ToolRequest\ToolRequestMasterController))
 4 SYSTEMPATH\CodeIgniter.php(353): CodeIgniter\CodeIgniter->handleRequest(null, Object(Config\Cache), false)
 5 FCPATH\index.php(87): CodeIgniter\CodeIgniter->run()
 6 SYSTEMPATH\Commands\Server\rewrite.php(47): require_once('C:\\CandourAutoTech\\cat_rams_v2_api\\public\\index.php')
