CRITICAL - 2023-11-30 10:26:32 --> The namespace delimiter is a backslash (\), not a slash (/). Route handler: "\App/Controllers\Coupon\CouponMasterController::index"
in SYSTEMPATH\Router\Router.php on line 477.
 1 SYSTEMPATH\Router\Router.php(477): CodeIgniter\Router\Exceptions\RouterException::forInvalidControllerName('\\App/Controllers\\Coupon\\CouponMasterController::index')
 2 SYSTEMPATH\Router\Router.php(184): CodeIgniter\Router\Router->checkRoutes('Coupon/CouponMasterController')
 3 SYSTEMPATH\CodeIgniter.php(800): CodeIgniter\Router\Router->handle('Coupon/CouponMasterController')
 4 SYSTEMPATH\CodeIgniter.php(442): CodeIgniter\CodeIgniter->tryToRouteIt(Object(CodeIgniter\Router\RouteCollection))
 5 SYSTEMPATH\CodeIgniter.php(353): CodeIgniter\CodeIgniter->handleRequest(null, Object(Config\Cache), false)
 6 FCPATH\index.php(79): CodeIgniter\CodeIgniter->run()
 7 SYSTEMPATH\Commands\Server\rewrite.php(47): require_once('C:\\CandourAutoTech\\cat_rams_v2_api\\public\\index.php')
CRITICAL - 2023-11-30 10:26:33 --> The namespace delimiter is a backslash (\), not a slash (/). Route handler: "\App/Controllers\Approval\ApprovalmasterControler::index"
in SYSTEMPATH\Router\Router.php on line 477.
 1 SYSTEMPATH\Router\Router.php(477): CodeIgniter\Router\Exceptions\RouterException::forInvalidControllerName('\\App/Controllers\\Approval\\ApprovalmasterControler::index')
 2 SYSTEMPATH\Router\Router.php(184): CodeIgniter\Router\Router->checkRoutes('Approval/ApprovalmasterControler')
 3 SYSTEMPATH\CodeIgniter.php(800): CodeIgniter\Router\Router->handle('Approval/ApprovalmasterControler')
 4 SYSTEMPATH\CodeIgniter.php(442): CodeIgniter\CodeIgniter->tryToRouteIt(Object(CodeIgniter\Router\RouteCollection))
 5 SYSTEMPATH\CodeIgniter.php(353): CodeIgniter\CodeIgniter->handleRequest(null, Object(Config\Cache), false)
 6 FCPATH\index.php(79): CodeIgniter\CodeIgniter->run()
 7 SYSTEMPATH\Commands\Server\rewrite.php(47): require_once('C:\\CandourAutoTech\\cat_rams_v2_api\\public\\index.php')
CRITICAL - 2023-11-30 10:26:35 --> The namespace delimiter is a backslash (\), not a slash (/). Route handler: "\App/Controllers\ServiceRequest\ServiceRequestMasterController::index"
in SYSTEMPATH\Router\Router.php on line 477.
 1 SYSTEMPATH\Router\Router.php(477): CodeIgniter\Router\Exceptions\RouterException::forInvalidControllerName('\\App/Controllers\\ServiceRequest\\ServiceRequestMasterController::index')
 2 SYSTEMPATH\Router\Router.php(184): CodeIgniter\Router\Router->checkRoutes('ServiceRequest/ServiceRequestMasterController')
 3 SYSTEMPATH\CodeIgniter.php(800): CodeIgniter\Router\Router->handle('ServiceRequest/ServiceRequestMasterController')
 4 SYSTEMPATH\CodeIgniter.php(442): CodeIgniter\CodeIgniter->tryToRouteIt(Object(CodeIgniter\Router\RouteCollection))
 5 SYSTEMPATH\CodeIgniter.php(353): CodeIgniter\CodeIgniter->handleRequest(null, Object(Config\Cache), false)
 6 FCPATH\index.php(79): CodeIgniter\CodeIgniter->run()
 7 SYSTEMPATH\Commands\Server\rewrite.php(47): require_once('C:\\CandourAutoTech\\cat_rams_v2_api\\public\\index.php')
CRITICAL - 2023-11-30 10:26:53 --> The namespace delimiter is a backslash (\), not a slash (/). Route handler: "\App/Controllers\ToolRequest\ToolRequestMasterController::index"
in SYSTEMPATH\Router\Router.php on line 477.
 1 SYSTEMPATH\Router\Router.php(477): CodeIgniter\Router\Exceptions\RouterException::forInvalidControllerName('\\App/Controllers\\ToolRequest\\ToolRequestMasterController::index')
 2 SYSTEMPATH\Router\Router.php(184): CodeIgniter\Router\Router->checkRoutes('ToolRequest/ToolRequestMasterController')
 3 SYSTEMPATH\CodeIgniter.php(800): CodeIgniter\Router\Router->handle('ToolRequest/ToolRequestMasterController')
 4 SYSTEMPATH\CodeIgniter.php(442): CodeIgniter\CodeIgniter->tryToRouteIt(Object(CodeIgniter\Router\RouteCollection))
 5 SYSTEMPATH\CodeIgniter.php(353): CodeIgniter\CodeIgniter->handleRequest(null, Object(Config\Cache), false)
 6 FCPATH\index.php(79): CodeIgniter\CodeIgniter->run()
 7 SYSTEMPATH\Commands\Server\rewrite.php(47): require_once('C:\\CandourAutoTech\\cat_rams_v2_api\\public\\index.php')
CRITICAL - 2023-11-30 10:27:39 --> The namespace delimiter is a backslash (\), not a slash (/). Route handler: "\App/Controllers\ToolRequest/ToolRequestMasterController::tool_req_list"
in SYSTEMPATH\Router\Router.php on line 477.
 1 SYSTEMPATH\Router\Router.php(477): CodeIgniter\Router\Exceptions\RouterException::forInvalidControllerName('\\App/Controllers\\ToolRequest/ToolRequestMasterController::tool_req_list')
 2 SYSTEMPATH\Router\Router.php(184): CodeIgniter\Router\Router->checkRoutes('tool_req_list')
 3 SYSTEMPATH\CodeIgniter.php(800): CodeIgniter\Router\Router->handle('tool_req_list')
 4 SYSTEMPATH\CodeIgniter.php(442): CodeIgniter\CodeIgniter->tryToRouteIt(Object(CodeIgniter\Router\RouteCollection))
 5 SYSTEMPATH\CodeIgniter.php(353): CodeIgniter\CodeIgniter->handleRequest(null, Object(Config\Cache), false)
 6 FCPATH\index.php(79): CodeIgniter\CodeIgniter->run()
 7 SYSTEMPATH\Commands\Server\rewrite.php(47): require_once('C:\\CandourAutoTech\\cat_rams_v2_api\\public\\index.php')
CRITICAL - 2023-11-30 10:27:39 --> The namespace delimiter is a backslash (\), not a slash (/). Route handler: "\App/Controllers\ToolRequest/ToolRequestMasterController::completed_request"
in SYSTEMPATH\Router\Router.php on line 477.
 1 SYSTEMPATH\Router\Router.php(477): CodeIgniter\Router\Exceptions\RouterException::forInvalidControllerName('\\App/Controllers\\ToolRequest/ToolRequestMasterController::completed_request')
 2 SYSTEMPATH\Router\Router.php(184): CodeIgniter\Router\Router->checkRoutes('completed_request')
 3 SYSTEMPATH\CodeIgniter.php(800): CodeIgniter\Router\Router->handle('completed_request')
 4 SYSTEMPATH\CodeIgniter.php(442): CodeIgniter\CodeIgniter->tryToRouteIt(Object(CodeIgniter\Router\RouteCollection))
 5 SYSTEMPATH\CodeIgniter.php(353): CodeIgniter\CodeIgniter->handleRequest(null, Object(Config\Cache), false)
 6 FCPATH\index.php(79): CodeIgniter\CodeIgniter->run()
 7 SYSTEMPATH\Commands\Server\rewrite.php(47): require_once('C:\\CandourAutoTech\\cat_rams_v2_api\\public\\index.php')
CRITICAL - 2023-11-30 10:35:14 --> preg_match(): Compilation failed: PCRE2 does not support \F, \L, \l, \N{name}, \U, or \u at offset 9
in SYSTEMPATH\Router\Router.php on line 422.
 1 [internal function]: CodeIgniter\Debug\Exceptions->errorHandler(2, 'preg_match(): Compilation failed: PCRE2 does not support \\F, \\L, \\l, \\N{name}, \\U, or \\u at offset 9', 'C:\\CandourAutoTech\\cat_rams_v2_api\\system\\Router\\Router.php', 422)
 2 SYSTEMPATH\Router\Router.php(422): preg_match('#^System\\UserRoleController$#u', 'SystemToolMasterController', [])
 3 SYSTEMPATH\Router\Router.php(184): CodeIgniter\Router\Router->checkRoutes('SystemToolMasterController')
 4 SYSTEMPATH\CodeIgniter.php(800): CodeIgniter\Router\Router->handle('SystemToolMasterController')
 5 SYSTEMPATH\CodeIgniter.php(442): CodeIgniter\CodeIgniter->tryToRouteIt(Object(CodeIgniter\Router\RouteCollection))
 6 SYSTEMPATH\CodeIgniter.php(353): CodeIgniter\CodeIgniter->handleRequest(null, Object(Config\Cache), false)
 7 FCPATH\index.php(79): CodeIgniter\CodeIgniter->run()
 8 SYSTEMPATH\Commands\Server\rewrite.php(47): require_once('C:\\CandourAutoTech\\cat_rams_v2_api\\public\\index.php')
CRITICAL - 2023-11-30 10:36:01 --> preg_match(): Compilation failed: PCRE2 does not support \F, \L, \l, \N{name}, \U, or \u at offset 9
in SYSTEMPATH\Router\Router.php on line 422.
 1 [internal function]: CodeIgniter\Debug\Exceptions->errorHandler(2, 'preg_match(): Compilation failed: PCRE2 does not support \\F, \\L, \\l, \\N{name}, \\U, or \\u at offset 9', 'C:\\CandourAutoTech\\cat_rams_v2_api\\system\\Router\\Router.php', 422)
 2 SYSTEMPATH\Router\Router.php(422): preg_match('#^System\\UserRoleController$#u', 'ToolRequest/ToolRequestMasterController', [])
 3 SYSTEMPATH\Router\Router.php(184): CodeIgniter\Router\Router->checkRoutes('ToolRequest/ToolRequestMasterController')
 4 SYSTEMPATH\CodeIgniter.php(800): CodeIgniter\Router\Router->handle('ToolRequest/ToolRequestMasterController')
 5 SYSTEMPATH\CodeIgniter.php(442): CodeIgniter\CodeIgniter->tryToRouteIt(Object(CodeIgniter\Router\RouteCollection))
 6 SYSTEMPATH\CodeIgniter.php(353): CodeIgniter\CodeIgniter->handleRequest(null, Object(Config\Cache), false)
 7 FCPATH\index.php(79): CodeIgniter\CodeIgniter->run()
 8 SYSTEMPATH\Commands\Server\rewrite.php(47): require_once('C:\\CandourAutoTech\\cat_rams_v2_api\\public\\index.php')
CRITICAL - 2023-11-30 10:36:06 --> preg_match(): Compilation failed: PCRE2 does not support \F, \L, \l, \N{name}, \U, or \u at offset 9
in SYSTEMPATH\Router\Router.php on line 422.
 1 [internal function]: CodeIgniter\Debug\Exceptions->errorHandler(2, 'preg_match(): Compilation failed: PCRE2 does not support \\F, \\L, \\l, \\N{name}, \\U, or \\u at offset 9', 'C:\\CandourAutoTech\\cat_rams_v2_api\\system\\Router\\Router.php', 422)
 2 SYSTEMPATH\Router\Router.php(422): preg_match('#^System\\UserRoleController$#u', 'SystemToolMasterController', [])
 3 SYSTEMPATH\Router\Router.php(184): CodeIgniter\Router\Router->checkRoutes('SystemToolMasterController')
 4 SYSTEMPATH\CodeIgniter.php(800): CodeIgniter\Router\Router->handle('SystemToolMasterController')
 5 SYSTEMPATH\CodeIgniter.php(442): CodeIgniter\CodeIgniter->tryToRouteIt(Object(CodeIgniter\Router\RouteCollection))
 6 SYSTEMPATH\CodeIgniter.php(353): CodeIgniter\CodeIgniter->handleRequest(null, Object(Config\Cache), false)
 7 FCPATH\index.php(79): CodeIgniter\CodeIgniter->run()
 8 SYSTEMPATH\Commands\Server\rewrite.php(47): require_once('C:\\CandourAutoTech\\cat_rams_v2_api\\public\\index.php')
CRITICAL - 2023-11-30 10:36:34 --> preg_match(): Compilation failed: PCRE2 does not support \F, \L, \l, \N{name}, \U, or \u at offset 9
in SYSTEMPATH\Router\Router.php on line 422.
 1 [internal function]: CodeIgniter\Debug\Exceptions->errorHandler(2, 'preg_match(): Compilation failed: PCRE2 does not support \\F, \\L, \\l, \\N{name}, \\U, or \\u at offset 9', 'C:\\CandourAutoTech\\cat_rams_v2_api\\system\\Router\\Router.php', 422)
 2 SYSTEMPATH\Router\Router.php(422): preg_match('#^System\\UserRoleController$#u', 'SystemToolMasterController', [])
 3 SYSTEMPATH\Router\Router.php(184): CodeIgniter\Router\Router->checkRoutes('SystemToolMasterController')
 4 SYSTEMPATH\CodeIgniter.php(800): CodeIgniter\Router\Router->handle('SystemToolMasterController')
 5 SYSTEMPATH\CodeIgniter.php(442): CodeIgniter\CodeIgniter->tryToRouteIt(Object(CodeIgniter\Router\RouteCollection))
 6 SYSTEMPATH\CodeIgniter.php(353): CodeIgniter\CodeIgniter->handleRequest(null, Object(Config\Cache), false)
 7 FCPATH\index.php(79): CodeIgniter\CodeIgniter->run()
 8 SYSTEMPATH\Commands\Server\rewrite.php(47): require_once('C:\\CandourAutoTech\\cat_rams_v2_api\\public\\index.php')
CRITICAL - 2023-11-30 10:58:40 --> preg_match(): Compilation failed: PCRE2 does not support \F, \L, \l, \N{name}, \U, or \u at offset 9
in SYSTEMPATH\Router\Router.php on line 422.
 1 [internal function]: CodeIgniter\Debug\Exceptions->errorHandler(2, 'preg_match(): Compilation failed: PCRE2 does not support \\F, \\L, \\l, \\N{name}, \\U, or \\u at offset 9', 'C:\\CandourAutoTech\\cat_rams_v2_api\\system\\Router\\Router.php', 422)
 2 SYSTEMPATH\Router\Router.php(422): preg_match('#^System\\UserRoleController$#u', 'SystemToolMasterController', [])
 3 SYSTEMPATH\Router\Router.php(184): CodeIgniter\Router\Router->checkRoutes('SystemToolMasterController')
 4 SYSTEMPATH\CodeIgniter.php(800): CodeIgniter\Router\Router->handle('SystemToolMasterController')
 5 SYSTEMPATH\CodeIgniter.php(442): CodeIgniter\CodeIgniter->tryToRouteIt(Object(CodeIgniter\Router\RouteCollection))
 6 SYSTEMPATH\CodeIgniter.php(353): CodeIgniter\CodeIgniter->handleRequest(null, Object(Config\Cache), false)
 7 FCPATH\index.php(79): CodeIgniter\CodeIgniter->run()
 8 SYSTEMPATH\Commands\Server\rewrite.php(47): require_once('C:\\CandourAutoTech\\cat_rams_v2_api\\public\\index.php')
CRITICAL - 2023-11-30 11:03:14 --> The namespace delimiter is a backslash (\), not a slash (/). Route handler: "\App/Controllers\ToolRequest\ToolRequestMasterController::index"
in SYSTEMPATH\Router\Router.php on line 477.
 1 SYSTEMPATH\Router\Router.php(477): CodeIgniter\Router\Exceptions\RouterException::forInvalidControllerName('\\App/Controllers\\ToolRequest\\ToolRequestMasterController::index')
 2 SYSTEMPATH\Router\Router.php(184): CodeIgniter\Router\Router->checkRoutes('ToolRequest/ToolRequestMasterController')
 3 SYSTEMPATH\CodeIgniter.php(800): CodeIgniter\Router\Router->handle('ToolRequest/ToolRequestMasterController')
 4 SYSTEMPATH\CodeIgniter.php(442): CodeIgniter\CodeIgniter->tryToRouteIt(Object(CodeIgniter\Router\RouteCollection))
 5 SYSTEMPATH\CodeIgniter.php(353): CodeIgniter\CodeIgniter->handleRequest(null, Object(Config\Cache), false)
 6 FCPATH\index.php(79): CodeIgniter\CodeIgniter->run()
 7 SYSTEMPATH\Commands\Server\rewrite.php(47): require_once('C:\\CandourAutoTech\\cat_rams_v2_api\\public\\index.php')
CRITICAL - 2023-11-30 11:18:50 --> The namespace delimiter is a backslash (\), not a slash (/). Route handler: "\App\Controllers\ServiceRequest/ServiceRequestMasterController::vehicle_make_list"
in SYSTEMPATH\Router\Router.php on line 477.
 1 SYSTEMPATH\Router\Router.php(477): CodeIgniter\Router\Exceptions\RouterException::forInvalidControllerName('\\App\\Controllers\\ServiceRequest/ServiceRequestMasterController::vehicle_make_list')
 2 SYSTEMPATH\Router\Router.php(184): CodeIgniter\Router\Router->checkRoutes('vehicle_make_list')
 3 SYSTEMPATH\CodeIgniter.php(800): CodeIgniter\Router\Router->handle('vehicle_make_list')
 4 SYSTEMPATH\CodeIgniter.php(442): CodeIgniter\CodeIgniter->tryToRouteIt(Object(CodeIgniter\Router\RouteCollection))
 5 SYSTEMPATH\CodeIgniter.php(353): CodeIgniter\CodeIgniter->handleRequest(null, Object(Config\Cache), false)
 6 FCPATH\index.php(79): CodeIgniter\CodeIgniter->run()
 7 SYSTEMPATH\Commands\Server\rewrite.php(47): require_once('C:\\CandourAutoTech\\cat_rams_v2_api\\public\\index.php')
CRITICAL - 2023-11-30 11:18:52 --> The namespace delimiter is a backslash (\), not a slash (/). Route handler: "\App\Controllers\ServiceRequest/ServiceRequestMasterController::service_requestbycustomer"
in SYSTEMPATH\Router\Router.php on line 477.
 1 SYSTEMPATH\Router\Router.php(477): CodeIgniter\Router\Exceptions\RouterException::forInvalidControllerName('\\App\\Controllers\\ServiceRequest/ServiceRequestMasterController::service_requestbycustomer')
 2 SYSTEMPATH\Router\Router.php(184): CodeIgniter\Router\Router->checkRoutes('service_requestbycustomer')
 3 SYSTEMPATH\CodeIgniter.php(800): CodeIgniter\Router\Router->handle('service_requestbycustomer')
 4 SYSTEMPATH\CodeIgniter.php(442): CodeIgniter\CodeIgniter->tryToRouteIt(Object(CodeIgniter\Router\RouteCollection))
 5 SYSTEMPATH\CodeIgniter.php(353): CodeIgniter\CodeIgniter->handleRequest(null, Object(Config\Cache), false)
 6 FCPATH\index.php(79): CodeIgniter\CodeIgniter->run()
 7 SYSTEMPATH\Commands\Server\rewrite.php(47): require_once('C:\\CandourAutoTech\\cat_rams_v2_api\\public\\index.php')
CRITICAL - 2023-11-30 11:18:52 --> The namespace delimiter is a backslash (\), not a slash (/). Route handler: "\App\Controllers\ServiceRequest/ServiceRequestMasterController::completed_requestbyid"
in SYSTEMPATH\Router\Router.php on line 477.
 1 SYSTEMPATH\Router\Router.php(477): CodeIgniter\Router\Exceptions\RouterException::forInvalidControllerName('\\App\\Controllers\\ServiceRequest/ServiceRequestMasterController::completed_requestbyid')
 2 SYSTEMPATH\Router\Router.php(184): CodeIgniter\Router\Router->checkRoutes('completed_requestbyid')
 3 SYSTEMPATH\CodeIgniter.php(800): CodeIgniter\Router\Router->handle('completed_requestbyid')
 4 SYSTEMPATH\CodeIgniter.php(442): CodeIgniter\CodeIgniter->tryToRouteIt(Object(CodeIgniter\Router\RouteCollection))
 5 SYSTEMPATH\CodeIgniter.php(353): CodeIgniter\CodeIgniter->handleRequest(null, Object(Config\Cache), false)
 6 FCPATH\index.php(79): CodeIgniter\CodeIgniter->run()
 7 SYSTEMPATH\Commands\Server\rewrite.php(47): require_once('C:\\CandourAutoTech\\cat_rams_v2_api\\public\\index.php')
CRITICAL - 2023-11-30 11:18:57 --> The namespace delimiter is a backslash (\), not a slash (/). Route handler: "\App\Controllers\ToolRequest/ToolRequestMasterController::tool_req_list"
in SYSTEMPATH\Router\Router.php on line 477.
 1 SYSTEMPATH\Router\Router.php(477): CodeIgniter\Router\Exceptions\RouterException::forInvalidControllerName('\\App\\Controllers\\ToolRequest/ToolRequestMasterController::tool_req_list')
 2 SYSTEMPATH\Router\Router.php(184): CodeIgniter\Router\Router->checkRoutes('tool_req_list')
 3 SYSTEMPATH\CodeIgniter.php(800): CodeIgniter\Router\Router->handle('tool_req_list')
 4 SYSTEMPATH\CodeIgniter.php(442): CodeIgniter\CodeIgniter->tryToRouteIt(Object(CodeIgniter\Router\RouteCollection))
 5 SYSTEMPATH\CodeIgniter.php(353): CodeIgniter\CodeIgniter->handleRequest(null, Object(Config\Cache), false)
 6 FCPATH\index.php(79): CodeIgniter\CodeIgniter->run()
 7 SYSTEMPATH\Commands\Server\rewrite.php(47): require_once('C:\\CandourAutoTech\\cat_rams_v2_api\\public\\index.php')
CRITICAL - 2023-11-30 11:18:57 --> The namespace delimiter is a backslash (\), not a slash (/). Route handler: "\App\Controllers\ToolRequest/ToolRequestMasterController::completed_request"
in SYSTEMPATH\Router\Router.php on line 477.
 1 SYSTEMPATH\Router\Router.php(477): CodeIgniter\Router\Exceptions\RouterException::forInvalidControllerName('\\App\\Controllers\\ToolRequest/ToolRequestMasterController::completed_request')
 2 SYSTEMPATH\Router\Router.php(184): CodeIgniter\Router\Router->checkRoutes('completed_request')
 3 SYSTEMPATH\CodeIgniter.php(800): CodeIgniter\Router\Router->handle('completed_request')
 4 SYSTEMPATH\CodeIgniter.php(442): CodeIgniter\CodeIgniter->tryToRouteIt(Object(CodeIgniter\Router\RouteCollection))
 5 SYSTEMPATH\CodeIgniter.php(353): CodeIgniter\CodeIgniter->handleRequest(null, Object(Config\Cache), false)
 6 FCPATH\index.php(79): CodeIgniter\CodeIgniter->run()
 7 SYSTEMPATH\Commands\Server\rewrite.php(47): require_once('C:\\CandourAutoTech\\cat_rams_v2_api\\public\\index.php')
CRITICAL - 2023-11-30 11:18:58 --> The namespace delimiter is a backslash (\), not a slash (/). Route handler: "\App\Controllers\Auth/PreAuthentication::get_customerdetails"
in SYSTEMPATH\Router\Router.php on line 477.
 1 SYSTEMPATH\Router\Router.php(477): CodeIgniter\Router\Exceptions\RouterException::forInvalidControllerName('\\App\\Controllers\\Auth/PreAuthentication::get_customerdetails')
 2 SYSTEMPATH\Router\Router.php(184): CodeIgniter\Router\Router->checkRoutes('getcustomerdetails')
 3 SYSTEMPATH\CodeIgniter.php(800): CodeIgniter\Router\Router->handle('getcustomerdetails')
 4 SYSTEMPATH\CodeIgniter.php(442): CodeIgniter\CodeIgniter->tryToRouteIt(Object(CodeIgniter\Router\RouteCollection))
 5 SYSTEMPATH\CodeIgniter.php(353): CodeIgniter\CodeIgniter->handleRequest(null, Object(Config\Cache), false)
 6 FCPATH\index.php(79): CodeIgniter\CodeIgniter->run()
 7 SYSTEMPATH\Commands\Server\rewrite.php(47): require_once('C:\\CandourAutoTech\\cat_rams_v2_api\\public\\index.php')
CRITICAL - 2023-11-30 11:18:59 --> The namespace delimiter is a backslash (\), not a slash (/). Route handler: "\App\Controllers\ToolRequest/ToolRequestMasterController::tool_req_list"
in SYSTEMPATH\Router\Router.php on line 477.
 1 SYSTEMPATH\Router\Router.php(477): CodeIgniter\Router\Exceptions\RouterException::forInvalidControllerName('\\App\\Controllers\\ToolRequest/ToolRequestMasterController::tool_req_list')
 2 SYSTEMPATH\Router\Router.php(184): CodeIgniter\Router\Router->checkRoutes('tool_req_list')
 3 SYSTEMPATH\CodeIgniter.php(800): CodeIgniter\Router\Router->handle('tool_req_list')
 4 SYSTEMPATH\CodeIgniter.php(442): CodeIgniter\CodeIgniter->tryToRouteIt(Object(CodeIgniter\Router\RouteCollection))
 5 SYSTEMPATH\CodeIgniter.php(353): CodeIgniter\CodeIgniter->handleRequest(null, Object(Config\Cache), false)
 6 FCPATH\index.php(79): CodeIgniter\CodeIgniter->run()
 7 SYSTEMPATH\Commands\Server\rewrite.php(47): require_once('C:\\CandourAutoTech\\cat_rams_v2_api\\public\\index.php')
CRITICAL - 2023-11-30 11:18:59 --> The namespace delimiter is a backslash (\), not a slash (/). Route handler: "\App\Controllers\ToolRequest/ToolRequestMasterController::completed_request"
in SYSTEMPATH\Router\Router.php on line 477.
 1 SYSTEMPATH\Router\Router.php(477): CodeIgniter\Router\Exceptions\RouterException::forInvalidControllerName('\\App\\Controllers\\ToolRequest/ToolRequestMasterController::completed_request')
 2 SYSTEMPATH\Router\Router.php(184): CodeIgniter\Router\Router->checkRoutes('completed_request')
 3 SYSTEMPATH\CodeIgniter.php(800): CodeIgniter\Router\Router->handle('completed_request')
 4 SYSTEMPATH\CodeIgniter.php(442): CodeIgniter\CodeIgniter->tryToRouteIt(Object(CodeIgniter\Router\RouteCollection))
 5 SYSTEMPATH\CodeIgniter.php(353): CodeIgniter\CodeIgniter->handleRequest(null, Object(Config\Cache), false)
 6 FCPATH\index.php(79): CodeIgniter\CodeIgniter->run()
 7 SYSTEMPATH\Commands\Server\rewrite.php(47): require_once('C:\\CandourAutoTech\\cat_rams_v2_api\\public\\index.php')
CRITICAL - 2023-11-30 11:19:01 --> The namespace delimiter is a backslash (\), not a slash (/). Route handler: "\App\Controllers\ToolRequest/ToolRequestMasterController::tool_req_list"
in SYSTEMPATH\Router\Router.php on line 477.
 1 SYSTEMPATH\Router\Router.php(477): CodeIgniter\Router\Exceptions\RouterException::forInvalidControllerName('\\App\\Controllers\\ToolRequest/ToolRequestMasterController::tool_req_list')
 2 SYSTEMPATH\Router\Router.php(184): CodeIgniter\Router\Router->checkRoutes('tool_req_list')
 3 SYSTEMPATH\CodeIgniter.php(800): CodeIgniter\Router\Router->handle('tool_req_list')
 4 SYSTEMPATH\CodeIgniter.php(442): CodeIgniter\CodeIgniter->tryToRouteIt(Object(CodeIgniter\Router\RouteCollection))
 5 SYSTEMPATH\CodeIgniter.php(353): CodeIgniter\CodeIgniter->handleRequest(null, Object(Config\Cache), false)
 6 FCPATH\index.php(79): CodeIgniter\CodeIgniter->run()
 7 SYSTEMPATH\Commands\Server\rewrite.php(47): require_once('C:\\CandourAutoTech\\cat_rams_v2_api\\public\\index.php')
CRITICAL - 2023-11-30 11:19:01 --> The namespace delimiter is a backslash (\), not a slash (/). Route handler: "\App\Controllers\ToolRequest/ToolRequestMasterController::completed_request"
in SYSTEMPATH\Router\Router.php on line 477.
 1 SYSTEMPATH\Router\Router.php(477): CodeIgniter\Router\Exceptions\RouterException::forInvalidControllerName('\\App\\Controllers\\ToolRequest/ToolRequestMasterController::completed_request')
 2 SYSTEMPATH\Router\Router.php(184): CodeIgniter\Router\Router->checkRoutes('completed_request')
 3 SYSTEMPATH\CodeIgniter.php(800): CodeIgniter\Router\Router->handle('completed_request')
 4 SYSTEMPATH\CodeIgniter.php(442): CodeIgniter\CodeIgniter->tryToRouteIt(Object(CodeIgniter\Router\RouteCollection))
 5 SYSTEMPATH\CodeIgniter.php(353): CodeIgniter\CodeIgniter->handleRequest(null, Object(Config\Cache), false)
 6 FCPATH\index.php(79): CodeIgniter\CodeIgniter->run()
 7 SYSTEMPATH\Commands\Server\rewrite.php(47): require_once('C:\\CandourAutoTech\\cat_rams_v2_api\\public\\index.php')
CRITICAL - 2023-11-30 11:19:09 --> The namespace delimiter is a backslash (\), not a slash (/). Route handler: "\App\Controllers\ServiceRequest/ServiceRequestMasterController::service_requestbycustomer"
in SYSTEMPATH\Router\Router.php on line 477.
 1 SYSTEMPATH\Router\Router.php(477): CodeIgniter\Router\Exceptions\RouterException::forInvalidControllerName('\\App\\Controllers\\ServiceRequest/ServiceRequestMasterController::service_requestbycustomer')
 2 SYSTEMPATH\Router\Router.php(184): CodeIgniter\Router\Router->checkRoutes('service_requestbycustomer')
 3 SYSTEMPATH\CodeIgniter.php(800): CodeIgniter\Router\Router->handle('service_requestbycustomer')
 4 SYSTEMPATH\CodeIgniter.php(442): CodeIgniter\CodeIgniter->tryToRouteIt(Object(CodeIgniter\Router\RouteCollection))
 5 SYSTEMPATH\CodeIgniter.php(353): CodeIgniter\CodeIgniter->handleRequest(null, Object(Config\Cache), false)
 6 FCPATH\index.php(79): CodeIgniter\CodeIgniter->run()
 7 SYSTEMPATH\Commands\Server\rewrite.php(47): require_once('C:\\CandourAutoTech\\cat_rams_v2_api\\public\\index.php')
CRITICAL - 2023-11-30 11:19:09 --> The namespace delimiter is a backslash (\), not a slash (/). Route handler: "\App\Controllers\ServiceRequest/ServiceRequestMasterController::completed_requestbyid"
in SYSTEMPATH\Router\Router.php on line 477.
 1 SYSTEMPATH\Router\Router.php(477): CodeIgniter\Router\Exceptions\RouterException::forInvalidControllerName('\\App\\Controllers\\ServiceRequest/ServiceRequestMasterController::completed_requestbyid')
 2 SYSTEMPATH\Router\Router.php(184): CodeIgniter\Router\Router->checkRoutes('completed_requestbyid')
 3 SYSTEMPATH\CodeIgniter.php(800): CodeIgniter\Router\Router->handle('completed_requestbyid')
 4 SYSTEMPATH\CodeIgniter.php(442): CodeIgniter\CodeIgniter->tryToRouteIt(Object(CodeIgniter\Router\RouteCollection))
 5 SYSTEMPATH\CodeIgniter.php(353): CodeIgniter\CodeIgniter->handleRequest(null, Object(Config\Cache), false)
 6 FCPATH\index.php(79): CodeIgniter\CodeIgniter->run()
 7 SYSTEMPATH\Commands\Server\rewrite.php(47): require_once('C:\\CandourAutoTech\\cat_rams_v2_api\\public\\index.php')
CRITICAL - 2023-11-30 11:19:12 --> The namespace delimiter is a backslash (\), not a slash (/). Route handler: "\App\Controllers\ToolRequest/ToolRequestMasterController::tool_req_list"
in SYSTEMPATH\Router\Router.php on line 477.
 1 SYSTEMPATH\Router\Router.php(477): CodeIgniter\Router\Exceptions\RouterException::forInvalidControllerName('\\App\\Controllers\\ToolRequest/ToolRequestMasterController::tool_req_list')
 2 SYSTEMPATH\Router\Router.php(184): CodeIgniter\Router\Router->checkRoutes('tool_req_list')
 3 SYSTEMPATH\CodeIgniter.php(800): CodeIgniter\Router\Router->handle('tool_req_list')
 4 SYSTEMPATH\CodeIgniter.php(442): CodeIgniter\CodeIgniter->tryToRouteIt(Object(CodeIgniter\Router\RouteCollection))
 5 SYSTEMPATH\CodeIgniter.php(353): CodeIgniter\CodeIgniter->handleRequest(null, Object(Config\Cache), false)
 6 FCPATH\index.php(79): CodeIgniter\CodeIgniter->run()
 7 SYSTEMPATH\Commands\Server\rewrite.php(47): require_once('C:\\CandourAutoTech\\cat_rams_v2_api\\public\\index.php')
CRITICAL - 2023-11-30 11:19:12 --> The namespace delimiter is a backslash (\), not a slash (/). Route handler: "\App\Controllers\ToolRequest/ToolRequestMasterController::completed_request"
in SYSTEMPATH\Router\Router.php on line 477.
 1 SYSTEMPATH\Router\Router.php(477): CodeIgniter\Router\Exceptions\RouterException::forInvalidControllerName('\\App\\Controllers\\ToolRequest/ToolRequestMasterController::completed_request')
 2 SYSTEMPATH\Router\Router.php(184): CodeIgniter\Router\Router->checkRoutes('completed_request')
 3 SYSTEMPATH\CodeIgniter.php(800): CodeIgniter\Router\Router->handle('completed_request')
 4 SYSTEMPATH\CodeIgniter.php(442): CodeIgniter\CodeIgniter->tryToRouteIt(Object(CodeIgniter\Router\RouteCollection))
 5 SYSTEMPATH\CodeIgniter.php(353): CodeIgniter\CodeIgniter->handleRequest(null, Object(Config\Cache), false)
 6 FCPATH\index.php(79): CodeIgniter\CodeIgniter->run()
 7 SYSTEMPATH\Commands\Server\rewrite.php(47): require_once('C:\\CandourAutoTech\\cat_rams_v2_api\\public\\index.php')
CRITICAL - 2023-11-30 11:19:16 --> The namespace delimiter is a backslash (\), not a slash (/). Route handler: "\App\Controllers\Auth/PreAuthentication::get_customerdetails"
in SYSTEMPATH\Router\Router.php on line 477.
 1 SYSTEMPATH\Router\Router.php(477): CodeIgniter\Router\Exceptions\RouterException::forInvalidControllerName('\\App\\Controllers\\Auth/PreAuthentication::get_customerdetails')
 2 SYSTEMPATH\Router\Router.php(184): CodeIgniter\Router\Router->checkRoutes('getcustomerdetails')
 3 SYSTEMPATH\CodeIgniter.php(800): CodeIgniter\Router\Router->handle('getcustomerdetails')
 4 SYSTEMPATH\CodeIgniter.php(442): CodeIgniter\CodeIgniter->tryToRouteIt(Object(CodeIgniter\Router\RouteCollection))
 5 SYSTEMPATH\CodeIgniter.php(353): CodeIgniter\CodeIgniter->handleRequest(null, Object(Config\Cache), false)
 6 FCPATH\index.php(79): CodeIgniter\CodeIgniter->run()
 7 SYSTEMPATH\Commands\Server\rewrite.php(47): require_once('C:\\CandourAutoTech\\cat_rams_v2_api\\public\\index.php')
CRITICAL - 2023-11-30 11:19:20 --> The namespace delimiter is a backslash (\), not a slash (/). Route handler: "\App\Controllers\ServiceRequest/ServiceRequestMasterController::vehicle_make_list"
in SYSTEMPATH\Router\Router.php on line 477.
 1 SYSTEMPATH\Router\Router.php(477): CodeIgniter\Router\Exceptions\RouterException::forInvalidControllerName('\\App\\Controllers\\ServiceRequest/ServiceRequestMasterController::vehicle_make_list')
 2 SYSTEMPATH\Router\Router.php(184): CodeIgniter\Router\Router->checkRoutes('vehicle_make_list')
 3 SYSTEMPATH\CodeIgniter.php(800): CodeIgniter\Router\Router->handle('vehicle_make_list')
 4 SYSTEMPATH\CodeIgniter.php(442): CodeIgniter\CodeIgniter->tryToRouteIt(Object(CodeIgniter\Router\RouteCollection))
 5 SYSTEMPATH\CodeIgniter.php(353): CodeIgniter\CodeIgniter->handleRequest(null, Object(Config\Cache), false)
 6 FCPATH\index.php(79): CodeIgniter\CodeIgniter->run()
 7 SYSTEMPATH\Commands\Server\rewrite.php(47): require_once('C:\\CandourAutoTech\\cat_rams_v2_api\\public\\index.php')
CRITICAL - 2023-11-30 11:20:46 --> The namespace delimiter is a backslash (\), not a slash (/). Route handler: "\App\Controllers\ServiceRequest/ServiceRequestMasterController::vehicle_make_list"
in SYSTEMPATH\Router\Router.php on line 477.
 1 SYSTEMPATH\Router\Router.php(477): CodeIgniter\Router\Exceptions\RouterException::forInvalidControllerName('\\App\\Controllers\\ServiceRequest/ServiceRequestMasterController::vehicle_make_list')
 2 SYSTEMPATH\Router\Router.php(184): CodeIgniter\Router\Router->checkRoutes('vehicle_make_list')
 3 SYSTEMPATH\CodeIgniter.php(800): CodeIgniter\Router\Router->handle('vehicle_make_list')
 4 SYSTEMPATH\CodeIgniter.php(442): CodeIgniter\CodeIgniter->tryToRouteIt(Object(CodeIgniter\Router\RouteCollection))
 5 SYSTEMPATH\CodeIgniter.php(353): CodeIgniter\CodeIgniter->handleRequest(null, Object(Config\Cache), false)
 6 FCPATH\index.php(79): CodeIgniter\CodeIgniter->run()
 7 SYSTEMPATH\Commands\Server\rewrite.php(47): require_once('C:\\CandourAutoTech\\cat_rams_v2_api\\public\\index.php')
CRITICAL - 2023-11-30 11:21:54 --> The namespace delimiter is a backslash (\), not a slash (/). Route handler: "\App\Controllers\ServiceRequest/ServiceRequestMasterController::vehicle_make_list"
in SYSTEMPATH\Router\Router.php on line 477.
 1 SYSTEMPATH\Router\Router.php(477): CodeIgniter\Router\Exceptions\RouterException::forInvalidControllerName('\\App\\Controllers\\ServiceRequest/ServiceRequestMasterController::vehicle_make_list')
 2 SYSTEMPATH\Router\Router.php(184): CodeIgniter\Router\Router->checkRoutes('vehicle_make_list')
 3 SYSTEMPATH\CodeIgniter.php(800): CodeIgniter\Router\Router->handle('vehicle_make_list/')
 4 SYSTEMPATH\CodeIgniter.php(442): CodeIgniter\CodeIgniter->tryToRouteIt(Object(CodeIgniter\Router\RouteCollection))
 5 SYSTEMPATH\CodeIgniter.php(353): CodeIgniter\CodeIgniter->handleRequest(null, Object(Config\Cache), false)
 6 FCPATH\index.php(79): CodeIgniter\CodeIgniter->run()
 7 SYSTEMPATH\Commands\Server\rewrite.php(47): require_once('C:\\CandourAutoTech\\cat_rams_v2_api\\public\\index.php')
CRITICAL - 2023-11-30 11:22:40 --> The namespace delimiter is a backslash (\), not a slash (/). Route handler: "\App\Controllers\ServiceRequest/ServiceRequestMasterController::vehicle_make_list"
in SYSTEMPATH\Router\Router.php on line 477.
 1 SYSTEMPATH\Router\Router.php(477): CodeIgniter\Router\Exceptions\RouterException::forInvalidControllerName('\\App\\Controllers\\ServiceRequest/ServiceRequestMasterController::vehicle_make_list')
 2 SYSTEMPATH\Router\Router.php(184): CodeIgniter\Router\Router->checkRoutes('vehicle_make_list')
 3 SYSTEMPATH\CodeIgniter.php(800): CodeIgniter\Router\Router->handle('vehicle_make_list/')
 4 SYSTEMPATH\CodeIgniter.php(442): CodeIgniter\CodeIgniter->tryToRouteIt(Object(CodeIgniter\Router\RouteCollection))
 5 SYSTEMPATH\CodeIgniter.php(353): CodeIgniter\CodeIgniter->handleRequest(null, Object(Config\Cache), false)
 6 FCPATH\index.php(79): CodeIgniter\CodeIgniter->run()
 7 SYSTEMPATH\Commands\Server\rewrite.php(47): require_once('C:\\CandourAutoTech\\cat_rams_v2_api\\public\\index.php')
CRITICAL - 2023-11-30 11:23:33 --> The namespace delimiter is a backslash (\), not a slash (/). Route handler: "\App\Controllers\ServiceRequest/ServiceRequestMasterController::fetch_history"
in SYSTEMPATH\Router\Router.php on line 477.
 1 SYSTEMPATH\Router\Router.php(477): CodeIgniter\Router\Exceptions\RouterException::forInvalidControllerName('\\App\\Controllers\\ServiceRequest/ServiceRequestMasterController::fetch_history')
 2 SYSTEMPATH\Router\Router.php(184): CodeIgniter\Router\Router->checkRoutes('fetch_history')
 3 SYSTEMPATH\CodeIgniter.php(800): CodeIgniter\Router\Router->handle('fetch_history')
 4 SYSTEMPATH\CodeIgniter.php(442): CodeIgniter\CodeIgniter->tryToRouteIt(Object(CodeIgniter\Router\RouteCollection))
 5 SYSTEMPATH\CodeIgniter.php(353): CodeIgniter\CodeIgniter->handleRequest(null, Object(Config\Cache), false)
 6 FCPATH\index.php(79): CodeIgniter\CodeIgniter->run()
 7 SYSTEMPATH\Commands\Server\rewrite.php(47): require_once('C:\\CandourAutoTech\\cat_rams_v2_api\\public\\index.php')
CRITICAL - 2023-11-30 11:23:33 --> The namespace delimiter is a backslash (\), not a slash (/). Route handler: "\App\Controllers\ServiceRequest/ServiceRequestMasterController::serv_hist"
in SYSTEMPATH\Router\Router.php on line 477.
 1 SYSTEMPATH\Router\Router.php(477): CodeIgniter\Router\Exceptions\RouterException::forInvalidControllerName('\\App\\Controllers\\ServiceRequest/ServiceRequestMasterController::serv_hist')
 2 SYSTEMPATH\Router\Router.php(184): CodeIgniter\Router\Router->checkRoutes('serv_hist')
 3 SYSTEMPATH\CodeIgniter.php(800): CodeIgniter\Router\Router->handle('serv_hist')
 4 SYSTEMPATH\CodeIgniter.php(442): CodeIgniter\CodeIgniter->tryToRouteIt(Object(CodeIgniter\Router\RouteCollection))
 5 SYSTEMPATH\CodeIgniter.php(353): CodeIgniter\CodeIgniter->handleRequest(null, Object(Config\Cache), false)
 6 FCPATH\index.php(79): CodeIgniter\CodeIgniter->run()
 7 SYSTEMPATH\Commands\Server\rewrite.php(47): require_once('C:\\CandourAutoTech\\cat_rams_v2_api\\public\\index.php')
CRITICAL - 2023-11-30 11:23:37 --> The namespace delimiter is a backslash (\), not a slash (/). Route handler: "\App\Controllers\System/ToolMasterController::fetch_tool_details"
in SYSTEMPATH\Router\Router.php on line 477.
 1 SYSTEMPATH\Router\Router.php(477): CodeIgniter\Router\Exceptions\RouterException::forInvalidControllerName('\\App\\Controllers\\System/ToolMasterController::fetch_tool_details')
 2 SYSTEMPATH\Router\Router.php(184): CodeIgniter\Router\Router->checkRoutes('fetch_tool_details')
 3 SYSTEMPATH\CodeIgniter.php(800): CodeIgniter\Router\Router->handle('fetch_tool_details')
 4 SYSTEMPATH\CodeIgniter.php(442): CodeIgniter\CodeIgniter->tryToRouteIt(Object(CodeIgniter\Router\RouteCollection))
 5 SYSTEMPATH\CodeIgniter.php(353): CodeIgniter\CodeIgniter->handleRequest(null, Object(Config\Cache), false)
 6 FCPATH\index.php(79): CodeIgniter\CodeIgniter->run()
 7 SYSTEMPATH\Commands\Server\rewrite.php(47): require_once('C:\\CandourAutoTech\\cat_rams_v2_api\\public\\index.php')
CRITICAL - 2023-11-30 11:23:39 --> The namespace delimiter is a backslash (\), not a slash (/). Route handler: "\App\Controllers\ToolRequest/ToolRequestMasterController::tool_req_list"
in SYSTEMPATH\Router\Router.php on line 477.
 1 SYSTEMPATH\Router\Router.php(477): CodeIgniter\Router\Exceptions\RouterException::forInvalidControllerName('\\App\\Controllers\\ToolRequest/ToolRequestMasterController::tool_req_list')
 2 SYSTEMPATH\Router\Router.php(184): CodeIgniter\Router\Router->checkRoutes('tool_req_list')
 3 SYSTEMPATH\CodeIgniter.php(800): CodeIgniter\Router\Router->handle('tool_req_list')
 4 SYSTEMPATH\CodeIgniter.php(442): CodeIgniter\CodeIgniter->tryToRouteIt(Object(CodeIgniter\Router\RouteCollection))
 5 SYSTEMPATH\CodeIgniter.php(353): CodeIgniter\CodeIgniter->handleRequest(null, Object(Config\Cache), false)
 6 FCPATH\index.php(79): CodeIgniter\CodeIgniter->run()
 7 SYSTEMPATH\Commands\Server\rewrite.php(47): require_once('C:\\CandourAutoTech\\cat_rams_v2_api\\public\\index.php')
CRITICAL - 2023-11-30 11:23:39 --> The namespace delimiter is a backslash (\), not a slash (/). Route handler: "\App\Controllers\ToolRequest/ToolRequestMasterController::completed_request"
in SYSTEMPATH\Router\Router.php on line 477.
 1 SYSTEMPATH\Router\Router.php(477): CodeIgniter\Router\Exceptions\RouterException::forInvalidControllerName('\\App\\Controllers\\ToolRequest/ToolRequestMasterController::completed_request')
 2 SYSTEMPATH\Router\Router.php(184): CodeIgniter\Router\Router->checkRoutes('completed_request')
 3 SYSTEMPATH\CodeIgniter.php(800): CodeIgniter\Router\Router->handle('completed_request')
 4 SYSTEMPATH\CodeIgniter.php(442): CodeIgniter\CodeIgniter->tryToRouteIt(Object(CodeIgniter\Router\RouteCollection))
 5 SYSTEMPATH\CodeIgniter.php(353): CodeIgniter\CodeIgniter->handleRequest(null, Object(Config\Cache), false)
 6 FCPATH\index.php(79): CodeIgniter\CodeIgniter->run()
 7 SYSTEMPATH\Commands\Server\rewrite.php(47): require_once('C:\\CandourAutoTech\\cat_rams_v2_api\\public\\index.php')
CRITICAL - 2023-11-30 11:23:41 --> The namespace delimiter is a backslash (\), not a slash (/). Route handler: "\App\Controllers\ServiceRequest/ServiceRequestMasterController::vehicle_make_list"
in SYSTEMPATH\Router\Router.php on line 477.
 1 SYSTEMPATH\Router\Router.php(477): CodeIgniter\Router\Exceptions\RouterException::forInvalidControllerName('\\App\\Controllers\\ServiceRequest/ServiceRequestMasterController::vehicle_make_list')
 2 SYSTEMPATH\Router\Router.php(184): CodeIgniter\Router\Router->checkRoutes('vehicle_make_list')
 3 SYSTEMPATH\CodeIgniter.php(800): CodeIgniter\Router\Router->handle('vehicle_make_list')
 4 SYSTEMPATH\CodeIgniter.php(442): CodeIgniter\CodeIgniter->tryToRouteIt(Object(CodeIgniter\Router\RouteCollection))
 5 SYSTEMPATH\CodeIgniter.php(353): CodeIgniter\CodeIgniter->handleRequest(null, Object(Config\Cache), false)
 6 FCPATH\index.php(79): CodeIgniter\CodeIgniter->run()
 7 SYSTEMPATH\Commands\Server\rewrite.php(47): require_once('C:\\CandourAutoTech\\cat_rams_v2_api\\public\\index.php')
CRITICAL - 2023-11-30 11:23:47 --> The namespace delimiter is a backslash (\), not a slash (/). Route handler: "\App\Controllers\ServiceRequest/ServiceRequestMasterController::serv_hist"
in SYSTEMPATH\Router\Router.php on line 477.
 1 SYSTEMPATH\Router\Router.php(477): CodeIgniter\Router\Exceptions\RouterException::forInvalidControllerName('\\App\\Controllers\\ServiceRequest/ServiceRequestMasterController::serv_hist')
 2 SYSTEMPATH\Router\Router.php(184): CodeIgniter\Router\Router->checkRoutes('serv_hist')
 3 SYSTEMPATH\CodeIgniter.php(800): CodeIgniter\Router\Router->handle('serv_hist')
 4 SYSTEMPATH\CodeIgniter.php(442): CodeIgniter\CodeIgniter->tryToRouteIt(Object(CodeIgniter\Router\RouteCollection))
 5 SYSTEMPATH\CodeIgniter.php(353): CodeIgniter\CodeIgniter->handleRequest(null, Object(Config\Cache), false)
 6 FCPATH\index.php(79): CodeIgniter\CodeIgniter->run()
 7 SYSTEMPATH\Commands\Server\rewrite.php(47): require_once('C:\\CandourAutoTech\\cat_rams_v2_api\\public\\index.php')
CRITICAL - 2023-11-30 11:25:40 --> The namespace delimiter is a backslash (\), not a slash (/). Route handler: "\App\Controllers\ServiceRequest/ServiceRequestMasterController::vehicle_make_list"
in SYSTEMPATH\Router\Router.php on line 477.
 1 SYSTEMPATH\Router\Router.php(477): CodeIgniter\Router\Exceptions\RouterException::forInvalidControllerName('\\App\\Controllers\\ServiceRequest/ServiceRequestMasterController::vehicle_make_list')
 2 SYSTEMPATH\Router\Router.php(184): CodeIgniter\Router\Router->checkRoutes('vehicle_make_list')
 3 SYSTEMPATH\CodeIgniter.php(800): CodeIgniter\Router\Router->handle('vehicle_make_list')
 4 SYSTEMPATH\CodeIgniter.php(442): CodeIgniter\CodeIgniter->tryToRouteIt(Object(CodeIgniter\Router\RouteCollection))
 5 SYSTEMPATH\CodeIgniter.php(353): CodeIgniter\CodeIgniter->handleRequest(null, Object(Config\Cache), false)
 6 FCPATH\index.php(79): CodeIgniter\CodeIgniter->run()
 7 SYSTEMPATH\Commands\Server\rewrite.php(47): require_once('C:\\CandourAutoTech\\cat_rams_v2_api\\public\\index.php')
CRITICAL - 2023-11-30 11:26:00 --> The namespace delimiter is a backslash (\), not a slash (/). Route handler: "\App\Controllers\ServiceRequest/ServiceRequestMasterController::vehicle_make_list"
in SYSTEMPATH\Router\Router.php on line 477.
 1 SYSTEMPATH\Router\Router.php(477): CodeIgniter\Router\Exceptions\RouterException::forInvalidControllerName('\\App\\Controllers\\ServiceRequest/ServiceRequestMasterController::vehicle_make_list')
 2 SYSTEMPATH\Router\Router.php(184): CodeIgniter\Router\Router->checkRoutes('vehicle_make_list')
 3 SYSTEMPATH\CodeIgniter.php(800): CodeIgniter\Router\Router->handle('vehicle_make_list')
 4 SYSTEMPATH\CodeIgniter.php(442): CodeIgniter\CodeIgniter->tryToRouteIt(Object(CodeIgniter\Router\RouteCollection))
 5 SYSTEMPATH\CodeIgniter.php(353): CodeIgniter\CodeIgniter->handleRequest(null, Object(Config\Cache), false)
 6 FCPATH\index.php(79): CodeIgniter\CodeIgniter->run()
 7 SYSTEMPATH\Commands\Server\rewrite.php(47): require_once('C:\\CandourAutoTech\\cat_rams_v2_api\\public\\index.php')
CRITICAL - 2023-11-30 11:27:27 --> The namespace delimiter is a backslash (\), not a slash (/). Route handler: "\App\Controllers\ServiceRequest/ServiceRequestMasterController::vehicle_make_list"
in SYSTEMPATH\Router\Router.php on line 477.
 1 SYSTEMPATH\Router\Router.php(477): CodeIgniter\Router\Exceptions\RouterException::forInvalidControllerName('\\App\\Controllers\\ServiceRequest/ServiceRequestMasterController::vehicle_make_list')
 2 SYSTEMPATH\Router\Router.php(184): CodeIgniter\Router\Router->checkRoutes('vehicle_make_list')
 3 SYSTEMPATH\CodeIgniter.php(800): CodeIgniter\Router\Router->handle('vehicle_make_list')
 4 SYSTEMPATH\CodeIgniter.php(442): CodeIgniter\CodeIgniter->tryToRouteIt(Object(CodeIgniter\Router\RouteCollection))
 5 SYSTEMPATH\CodeIgniter.php(353): CodeIgniter\CodeIgniter->handleRequest(null, Object(Config\Cache), false)
 6 FCPATH\index.php(79): CodeIgniter\CodeIgniter->run()
 7 SYSTEMPATH\Commands\Server\rewrite.php(47): require_once('C:\\CandourAutoTech\\cat_rams_v2_api\\public\\index.php')
CRITICAL - 2023-11-30 11:27:31 --> The namespace delimiter is a backslash (\), not a slash (/). Route handler: "\App\Controllers\ServiceRequest/ServiceRequestMasterController::service_requestbycustomer"
in SYSTEMPATH\Router\Router.php on line 477.
 1 SYSTEMPATH\Router\Router.php(477): CodeIgniter\Router\Exceptions\RouterException::forInvalidControllerName('\\App\\Controllers\\ServiceRequest/ServiceRequestMasterController::service_requestbycustomer')
 2 SYSTEMPATH\Router\Router.php(184): CodeIgniter\Router\Router->checkRoutes('service_requestbycustomer')
 3 SYSTEMPATH\CodeIgniter.php(800): CodeIgniter\Router\Router->handle('service_requestbycustomer')
 4 SYSTEMPATH\CodeIgniter.php(442): CodeIgniter\CodeIgniter->tryToRouteIt(Object(CodeIgniter\Router\RouteCollection))
 5 SYSTEMPATH\CodeIgniter.php(353): CodeIgniter\CodeIgniter->handleRequest(null, Object(Config\Cache), false)
 6 FCPATH\index.php(79): CodeIgniter\CodeIgniter->run()
 7 SYSTEMPATH\Commands\Server\rewrite.php(47): require_once('C:\\CandourAutoTech\\cat_rams_v2_api\\public\\index.php')
CRITICAL - 2023-11-30 11:27:32 --> The namespace delimiter is a backslash (\), not a slash (/). Route handler: "\App\Controllers\ServiceRequest/ServiceRequestMasterController::completed_requestbyid"
in SYSTEMPATH\Router\Router.php on line 477.
 1 SYSTEMPATH\Router\Router.php(477): CodeIgniter\Router\Exceptions\RouterException::forInvalidControllerName('\\App\\Controllers\\ServiceRequest/ServiceRequestMasterController::completed_requestbyid')
 2 SYSTEMPATH\Router\Router.php(184): CodeIgniter\Router\Router->checkRoutes('completed_requestbyid')
 3 SYSTEMPATH\CodeIgniter.php(800): CodeIgniter\Router\Router->handle('completed_requestbyid')
 4 SYSTEMPATH\CodeIgniter.php(442): CodeIgniter\CodeIgniter->tryToRouteIt(Object(CodeIgniter\Router\RouteCollection))
 5 SYSTEMPATH\CodeIgniter.php(353): CodeIgniter\CodeIgniter->handleRequest(null, Object(Config\Cache), false)
 6 FCPATH\index.php(79): CodeIgniter\CodeIgniter->run()
 7 SYSTEMPATH\Commands\Server\rewrite.php(47): require_once('C:\\CandourAutoTech\\cat_rams_v2_api\\public\\index.php')
CRITICAL - 2023-11-30 11:28:30 --> The namespace delimiter is a backslash (\), not a slash (/). Route handler: "\App\Controllers\ToolRequest/ToolRequestMasterController::tool_req_list"
in SYSTEMPATH\Router\Router.php on line 477.
 1 SYSTEMPATH\Router\Router.php(477): CodeIgniter\Router\Exceptions\RouterException::forInvalidControllerName('\\App\\Controllers\\ToolRequest/ToolRequestMasterController::tool_req_list')
 2 SYSTEMPATH\Router\Router.php(184): CodeIgniter\Router\Router->checkRoutes('tool_req_list')
 3 SYSTEMPATH\CodeIgniter.php(800): CodeIgniter\Router\Router->handle('tool_req_list')
 4 SYSTEMPATH\CodeIgniter.php(442): CodeIgniter\CodeIgniter->tryToRouteIt(Object(CodeIgniter\Router\RouteCollection))
 5 SYSTEMPATH\CodeIgniter.php(353): CodeIgniter\CodeIgniter->handleRequest(null, Object(Config\Cache), false)
 6 FCPATH\index.php(79): CodeIgniter\CodeIgniter->run()
 7 SYSTEMPATH\Commands\Server\rewrite.php(47): require_once('C:\\CandourAutoTech\\cat_rams_v2_api\\public\\index.php')
CRITICAL - 2023-11-30 11:28:30 --> The namespace delimiter is a backslash (\), not a slash (/). Route handler: "\App\Controllers\ToolRequest/ToolRequestMasterController::completed_request"
in SYSTEMPATH\Router\Router.php on line 477.
 1 SYSTEMPATH\Router\Router.php(477): CodeIgniter\Router\Exceptions\RouterException::forInvalidControllerName('\\App\\Controllers\\ToolRequest/ToolRequestMasterController::completed_request')
 2 SYSTEMPATH\Router\Router.php(184): CodeIgniter\Router\Router->checkRoutes('completed_request')
 3 SYSTEMPATH\CodeIgniter.php(800): CodeIgniter\Router\Router->handle('completed_request')
 4 SYSTEMPATH\CodeIgniter.php(442): CodeIgniter\CodeIgniter->tryToRouteIt(Object(CodeIgniter\Router\RouteCollection))
 5 SYSTEMPATH\CodeIgniter.php(353): CodeIgniter\CodeIgniter->handleRequest(null, Object(Config\Cache), false)
 6 FCPATH\index.php(79): CodeIgniter\CodeIgniter->run()
 7 SYSTEMPATH\Commands\Server\rewrite.php(47): require_once('C:\\CandourAutoTech\\cat_rams_v2_api\\public\\index.php')
CRITICAL - 2023-11-30 11:28:31 --> The namespace delimiter is a backslash (\), not a slash (/). Route handler: "\App\Controllers\Auth/PreAuthentication::get_customerdetails"
in SYSTEMPATH\Router\Router.php on line 477.
 1 SYSTEMPATH\Router\Router.php(477): CodeIgniter\Router\Exceptions\RouterException::forInvalidControllerName('\\App\\Controllers\\Auth/PreAuthentication::get_customerdetails')
 2 SYSTEMPATH\Router\Router.php(184): CodeIgniter\Router\Router->checkRoutes('getcustomerdetails')
 3 SYSTEMPATH\CodeIgniter.php(800): CodeIgniter\Router\Router->handle('getcustomerdetails')
 4 SYSTEMPATH\CodeIgniter.php(442): CodeIgniter\CodeIgniter->tryToRouteIt(Object(CodeIgniter\Router\RouteCollection))
 5 SYSTEMPATH\CodeIgniter.php(353): CodeIgniter\CodeIgniter->handleRequest(null, Object(Config\Cache), false)
 6 FCPATH\index.php(79): CodeIgniter\CodeIgniter->run()
 7 SYSTEMPATH\Commands\Server\rewrite.php(47): require_once('C:\\CandourAutoTech\\cat_rams_v2_api\\public\\index.php')
CRITICAL - 2023-11-30 11:29:13 --> The namespace delimiter is a backslash (\), not a slash (/). Route handler: "\App\Controllers\ServiceRequest/ServiceRequestMasterController::vehicle_make_list"
in SYSTEMPATH\Router\Router.php on line 477.
 1 SYSTEMPATH\Router\Router.php(477): CodeIgniter\Router\Exceptions\RouterException::forInvalidControllerName('\\App\\Controllers\\ServiceRequest/ServiceRequestMasterController::vehicle_make_list')
 2 SYSTEMPATH\Router\Router.php(184): CodeIgniter\Router\Router->checkRoutes('vehicle_make_list')
 3 SYSTEMPATH\CodeIgniter.php(800): CodeIgniter\Router\Router->handle('vehicle_make_list')
 4 SYSTEMPATH\CodeIgniter.php(442): CodeIgniter\CodeIgniter->tryToRouteIt(Object(CodeIgniter\Router\RouteCollection))
 5 SYSTEMPATH\CodeIgniter.php(353): CodeIgniter\CodeIgniter->handleRequest(null, Object(Config\Cache), false)
 6 FCPATH\index.php(79): CodeIgniter\CodeIgniter->run()
 7 SYSTEMPATH\Commands\Server\rewrite.php(47): require_once('C:\\CandourAutoTech\\cat_rams_v2_api\\public\\index.php')
CRITICAL - 2023-11-30 11:31:29 --> The namespace delimiter is a backslash (\), not a slash (/). Route handler: "\App\Controllers\ServiceRequest/ServiceRequestMasterController::vehicle_make_list"
in SYSTEMPATH\Router\Router.php on line 477.
 1 SYSTEMPATH\Router\Router.php(477): CodeIgniter\Router\Exceptions\RouterException::forInvalidControllerName('\\App\\Controllers\\ServiceRequest/ServiceRequestMasterController::vehicle_make_list')
 2 SYSTEMPATH\Router\Router.php(184): CodeIgniter\Router\Router->checkRoutes('vehicle_make_list')
 3 SYSTEMPATH\CodeIgniter.php(800): CodeIgniter\Router\Router->handle('vehicle_make_list')
 4 SYSTEMPATH\CodeIgniter.php(442): CodeIgniter\CodeIgniter->tryToRouteIt(Object(CodeIgniter\Router\RouteCollection))
 5 SYSTEMPATH\CodeIgniter.php(353): CodeIgniter\CodeIgniter->handleRequest(null, Object(Config\Cache), false)
 6 FCPATH\index.php(79): CodeIgniter\CodeIgniter->run()
 7 SYSTEMPATH\Commands\Server\rewrite.php(47): require_once('C:\\CandourAutoTech\\cat_rams_v2_api\\public\\index.php')
CRITICAL - 2023-11-30 11:31:29 --> The namespace delimiter is a backslash (\), not a slash (/). Route handler: "\App\Controllers\ServiceRequest/ServiceRequestMasterController::vehicle_make_list"
in SYSTEMPATH\Router\Router.php on line 477.
 1 SYSTEMPATH\Router\Router.php(477): CodeIgniter\Router\Exceptions\RouterException::forInvalidControllerName('\\App\\Controllers\\ServiceRequest/ServiceRequestMasterController::vehicle_make_list')
 2 SYSTEMPATH\Router\Router.php(184): CodeIgniter\Router\Router->checkRoutes('vehicle_make_list')
 3 SYSTEMPATH\CodeIgniter.php(800): CodeIgniter\Router\Router->handle('vehicle_make_list')
 4 SYSTEMPATH\CodeIgniter.php(442): CodeIgniter\CodeIgniter->tryToRouteIt(Object(CodeIgniter\Router\RouteCollection))
 5 SYSTEMPATH\CodeIgniter.php(353): CodeIgniter\CodeIgniter->handleRequest(null, Object(Config\Cache), false)
 6 FCPATH\index.php(79): CodeIgniter\CodeIgniter->run()
 7 SYSTEMPATH\Commands\Server\rewrite.php(47): require_once('C:\\CandourAutoTech\\cat_rams_v2_api\\public\\index.php')
CRITICAL - 2023-11-30 11:35:10 --> The namespace delimiter is a backslash (\), not a slash (/). Route handler: "\App\Controllers\ServiceRequest/ServiceRequestMasterController::vehicle_make_list"
in SYSTEMPATH\Router\Router.php on line 477.
 1 SYSTEMPATH\Router\Router.php(477): CodeIgniter\Router\Exceptions\RouterException::forInvalidControllerName('\\App\\Controllers\\ServiceRequest/ServiceRequestMasterController::vehicle_make_list')
 2 SYSTEMPATH\Router\Router.php(184): CodeIgniter\Router\Router->checkRoutes('vehicle_make_list')
 3 SYSTEMPATH\CodeIgniter.php(800): CodeIgniter\Router\Router->handle('vehicle_make_list')
 4 SYSTEMPATH\CodeIgniter.php(442): CodeIgniter\CodeIgniter->tryToRouteIt(Object(CodeIgniter\Router\RouteCollection))
 5 SYSTEMPATH\CodeIgniter.php(353): CodeIgniter\CodeIgniter->handleRequest(null, Object(Config\Cache), false)
 6 FCPATH\index.php(79): CodeIgniter\CodeIgniter->run()
 7 SYSTEMPATH\Commands\Server\rewrite.php(47): require_once('C:\\CandourAutoTech\\cat_rams_v2_api\\public\\index.php')
CRITICAL - 2023-11-30 11:36:20 --> preg_match(): Compilation failed: PCRE2 does not support \F, \L, \l, \N{name}, \U, or \u at offset 9
in SYSTEMPATH\Router\Router.php on line 422.
 1 [internal function]: CodeIgniter\Debug\Exceptions->errorHandler(2, 'preg_match(): Compilation failed: PCRE2 does not support \\F, \\L, \\l, \\N{name}, \\U, or \\u at offset 9', 'C:\\CandourAutoTech\\cat_rams_v2_api\\system\\Router\\Router.php', 422)
 2 SYSTEMPATH\Router\Router.php(422): preg_match('#^System\\UserRoleController$#u', 'vehicle_make_list', [])
 3 SYSTEMPATH\Router\Router.php(184): CodeIgniter\Router\Router->checkRoutes('vehicle_make_list')
 4 SYSTEMPATH\CodeIgniter.php(800): CodeIgniter\Router\Router->handle('vehicle_make_list')
 5 SYSTEMPATH\CodeIgniter.php(442): CodeIgniter\CodeIgniter->tryToRouteIt(Object(CodeIgniter\Router\RouteCollection))
 6 SYSTEMPATH\CodeIgniter.php(353): CodeIgniter\CodeIgniter->handleRequest(null, Object(Config\Cache), false)
 7 FCPATH\index.php(79): CodeIgniter\CodeIgniter->run()
 8 SYSTEMPATH\Commands\Server\rewrite.php(47): require_once('C:\\CandourAutoTech\\cat_rams_v2_api\\public\\index.php')
CRITICAL - 2023-11-30 11:36:42 --> preg_match(): Compilation failed: PCRE2 does not support \F, \L, \l, \N{name}, \U, or \u at offset 9
in SYSTEMPATH\Router\Router.php on line 422.
 1 [internal function]: CodeIgniter\Debug\Exceptions->errorHandler(2, 'preg_match(): Compilation failed: PCRE2 does not support \\F, \\L, \\l, \\N{name}, \\U, or \\u at offset 9', 'C:\\CandourAutoTech\\cat_rams_v2_api\\system\\Router\\Router.php', 422)
 2 SYSTEMPATH\Router\Router.php(422): preg_match('#^System\\UserRoleController$#u', 'fetch_history', [])
 3 SYSTEMPATH\Router\Router.php(184): CodeIgniter\Router\Router->checkRoutes('fetch_history')
 4 SYSTEMPATH\CodeIgniter.php(800): CodeIgniter\Router\Router->handle('fetch_history')
 5 SYSTEMPATH\CodeIgniter.php(442): CodeIgniter\CodeIgniter->tryToRouteIt(Object(CodeIgniter\Router\RouteCollection))
 6 SYSTEMPATH\CodeIgniter.php(353): CodeIgniter\CodeIgniter->handleRequest(null, Object(Config\Cache), false)
 7 FCPATH\index.php(79): CodeIgniter\CodeIgniter->run()
 8 SYSTEMPATH\Commands\Server\rewrite.php(47): require_once('C:\\CandourAutoTech\\cat_rams_v2_api\\public\\index.php')
CRITICAL - 2023-11-30 11:36:43 --> preg_match(): Compilation failed: PCRE2 does not support \F, \L, \l, \N{name}, \U, or \u at offset 9
in SYSTEMPATH\Router\Router.php on line 422.
 1 [internal function]: CodeIgniter\Debug\Exceptions->errorHandler(2, 'preg_match(): Compilation failed: PCRE2 does not support \\F, \\L, \\l, \\N{name}, \\U, or \\u at offset 9', 'C:\\CandourAutoTech\\cat_rams_v2_api\\system\\Router\\Router.php', 422)
 2 SYSTEMPATH\Router\Router.php(422): preg_match('#^System\\UserRoleController$#u', 'serv_hist', [])
 3 SYSTEMPATH\Router\Router.php(184): CodeIgniter\Router\Router->checkRoutes('serv_hist')
 4 SYSTEMPATH\CodeIgniter.php(800): CodeIgniter\Router\Router->handle('serv_hist')
 5 SYSTEMPATH\CodeIgniter.php(442): CodeIgniter\CodeIgniter->tryToRouteIt(Object(CodeIgniter\Router\RouteCollection))
 6 SYSTEMPATH\CodeIgniter.php(353): CodeIgniter\CodeIgniter->handleRequest(null, Object(Config\Cache), false)
 7 FCPATH\index.php(79): CodeIgniter\CodeIgniter->run()
 8 SYSTEMPATH\Commands\Server\rewrite.php(47): require_once('C:\\CandourAutoTech\\cat_rams_v2_api\\public\\index.php')
CRITICAL - 2023-11-30 11:36:47 --> preg_match(): Compilation failed: PCRE2 does not support \F, \L, \l, \N{name}, \U, or \u at offset 9
in SYSTEMPATH\Router\Router.php on line 422.
 1 [internal function]: CodeIgniter\Debug\Exceptions->errorHandler(2, 'preg_match(): Compilation failed: PCRE2 does not support \\F, \\L, \\l, \\N{name}, \\U, or \\u at offset 9', 'C:\\CandourAutoTech\\cat_rams_v2_api\\system\\Router\\Router.php', 422)
 2 SYSTEMPATH\Router\Router.php(422): preg_match('#^System\\UserRoleController$#u', 'ToolRequest/ToolRequestMasterController/tool_req_list', [])
 3 SYSTEMPATH\Router\Router.php(184): CodeIgniter\Router\Router->checkRoutes('ToolRequest/ToolRequestMasterController/tool_req_list')
 4 SYSTEMPATH\CodeIgniter.php(800): CodeIgniter\Router\Router->handle('ToolRequest/ToolRequestMasterController/tool_req_list')
 5 SYSTEMPATH\CodeIgniter.php(442): CodeIgniter\CodeIgniter->tryToRouteIt(Object(CodeIgniter\Router\RouteCollection))
 6 SYSTEMPATH\CodeIgniter.php(353): CodeIgniter\CodeIgniter->handleRequest(null, Object(Config\Cache), false)
 7 FCPATH\index.php(79): CodeIgniter\CodeIgniter->run()
 8 SYSTEMPATH\Commands\Server\rewrite.php(47): require_once('C:\\CandourAutoTech\\cat_rams_v2_api\\public\\index.php')
