ERROR - 2024-06-12 15:05:27 --> Error connecting to the database: mysqli_sql_exception: No connection could be made because the target machine actively refused it in D:\RamsAPI-localtestlive\CandourAutoTech\cat_rams_v2_api\system\Database\MySQLi\Connection.php:184
Stack trace:
#0 D:\RamsAPI-localtestlive\CandourAutoTech\cat_rams_v2_api\system\Database\MySQLi\Connection.php(184): mysqli->real_connect('localhost', 'root', Object(SensitiveParameterValue), 'rams_live_db', 3306, '', 0)
#1 D:\RamsAPI-localtestlive\CandourAutoTech\cat_rams_v2_api\system\Database\BaseConnection.php(391): CodeIgniter\Database\MySQLi\Connection->connect(false)
#2 D:\RamsAPI-localtestlive\CandourAutoTech\cat_rams_v2_api\system\Database\BaseConnection.php(574): CodeIgniter\Database\BaseConnection->initialize()
#3 D:\RamsAPI-localtestlive\CandourAutoTech\cat_rams_v2_api\system\Database\BaseBuilder.php(1615): CodeIgniter\Database\BaseConnection->query('SELECT *\nFROM `...', Array, false)
#4 D:\RamsAPI-localtestlive\CandourAutoTech\cat_rams_v2_api\system\Model.php(264): CodeIgniter\Database\BaseBuilder->get()
#5 D:\RamsAPI-localtestlive\CandourAutoTech\cat_rams_v2_api\system\BaseModel.php(662): CodeIgniter\Model->doFirst()
#6 D:\RamsAPI-localtestlive\CandourAutoTech\cat_rams_v2_api\app\Controllers\Auth\PreAuthentication.php(51): CodeIgniter\BaseModel->first()
#7 D:\RamsAPI-localtestlive\CandourAutoTech\cat_rams_v2_api\system\CodeIgniter.php(919): App\Controllers\Auth\PreAuthentication->user_login()
#8 D:\RamsAPI-localtestlive\CandourAutoTech\cat_rams_v2_api\system\CodeIgniter.php(494): CodeIgniter\CodeIgniter->runController(Object(App\Controllers\Auth\PreAuthentication))
#9 D:\RamsAPI-localtestlive\CandourAutoTech\cat_rams_v2_api\system\CodeIgniter.php(353): CodeIgniter\CodeIgniter->handleRequest(NULL, Object(Config\Cache), false)
#10 D:\RamsAPI-localtestlive\CandourAutoTech\cat_rams_v2_api\public\index.php(79): CodeIgniter\CodeIgniter->run()
#11 D:\RamsAPI-localtestlive\CandourAutoTech\cat_rams_v2_api\system\Commands\Server\rewrite.php(47): require_once('D:\\RamsAPI-loca...')
#12 {main}

Next CodeIgniter\Database\Exceptions\DatabaseException: No connection could be made because the target machine actively refused it in D:\RamsAPI-localtestlive\CandourAutoTech\cat_rams_v2_api\system\Database\MySQLi\Connection.php:229
Stack trace:
#0 D:\RamsAPI-localtestlive\CandourAutoTech\cat_rams_v2_api\system\Database\BaseConnection.php(391): CodeIgniter\Database\MySQLi\Connection->connect(false)
#1 D:\RamsAPI-localtestlive\CandourAutoTech\cat_rams_v2_api\system\Database\BaseConnection.php(574): CodeIgniter\Database\BaseConnection->initialize()
#2 D:\RamsAPI-localtestlive\CandourAutoTech\cat_rams_v2_api\system\Database\BaseBuilder.php(1615): CodeIgniter\Database\BaseConnection->query('SELECT *\nFROM `...', Array, false)
#3 D:\RamsAPI-localtestlive\CandourAutoTech\cat_rams_v2_api\system\Model.php(264): CodeIgniter\Database\BaseBuilder->get()
#4 D:\RamsAPI-localtestlive\CandourAutoTech\cat_rams_v2_api\system\BaseModel.php(662): CodeIgniter\Model->doFirst()
#5 D:\RamsAPI-localtestlive\CandourAutoTech\cat_rams_v2_api\app\Controllers\Auth\PreAuthentication.php(51): CodeIgniter\BaseModel->first()
#6 D:\RamsAPI-localtestlive\CandourAutoTech\cat_rams_v2_api\system\CodeIgniter.php(919): App\Controllers\Auth\PreAuthentication->user_login()
#7 D:\RamsAPI-localtestlive\CandourAutoTech\cat_rams_v2_api\system\CodeIgniter.php(494): CodeIgniter\CodeIgniter->runController(Object(App\Controllers\Auth\PreAuthentication))
#8 D:\RamsAPI-localtestlive\CandourAutoTech\cat_rams_v2_api\system\CodeIgniter.php(353): CodeIgniter\CodeIgniter->handleRequest(NULL, Object(Config\Cache), false)
#9 D:\RamsAPI-localtestlive\CandourAutoTech\cat_rams_v2_api\public\index.php(79): CodeIgniter\CodeIgniter->run()
#10 D:\RamsAPI-localtestlive\CandourAutoTech\cat_rams_v2_api\system\Commands\Server\rewrite.php(47): require_once('D:\\RamsAPI-loca...')
#11 {main}
CRITICAL - 2024-06-12 15:05:27 --> Unable to connect to the database.
Main connection [MySQLi]: No connection could be made because the target machine actively refused it
in SYSTEMPATH\Database\BaseConnection.php on line 427.
 1 SYSTEMPATH\Database\BaseConnection.php(574): CodeIgniter\Database\BaseConnection->initialize()
 2 SYSTEMPATH\Database\BaseBuilder.php(1615): CodeIgniter\Database\BaseConnection->query('SELECT *
FROM `users`
WHERE `us_email` = :us_email:
 LIMIT 1', [...], false)
 3 SYSTEMPATH\Model.php(264): CodeIgniter\Database\BaseBuilder->get()
 4 SYSTEMPATH\BaseModel.php(662): CodeIgniter\Model->doFirst()
 5 APPPATH\Controllers\Auth\PreAuthentication.php(51): CodeIgniter\BaseModel->first()
 6 SYSTEMPATH\CodeIgniter.php(919): App\Controllers\Auth\PreAuthentication->user_login()
 7 SYSTEMPATH\CodeIgniter.php(494): CodeIgniter\CodeIgniter->runController(Object(App\Controllers\Auth\PreAuthentication))
 8 SYSTEMPATH\CodeIgniter.php(353): CodeIgniter\CodeIgniter->handleRequest(null, Object(Config\Cache), false)
 9 FCPATH\index.php(79): CodeIgniter\CodeIgniter->run()
10 SYSTEMPATH\Commands\Server\rewrite.php(47): require_once('D:\\RamsAPI-localtestlive\\CandourAutoTech\\cat_rams_v2_api\\public\\index.php')
ERROR - 2024-06-12 15:06:26 --> Error connecting to the database: mysqli_sql_exception: No connection could be made because the target machine actively refused it in D:\RamsAPI-localtestlive\CandourAutoTech\cat_rams_v2_api\system\Database\MySQLi\Connection.php:184
Stack trace:
#0 D:\RamsAPI-localtestlive\CandourAutoTech\cat_rams_v2_api\system\Database\MySQLi\Connection.php(184): mysqli->real_connect('localhost', 'root', Object(SensitiveParameterValue), 'rams_live_db', 3306, '', 0)
#1 D:\RamsAPI-localtestlive\CandourAutoTech\cat_rams_v2_api\system\Database\BaseConnection.php(391): CodeIgniter\Database\MySQLi\Connection->connect(false)
#2 D:\RamsAPI-localtestlive\CandourAutoTech\cat_rams_v2_api\system\Database\BaseConnection.php(574): CodeIgniter\Database\BaseConnection->initialize()
#3 D:\RamsAPI-localtestlive\CandourAutoTech\cat_rams_v2_api\system\Database\BaseBuilder.php(1615): CodeIgniter\Database\BaseConnection->query('SELECT *\nFROM `...', Array, false)
#4 D:\RamsAPI-localtestlive\CandourAutoTech\cat_rams_v2_api\system\Model.php(264): CodeIgniter\Database\BaseBuilder->get()
#5 D:\RamsAPI-localtestlive\CandourAutoTech\cat_rams_v2_api\system\BaseModel.php(662): CodeIgniter\Model->doFirst()
#6 D:\RamsAPI-localtestlive\CandourAutoTech\cat_rams_v2_api\app\Controllers\Auth\PreAuthentication.php(51): CodeIgniter\BaseModel->first()
#7 D:\RamsAPI-localtestlive\CandourAutoTech\cat_rams_v2_api\system\CodeIgniter.php(919): App\Controllers\Auth\PreAuthentication->user_login()
#8 D:\RamsAPI-localtestlive\CandourAutoTech\cat_rams_v2_api\system\CodeIgniter.php(494): CodeIgniter\CodeIgniter->runController(Object(App\Controllers\Auth\PreAuthentication))
#9 D:\RamsAPI-localtestlive\CandourAutoTech\cat_rams_v2_api\system\CodeIgniter.php(353): CodeIgniter\CodeIgniter->handleRequest(NULL, Object(Config\Cache), false)
#10 D:\RamsAPI-localtestlive\CandourAutoTech\cat_rams_v2_api\public\index.php(79): CodeIgniter\CodeIgniter->run()
#11 D:\RamsAPI-localtestlive\CandourAutoTech\cat_rams_v2_api\system\Commands\Server\rewrite.php(47): require_once('D:\\RamsAPI-loca...')
#12 {main}

Next CodeIgniter\Database\Exceptions\DatabaseException: No connection could be made because the target machine actively refused it in D:\RamsAPI-localtestlive\CandourAutoTech\cat_rams_v2_api\system\Database\MySQLi\Connection.php:229
Stack trace:
#0 D:\RamsAPI-localtestlive\CandourAutoTech\cat_rams_v2_api\system\Database\BaseConnection.php(391): CodeIgniter\Database\MySQLi\Connection->connect(false)
#1 D:\RamsAPI-localtestlive\CandourAutoTech\cat_rams_v2_api\system\Database\BaseConnection.php(574): CodeIgniter\Database\BaseConnection->initialize()
#2 D:\RamsAPI-localtestlive\CandourAutoTech\cat_rams_v2_api\system\Database\BaseBuilder.php(1615): CodeIgniter\Database\BaseConnection->query('SELECT *\nFROM `...', Array, false)
#3 D:\RamsAPI-localtestlive\CandourAutoTech\cat_rams_v2_api\system\Model.php(264): CodeIgniter\Database\BaseBuilder->get()
#4 D:\RamsAPI-localtestlive\CandourAutoTech\cat_rams_v2_api\system\BaseModel.php(662): CodeIgniter\Model->doFirst()
#5 D:\RamsAPI-localtestlive\CandourAutoTech\cat_rams_v2_api\app\Controllers\Auth\PreAuthentication.php(51): CodeIgniter\BaseModel->first()
#6 D:\RamsAPI-localtestlive\CandourAutoTech\cat_rams_v2_api\system\CodeIgniter.php(919): App\Controllers\Auth\PreAuthentication->user_login()
#7 D:\RamsAPI-localtestlive\CandourAutoTech\cat_rams_v2_api\system\CodeIgniter.php(494): CodeIgniter\CodeIgniter->runController(Object(App\Controllers\Auth\PreAuthentication))
#8 D:\RamsAPI-localtestlive\CandourAutoTech\cat_rams_v2_api\system\CodeIgniter.php(353): CodeIgniter\CodeIgniter->handleRequest(NULL, Object(Config\Cache), false)
#9 D:\RamsAPI-localtestlive\CandourAutoTech\cat_rams_v2_api\public\index.php(79): CodeIgniter\CodeIgniter->run()
#10 D:\RamsAPI-localtestlive\CandourAutoTech\cat_rams_v2_api\system\Commands\Server\rewrite.php(47): require_once('D:\\RamsAPI-loca...')
#11 {main}
CRITICAL - 2024-06-12 15:06:26 --> Unable to connect to the database.
Main connection [MySQLi]: No connection could be made because the target machine actively refused it
in SYSTEMPATH\Database\BaseConnection.php on line 427.
 1 SYSTEMPATH\Database\BaseConnection.php(574): CodeIgniter\Database\BaseConnection->initialize()
 2 SYSTEMPATH\Database\BaseBuilder.php(1615): CodeIgniter\Database\BaseConnection->query('SELECT *
FROM `users`
WHERE `us_email` = :us_email:
 LIMIT 1', [...], false)
 3 SYSTEMPATH\Model.php(264): CodeIgniter\Database\BaseBuilder->get()
 4 SYSTEMPATH\BaseModel.php(662): CodeIgniter\Model->doFirst()
 5 APPPATH\Controllers\Auth\PreAuthentication.php(51): CodeIgniter\BaseModel->first()
 6 SYSTEMPATH\CodeIgniter.php(919): App\Controllers\Auth\PreAuthentication->user_login()
 7 SYSTEMPATH\CodeIgniter.php(494): CodeIgniter\CodeIgniter->runController(Object(App\Controllers\Auth\PreAuthentication))
 8 SYSTEMPATH\CodeIgniter.php(353): CodeIgniter\CodeIgniter->handleRequest(null, Object(Config\Cache), false)
 9 FCPATH\index.php(79): CodeIgniter\CodeIgniter->run()
10 SYSTEMPATH\Commands\Server\rewrite.php(47): require_once('D:\\RamsAPI-localtestlive\\CandourAutoTech\\cat_rams_v2_api\\public\\index.php')
ERROR - 2024-06-12 15:08:57 --> Error connecting to the database: mysqli_sql_exception: Unknown database 'rams_live_db' in D:\RamsAPI-localtestlive\CandourAutoTech\cat_rams_v2_api\system\Database\MySQLi\Connection.php:184
Stack trace:
#0 D:\RamsAPI-localtestlive\CandourAutoTech\cat_rams_v2_api\system\Database\MySQLi\Connection.php(184): mysqli->real_connect('localhost', 'root', Object(SensitiveParameterValue), 'rams_live_db', 3306, '', 0)
#1 D:\RamsAPI-localtestlive\CandourAutoTech\cat_rams_v2_api\system\Database\BaseConnection.php(391): CodeIgniter\Database\MySQLi\Connection->connect(false)
#2 D:\RamsAPI-localtestlive\CandourAutoTech\cat_rams_v2_api\system\Database\BaseConnection.php(574): CodeIgniter\Database\BaseConnection->initialize()
#3 D:\RamsAPI-localtestlive\CandourAutoTech\cat_rams_v2_api\system\Database\BaseBuilder.php(1615): CodeIgniter\Database\BaseConnection->query('SELECT *\nFROM `...', Array, false)
#4 D:\RamsAPI-localtestlive\CandourAutoTech\cat_rams_v2_api\system\Model.php(264): CodeIgniter\Database\BaseBuilder->get()
#5 D:\RamsAPI-localtestlive\CandourAutoTech\cat_rams_v2_api\system\BaseModel.php(662): CodeIgniter\Model->doFirst()
#6 D:\RamsAPI-localtestlive\CandourAutoTech\cat_rams_v2_api\app\Controllers\Auth\PreAuthentication.php(51): CodeIgniter\BaseModel->first()
#7 D:\RamsAPI-localtestlive\CandourAutoTech\cat_rams_v2_api\system\CodeIgniter.php(919): App\Controllers\Auth\PreAuthentication->user_login()
#8 D:\RamsAPI-localtestlive\CandourAutoTech\cat_rams_v2_api\system\CodeIgniter.php(494): CodeIgniter\CodeIgniter->runController(Object(App\Controllers\Auth\PreAuthentication))
#9 D:\RamsAPI-localtestlive\CandourAutoTech\cat_rams_v2_api\system\CodeIgniter.php(353): CodeIgniter\CodeIgniter->handleRequest(NULL, Object(Config\Cache), false)
#10 D:\RamsAPI-localtestlive\CandourAutoTech\cat_rams_v2_api\public\index.php(79): CodeIgniter\CodeIgniter->run()
#11 D:\RamsAPI-localtestlive\CandourAutoTech\cat_rams_v2_api\system\Commands\Server\rewrite.php(47): require_once('D:\\RamsAPI-loca...')
#12 {main}

Next CodeIgniter\Database\Exceptions\DatabaseException: Unknown database 'rams_live_db' in D:\RamsAPI-localtestlive\CandourAutoTech\cat_rams_v2_api\system\Database\MySQLi\Connection.php:229
Stack trace:
#0 D:\RamsAPI-localtestlive\CandourAutoTech\cat_rams_v2_api\system\Database\BaseConnection.php(391): CodeIgniter\Database\MySQLi\Connection->connect(false)
#1 D:\RamsAPI-localtestlive\CandourAutoTech\cat_rams_v2_api\system\Database\BaseConnection.php(574): CodeIgniter\Database\BaseConnection->initialize()
#2 D:\RamsAPI-localtestlive\CandourAutoTech\cat_rams_v2_api\system\Database\BaseBuilder.php(1615): CodeIgniter\Database\BaseConnection->query('SELECT *\nFROM `...', Array, false)
#3 D:\RamsAPI-localtestlive\CandourAutoTech\cat_rams_v2_api\system\Model.php(264): CodeIgniter\Database\BaseBuilder->get()
#4 D:\RamsAPI-localtestlive\CandourAutoTech\cat_rams_v2_api\system\BaseModel.php(662): CodeIgniter\Model->doFirst()
#5 D:\RamsAPI-localtestlive\CandourAutoTech\cat_rams_v2_api\app\Controllers\Auth\PreAuthentication.php(51): CodeIgniter\BaseModel->first()
#6 D:\RamsAPI-localtestlive\CandourAutoTech\cat_rams_v2_api\system\CodeIgniter.php(919): App\Controllers\Auth\PreAuthentication->user_login()
#7 D:\RamsAPI-localtestlive\CandourAutoTech\cat_rams_v2_api\system\CodeIgniter.php(494): CodeIgniter\CodeIgniter->runController(Object(App\Controllers\Auth\PreAuthentication))
#8 D:\RamsAPI-localtestlive\CandourAutoTech\cat_rams_v2_api\system\CodeIgniter.php(353): CodeIgniter\CodeIgniter->handleRequest(NULL, Object(Config\Cache), false)
#9 D:\RamsAPI-localtestlive\CandourAutoTech\cat_rams_v2_api\public\index.php(79): CodeIgniter\CodeIgniter->run()
#10 D:\RamsAPI-localtestlive\CandourAutoTech\cat_rams_v2_api\system\Commands\Server\rewrite.php(47): require_once('D:\\RamsAPI-loca...')
#11 {main}
CRITICAL - 2024-06-12 15:08:57 --> Unable to connect to the database.
Main connection [MySQLi]: Unknown database 'rams_live_db'
in SYSTEMPATH\Database\BaseConnection.php on line 427.
 1 SYSTEMPATH\Database\BaseConnection.php(574): CodeIgniter\Database\BaseConnection->initialize()
 2 SYSTEMPATH\Database\BaseBuilder.php(1615): CodeIgniter\Database\BaseConnection->query('SELECT *
FROM `users`
WHERE `us_email` = :us_email:
 LIMIT 1', [...], false)
 3 SYSTEMPATH\Model.php(264): CodeIgniter\Database\BaseBuilder->get()
 4 SYSTEMPATH\BaseModel.php(662): CodeIgniter\Model->doFirst()
 5 APPPATH\Controllers\Auth\PreAuthentication.php(51): CodeIgniter\BaseModel->first()
 6 SYSTEMPATH\CodeIgniter.php(919): App\Controllers\Auth\PreAuthentication->user_login()
 7 SYSTEMPATH\CodeIgniter.php(494): CodeIgniter\CodeIgniter->runController(Object(App\Controllers\Auth\PreAuthentication))
 8 SYSTEMPATH\CodeIgniter.php(353): CodeIgniter\CodeIgniter->handleRequest(null, Object(Config\Cache), false)
 9 FCPATH\index.php(79): CodeIgniter\CodeIgniter->run()
10 SYSTEMPATH\Commands\Server\rewrite.php(47): require_once('D:\\RamsAPI-localtestlive\\CandourAutoTech\\cat_rams_v2_api\\public\\index.php')
ERROR - 2024-06-12 15:09:14 --> Error connecting to the database: mysqli_sql_exception: Unknown database 'rams_live_db' in D:\RamsAPI-localtestlive\CandourAutoTech\cat_rams_v2_api\system\Database\MySQLi\Connection.php:184
Stack trace:
#0 D:\RamsAPI-localtestlive\CandourAutoTech\cat_rams_v2_api\system\Database\MySQLi\Connection.php(184): mysqli->real_connect('localhost', 'root', Object(SensitiveParameterValue), 'rams_live_db', 3306, '', 0)
#1 D:\RamsAPI-localtestlive\CandourAutoTech\cat_rams_v2_api\system\Database\BaseConnection.php(391): CodeIgniter\Database\MySQLi\Connection->connect(false)
#2 D:\RamsAPI-localtestlive\CandourAutoTech\cat_rams_v2_api\system\Database\BaseConnection.php(574): CodeIgniter\Database\BaseConnection->initialize()
#3 D:\RamsAPI-localtestlive\CandourAutoTech\cat_rams_v2_api\system\Database\BaseBuilder.php(1615): CodeIgniter\Database\BaseConnection->query('SELECT *\nFROM `...', Array, false)
#4 D:\RamsAPI-localtestlive\CandourAutoTech\cat_rams_v2_api\system\Model.php(264): CodeIgniter\Database\BaseBuilder->get()
#5 D:\RamsAPI-localtestlive\CandourAutoTech\cat_rams_v2_api\system\BaseModel.php(662): CodeIgniter\Model->doFirst()
#6 D:\RamsAPI-localtestlive\CandourAutoTech\cat_rams_v2_api\app\Controllers\Auth\PreAuthentication.php(51): CodeIgniter\BaseModel->first()
#7 D:\RamsAPI-localtestlive\CandourAutoTech\cat_rams_v2_api\system\CodeIgniter.php(919): App\Controllers\Auth\PreAuthentication->user_login()
#8 D:\RamsAPI-localtestlive\CandourAutoTech\cat_rams_v2_api\system\CodeIgniter.php(494): CodeIgniter\CodeIgniter->runController(Object(App\Controllers\Auth\PreAuthentication))
#9 D:\RamsAPI-localtestlive\CandourAutoTech\cat_rams_v2_api\system\CodeIgniter.php(353): CodeIgniter\CodeIgniter->handleRequest(NULL, Object(Config\Cache), false)
#10 D:\RamsAPI-localtestlive\CandourAutoTech\cat_rams_v2_api\public\index.php(79): CodeIgniter\CodeIgniter->run()
#11 D:\RamsAPI-localtestlive\CandourAutoTech\cat_rams_v2_api\system\Commands\Server\rewrite.php(47): require_once('D:\\RamsAPI-loca...')
#12 {main}

Next CodeIgniter\Database\Exceptions\DatabaseException: Unknown database 'rams_live_db' in D:\RamsAPI-localtestlive\CandourAutoTech\cat_rams_v2_api\system\Database\MySQLi\Connection.php:229
Stack trace:
#0 D:\RamsAPI-localtestlive\CandourAutoTech\cat_rams_v2_api\system\Database\BaseConnection.php(391): CodeIgniter\Database\MySQLi\Connection->connect(false)
#1 D:\RamsAPI-localtestlive\CandourAutoTech\cat_rams_v2_api\system\Database\BaseConnection.php(574): CodeIgniter\Database\BaseConnection->initialize()
#2 D:\RamsAPI-localtestlive\CandourAutoTech\cat_rams_v2_api\system\Database\BaseBuilder.php(1615): CodeIgniter\Database\BaseConnection->query('SELECT *\nFROM `...', Array, false)
#3 D:\RamsAPI-localtestlive\CandourAutoTech\cat_rams_v2_api\system\Model.php(264): CodeIgniter\Database\BaseBuilder->get()
#4 D:\RamsAPI-localtestlive\CandourAutoTech\cat_rams_v2_api\system\BaseModel.php(662): CodeIgniter\Model->doFirst()
#5 D:\RamsAPI-localtestlive\CandourAutoTech\cat_rams_v2_api\app\Controllers\Auth\PreAuthentication.php(51): CodeIgniter\BaseModel->first()
#6 D:\RamsAPI-localtestlive\CandourAutoTech\cat_rams_v2_api\system\CodeIgniter.php(919): App\Controllers\Auth\PreAuthentication->user_login()
#7 D:\RamsAPI-localtestlive\CandourAutoTech\cat_rams_v2_api\system\CodeIgniter.php(494): CodeIgniter\CodeIgniter->runController(Object(App\Controllers\Auth\PreAuthentication))
#8 D:\RamsAPI-localtestlive\CandourAutoTech\cat_rams_v2_api\system\CodeIgniter.php(353): CodeIgniter\CodeIgniter->handleRequest(NULL, Object(Config\Cache), false)
#9 D:\RamsAPI-localtestlive\CandourAutoTech\cat_rams_v2_api\public\index.php(79): CodeIgniter\CodeIgniter->run()
#10 D:\RamsAPI-localtestlive\CandourAutoTech\cat_rams_v2_api\system\Commands\Server\rewrite.php(47): require_once('D:\\RamsAPI-loca...')
#11 {main}
CRITICAL - 2024-06-12 15:09:14 --> Unable to connect to the database.
Main connection [MySQLi]: Unknown database 'rams_live_db'
in SYSTEMPATH\Database\BaseConnection.php on line 427.
 1 SYSTEMPATH\Database\BaseConnection.php(574): CodeIgniter\Database\BaseConnection->initialize()
 2 SYSTEMPATH\Database\BaseBuilder.php(1615): CodeIgniter\Database\BaseConnection->query('SELECT *
FROM `users`
WHERE `us_email` = :us_email:
 LIMIT 1', [...], false)
 3 SYSTEMPATH\Model.php(264): CodeIgniter\Database\BaseBuilder->get()
 4 SYSTEMPATH\BaseModel.php(662): CodeIgniter\Model->doFirst()
 5 APPPATH\Controllers\Auth\PreAuthentication.php(51): CodeIgniter\BaseModel->first()
 6 SYSTEMPATH\CodeIgniter.php(919): App\Controllers\Auth\PreAuthentication->user_login()
 7 SYSTEMPATH\CodeIgniter.php(494): CodeIgniter\CodeIgniter->runController(Object(App\Controllers\Auth\PreAuthentication))
 8 SYSTEMPATH\CodeIgniter.php(353): CodeIgniter\CodeIgniter->handleRequest(null, Object(Config\Cache), false)
 9 FCPATH\index.php(79): CodeIgniter\CodeIgniter->run()
10 SYSTEMPATH\Commands\Server\rewrite.php(47): require_once('D:\\RamsAPI-localtestlive\\CandourAutoTech\\cat_rams_v2_api\\public\\index.php')
ERROR - 2024-06-12 18:30:11 --> mysqli_sql_exception: Column 'nt_destid' cannot be null in D:\RamsAPI-localtestlive\CandourAutoTech\cat_rams_v2_api\system\Database\MySQLi\Connection.php:306
Stack trace:
#0 D:\RamsAPI-localtestlive\CandourAutoTech\cat_rams_v2_api\system\Database\MySQLi\Connection.php(306): mysqli->query('INSERT INTO `no...', 0)
#1 D:\RamsAPI-localtestlive\CandourAutoTech\cat_rams_v2_api\system\Database\BaseConnection.php(692): CodeIgniter\Database\MySQLi\Connection->execute('INSERT INTO `no...')
#2 D:\RamsAPI-localtestlive\CandourAutoTech\cat_rams_v2_api\system\Database\BaseConnection.php(606): CodeIgniter\Database\BaseConnection->simpleQuery('INSERT INTO `no...')
#3 D:\RamsAPI-localtestlive\CandourAutoTech\cat_rams_v2_api\system\Database\BaseBuilder.php(2308): CodeIgniter\Database\BaseConnection->query('INSERT INTO `no...', Array, false)
#4 D:\RamsAPI-localtestlive\CandourAutoTech\cat_rams_v2_api\system\Model.php(319): CodeIgniter\Database\BaseBuilder->insert()
#5 D:\RamsAPI-localtestlive\CandourAutoTech\cat_rams_v2_api\system\BaseModel.php(788): CodeIgniter\Model->doInsert(Array)
#6 D:\RamsAPI-localtestlive\CandourAutoTech\cat_rams_v2_api\system\Model.php(715): CodeIgniter\BaseModel->insert(Array, true)
#7 D:\RamsAPI-localtestlive\CandourAutoTech\cat_rams_v2_api\app\Controllers\Chat\ChatMasterController.php(171): CodeIgniter\Model->insert(Array)
#8 D:\RamsAPI-localtestlive\CandourAutoTech\cat_rams_v2_api\system\CodeIgniter.php(919): App\Controllers\Chat\ChatMasterController->create()
#9 D:\RamsAPI-localtestlive\CandourAutoTech\cat_rams_v2_api\system\CodeIgniter.php(494): CodeIgniter\CodeIgniter->runController(Object(App\Controllers\Chat\ChatMasterController))
#10 D:\RamsAPI-localtestlive\CandourAutoTech\cat_rams_v2_api\system\CodeIgniter.php(353): CodeIgniter\CodeIgniter->handleRequest(NULL, Object(Config\Cache), false)
#11 D:\RamsAPI-localtestlive\CandourAutoTech\cat_rams_v2_api\public\index.php(79): CodeIgniter\CodeIgniter->run()
#12 D:\RamsAPI-localtestlive\CandourAutoTech\cat_rams_v2_api\system\Commands\Server\rewrite.php(47): require_once('D:\\RamsAPI-loca...')
#13 {main}
CRITICAL - 2024-06-12 18:30:11 --> Column 'nt_destid' cannot be null
in SYSTEMPATH\Database\BaseConnection.php on line 646.
 1 SYSTEMPATH\Database\BaseBuilder.php(2308): CodeIgniter\Database\BaseConnection->query('INSERT INTO `notification_master` (`nt_sourceid`, `nt_destid`, `nt_header`, `nt_content`, `nt_sourcetype`, `nt_created_on`, `nt_type`) VALUES (:nt_sourceid:, :nt_destid:, :nt_header:, :nt_content:, :nt_sourcetype:, :nt_created_on:, :nt_type:)', [...], false)
 2 SYSTEMPATH\Model.php(319): CodeIgniter\Database\BaseBuilder->insert()
 3 SYSTEMPATH\BaseModel.php(788): CodeIgniter\Model->doInsert([...])
 4 SYSTEMPATH\Model.php(715): CodeIgniter\BaseModel->insert([...], true)
 5 APPPATH\Controllers\Chat\ChatMasterController.php(171): CodeIgniter\Model->insert([...])
 6 SYSTEMPATH\CodeIgniter.php(919): App\Controllers\Chat\ChatMasterController->create()
 7 SYSTEMPATH\CodeIgniter.php(494): CodeIgniter\CodeIgniter->runController(Object(App\Controllers\Chat\ChatMasterController))
 8 SYSTEMPATH\CodeIgniter.php(353): CodeIgniter\CodeIgniter->handleRequest(null, Object(Config\Cache), false)
 9 FCPATH\index.php(79): CodeIgniter\CodeIgniter->run()
10 SYSTEMPATH\Commands\Server\rewrite.php(47): require_once('D:\\RamsAPI-localtestlive\\CandourAutoTech\\cat_rams_v2_api\\public\\index.php')
ERROR - 2024-06-12 18:30:24 --> mysqli_sql_exception: Column 'nt_destid' cannot be null in D:\RamsAPI-localtestlive\CandourAutoTech\cat_rams_v2_api\system\Database\MySQLi\Connection.php:306
Stack trace:
#0 D:\RamsAPI-localtestlive\CandourAutoTech\cat_rams_v2_api\system\Database\MySQLi\Connection.php(306): mysqli->query('INSERT INTO `no...', 0)
#1 D:\RamsAPI-localtestlive\CandourAutoTech\cat_rams_v2_api\system\Database\BaseConnection.php(692): CodeIgniter\Database\MySQLi\Connection->execute('INSERT INTO `no...')
#2 D:\RamsAPI-localtestlive\CandourAutoTech\cat_rams_v2_api\system\Database\BaseConnection.php(606): CodeIgniter\Database\BaseConnection->simpleQuery('INSERT INTO `no...')
#3 D:\RamsAPI-localtestlive\CandourAutoTech\cat_rams_v2_api\system\Database\BaseBuilder.php(2308): CodeIgniter\Database\BaseConnection->query('INSERT INTO `no...', Array, false)
#4 D:\RamsAPI-localtestlive\CandourAutoTech\cat_rams_v2_api\system\Model.php(319): CodeIgniter\Database\BaseBuilder->insert()
#5 D:\RamsAPI-localtestlive\CandourAutoTech\cat_rams_v2_api\system\BaseModel.php(788): CodeIgniter\Model->doInsert(Array)
#6 D:\RamsAPI-localtestlive\CandourAutoTech\cat_rams_v2_api\system\Model.php(715): CodeIgniter\BaseModel->insert(Array, true)
#7 D:\RamsAPI-localtestlive\CandourAutoTech\cat_rams_v2_api\app\Controllers\Chat\ChatMasterController.php(171): CodeIgniter\Model->insert(Array)
#8 D:\RamsAPI-localtestlive\CandourAutoTech\cat_rams_v2_api\system\CodeIgniter.php(919): App\Controllers\Chat\ChatMasterController->create()
#9 D:\RamsAPI-localtestlive\CandourAutoTech\cat_rams_v2_api\system\CodeIgniter.php(494): CodeIgniter\CodeIgniter->runController(Object(App\Controllers\Chat\ChatMasterController))
#10 D:\RamsAPI-localtestlive\CandourAutoTech\cat_rams_v2_api\system\CodeIgniter.php(353): CodeIgniter\CodeIgniter->handleRequest(NULL, Object(Config\Cache), false)
#11 D:\RamsAPI-localtestlive\CandourAutoTech\cat_rams_v2_api\public\index.php(79): CodeIgniter\CodeIgniter->run()
#12 D:\RamsAPI-localtestlive\CandourAutoTech\cat_rams_v2_api\system\Commands\Server\rewrite.php(47): require_once('D:\\RamsAPI-loca...')
#13 {main}
CRITICAL - 2024-06-12 18:30:24 --> Column 'nt_destid' cannot be null
in SYSTEMPATH\Database\BaseConnection.php on line 646.
 1 SYSTEMPATH\Database\BaseBuilder.php(2308): CodeIgniter\Database\BaseConnection->query('INSERT INTO `notification_master` (`nt_sourceid`, `nt_destid`, `nt_header`, `nt_content`, `nt_sourcetype`, `nt_created_on`, `nt_type`) VALUES (:nt_sourceid:, :nt_destid:, :nt_header:, :nt_content:, :nt_sourcetype:, :nt_created_on:, :nt_type:)', [...], false)
 2 SYSTEMPATH\Model.php(319): CodeIgniter\Database\BaseBuilder->insert()
 3 SYSTEMPATH\BaseModel.php(788): CodeIgniter\Model->doInsert([...])
 4 SYSTEMPATH\Model.php(715): CodeIgniter\BaseModel->insert([...], true)
 5 APPPATH\Controllers\Chat\ChatMasterController.php(171): CodeIgniter\Model->insert([...])
 6 SYSTEMPATH\CodeIgniter.php(919): App\Controllers\Chat\ChatMasterController->create()
 7 SYSTEMPATH\CodeIgniter.php(494): CodeIgniter\CodeIgniter->runController(Object(App\Controllers\Chat\ChatMasterController))
 8 SYSTEMPATH\CodeIgniter.php(353): CodeIgniter\CodeIgniter->handleRequest(null, Object(Config\Cache), false)
 9 FCPATH\index.php(79): CodeIgniter\CodeIgniter->run()
10 SYSTEMPATH\Commands\Server\rewrite.php(47): require_once('D:\\RamsAPI-localtestlive\\CandourAutoTech\\cat_rams_v2_api\\public\\index.php')
CRITICAL - 2024-06-12 23:22:10 --> Undefined array key "open_ticket_tool"
in APPPATH\Controllers\DashBoard\DashBoardController.php on line 138.
 1 APPPATH\Controllers\DashBoard\DashBoardController.php(138): CodeIgniter\Debug\Exceptions->errorHandler(2, 'Undefined array key "open_ticket_tool"', 'D:\\RamsAPI-localtestlive\\CandourAutoTech\\cat_rams_v2_api\\app\\Controllers\\DashBoard\\DashBoardController.php', 138)
 2 SYSTEMPATH\CodeIgniter.php(919): App\Controllers\DashBoard\DashBoardController->index()
 3 SYSTEMPATH\CodeIgniter.php(494): CodeIgniter\CodeIgniter->runController(Object(App\Controllers\DashBoard\DashBoardController))
 4 SYSTEMPATH\CodeIgniter.php(353): CodeIgniter\CodeIgniter->handleRequest(null, Object(Config\Cache), false)
 5 FCPATH\index.php(79): CodeIgniter\CodeIgniter->run()
 6 SYSTEMPATH\Commands\Server\rewrite.php(47): require_once('D:\\RamsAPI-localtestlive\\CandourAutoTech\\cat_rams_v2_api\\public\\index.php')
CRITICAL - 2024-06-12 23:22:22 --> Undefined array key "open_ticket_tool"
in APPPATH\Controllers\DashBoard\DashBoardController.php on line 138.
 1 APPPATH\Controllers\DashBoard\DashBoardController.php(138): CodeIgniter\Debug\Exceptions->errorHandler(2, 'Undefined array key "open_ticket_tool"', 'D:\\RamsAPI-localtestlive\\CandourAutoTech\\cat_rams_v2_api\\app\\Controllers\\DashBoard\\DashBoardController.php', 138)
 2 SYSTEMPATH\CodeIgniter.php(919): App\Controllers\DashBoard\DashBoardController->index()
 3 SYSTEMPATH\CodeIgniter.php(494): CodeIgniter\CodeIgniter->runController(Object(App\Controllers\DashBoard\DashBoardController))
 4 SYSTEMPATH\CodeIgniter.php(353): CodeIgniter\CodeIgniter->handleRequest(null, Object(Config\Cache), false)
 5 FCPATH\index.php(79): CodeIgniter\CodeIgniter->run()
 6 SYSTEMPATH\Commands\Server\rewrite.php(47): require_once('D:\\RamsAPI-localtestlive\\CandourAutoTech\\cat_rams_v2_api\\public\\index.php')
CRITICAL - 2024-06-12 23:23:25 --> Undefined array key "open_ticket_service"
in APPPATH\Controllers\DashBoard\DashBoardController.php on line 138.
 1 APPPATH\Controllers\DashBoard\DashBoardController.php(138): CodeIgniter\Debug\Exceptions->errorHandler(2, 'Undefined array key "open_ticket_service"', 'D:\\RamsAPI-localtestlive\\CandourAutoTech\\cat_rams_v2_api\\app\\Controllers\\DashBoard\\DashBoardController.php', 138)
 2 SYSTEMPATH\CodeIgniter.php(919): App\Controllers\DashBoard\DashBoardController->index()
 3 SYSTEMPATH\CodeIgniter.php(494): CodeIgniter\CodeIgniter->runController(Object(App\Controllers\DashBoard\DashBoardController))
 4 SYSTEMPATH\CodeIgniter.php(353): CodeIgniter\CodeIgniter->handleRequest(null, Object(Config\Cache), false)
 5 FCPATH\index.php(79): CodeIgniter\CodeIgniter->run()
 6 SYSTEMPATH\Commands\Server\rewrite.php(47): require_once('D:\\RamsAPI-localtestlive\\CandourAutoTech\\cat_rams_v2_api\\public\\index.php')
CRITICAL - 2024-06-12 23:23:40 --> array_merge(): Argument #1 must be of type array, int given
in APPPATH\Controllers\DashBoard\DashBoardController.php on line 138.
 1 APPPATH\Controllers\DashBoard\DashBoardController.php(138): array_merge(0, [...])
 2 SYSTEMPATH\CodeIgniter.php(919): App\Controllers\DashBoard\DashBoardController->index()
 3 SYSTEMPATH\CodeIgniter.php(494): CodeIgniter\CodeIgniter->runController(Object(App\Controllers\DashBoard\DashBoardController))
 4 SYSTEMPATH\CodeIgniter.php(353): CodeIgniter\CodeIgniter->handleRequest(null, Object(Config\Cache), false)
 5 FCPATH\index.php(79): CodeIgniter\CodeIgniter->run()
 6 SYSTEMPATH\Commands\Server\rewrite.php(47): require_once('D:\\RamsAPI-localtestlive\\CandourAutoTech\\cat_rams_v2_api\\public\\index.php')
CRITICAL - 2024-06-12 23:26:20 --> Undefined variable $open_ticket_tool
in APPPATH\Controllers\ToolRequest\ToolRequestMasterController.php on line 3496.
 1 APPPATH\Controllers\ToolRequest\ToolRequestMasterController.php(3496): CodeIgniter\Debug\Exceptions->errorHandler(2, 'Undefined variable $open_ticket_tool', 'D:\\RamsAPI-localtestlive\\CandourAutoTech\\cat_rams_v2_api\\app\\Controllers\\ToolRequest\\ToolRequestMasterController.php', 3496)
 2 APPPATH\Controllers\DashBoard\DashBoardController.php(87): App\Controllers\ToolRequest\ToolRequestMasterController->fetch_dashb_details()
 3 SYSTEMPATH\CodeIgniter.php(919): App\Controllers\DashBoard\DashBoardController->index()
 4 SYSTEMPATH\CodeIgniter.php(494): CodeIgniter\CodeIgniter->runController(Object(App\Controllers\DashBoard\DashBoardController))
 5 SYSTEMPATH\CodeIgniter.php(353): CodeIgniter\CodeIgniter->handleRequest(null, Object(Config\Cache), false)
 6 FCPATH\index.php(79): CodeIgniter\CodeIgniter->run()
 7 SYSTEMPATH\Commands\Server\rewrite.php(47): require_once('D:\\RamsAPI-localtestlive\\CandourAutoTech\\cat_rams_v2_api\\public\\index.php')
CRITICAL - 2024-06-12 23:27:20 --> Unsupported operand types: int + array
in APPPATH\Controllers\DashBoard\DashBoardController.php on line 142.
 1 SYSTEMPATH\CodeIgniter.php(919): App\Controllers\DashBoard\DashBoardController->index()
 2 SYSTEMPATH\CodeIgniter.php(494): CodeIgniter\CodeIgniter->runController(Object(App\Controllers\DashBoard\DashBoardController))
 3 SYSTEMPATH\CodeIgniter.php(353): CodeIgniter\CodeIgniter->handleRequest(null, Object(Config\Cache), false)
 4 FCPATH\index.php(79): CodeIgniter\CodeIgniter->run()
 5 SYSTEMPATH\Commands\Server\rewrite.php(47): require_once('D:\\RamsAPI-localtestlive\\CandourAutoTech\\cat_rams_v2_api\\public\\index.php')
CRITICAL - 2024-06-12 23:37:07 --> Class name must be a valid object or a string
in APPPATH\Controllers\DashBoard\DashBoardController.php on line 43.
 1 SYSTEMPATH\CodeIgniter.php(919): App\Controllers\DashBoard\DashBoardController->index()
 2 SYSTEMPATH\CodeIgniter.php(494): CodeIgniter\CodeIgniter->runController(Object(App\Controllers\DashBoard\DashBoardController))
 3 SYSTEMPATH\CodeIgniter.php(353): CodeIgniter\CodeIgniter->handleRequest(null, Object(Config\Cache), false)
 4 FCPATH\index.php(79): CodeIgniter\CodeIgniter->run()
 5 SYSTEMPATH\Commands\Server\rewrite.php(47): require_once('D:\\RamsAPI-localtestlive\\CandourAutoTech\\cat_rams_v2_api\\public\\index.php')
CRITICAL - 2024-06-12 23:38:16 --> syntax error, unexpected token "public"
in APPPATH\Controllers\DashBoard\DashBoardController.php on line 96.
 1 SYSTEMPATH\Router\Router.php(512): CodeIgniter\Router\AutoRouter->getRoute('DashBoard/DashBoardController', 'options')
 2 SYSTEMPATH\Router\Router.php(208): CodeIgniter\Router\Router->autoRoute('DashBoard/DashBoardController')
 3 SYSTEMPATH\CodeIgniter.php(800): CodeIgniter\Router\Router->handle('DashBoard/DashBoardController')
 4 SYSTEMPATH\CodeIgniter.php(442): CodeIgniter\CodeIgniter->tryToRouteIt(Object(CodeIgniter\Router\RouteCollection))
 5 SYSTEMPATH\CodeIgniter.php(353): CodeIgniter\CodeIgniter->handleRequest(null, Object(Config\Cache), false)
 6 FCPATH\index.php(79): CodeIgniter\CodeIgniter->run()
 7 SYSTEMPATH\Commands\Server\rewrite.php(47): require_once('D:\\RamsAPI-localtestlive\\CandourAutoTech\\cat_rams_v2_api\\public\\index.php')
