CRITICAL - 2023-12-08 05:51:17 --> The namespace delimiter is a backslash (\), not a slash (/). Route handler: "\App\Controllers\Customer/CustomerMasterController::update_customer_by_mobile"
in SYSTEMPATH\Router\Router.php on line 477.
 1 SYSTEMPATH\Router\Router.php(477): CodeIgniter\Router\Exceptions\RouterException::forInvalidControllerName('\\App\\Controllers\\Customer/CustomerMasterController::update_customer_by_mobile')
 2 SYSTEMPATH\Router\Router.php(184): CodeIgniter\Router\Router->checkRoutes('update_customer_by_mobile')
 3 SYSTEMPATH\CodeIgniter.php(800): CodeIgniter\Router\Router->handle('update_customer_by_mobile')
 4 SYSTEMPATH\CodeIgniter.php(442): CodeIgniter\CodeIgniter->tryToRouteIt(Object(CodeIgniter\Router\RouteCollection))
 5 SYSTEMPATH\CodeIgniter.php(353): CodeIgniter\CodeIgniter->handleRequest(null, Object(Config\Cache), false)
 6 FCPATH\index.php(79): CodeIgniter\CodeIgniter->run()
 7 SYSTEMPATH\Commands\Server\rewrite.php(47): require_once('C:\\CandourAutoTech\\cat_rams_v2_api\\public\\index.php')
CRITICAL - 2023-12-08 05:55:21 --> The namespace delimiter is a backslash (\), not a slash (/). Route handler: "\App\Controllers\Coupon/CouponMasterController::get_couponsforcustomer"
in SYSTEMPATH\Router\Router.php on line 477.
 1 SYSTEMPATH\Router\Router.php(477): CodeIgniter\Router\Exceptions\RouterException::forInvalidControllerName('\\App\\Controllers\\Coupon/CouponMasterController::get_couponsforcustomer')
 2 SYSTEMPATH\Router\Router.php(184): CodeIgniter\Router\Router->checkRoutes('get_couponsforcustomer')
 3 SYSTEMPATH\CodeIgniter.php(800): CodeIgniter\Router\Router->handle('get_couponsforcustomer')
 4 SYSTEMPATH\CodeIgniter.php(442): CodeIgniter\CodeIgniter->tryToRouteIt(Object(CodeIgniter\Router\RouteCollection))
 5 SYSTEMPATH\CodeIgniter.php(353): CodeIgniter\CodeIgniter->handleRequest(null, Object(Config\Cache), false)
 6 FCPATH\index.php(79): CodeIgniter\CodeIgniter->run()
 7 SYSTEMPATH\Commands\Server\rewrite.php(47): require_once('C:\\CandourAutoTech\\cat_rams_v2_api\\public\\index.php')
CRITICAL - 2023-12-08 05:56:29 --> The namespace delimiter is a backslash (\), not a slash (/). Route handler: "\App\Controllers\Coupon/CouponMasterController::get_couponsforcustomer"
in SYSTEMPATH\Router\Router.php on line 477.
 1 SYSTEMPATH\Router\Router.php(477): CodeIgniter\Router\Exceptions\RouterException::forInvalidControllerName('\\App\\Controllers\\Coupon/CouponMasterController::get_couponsforcustomer')
 2 SYSTEMPATH\Router\Router.php(184): CodeIgniter\Router\Router->checkRoutes('get_couponsforcustomer')
 3 SYSTEMPATH\CodeIgniter.php(800): CodeIgniter\Router\Router->handle('get_couponsforcustomer')
 4 SYSTEMPATH\CodeIgniter.php(442): CodeIgniter\CodeIgniter->tryToRouteIt(Object(CodeIgniter\Router\RouteCollection))
 5 SYSTEMPATH\CodeIgniter.php(353): CodeIgniter\CodeIgniter->handleRequest(null, Object(Config\Cache), false)
 6 FCPATH\index.php(79): CodeIgniter\CodeIgniter->run()
 7 SYSTEMPATH\Commands\Server\rewrite.php(47): require_once('C:\\CandourAutoTech\\cat_rams_v2_api\\public\\index.php')
CRITICAL - 2023-12-08 06:03:13 --> Call to a member function move() on null
in APPPATH\Controllers\Customer\CustomerMasterController.php on line 386.
 1 SYSTEMPATH\CodeIgniter.php(919): App\Controllers\Customer\CustomerMasterController->profilpic_upload()
 2 SYSTEMPATH\CodeIgniter.php(494): CodeIgniter\CodeIgniter->runController(Object(App\Controllers\Customer\CustomerMasterController))
 3 SYSTEMPATH\CodeIgniter.php(353): CodeIgniter\CodeIgniter->handleRequest(null, Object(Config\Cache), false)
 4 FCPATH\index.php(79): CodeIgniter\CodeIgniter->run()
 5 SYSTEMPATH\Commands\Server\rewrite.php(47): require_once('C:\\CandourAutoTech\\cat_rams_v2_api\\public\\index.php')
CRITICAL - 2023-12-08 09:38:00 --> The namespace delimiter is a backslash (\), not a slash (/). Route handler: "\App\Controllers\ToolRequest/ToolRequestMasterController::status_master_controller"
in SYSTEMPATH\Router\Router.php on line 477.
 1 SYSTEMPATH\Router\Router.php(477): CodeIgniter\Router\Exceptions\RouterException::forInvalidControllerName('\\App\\Controllers\\ToolRequest/ToolRequestMasterController::status_master_controller')
 2 SYSTEMPATH\Router\Router.php(184): CodeIgniter\Router\Router->checkRoutes('status_master_controller')
 3 SYSTEMPATH\CodeIgniter.php(800): CodeIgniter\Router\Router->handle('status_master_controller')
 4 SYSTEMPATH\CodeIgniter.php(442): CodeIgniter\CodeIgniter->tryToRouteIt(Object(CodeIgniter\Router\RouteCollection))
 5 SYSTEMPATH\CodeIgniter.php(353): CodeIgniter\CodeIgniter->handleRequest(null, Object(Config\Cache), false)
 6 FCPATH\index.php(79): CodeIgniter\CodeIgniter->run()
 7 SYSTEMPATH\Commands\Server\rewrite.php(47): require_once('C:\\CandourAutoTech\\cat_rams_v2_api\\public\\index.php')
CRITICAL - 2023-12-08 09:44:13 --> The namespace delimiter is a backslash (\), not a slash (/). Route handler: "\App\Controllers\ToolRequest/ToolRequestMasterController::fetch_inspection_list"
in SYSTEMPATH\Router\Router.php on line 477.
 1 SYSTEMPATH\Router\Router.php(477): CodeIgniter\Router\Exceptions\RouterException::forInvalidControllerName('\\App\\Controllers\\ToolRequest/ToolRequestMasterController::fetch_inspection_list')
 2 SYSTEMPATH\Router\Router.php(184): CodeIgniter\Router\Router->checkRoutes('fetch_inspection_list')
 3 SYSTEMPATH\CodeIgniter.php(800): CodeIgniter\Router\Router->handle('fetch_inspection_list')
 4 SYSTEMPATH\CodeIgniter.php(442): CodeIgniter\CodeIgniter->tryToRouteIt(Object(CodeIgniter\Router\RouteCollection))
 5 SYSTEMPATH\CodeIgniter.php(353): CodeIgniter\CodeIgniter->handleRequest(null, Object(Config\Cache), false)
 6 FCPATH\index.php(79): CodeIgniter\CodeIgniter->run()
 7 SYSTEMPATH\Commands\Server\rewrite.php(47): require_once('C:\\CandourAutoTech\\cat_rams_v2_api\\public\\index.php')
CRITICAL - 2023-12-08 09:44:17 --> The namespace delimiter is a backslash (\), not a slash (/). Route handler: "\App\Controllers\ToolRequest/ToolRequestMasterController::fetch_inspection_list"
in SYSTEMPATH\Router\Router.php on line 477.
 1 SYSTEMPATH\Router\Router.php(477): CodeIgniter\Router\Exceptions\RouterException::forInvalidControllerName('\\App\\Controllers\\ToolRequest/ToolRequestMasterController::fetch_inspection_list')
 2 SYSTEMPATH\Router\Router.php(184): CodeIgniter\Router\Router->checkRoutes('fetch_inspection_list')
 3 SYSTEMPATH\CodeIgniter.php(800): CodeIgniter\Router\Router->handle('fetch_inspection_list')
 4 SYSTEMPATH\CodeIgniter.php(442): CodeIgniter\CodeIgniter->tryToRouteIt(Object(CodeIgniter\Router\RouteCollection))
 5 SYSTEMPATH\CodeIgniter.php(353): CodeIgniter\CodeIgniter->handleRequest(null, Object(Config\Cache), false)
 6 FCPATH\index.php(79): CodeIgniter\CodeIgniter->run()
 7 SYSTEMPATH\Commands\Server\rewrite.php(47): require_once('C:\\CandourAutoTech\\cat_rams_v2_api\\public\\index.php')
CRITICAL - 2023-12-08 09:54:51 --> The namespace delimiter is a backslash (\), not a slash (/). Route handler: "\App\Controllers\Coupon/CouponMasterController::get_couponsforcustomer"
in SYSTEMPATH\Router\Router.php on line 477.
 1 SYSTEMPATH\Router\Router.php(477): CodeIgniter\Router\Exceptions\RouterException::forInvalidControllerName('\\App\\Controllers\\Coupon/CouponMasterController::get_couponsforcustomer')
 2 SYSTEMPATH\Router\Router.php(184): CodeIgniter\Router\Router->checkRoutes('get_couponsforcustomer')
 3 SYSTEMPATH\CodeIgniter.php(800): CodeIgniter\Router\Router->handle('get_couponsforcustomer')
 4 SYSTEMPATH\CodeIgniter.php(442): CodeIgniter\CodeIgniter->tryToRouteIt(Object(CodeIgniter\Router\RouteCollection))
 5 SYSTEMPATH\CodeIgniter.php(353): CodeIgniter\CodeIgniter->handleRequest(null, Object(Config\Cache), false)
 6 FCPATH\index.php(79): CodeIgniter\CodeIgniter->run()
 7 SYSTEMPATH\Commands\Server\rewrite.php(47): require_once('C:\\CandourAutoTech\\cat_rams_v2_api\\public\\index.php')
CRITICAL - 2023-12-08 09:57:30 --> The namespace delimiter is a backslash (\), not a slash (/). Route handler: "\App\Controllers\Coupon/CouponMasterController::get_couponsforcustomer"
in SYSTEMPATH\Router\Router.php on line 477.
 1 SYSTEMPATH\Router\Router.php(477): CodeIgniter\Router\Exceptions\RouterException::forInvalidControllerName('\\App\\Controllers\\Coupon/CouponMasterController::get_couponsforcustomer')
 2 SYSTEMPATH\Router\Router.php(184): CodeIgniter\Router\Router->checkRoutes('get_couponsforcustomer')
 3 SYSTEMPATH\CodeIgniter.php(800): CodeIgniter\Router\Router->handle('get_couponsforcustomer')
 4 SYSTEMPATH\CodeIgniter.php(442): CodeIgniter\CodeIgniter->tryToRouteIt(Object(CodeIgniter\Router\RouteCollection))
 5 SYSTEMPATH\CodeIgniter.php(353): CodeIgniter\CodeIgniter->handleRequest(null, Object(Config\Cache), false)
 6 FCPATH\index.php(79): CodeIgniter\CodeIgniter->run()
 7 SYSTEMPATH\Commands\Server\rewrite.php(47): require_once('C:\\CandourAutoTech\\cat_rams_v2_api\\public\\index.php')
CRITICAL - 2023-12-08 10:01:38 --> The namespace delimiter is a backslash (\), not a slash (/). Route handler: "\App\Controllers\Coupon/CouponMasterController::get_couponsforcustomer"
in SYSTEMPATH\Router\Router.php on line 477.
 1 SYSTEMPATH\Router\Router.php(477): CodeIgniter\Router\Exceptions\RouterException::forInvalidControllerName('\\App\\Controllers\\Coupon/CouponMasterController::get_couponsforcustomer')
 2 SYSTEMPATH\Router\Router.php(184): CodeIgniter\Router\Router->checkRoutes('get_couponsforcustomer')
 3 SYSTEMPATH\CodeIgniter.php(800): CodeIgniter\Router\Router->handle('get_couponsforcustomer')
 4 SYSTEMPATH\CodeIgniter.php(442): CodeIgniter\CodeIgniter->tryToRouteIt(Object(CodeIgniter\Router\RouteCollection))
 5 SYSTEMPATH\CodeIgniter.php(353): CodeIgniter\CodeIgniter->handleRequest(null, Object(Config\Cache), false)
 6 FCPATH\index.php(79): CodeIgniter\CodeIgniter->run()
 7 SYSTEMPATH\Commands\Server\rewrite.php(47): require_once('C:\\CandourAutoTech\\cat_rams_v2_api\\public\\index.php')
CRITICAL - 2023-12-08 10:04:55 --> The namespace delimiter is a backslash (\), not a slash (/). Route handler: "\App\Controllers\Coupon/CouponMasterController::get_couponsforcustomer"
in SYSTEMPATH\Router\Router.php on line 477.
 1 SYSTEMPATH\Router\Router.php(477): CodeIgniter\Router\Exceptions\RouterException::forInvalidControllerName('\\App\\Controllers\\Coupon/CouponMasterController::get_couponsforcustomer')
 2 SYSTEMPATH\Router\Router.php(184): CodeIgniter\Router\Router->checkRoutes('get_couponsforcustomer')
 3 SYSTEMPATH\CodeIgniter.php(800): CodeIgniter\Router\Router->handle('get_couponsforcustomer')
 4 SYSTEMPATH\CodeIgniter.php(442): CodeIgniter\CodeIgniter->tryToRouteIt(Object(CodeIgniter\Router\RouteCollection))
 5 SYSTEMPATH\CodeIgniter.php(353): CodeIgniter\CodeIgniter->handleRequest(null, Object(Config\Cache), false)
 6 FCPATH\index.php(79): CodeIgniter\CodeIgniter->run()
 7 SYSTEMPATH\Commands\Server\rewrite.php(47): require_once('C:\\CandourAutoTech\\cat_rams_v2_api\\public\\index.php')
CRITICAL - 2023-12-08 12:27:00 --> The namespace delimiter is a backslash (\), not a slash (/). Route handler: "\App\Controllers\Coupon/CouponMasterController::get_couponsforcustomer"
in SYSTEMPATH\Router\Router.php on line 477.
 1 SYSTEMPATH\Router\Router.php(477): CodeIgniter\Router\Exceptions\RouterException::forInvalidControllerName('\\App\\Controllers\\Coupon/CouponMasterController::get_couponsforcustomer')
 2 SYSTEMPATH\Router\Router.php(184): CodeIgniter\Router\Router->checkRoutes('get_couponsforcustomer')
 3 SYSTEMPATH\CodeIgniter.php(800): CodeIgniter\Router\Router->handle('get_couponsforcustomer')
 4 SYSTEMPATH\CodeIgniter.php(442): CodeIgniter\CodeIgniter->tryToRouteIt(Object(CodeIgniter\Router\RouteCollection))
 5 SYSTEMPATH\CodeIgniter.php(353): CodeIgniter\CodeIgniter->handleRequest(null, Object(Config\Cache), false)
 6 FCPATH\index.php(79): CodeIgniter\CodeIgniter->run()
 7 SYSTEMPATH\Commands\Server\rewrite.php(47): require_once('C:\\CandourAutoTech\\cat_rams_v2_api\\public\\index.php')
CRITICAL - 2023-12-08 12:28:18 --> The namespace delimiter is a backslash (\), not a slash (/). Route handler: "\App\Controllers\Coupon/CouponMasterController::get_couponsforcustomer"
in SYSTEMPATH\Router\Router.php on line 477.
 1 SYSTEMPATH\Router\Router.php(477): CodeIgniter\Router\Exceptions\RouterException::forInvalidControllerName('\\App\\Controllers\\Coupon/CouponMasterController::get_couponsforcustomer')
 2 SYSTEMPATH\Router\Router.php(184): CodeIgniter\Router\Router->checkRoutes('get_couponsforcustomer')
 3 SYSTEMPATH\CodeIgniter.php(800): CodeIgniter\Router\Router->handle('get_couponsforcustomer')
 4 SYSTEMPATH\CodeIgniter.php(442): CodeIgniter\CodeIgniter->tryToRouteIt(Object(CodeIgniter\Router\RouteCollection))
 5 SYSTEMPATH\CodeIgniter.php(353): CodeIgniter\CodeIgniter->handleRequest(null, Object(Config\Cache), false)
 6 FCPATH\index.php(79): CodeIgniter\CodeIgniter->run()
 7 SYSTEMPATH\Commands\Server\rewrite.php(47): require_once('C:\\CandourAutoTech\\cat_rams_v2_api\\public\\index.php')
CRITICAL - 2023-12-08 12:32:39 --> The namespace delimiter is a backslash (\), not a slash (/). Route handler: "\App\Controllers\ToolRequest/ToolRequestrackerControler::tlrq_img_upload"
in SYSTEMPATH\Router\Router.php on line 477.
 1 SYSTEMPATH\Router\Router.php(477): CodeIgniter\Router\Exceptions\RouterException::forInvalidControllerName('\\App\\Controllers\\ToolRequest/ToolRequestrackerControler::tlrq_img_upload')
 2 SYSTEMPATH\Router\Router.php(184): CodeIgniter\Router\Router->checkRoutes('tlrq_img_upload')
 3 SYSTEMPATH\CodeIgniter.php(800): CodeIgniter\Router\Router->handle('tlrq_img_upload')
 4 SYSTEMPATH\CodeIgniter.php(442): CodeIgniter\CodeIgniter->tryToRouteIt(Object(CodeIgniter\Router\RouteCollection))
 5 SYSTEMPATH\CodeIgniter.php(353): CodeIgniter\CodeIgniter->handleRequest(null, Object(Config\Cache), false)
 6 FCPATH\index.php(79): CodeIgniter\CodeIgniter->run()
 7 SYSTEMPATH\Commands\Server\rewrite.php(47): require_once('C:\\CandourAutoTech\\cat_rams_v2_api\\public\\index.php')
CRITICAL - 2023-12-08 12:32:44 --> The namespace delimiter is a backslash (\), not a slash (/). Route handler: "\App\Controllers\ToolRequest/ToolRequestrackerControler::tlrq_img_upload"
in SYSTEMPATH\Router\Router.php on line 477.
 1 SYSTEMPATH\Router\Router.php(477): CodeIgniter\Router\Exceptions\RouterException::forInvalidControllerName('\\App\\Controllers\\ToolRequest/ToolRequestrackerControler::tlrq_img_upload')
 2 SYSTEMPATH\Router\Router.php(184): CodeIgniter\Router\Router->checkRoutes('tlrq_img_upload')
 3 SYSTEMPATH\CodeIgniter.php(800): CodeIgniter\Router\Router->handle('tlrq_img_upload')
 4 SYSTEMPATH\CodeIgniter.php(442): CodeIgniter\CodeIgniter->tryToRouteIt(Object(CodeIgniter\Router\RouteCollection))
 5 SYSTEMPATH\CodeIgniter.php(353): CodeIgniter\CodeIgniter->handleRequest(null, Object(Config\Cache), false)
 6 FCPATH\index.php(79): CodeIgniter\CodeIgniter->run()
 7 SYSTEMPATH\Commands\Server\rewrite.php(47): require_once('C:\\CandourAutoTech\\cat_rams_v2_api\\public\\index.php')
CRITICAL - 2023-12-08 12:32:56 --> The namespace delimiter is a backslash (\), not a slash (/). Route handler: "\App\Controllers\ToolRequest/ToolRequestrackerControler::tlrq_img_upload"
in SYSTEMPATH\Router\Router.php on line 477.
 1 SYSTEMPATH\Router\Router.php(477): CodeIgniter\Router\Exceptions\RouterException::forInvalidControllerName('\\App\\Controllers\\ToolRequest/ToolRequestrackerControler::tlrq_img_upload')
 2 SYSTEMPATH\Router\Router.php(184): CodeIgniter\Router\Router->checkRoutes('tlrq_img_upload')
 3 SYSTEMPATH\CodeIgniter.php(800): CodeIgniter\Router\Router->handle('tlrq_img_upload')
 4 SYSTEMPATH\CodeIgniter.php(442): CodeIgniter\CodeIgniter->tryToRouteIt(Object(CodeIgniter\Router\RouteCollection))
 5 SYSTEMPATH\CodeIgniter.php(353): CodeIgniter\CodeIgniter->handleRequest(null, Object(Config\Cache), false)
 6 FCPATH\index.php(79): CodeIgniter\CodeIgniter->run()
 7 SYSTEMPATH\Commands\Server\rewrite.php(47): require_once('C:\\CandourAutoTech\\cat_rams_v2_api\\public\\index.php')
CRITICAL - 2023-12-08 12:33:37 --> The namespace delimiter is a backslash (\), not a slash (/). Route handler: "\App\Controllers\Coupon/CouponMasterController::get_couponsforcustomer"
in SYSTEMPATH\Router\Router.php on line 477.
 1 SYSTEMPATH\Router\Router.php(477): CodeIgniter\Router\Exceptions\RouterException::forInvalidControllerName('\\App\\Controllers\\Coupon/CouponMasterController::get_couponsforcustomer')
 2 SYSTEMPATH\Router\Router.php(184): CodeIgniter\Router\Router->checkRoutes('get_couponsforcustomer')
 3 SYSTEMPATH\CodeIgniter.php(800): CodeIgniter\Router\Router->handle('get_couponsforcustomer')
 4 SYSTEMPATH\CodeIgniter.php(442): CodeIgniter\CodeIgniter->tryToRouteIt(Object(CodeIgniter\Router\RouteCollection))
 5 SYSTEMPATH\CodeIgniter.php(353): CodeIgniter\CodeIgniter->handleRequest(null, Object(Config\Cache), false)
 6 FCPATH\index.php(79): CodeIgniter\CodeIgniter->run()
 7 SYSTEMPATH\Commands\Server\rewrite.php(47): require_once('C:\\CandourAutoTech\\cat_rams_v2_api\\public\\index.php')
CRITICAL - 2023-12-08 12:34:40 --> The namespace delimiter is a backslash (\), not a slash (/). Route handler: "\App\Controllers\ToolRequest/ToolRequestrackerControler::tlrq_img_upload"
in SYSTEMPATH\Router\Router.php on line 477.
 1 SYSTEMPATH\Router\Router.php(477): CodeIgniter\Router\Exceptions\RouterException::forInvalidControllerName('\\App\\Controllers\\ToolRequest/ToolRequestrackerControler::tlrq_img_upload')
 2 SYSTEMPATH\Router\Router.php(184): CodeIgniter\Router\Router->checkRoutes('tlrq_img_upload')
 3 SYSTEMPATH\CodeIgniter.php(800): CodeIgniter\Router\Router->handle('tlrq_img_upload')
 4 SYSTEMPATH\CodeIgniter.php(442): CodeIgniter\CodeIgniter->tryToRouteIt(Object(CodeIgniter\Router\RouteCollection))
 5 SYSTEMPATH\CodeIgniter.php(353): CodeIgniter\CodeIgniter->handleRequest(null, Object(Config\Cache), false)
 6 FCPATH\index.php(79): CodeIgniter\CodeIgniter->run()
 7 SYSTEMPATH\Commands\Server\rewrite.php(47): require_once('C:\\CandourAutoTech\\cat_rams_v2_api\\public\\index.php')
CRITICAL - 2023-12-08 12:37:10 --> Call to a member function move() on null
in APPPATH\Controllers\Customer\CustomerMasterController.php on line 386.
 1 SYSTEMPATH\CodeIgniter.php(919): App\Controllers\Customer\CustomerMasterController->profilpic_upload()
 2 SYSTEMPATH\CodeIgniter.php(494): CodeIgniter\CodeIgniter->runController(Object(App\Controllers\Customer\CustomerMasterController))
 3 SYSTEMPATH\CodeIgniter.php(353): CodeIgniter\CodeIgniter->handleRequest(null, Object(Config\Cache), false)
 4 FCPATH\index.php(79): CodeIgniter\CodeIgniter->run()
 5 SYSTEMPATH\Commands\Server\rewrite.php(47): require_once('C:\\CandourAutoTech\\cat_rams_v2_api\\public\\index.php')
CRITICAL - 2023-12-08 13:13:15 --> Trying to access array offset on value of type null
in APPPATH\Controllers\Approval\ApprovalmasterControler.php on line 259.
 1 APPPATH\Controllers\Approval\ApprovalmasterControler.php(259): CodeIgniter\Debug\Exceptions->errorHandler(2, 'Trying to access array offset on value of type null', 'C:\\CandourAutoTech\\cat_rams_v2_api\\app\\Controllers\\Approval\\ApprovalmasterControler.php', 259)
 2 SYSTEMPATH\CodeIgniter.php(919): App\Controllers\Approval\ApprovalmasterControler->update()
 3 SYSTEMPATH\CodeIgniter.php(494): CodeIgniter\CodeIgniter->runController(Object(App\Controllers\Approval\ApprovalmasterControler))
 4 SYSTEMPATH\CodeIgniter.php(353): CodeIgniter\CodeIgniter->handleRequest(null, Object(Config\Cache), false)
 5 FCPATH\index.php(79): CodeIgniter\CodeIgniter->run()
 6 SYSTEMPATH\Commands\Server\rewrite.php(47): require_once('C:\\CandourAutoTech\\cat_rams_v2_api\\public\\index.php')
CRITICAL - 2023-12-08 13:18:25 --> The namespace delimiter is a backslash (\), not a slash (/). Route handler: "\App\Controllers\Coupon/CouponMasterController::get_couponsforcustomer"
in SYSTEMPATH\Router\Router.php on line 477.
 1 SYSTEMPATH\Router\Router.php(477): CodeIgniter\Router\Exceptions\RouterException::forInvalidControllerName('\\App\\Controllers\\Coupon/CouponMasterController::get_couponsforcustomer')
 2 SYSTEMPATH\Router\Router.php(184): CodeIgniter\Router\Router->checkRoutes('get_couponsforcustomer')
 3 SYSTEMPATH\CodeIgniter.php(800): CodeIgniter\Router\Router->handle('get_couponsforcustomer')
 4 SYSTEMPATH\CodeIgniter.php(442): CodeIgniter\CodeIgniter->tryToRouteIt(Object(CodeIgniter\Router\RouteCollection))
 5 SYSTEMPATH\CodeIgniter.php(353): CodeIgniter\CodeIgniter->handleRequest(null, Object(Config\Cache), false)
 6 FCPATH\index.php(79): CodeIgniter\CodeIgniter->run()
 7 SYSTEMPATH\Commands\Server\rewrite.php(47): require_once('C:\\CandourAutoTech\\cat_rams_v2_api\\public\\index.php')
CRITICAL - 2023-12-08 13:19:34 --> The namespace delimiter is a backslash (\), not a slash (/). Route handler: "\App\Controllers\Coupon/CouponMasterController::get_couponsforcustomer"
in SYSTEMPATH\Router\Router.php on line 477.
 1 SYSTEMPATH\Router\Router.php(477): CodeIgniter\Router\Exceptions\RouterException::forInvalidControllerName('\\App\\Controllers\\Coupon/CouponMasterController::get_couponsforcustomer')
 2 SYSTEMPATH\Router\Router.php(184): CodeIgniter\Router\Router->checkRoutes('get_couponsforcustomer')
 3 SYSTEMPATH\CodeIgniter.php(800): CodeIgniter\Router\Router->handle('get_couponsforcustomer')
 4 SYSTEMPATH\CodeIgniter.php(442): CodeIgniter\CodeIgniter->tryToRouteIt(Object(CodeIgniter\Router\RouteCollection))
 5 SYSTEMPATH\CodeIgniter.php(353): CodeIgniter\CodeIgniter->handleRequest(null, Object(Config\Cache), false)
 6 FCPATH\index.php(79): CodeIgniter\CodeIgniter->run()
 7 SYSTEMPATH\Commands\Server\rewrite.php(47): require_once('C:\\CandourAutoTech\\cat_rams_v2_api\\public\\index.php')
CRITICAL - 2023-12-08 13:22:40 --> Trying to access array offset on value of type null
in APPPATH\Controllers\Approval\ApprovalmasterControler.php on line 258.
 1 APPPATH\Controllers\Approval\ApprovalmasterControler.php(258): CodeIgniter\Debug\Exceptions->errorHandler(2, 'Trying to access array offset on value of type null', 'C:\\CandourAutoTech\\cat_rams_v2_api\\app\\Controllers\\Approval\\ApprovalmasterControler.php', 258)
 2 SYSTEMPATH\CodeIgniter.php(919): App\Controllers\Approval\ApprovalmasterControler->update()
 3 SYSTEMPATH\CodeIgniter.php(494): CodeIgniter\CodeIgniter->runController(Object(App\Controllers\Approval\ApprovalmasterControler))
 4 SYSTEMPATH\CodeIgniter.php(353): CodeIgniter\CodeIgniter->handleRequest(null, Object(Config\Cache), false)
 5 FCPATH\index.php(79): CodeIgniter\CodeIgniter->run()
 6 SYSTEMPATH\Commands\Server\rewrite.php(47): require_once('C:\\CandourAutoTech\\cat_rams_v2_api\\public\\index.php')
CRITICAL - 2023-12-08 13:31:06 --> Trying to access array offset on value of type null
in APPPATH\Controllers\Approval\ApprovalmasterControler.php on line 323.
 1 APPPATH\Controllers\Approval\ApprovalmasterControler.php(323): CodeIgniter\Debug\Exceptions->errorHandler(2, 'Trying to access array offset on value of type null', 'C:\\CandourAutoTech\\cat_rams_v2_api\\app\\Controllers\\Approval\\ApprovalmasterControler.php', 323)
 2 SYSTEMPATH\CodeIgniter.php(919): App\Controllers\Approval\ApprovalmasterControler->update()
 3 SYSTEMPATH\CodeIgniter.php(494): CodeIgniter\CodeIgniter->runController(Object(App\Controllers\Approval\ApprovalmasterControler))
 4 SYSTEMPATH\CodeIgniter.php(353): CodeIgniter\CodeIgniter->handleRequest(null, Object(Config\Cache), false)
 5 FCPATH\index.php(79): CodeIgniter\CodeIgniter->run()
 6 SYSTEMPATH\Commands\Server\rewrite.php(47): require_once('C:\\CandourAutoTech\\cat_rams_v2_api\\public\\index.php')
CRITICAL - 2023-12-08 13:32:12 --> The namespace delimiter is a backslash (\), not a slash (/). Route handler: "\App\Controllers\Quote/QuoteMasterController::getquotebytreqid"
in SYSTEMPATH\Router\Router.php on line 477.
 1 SYSTEMPATH\Router\Router.php(477): CodeIgniter\Router\Exceptions\RouterException::forInvalidControllerName('\\App\\Controllers\\Quote/QuoteMasterController::getquotebytreqid')
 2 SYSTEMPATH\Router\Router.php(184): CodeIgniter\Router\Router->checkRoutes('getquotebytreqid')
 3 SYSTEMPATH\CodeIgniter.php(800): CodeIgniter\Router\Router->handle('getquotebytreqid')
 4 SYSTEMPATH\CodeIgniter.php(442): CodeIgniter\CodeIgniter->tryToRouteIt(Object(CodeIgniter\Router\RouteCollection))
 5 SYSTEMPATH\CodeIgniter.php(353): CodeIgniter\CodeIgniter->handleRequest(null, Object(Config\Cache), false)
 6 FCPATH\index.php(79): CodeIgniter\CodeIgniter->run()
 7 SYSTEMPATH\Commands\Server\rewrite.php(47): require_once('C:\\CandourAutoTech\\cat_rams_v2_api\\public\\index.php')
CRITICAL - 2023-12-08 13:41:33 --> The namespace delimiter is a backslash (\), not a slash (/). Route handler: "\App\Controllers\Quote/QuoteMasterController::getquotebytreqid"
in SYSTEMPATH\Router\Router.php on line 477.
 1 SYSTEMPATH\Router\Router.php(477): CodeIgniter\Router\Exceptions\RouterException::forInvalidControllerName('\\App\\Controllers\\Quote/QuoteMasterController::getquotebytreqid')
 2 SYSTEMPATH\Router\Router.php(184): CodeIgniter\Router\Router->checkRoutes('getquotebytreqid')
 3 SYSTEMPATH\CodeIgniter.php(800): CodeIgniter\Router\Router->handle('getquotebytreqid')
 4 SYSTEMPATH\CodeIgniter.php(442): CodeIgniter\CodeIgniter->tryToRouteIt(Object(CodeIgniter\Router\RouteCollection))
 5 SYSTEMPATH\CodeIgniter.php(353): CodeIgniter\CodeIgniter->handleRequest(null, Object(Config\Cache), false)
 6 FCPATH\index.php(79): CodeIgniter\CodeIgniter->run()
 7 SYSTEMPATH\Commands\Server\rewrite.php(47): require_once('C:\\CandourAutoTech\\cat_rams_v2_api\\public\\index.php')
CRITICAL - 2023-12-08 13:41:47 --> The namespace delimiter is a backslash (\), not a slash (/). Route handler: "\App\Controllers\Quote/QuoteMasterController::getquotebytreqid"
in SYSTEMPATH\Router\Router.php on line 477.
 1 SYSTEMPATH\Router\Router.php(477): CodeIgniter\Router\Exceptions\RouterException::forInvalidControllerName('\\App\\Controllers\\Quote/QuoteMasterController::getquotebytreqid')
 2 SYSTEMPATH\Router\Router.php(184): CodeIgniter\Router\Router->checkRoutes('getquotebytreqid')
 3 SYSTEMPATH\CodeIgniter.php(800): CodeIgniter\Router\Router->handle('getquotebytreqid')
 4 SYSTEMPATH\CodeIgniter.php(442): CodeIgniter\CodeIgniter->tryToRouteIt(Object(CodeIgniter\Router\RouteCollection))
 5 SYSTEMPATH\CodeIgniter.php(353): CodeIgniter\CodeIgniter->handleRequest(null, Object(Config\Cache), false)
 6 FCPATH\index.php(79): CodeIgniter\CodeIgniter->run()
 7 SYSTEMPATH\Commands\Server\rewrite.php(47): require_once('C:\\CandourAutoTech\\cat_rams_v2_api\\public\\index.php')
CRITICAL - 2023-12-08 13:41:52 --> The namespace delimiter is a backslash (\), not a slash (/). Route handler: "\App\Controllers\Quote/QuoteMasterController::getquotebytreqid"
in SYSTEMPATH\Router\Router.php on line 477.
 1 SYSTEMPATH\Router\Router.php(477): CodeIgniter\Router\Exceptions\RouterException::forInvalidControllerName('\\App\\Controllers\\Quote/QuoteMasterController::getquotebytreqid')
 2 SYSTEMPATH\Router\Router.php(184): CodeIgniter\Router\Router->checkRoutes('getquotebytreqid')
 3 SYSTEMPATH\CodeIgniter.php(800): CodeIgniter\Router\Router->handle('getquotebytreqid')
 4 SYSTEMPATH\CodeIgniter.php(442): CodeIgniter\CodeIgniter->tryToRouteIt(Object(CodeIgniter\Router\RouteCollection))
 5 SYSTEMPATH\CodeIgniter.php(353): CodeIgniter\CodeIgniter->handleRequest(null, Object(Config\Cache), false)
 6 FCPATH\index.php(79): CodeIgniter\CodeIgniter->run()
 7 SYSTEMPATH\Commands\Server\rewrite.php(47): require_once('C:\\CandourAutoTech\\cat_rams_v2_api\\public\\index.php')
CRITICAL - 2023-12-08 13:45:56 --> The namespace delimiter is a backslash (\), not a slash (/). Route handler: "\App\Controllers\Quote/QuoteMasterController::purchasequote_accept"
in SYSTEMPATH\Router\Router.php on line 477.
 1 SYSTEMPATH\Router\Router.php(477): CodeIgniter\Router\Exceptions\RouterException::forInvalidControllerName('\\App\\Controllers\\Quote/QuoteMasterController::purchasequote_accept')
 2 SYSTEMPATH\Router\Router.php(184): CodeIgniter\Router\Router->checkRoutes('purchasequote_accept')
 3 SYSTEMPATH\CodeIgniter.php(800): CodeIgniter\Router\Router->handle('purchasequote_accept')
 4 SYSTEMPATH\CodeIgniter.php(442): CodeIgniter\CodeIgniter->tryToRouteIt(Object(CodeIgniter\Router\RouteCollection))
 5 SYSTEMPATH\CodeIgniter.php(353): CodeIgniter\CodeIgniter->handleRequest(null, Object(Config\Cache), false)
 6 FCPATH\index.php(79): CodeIgniter\CodeIgniter->run()
 7 SYSTEMPATH\Commands\Server\rewrite.php(47): require_once('C:\\CandourAutoTech\\cat_rams_v2_api\\public\\index.php')
CRITICAL - 2023-12-08 13:46:09 --> The namespace delimiter is a backslash (\), not a slash (/). Route handler: "\App\Controllers\Quote/QuoteMasterController::purchasequote_accept"
in SYSTEMPATH\Router\Router.php on line 477.
 1 SYSTEMPATH\Router\Router.php(477): CodeIgniter\Router\Exceptions\RouterException::forInvalidControllerName('\\App\\Controllers\\Quote/QuoteMasterController::purchasequote_accept')
 2 SYSTEMPATH\Router\Router.php(184): CodeIgniter\Router\Router->checkRoutes('purchasequote_accept')
 3 SYSTEMPATH\CodeIgniter.php(800): CodeIgniter\Router\Router->handle('purchasequote_accept')
 4 SYSTEMPATH\CodeIgniter.php(442): CodeIgniter\CodeIgniter->tryToRouteIt(Object(CodeIgniter\Router\RouteCollection))
 5 SYSTEMPATH\CodeIgniter.php(353): CodeIgniter\CodeIgniter->handleRequest(null, Object(Config\Cache), false)
 6 FCPATH\index.php(79): CodeIgniter\CodeIgniter->run()
 7 SYSTEMPATH\Commands\Server\rewrite.php(47): require_once('C:\\CandourAutoTech\\cat_rams_v2_api\\public\\index.php')
CRITICAL - 2023-12-08 13:47:19 --> Call to a member function move() on null
in APPPATH\Controllers\Customer\CustomerMasterController.php on line 386.
 1 SYSTEMPATH\CodeIgniter.php(919): App\Controllers\Customer\CustomerMasterController->profilpic_upload()
 2 SYSTEMPATH\CodeIgniter.php(494): CodeIgniter\CodeIgniter->runController(Object(App\Controllers\Customer\CustomerMasterController))
 3 SYSTEMPATH\CodeIgniter.php(353): CodeIgniter\CodeIgniter->handleRequest(null, Object(Config\Cache), false)
 4 FCPATH\index.php(79): CodeIgniter\CodeIgniter->run()
 5 SYSTEMPATH\Commands\Server\rewrite.php(47): require_once('C:\\CandourAutoTech\\cat_rams_v2_api\\public\\index.php')
CRITICAL - 2023-12-08 13:50:33 --> Call to a member function move() on null
in APPPATH\Controllers\Customer\CustomerMasterController.php on line 386.
 1 SYSTEMPATH\CodeIgniter.php(919): App\Controllers\Customer\CustomerMasterController->profilpic_upload()
 2 SYSTEMPATH\CodeIgniter.php(494): CodeIgniter\CodeIgniter->runController(Object(App\Controllers\Customer\CustomerMasterController))
 3 SYSTEMPATH\CodeIgniter.php(353): CodeIgniter\CodeIgniter->handleRequest(null, Object(Config\Cache), false)
 4 FCPATH\index.php(79): CodeIgniter\CodeIgniter->run()
 5 SYSTEMPATH\Commands\Server\rewrite.php(47): require_once('C:\\CandourAutoTech\\cat_rams_v2_api\\public\\index.php')
CRITICAL - 2023-12-08 13:50:52 --> Call to a member function move() on null
in APPPATH\Controllers\Customer\CustomerMasterController.php on line 386.
 1 SYSTEMPATH\CodeIgniter.php(919): App\Controllers\Customer\CustomerMasterController->profilpic_upload()
 2 SYSTEMPATH\CodeIgniter.php(494): CodeIgniter\CodeIgniter->runController(Object(App\Controllers\Customer\CustomerMasterController))
 3 SYSTEMPATH\CodeIgniter.php(353): CodeIgniter\CodeIgniter->handleRequest(null, Object(Config\Cache), false)
 4 FCPATH\index.php(79): CodeIgniter\CodeIgniter->run()
 5 SYSTEMPATH\Commands\Server\rewrite.php(47): require_once('C:\\CandourAutoTech\\cat_rams_v2_api\\public\\index.php')
CRITICAL - 2023-12-08 13:50:54 --> The namespace delimiter is a backslash (\), not a slash (/). Route handler: "\App\Controllers\Customer/CustomerMasterController::update_customer_by_mobile"
in SYSTEMPATH\Router\Router.php on line 477.
 1 SYSTEMPATH\Router\Router.php(477): CodeIgniter\Router\Exceptions\RouterException::forInvalidControllerName('\\App\\Controllers\\Customer/CustomerMasterController::update_customer_by_mobile')
 2 SYSTEMPATH\Router\Router.php(184): CodeIgniter\Router\Router->checkRoutes('update_customer_by_mobile')
 3 SYSTEMPATH\CodeIgniter.php(800): CodeIgniter\Router\Router->handle('update_customer_by_mobile')
 4 SYSTEMPATH\CodeIgniter.php(442): CodeIgniter\CodeIgniter->tryToRouteIt(Object(CodeIgniter\Router\RouteCollection))
 5 SYSTEMPATH\CodeIgniter.php(353): CodeIgniter\CodeIgniter->handleRequest(null, Object(Config\Cache), false)
 6 FCPATH\index.php(79): CodeIgniter\CodeIgniter->run()
 7 SYSTEMPATH\Commands\Server\rewrite.php(47): require_once('C:\\CandourAutoTech\\cat_rams_v2_api\\public\\index.php')
CRITICAL - 2023-12-08 13:51:19 --> Call to a member function move() on null
in APPPATH\Controllers\Customer\CustomerMasterController.php on line 386.
 1 SYSTEMPATH\CodeIgniter.php(919): App\Controllers\Customer\CustomerMasterController->profilpic_upload()
 2 SYSTEMPATH\CodeIgniter.php(494): CodeIgniter\CodeIgniter->runController(Object(App\Controllers\Customer\CustomerMasterController))
 3 SYSTEMPATH\CodeIgniter.php(353): CodeIgniter\CodeIgniter->handleRequest(null, Object(Config\Cache), false)
 4 FCPATH\index.php(79): CodeIgniter\CodeIgniter->run()
 5 SYSTEMPATH\Commands\Server\rewrite.php(47): require_once('C:\\CandourAutoTech\\cat_rams_v2_api\\public\\index.php')
ERROR - 2023-12-08 13:59:28 --> mysqli_sql_exception: Column 'nt_destid' cannot be null in C:\CandourAutoTech\cat_rams_v2_api\system\Database\MySQLi\Connection.php:306
Stack trace:
#0 C:\CandourAutoTech\cat_rams_v2_api\system\Database\MySQLi\Connection.php(306): mysqli->query('INSERT INTO `no...', 0)
#1 C:\CandourAutoTech\cat_rams_v2_api\system\Database\BaseConnection.php(692): CodeIgniter\Database\MySQLi\Connection->execute('INSERT INTO `no...')
#2 C:\CandourAutoTech\cat_rams_v2_api\system\Database\BaseConnection.php(606): CodeIgniter\Database\BaseConnection->simpleQuery('INSERT INTO `no...')
#3 C:\CandourAutoTech\cat_rams_v2_api\system\Database\BaseBuilder.php(2308): CodeIgniter\Database\BaseConnection->query('INSERT INTO `no...', Array, false)
#4 C:\CandourAutoTech\cat_rams_v2_api\system\Model.php(319): CodeIgniter\Database\BaseBuilder->insert()
#5 C:\CandourAutoTech\cat_rams_v2_api\system\BaseModel.php(788): CodeIgniter\Model->doInsert(Array)
#6 C:\CandourAutoTech\cat_rams_v2_api\system\Model.php(715): CodeIgniter\BaseModel->insert(Array, true)
#7 C:\CandourAutoTech\cat_rams_v2_api\app\Controllers\WorkCard\WorkCardMasterController.php(377): CodeIgniter\Model->insert(Array)
#8 C:\CandourAutoTech\cat_rams_v2_api\system\CodeIgniter.php(919): App\Controllers\WorkCard\WorkCardMasterController->servicestatus_update()
#9 C:\CandourAutoTech\cat_rams_v2_api\system\CodeIgniter.php(494): CodeIgniter\CodeIgniter->runController(Object(App\Controllers\WorkCard\WorkCardMasterController))
#10 C:\CandourAutoTech\cat_rams_v2_api\system\CodeIgniter.php(353): CodeIgniter\CodeIgniter->handleRequest(NULL, Object(Config\Cache), false)
#11 C:\CandourAutoTech\cat_rams_v2_api\public\index.php(79): CodeIgniter\CodeIgniter->run()
#12 C:\CandourAutoTech\cat_rams_v2_api\system\Commands\Server\rewrite.php(47): require_once('C:\\CandourAutoT...')
#13 {main}
CRITICAL - 2023-12-08 13:59:28 --> Column 'nt_destid' cannot be null
in SYSTEMPATH\Database\BaseConnection.php on line 646.
 1 SYSTEMPATH\Database\BaseBuilder.php(2308): CodeIgniter\Database\BaseConnection->query('INSERT INTO `notification_master` (`nt_sourceid`, `nt_destid`, `nt_sourcetype`, `nt_header`, `nt_content`) VALUES (:nt_sourceid:, :nt_destid:, :nt_sourcetype:, :nt_header:, :nt_content:)', [...], false)
 2 SYSTEMPATH\Model.php(319): CodeIgniter\Database\BaseBuilder->insert()
 3 SYSTEMPATH\BaseModel.php(788): CodeIgniter\Model->doInsert([...])
 4 SYSTEMPATH\Model.php(715): CodeIgniter\BaseModel->insert([...], true)
 5 APPPATH\Controllers\WorkCard\WorkCardMasterController.php(377): CodeIgniter\Model->insert([...])
 6 SYSTEMPATH\CodeIgniter.php(919): App\Controllers\WorkCard\WorkCardMasterController->servicestatus_update()
 7 SYSTEMPATH\CodeIgniter.php(494): CodeIgniter\CodeIgniter->runController(Object(App\Controllers\WorkCard\WorkCardMasterController))
 8 SYSTEMPATH\CodeIgniter.php(353): CodeIgniter\CodeIgniter->handleRequest(null, Object(Config\Cache), false)
 9 FCPATH\index.php(79): CodeIgniter\CodeIgniter->run()
10 SYSTEMPATH\Commands\Server\rewrite.php(47): require_once('C:\\CandourAutoTech\\cat_rams_v2_api\\public\\index.php')
ERROR - 2023-12-08 14:03:58 --> mysqli_sql_exception: Column 'nt_destid' cannot be null in C:\CandourAutoTech\cat_rams_v2_api\system\Database\MySQLi\Connection.php:306
Stack trace:
#0 C:\CandourAutoTech\cat_rams_v2_api\system\Database\MySQLi\Connection.php(306): mysqli->query('INSERT INTO `no...', 0)
#1 C:\CandourAutoTech\cat_rams_v2_api\system\Database\BaseConnection.php(692): CodeIgniter\Database\MySQLi\Connection->execute('INSERT INTO `no...')
#2 C:\CandourAutoTech\cat_rams_v2_api\system\Database\BaseConnection.php(606): CodeIgniter\Database\BaseConnection->simpleQuery('INSERT INTO `no...')
#3 C:\CandourAutoTech\cat_rams_v2_api\system\Database\BaseBuilder.php(2308): CodeIgniter\Database\BaseConnection->query('INSERT INTO `no...', Array, false)
#4 C:\CandourAutoTech\cat_rams_v2_api\system\Model.php(319): CodeIgniter\Database\BaseBuilder->insert()
#5 C:\CandourAutoTech\cat_rams_v2_api\system\BaseModel.php(788): CodeIgniter\Model->doInsert(Array)
#6 C:\CandourAutoTech\cat_rams_v2_api\system\Model.php(715): CodeIgniter\BaseModel->insert(Array, true)
#7 C:\CandourAutoTech\cat_rams_v2_api\app\Controllers\WorkCard\WorkCardMasterController.php(377): CodeIgniter\Model->insert(Array)
#8 C:\CandourAutoTech\cat_rams_v2_api\system\CodeIgniter.php(919): App\Controllers\WorkCard\WorkCardMasterController->servicestatus_update()
#9 C:\CandourAutoTech\cat_rams_v2_api\system\CodeIgniter.php(494): CodeIgniter\CodeIgniter->runController(Object(App\Controllers\WorkCard\WorkCardMasterController))
#10 C:\CandourAutoTech\cat_rams_v2_api\system\CodeIgniter.php(353): CodeIgniter\CodeIgniter->handleRequest(NULL, Object(Config\Cache), false)
#11 C:\CandourAutoTech\cat_rams_v2_api\public\index.php(79): CodeIgniter\CodeIgniter->run()
#12 C:\CandourAutoTech\cat_rams_v2_api\system\Commands\Server\rewrite.php(47): require_once('C:\\CandourAutoT...')
#13 {main}
CRITICAL - 2023-12-08 14:03:58 --> Column 'nt_destid' cannot be null
in SYSTEMPATH\Database\BaseConnection.php on line 646.
 1 SYSTEMPATH\Database\BaseBuilder.php(2308): CodeIgniter\Database\BaseConnection->query('INSERT INTO `notification_master` (`nt_sourceid`, `nt_destid`, `nt_sourcetype`, `nt_header`, `nt_content`) VALUES (:nt_sourceid:, :nt_destid:, :nt_sourcetype:, :nt_header:, :nt_content:)', [...], false)
 2 SYSTEMPATH\Model.php(319): CodeIgniter\Database\BaseBuilder->insert()
 3 SYSTEMPATH\BaseModel.php(788): CodeIgniter\Model->doInsert([...])
 4 SYSTEMPATH\Model.php(715): CodeIgniter\BaseModel->insert([...], true)
 5 APPPATH\Controllers\WorkCard\WorkCardMasterController.php(377): CodeIgniter\Model->insert([...])
 6 SYSTEMPATH\CodeIgniter.php(919): App\Controllers\WorkCard\WorkCardMasterController->servicestatus_update()
 7 SYSTEMPATH\CodeIgniter.php(494): CodeIgniter\CodeIgniter->runController(Object(App\Controllers\WorkCard\WorkCardMasterController))
 8 SYSTEMPATH\CodeIgniter.php(353): CodeIgniter\CodeIgniter->handleRequest(null, Object(Config\Cache), false)
 9 FCPATH\index.php(79): CodeIgniter\CodeIgniter->run()
10 SYSTEMPATH\Commands\Server\rewrite.php(47): require_once('C:\\CandourAutoTech\\cat_rams_v2_api\\public\\index.php')
ERROR - 2023-12-08 14:07:18 --> mysqli_sql_exception: Column 'nt_destid' cannot be null in C:\CandourAutoTech\cat_rams_v2_api\system\Database\MySQLi\Connection.php:306
Stack trace:
#0 C:\CandourAutoTech\cat_rams_v2_api\system\Database\MySQLi\Connection.php(306): mysqli->query('INSERT INTO `no...', 0)
#1 C:\CandourAutoTech\cat_rams_v2_api\system\Database\BaseConnection.php(692): CodeIgniter\Database\MySQLi\Connection->execute('INSERT INTO `no...')
#2 C:\CandourAutoTech\cat_rams_v2_api\system\Database\BaseConnection.php(606): CodeIgniter\Database\BaseConnection->simpleQuery('INSERT INTO `no...')
#3 C:\CandourAutoTech\cat_rams_v2_api\system\Database\BaseBuilder.php(2308): CodeIgniter\Database\BaseConnection->query('INSERT INTO `no...', Array, false)
#4 C:\CandourAutoTech\cat_rams_v2_api\system\Model.php(319): CodeIgniter\Database\BaseBuilder->insert()
#5 C:\CandourAutoTech\cat_rams_v2_api\system\BaseModel.php(788): CodeIgniter\Model->doInsert(Array)
#6 C:\CandourAutoTech\cat_rams_v2_api\system\Model.php(715): CodeIgniter\BaseModel->insert(Array, true)
#7 C:\CandourAutoTech\cat_rams_v2_api\app\Controllers\WorkCard\WorkCardMasterController.php(377): CodeIgniter\Model->insert(Array)
#8 C:\CandourAutoTech\cat_rams_v2_api\system\CodeIgniter.php(919): App\Controllers\WorkCard\WorkCardMasterController->servicestatus_update()
#9 C:\CandourAutoTech\cat_rams_v2_api\system\CodeIgniter.php(494): CodeIgniter\CodeIgniter->runController(Object(App\Controllers\WorkCard\WorkCardMasterController))
#10 C:\CandourAutoTech\cat_rams_v2_api\system\CodeIgniter.php(353): CodeIgniter\CodeIgniter->handleRequest(NULL, Object(Config\Cache), false)
#11 C:\CandourAutoTech\cat_rams_v2_api\public\index.php(79): CodeIgniter\CodeIgniter->run()
#12 C:\CandourAutoTech\cat_rams_v2_api\system\Commands\Server\rewrite.php(47): require_once('C:\\CandourAutoT...')
#13 {main}
CRITICAL - 2023-12-08 14:07:18 --> Column 'nt_destid' cannot be null
in SYSTEMPATH\Database\BaseConnection.php on line 646.
 1 SYSTEMPATH\Database\BaseBuilder.php(2308): CodeIgniter\Database\BaseConnection->query('INSERT INTO `notification_master` (`nt_sourceid`, `nt_destid`, `nt_sourcetype`, `nt_header`, `nt_content`) VALUES (:nt_sourceid:, :nt_destid:, :nt_sourcetype:, :nt_header:, :nt_content:)', [...], false)
 2 SYSTEMPATH\Model.php(319): CodeIgniter\Database\BaseBuilder->insert()
 3 SYSTEMPATH\BaseModel.php(788): CodeIgniter\Model->doInsert([...])
 4 SYSTEMPATH\Model.php(715): CodeIgniter\BaseModel->insert([...], true)
 5 APPPATH\Controllers\WorkCard\WorkCardMasterController.php(377): CodeIgniter\Model->insert([...])
 6 SYSTEMPATH\CodeIgniter.php(919): App\Controllers\WorkCard\WorkCardMasterController->servicestatus_update()
 7 SYSTEMPATH\CodeIgniter.php(494): CodeIgniter\CodeIgniter->runController(Object(App\Controllers\WorkCard\WorkCardMasterController))
 8 SYSTEMPATH\CodeIgniter.php(353): CodeIgniter\CodeIgniter->handleRequest(null, Object(Config\Cache), false)
 9 FCPATH\index.php(79): CodeIgniter\CodeIgniter->run()
10 SYSTEMPATH\Commands\Server\rewrite.php(47): require_once('C:\\CandourAutoTech\\cat_rams_v2_api\\public\\index.php')
WARNING - 2023-12-08 14:31:26 --> [DEPRECATED] base64_decode(): Passing null to parameter #1 ($string) of type string is deprecated in APPPATH\Controllers\System\UsersNotificationController.php on line 49.
 1 APPPATH\Controllers\System\UsersNotificationController.php(49): base64_decode(null)
 2 SYSTEMPATH\CodeIgniter.php(919): App\Controllers\System\UsersNotificationController->show('MQ==')
 3 SYSTEMPATH\CodeIgniter.php(494): CodeIgniter\CodeIgniter->runController(Object(App\Controllers\System\UsersNotificationController))
 4 SYSTEMPATH\CodeIgniter.php(353): CodeIgniter\CodeIgniter->handleRequest(null, Object(Config\Cache), false)
 5 FCPATH\index.php(79): CodeIgniter\CodeIgniter->run()
 6 SYSTEMPATH\Commands\Server\rewrite.php(47): require_once('C:\\CandourAutoTech\\cat_rams_v2_api\\public\\index.php')
WARNING - 2023-12-08 14:32:30 --> [DEPRECATED] base64_decode(): Passing null to parameter #1 ($string) of type string is deprecated in APPPATH\Controllers\System\UsersNotificationController.php on line 49.
 1 APPPATH\Controllers\System\UsersNotificationController.php(49): base64_decode(null)
 2 SYSTEMPATH\CodeIgniter.php(919): App\Controllers\System\UsersNotificationController->show('Mjk=')
 3 SYSTEMPATH\CodeIgniter.php(494): CodeIgniter\CodeIgniter->runController(Object(App\Controllers\System\UsersNotificationController))
 4 SYSTEMPATH\CodeIgniter.php(353): CodeIgniter\CodeIgniter->handleRequest(null, Object(Config\Cache), false)
 5 FCPATH\index.php(79): CodeIgniter\CodeIgniter->run()
 6 SYSTEMPATH\Commands\Server\rewrite.php(47): require_once('C:\\CandourAutoTech\\cat_rams_v2_api\\public\\index.php')
WARNING - 2023-12-08 14:32:34 --> [DEPRECATED] base64_decode(): Passing null to parameter #1 ($string) of type string is deprecated in APPPATH\Controllers\System\UsersNotificationController.php on line 49.
 1 APPPATH\Controllers\System\UsersNotificationController.php(49): base64_decode(null)
 2 SYSTEMPATH\CodeIgniter.php(919): App\Controllers\System\UsersNotificationController->show('Mjk=')
 3 SYSTEMPATH\CodeIgniter.php(494): CodeIgniter\CodeIgniter->runController(Object(App\Controllers\System\UsersNotificationController))
 4 SYSTEMPATH\CodeIgniter.php(353): CodeIgniter\CodeIgniter->handleRequest(null, Object(Config\Cache), false)
 5 FCPATH\index.php(79): CodeIgniter\CodeIgniter->run()
 6 SYSTEMPATH\Commands\Server\rewrite.php(47): require_once('C:\\CandourAutoTech\\cat_rams_v2_api\\public\\index.php')
WARNING - 2023-12-08 14:33:38 --> [DEPRECATED] base64_decode(): Passing null to parameter #1 ($string) of type string is deprecated in APPPATH\Controllers\System\UsersNotificationController.php on line 49.
 1 APPPATH\Controllers\System\UsersNotificationController.php(49): base64_decode(null)
 2 SYSTEMPATH\CodeIgniter.php(919): App\Controllers\System\UsersNotificationController->show('Mjk=')
 3 SYSTEMPATH\CodeIgniter.php(494): CodeIgniter\CodeIgniter->runController(Object(App\Controllers\System\UsersNotificationController))
 4 SYSTEMPATH\CodeIgniter.php(353): CodeIgniter\CodeIgniter->handleRequest(null, Object(Config\Cache), false)
 5 FCPATH\index.php(79): CodeIgniter\CodeIgniter->run()
 6 SYSTEMPATH\Commands\Server\rewrite.php(47): require_once('C:\\CandourAutoTech\\cat_rams_v2_api\\public\\index.php')
WARNING - 2023-12-08 14:34:32 --> [DEPRECATED] base64_decode(): Passing null to parameter #1 ($string) of type string is deprecated in APPPATH\Controllers\System\UsersNotificationController.php on line 49.
 1 APPPATH\Controllers\System\UsersNotificationController.php(49): base64_decode(null)
 2 SYSTEMPATH\CodeIgniter.php(919): App\Controllers\System\UsersNotificationController->show('Mjk=')
 3 SYSTEMPATH\CodeIgniter.php(494): CodeIgniter\CodeIgniter->runController(Object(App\Controllers\System\UsersNotificationController))
 4 SYSTEMPATH\CodeIgniter.php(353): CodeIgniter\CodeIgniter->handleRequest(null, Object(Config\Cache), false)
 5 FCPATH\index.php(79): CodeIgniter\CodeIgniter->run()
 6 SYSTEMPATH\Commands\Server\rewrite.php(47): require_once('C:\\CandourAutoTech\\cat_rams_v2_api\\public\\index.php')
WARNING - 2023-12-08 14:34:34 --> [DEPRECATED] base64_decode(): Passing null to parameter #1 ($string) of type string is deprecated in APPPATH\Controllers\System\UsersNotificationController.php on line 49.
 1 APPPATH\Controllers\System\UsersNotificationController.php(49): base64_decode(null)
 2 SYSTEMPATH\CodeIgniter.php(919): App\Controllers\System\UsersNotificationController->show('Mjk=')
 3 SYSTEMPATH\CodeIgniter.php(494): CodeIgniter\CodeIgniter->runController(Object(App\Controllers\System\UsersNotificationController))
 4 SYSTEMPATH\CodeIgniter.php(353): CodeIgniter\CodeIgniter->handleRequest(null, Object(Config\Cache), false)
 5 FCPATH\index.php(79): CodeIgniter\CodeIgniter->run()
 6 SYSTEMPATH\Commands\Server\rewrite.php(47): require_once('C:\\CandourAutoTech\\cat_rams_v2_api\\public\\index.php')
WARNING - 2023-12-08 14:34:36 --> [DEPRECATED] base64_decode(): Passing null to parameter #1 ($string) of type string is deprecated in APPPATH\Controllers\System\UsersNotificationController.php on line 49.
 1 APPPATH\Controllers\System\UsersNotificationController.php(49): base64_decode(null)
 2 SYSTEMPATH\CodeIgniter.php(919): App\Controllers\System\UsersNotificationController->show('Mjk=')
 3 SYSTEMPATH\CodeIgniter.php(494): CodeIgniter\CodeIgniter->runController(Object(App\Controllers\System\UsersNotificationController))
 4 SYSTEMPATH\CodeIgniter.php(353): CodeIgniter\CodeIgniter->handleRequest(null, Object(Config\Cache), false)
 5 FCPATH\index.php(79): CodeIgniter\CodeIgniter->run()
 6 SYSTEMPATH\Commands\Server\rewrite.php(47): require_once('C:\\CandourAutoTech\\cat_rams_v2_api\\public\\index.php')
WARNING - 2023-12-08 14:37:32 --> [DEPRECATED] base64_decode(): Passing null to parameter #1 ($string) of type string is deprecated in APPPATH\Controllers\System\UsersNotificationController.php on line 50.
 1 APPPATH\Controllers\System\UsersNotificationController.php(50): base64_decode(null)
 2 SYSTEMPATH\CodeIgniter.php(919): App\Controllers\System\UsersNotificationController->show('Mjk=')
 3 SYSTEMPATH\CodeIgniter.php(494): CodeIgniter\CodeIgniter->runController(Object(App\Controllers\System\UsersNotificationController))
 4 SYSTEMPATH\CodeIgniter.php(353): CodeIgniter\CodeIgniter->handleRequest(null, Object(Config\Cache), false)
 5 FCPATH\index.php(79): CodeIgniter\CodeIgniter->run()
 6 SYSTEMPATH\Commands\Server\rewrite.php(47): require_once('C:\\CandourAutoTech\\cat_rams_v2_api\\public\\index.php')
WARNING - 2023-12-08 14:37:41 --> [DEPRECATED] base64_decode(): Passing null to parameter #1 ($string) of type string is deprecated in APPPATH\Controllers\System\UsersNotificationController.php on line 50.
 1 APPPATH\Controllers\System\UsersNotificationController.php(50): base64_decode(null)
 2 SYSTEMPATH\CodeIgniter.php(919): App\Controllers\System\UsersNotificationController->show('Mjk=')
 3 SYSTEMPATH\CodeIgniter.php(494): CodeIgniter\CodeIgniter->runController(Object(App\Controllers\System\UsersNotificationController))
 4 SYSTEMPATH\CodeIgniter.php(353): CodeIgniter\CodeIgniter->handleRequest(null, Object(Config\Cache), false)
 5 FCPATH\index.php(79): CodeIgniter\CodeIgniter->run()
 6 SYSTEMPATH\Commands\Server\rewrite.php(47): require_once('C:\\CandourAutoTech\\cat_rams_v2_api\\public\\index.php')
CRITICAL - 2023-12-08 15:14:09 --> The namespace delimiter is a backslash (\), not a slash (/). Route handler: "\App\Controllers\System/ToolMasterController::delete_tool_pack"
in SYSTEMPATH\Router\Router.php on line 477.
 1 SYSTEMPATH\Router\Router.php(477): CodeIgniter\Router\Exceptions\RouterException::forInvalidControllerName('\\App\\Controllers\\System/ToolMasterController::delete_tool_pack')
 2 SYSTEMPATH\Router\Router.php(184): CodeIgniter\Router\Router->checkRoutes('delete_tool_pack')
 3 SYSTEMPATH\CodeIgniter.php(800): CodeIgniter\Router\Router->handle('delete_tool_pack')
 4 SYSTEMPATH\CodeIgniter.php(442): CodeIgniter\CodeIgniter->tryToRouteIt(Object(CodeIgniter\Router\RouteCollection))
 5 SYSTEMPATH\CodeIgniter.php(353): CodeIgniter\CodeIgniter->handleRequest(null, Object(Config\Cache), false)
 6 FCPATH\index.php(79): CodeIgniter\CodeIgniter->run()
 7 SYSTEMPATH\Commands\Server\rewrite.php(47): require_once('C:\\CandourAutoTech\\cat_rams_v2_api\\public\\index.php')
CRITICAL - 2023-12-08 15:14:10 --> The namespace delimiter is a backslash (\), not a slash (/). Route handler: "\App\Controllers\System/ToolMasterController::delete_tool_pack"
in SYSTEMPATH\Router\Router.php on line 477.
 1 SYSTEMPATH\Router\Router.php(477): CodeIgniter\Router\Exceptions\RouterException::forInvalidControllerName('\\App\\Controllers\\System/ToolMasterController::delete_tool_pack')
 2 SYSTEMPATH\Router\Router.php(184): CodeIgniter\Router\Router->checkRoutes('delete_tool_pack')
 3 SYSTEMPATH\CodeIgniter.php(800): CodeIgniter\Router\Router->handle('delete_tool_pack')
 4 SYSTEMPATH\CodeIgniter.php(442): CodeIgniter\CodeIgniter->tryToRouteIt(Object(CodeIgniter\Router\RouteCollection))
 5 SYSTEMPATH\CodeIgniter.php(353): CodeIgniter\CodeIgniter->handleRequest(null, Object(Config\Cache), false)
 6 FCPATH\index.php(79): CodeIgniter\CodeIgniter->run()
 7 SYSTEMPATH\Commands\Server\rewrite.php(47): require_once('C:\\CandourAutoTech\\cat_rams_v2_api\\public\\index.php')
CRITICAL - 2023-12-08 15:14:14 --> The namespace delimiter is a backslash (\), not a slash (/). Route handler: "\App\Controllers\System/ToolMasterController::delete_tool_pack"
in SYSTEMPATH\Router\Router.php on line 477.
 1 SYSTEMPATH\Router\Router.php(477): CodeIgniter\Router\Exceptions\RouterException::forInvalidControllerName('\\App\\Controllers\\System/ToolMasterController::delete_tool_pack')
 2 SYSTEMPATH\Router\Router.php(184): CodeIgniter\Router\Router->checkRoutes('delete_tool_pack')
 3 SYSTEMPATH\CodeIgniter.php(800): CodeIgniter\Router\Router->handle('delete_tool_pack')
 4 SYSTEMPATH\CodeIgniter.php(442): CodeIgniter\CodeIgniter->tryToRouteIt(Object(CodeIgniter\Router\RouteCollection))
 5 SYSTEMPATH\CodeIgniter.php(353): CodeIgniter\CodeIgniter->handleRequest(null, Object(Config\Cache), false)
 6 FCPATH\index.php(79): CodeIgniter\CodeIgniter->run()
 7 SYSTEMPATH\Commands\Server\rewrite.php(47): require_once('C:\\CandourAutoTech\\cat_rams_v2_api\\public\\index.php')
CRITICAL - 2023-12-08 15:21:48 --> Undefined array key "Authorization"
in APPPATH\Controllers\ToolRequest\ToolRequestrackerControler.php on line 209.
 1 APPPATH\Controllers\ToolRequest\ToolRequestrackerControler.php(209): CodeIgniter\Debug\Exceptions->errorHandler(2, 'Undefined array key "Authorization"', 'C:\\CandourAutoTech\\cat_rams_v2_api\\app\\Controllers\\ToolRequest\\ToolRequestrackerControler.php', 209)
 2 SYSTEMPATH\CodeIgniter.php(919): App\Controllers\ToolRequest\ToolRequestrackerControler->tlrq_img_upload()
 3 SYSTEMPATH\CodeIgniter.php(494): CodeIgniter\CodeIgniter->runController(Object(App\Controllers\ToolRequest\ToolRequestrackerControler))
 4 SYSTEMPATH\CodeIgniter.php(353): CodeIgniter\CodeIgniter->handleRequest(null, Object(Config\Cache), false)
 5 FCPATH\index.php(79): CodeIgniter\CodeIgniter->run()
 6 SYSTEMPATH\Commands\Server\rewrite.php(47): require_once('C:\\CandourAutoTech\\cat_rams_v2_api\\public\\index.php')
CRITICAL - 2023-12-08 15:23:35 --> The namespace delimiter is a backslash (\), not a slash (/). Route handler: "\App\Controllers\System/ToolMasterController::tool_create"
in SYSTEMPATH\Router\Router.php on line 477.
 1 SYSTEMPATH\Router\Router.php(477): CodeIgniter\Router\Exceptions\RouterException::forInvalidControllerName('\\App\\Controllers\\System/ToolMasterController::tool_create')
 2 SYSTEMPATH\Router\Router.php(184): CodeIgniter\Router\Router->checkRoutes('tool_create')
 3 SYSTEMPATH\CodeIgniter.php(800): CodeIgniter\Router\Router->handle('tool_create')
 4 SYSTEMPATH\CodeIgniter.php(442): CodeIgniter\CodeIgniter->tryToRouteIt(Object(CodeIgniter\Router\RouteCollection))
 5 SYSTEMPATH\CodeIgniter.php(353): CodeIgniter\CodeIgniter->handleRequest(null, Object(Config\Cache), false)
 6 FCPATH\index.php(79): CodeIgniter\CodeIgniter->run()
 7 SYSTEMPATH\Commands\Server\rewrite.php(47): require_once('C:\\CandourAutoTech\\cat_rams_v2_api\\public\\index.php')
CRITICAL - 2023-12-08 20:35:32 --> The namespace delimiter is a backslash (\), not a slash (/). Route handler: "\App\Controllers\System/UserMasterController::get_userdet"
in SYSTEMPATH\Router\Router.php on line 477.
 1 SYSTEMPATH\Router\Router.php(477): CodeIgniter\Router\Exceptions\RouterException::forInvalidControllerName('\\App\\Controllers\\System/UserMasterController::get_userdet')
 2 SYSTEMPATH\Router\Router.php(184): CodeIgniter\Router\Router->checkRoutes('get_userdet')
 3 SYSTEMPATH\CodeIgniter.php(800): CodeIgniter\Router\Router->handle('get_userdet')
 4 SYSTEMPATH\CodeIgniter.php(442): CodeIgniter\CodeIgniter->tryToRouteIt(Object(CodeIgniter\Router\RouteCollection))
 5 SYSTEMPATH\CodeIgniter.php(353): CodeIgniter\CodeIgniter->handleRequest(null, Object(Config\Cache), false)
 6 FCPATH\index.php(79): CodeIgniter\CodeIgniter->run()
 7 SYSTEMPATH\Commands\Server\rewrite.php(47): require_once('C:\\CandourAutoTech\\cat_rams_v2_api\\public\\index.php')
CRITICAL - 2023-12-08 20:36:10 --> The namespace delimiter is a backslash (\), not a slash (/). Route handler: "\App\Controllers\System/UserMasterController::get_userdet"
in SYSTEMPATH\Router\Router.php on line 477.
 1 SYSTEMPATH\Router\Router.php(477): CodeIgniter\Router\Exceptions\RouterException::forInvalidControllerName('\\App\\Controllers\\System/UserMasterController::get_userdet')
 2 SYSTEMPATH\Router\Router.php(184): CodeIgniter\Router\Router->checkRoutes('get_userdet')
 3 SYSTEMPATH\CodeIgniter.php(800): CodeIgniter\Router\Router->handle('get_userdet')
 4 SYSTEMPATH\CodeIgniter.php(442): CodeIgniter\CodeIgniter->tryToRouteIt(Object(CodeIgniter\Router\RouteCollection))
 5 SYSTEMPATH\CodeIgniter.php(353): CodeIgniter\CodeIgniter->handleRequest(null, Object(Config\Cache), false)
 6 FCPATH\index.php(79): CodeIgniter\CodeIgniter->run()
 7 SYSTEMPATH\Commands\Server\rewrite.php(47): require_once('C:\\CandourAutoTech\\cat_rams_v2_api\\public\\index.php')
CRITICAL - 2023-12-08 20:36:45 --> The namespace delimiter is a backslash (\), not a slash (/). Route handler: "\App\Controllers\System/UserMasterController::get_userdet"
in SYSTEMPATH\Router\Router.php on line 477.
 1 SYSTEMPATH\Router\Router.php(477): CodeIgniter\Router\Exceptions\RouterException::forInvalidControllerName('\\App\\Controllers\\System/UserMasterController::get_userdet')
 2 SYSTEMPATH\Router\Router.php(184): CodeIgniter\Router\Router->checkRoutes('get_userdet')
 3 SYSTEMPATH\CodeIgniter.php(800): CodeIgniter\Router\Router->handle('get_userdet')
 4 SYSTEMPATH\CodeIgniter.php(442): CodeIgniter\CodeIgniter->tryToRouteIt(Object(CodeIgniter\Router\RouteCollection))
 5 SYSTEMPATH\CodeIgniter.php(353): CodeIgniter\CodeIgniter->handleRequest(null, Object(Config\Cache), false)
 6 FCPATH\index.php(79): CodeIgniter\CodeIgniter->run()
 7 SYSTEMPATH\Commands\Server\rewrite.php(47): require_once('C:\\CandourAutoTech\\cat_rams_v2_api\\public\\index.php')
CRITICAL - 2023-12-08 20:37:08 --> Undefined variable $user_data
in APPPATH\Controllers\System\UserMasterController.php on line 243.
 1 APPPATH\Controllers\System\UserMasterController.php(243): CodeIgniter\Debug\Exceptions->errorHandler(2, 'Undefined variable $user_data', 'C:\\CandourAutoTech\\cat_rams_v2_api\\app\\Controllers\\System\\UserMasterController.php', 243)
 2 SYSTEMPATH\CodeIgniter.php(919): App\Controllers\System\UserMasterController->get_userdet()
 3 SYSTEMPATH\CodeIgniter.php(494): CodeIgniter\CodeIgniter->runController(Object(App\Controllers\System\UserMasterController))
 4 SYSTEMPATH\CodeIgniter.php(353): CodeIgniter\CodeIgniter->handleRequest(null, Object(Config\Cache), false)
 5 FCPATH\index.php(79): CodeIgniter\CodeIgniter->run()
 6 SYSTEMPATH\Commands\Server\rewrite.php(47): require_once('C:\\CandourAutoTech\\cat_rams_v2_api\\public\\index.php')
