ERROR - 2023-10-03 10:31:13 --> Error connecting to the database: Error: Class "SQLite3" not found in C:\CandourAutoTech\cat_rams_v2_api\system\Database\SQLite3\Connection.php:89
Stack trace:
#0 C:\CandourAutoTech\cat_rams_v2_api\system\Database\BaseConnection.php(391): CodeIgniter\Database\SQLite3\Connection->connect(false)
#1 C:\CandourAutoTech\cat_rams_v2_api\system\Database\SQLite3\Connection.php(59): CodeIgniter\Database\BaseConnection->initialize()
#2 C:\CandourAutoTech\cat_rams_v2_api\system\Test\DatabaseTestTrait.php(74): CodeIgniter\Database\SQLite3\Connection->initialize()
#3 C:\CandourAutoTech\cat_rams_v2_api\system\Test\DatabaseTestTrait.php(54): ExampleDatabaseTest->loadDependencies()
#4 C:\CandourAutoTech\cat_rams_v2_api\system\Test\CIUnitTestCase.php(250): ExampleDatabaseTest->setUpDatabase()
#5 C:\CandourAutoTech\cat_rams_v2_api\vendor\phpunit\phpunit\src\Framework\TestCase.php(1211): CodeIgniter\Test\CIUnitTestCase->setUp()
#6 C:\CandourAutoTech\cat_rams_v2_api\vendor\phpunit\phpunit\src\Framework\TestResult.php(728): PHPUnit\Framework\TestCase->runBare()
#7 C:\CandourAutoTech\cat_rams_v2_api\vendor\phpunit\phpunit\src\Framework\TestCase.php(968): PHPUnit\Framework\TestResult->run(Object(ExampleDatabaseTest))
#8 C:\CandourAutoTech\cat_rams_v2_api\vendor\phpunit\phpunit\src\Framework\TestSuite.php(684): PHPUnit\Framework\TestCase->run(Object(PHPUnit\Framework\TestResult))
#9 C:\CandourAutoTech\cat_rams_v2_api\vendor\phpunit\phpunit\src\Framework\TestSuite.php(684): PHPUnit\Framework\TestSuite->run(Object(PHPUnit\Framework\TestResult))
#10 C:\CandourAutoTech\cat_rams_v2_api\vendor\phpunit\phpunit\src\Framework\TestSuite.php(684): PHPUnit\Framework\TestSuite->run(Object(PHPUnit\Framework\TestResult))
#11 C:\CandourAutoTech\cat_rams_v2_api\vendor\phpunit\phpunit\src\TextUI\TestRunner.php(651): PHPUnit\Framework\TestSuite->run(Object(PHPUnit\Framework\TestResult))
#12 C:\CandourAutoTech\cat_rams_v2_api\vendor\phpunit\phpunit\src\TextUI\Command.php(144): PHPUnit\TextUI\TestRunner->run(Object(PHPUnit\Framework\TestSuite), Array, Array, true)
#13 C:\CandourAutoTech\cat_rams_v2_api\vendor\phpunit\phpunit\src\TextUI\Command.php(97): PHPUnit\TextUI\Command->run(Array, true)
#14 C:\CandourAutoTech\cat_rams_v2_api\vendor\phpunit\phpunit\phpunit(107): PHPUnit\TextUI\Command::main()
#15 C:\CandourAutoTech\cat_rams_v2_api\vendor\bin\phpunit(122): include('C:\\CandourAutoT...')
#16 {main}
ERROR - 2023-10-03 10:31:13 --> Error connecting to the database: Error: Class "SQLite3" not found in C:\CandourAutoTech\cat_rams_v2_api\system\Database\SQLite3\Connection.php:89
Stack trace:
#0 C:\CandourAutoTech\cat_rams_v2_api\system\Database\BaseConnection.php(391): CodeIgniter\Database\SQLite3\Connection->connect(false)
#1 C:\CandourAutoTech\cat_rams_v2_api\system\Database\SQLite3\Connection.php(59): CodeIgniter\Database\BaseConnection->initialize()
#2 C:\CandourAutoTech\cat_rams_v2_api\system\Test\DatabaseTestTrait.php(74): CodeIgniter\Database\SQLite3\Connection->initialize()
#3 C:\CandourAutoTech\cat_rams_v2_api\system\Test\DatabaseTestTrait.php(54): ExampleDatabaseTest->loadDependencies()
#4 C:\CandourAutoTech\cat_rams_v2_api\system\Test\CIUnitTestCase.php(250): ExampleDatabaseTest->setUpDatabase()
#5 C:\CandourAutoTech\cat_rams_v2_api\vendor\phpunit\phpunit\src\Framework\TestCase.php(1211): CodeIgniter\Test\CIUnitTestCase->setUp()
#6 C:\CandourAutoTech\cat_rams_v2_api\vendor\phpunit\phpunit\src\Framework\TestResult.php(728): PHPUnit\Framework\TestCase->runBare()
#7 C:\CandourAutoTech\cat_rams_v2_api\vendor\phpunit\phpunit\src\Framework\TestCase.php(968): PHPUnit\Framework\TestResult->run(Object(ExampleDatabaseTest))
#8 C:\CandourAutoTech\cat_rams_v2_api\vendor\phpunit\phpunit\src\Framework\TestSuite.php(684): PHPUnit\Framework\TestCase->run(Object(PHPUnit\Framework\TestResult))
#9 C:\CandourAutoTech\cat_rams_v2_api\vendor\phpunit\phpunit\src\Framework\TestSuite.php(684): PHPUnit\Framework\TestSuite->run(Object(PHPUnit\Framework\TestResult))
#10 C:\CandourAutoTech\cat_rams_v2_api\vendor\phpunit\phpunit\src\Framework\TestSuite.php(684): PHPUnit\Framework\TestSuite->run(Object(PHPUnit\Framework\TestResult))
#11 C:\CandourAutoTech\cat_rams_v2_api\vendor\phpunit\phpunit\src\TextUI\TestRunner.php(651): PHPUnit\Framework\TestSuite->run(Object(PHPUnit\Framework\TestResult))
#12 C:\CandourAutoTech\cat_rams_v2_api\vendor\phpunit\phpunit\src\TextUI\Command.php(144): PHPUnit\TextUI\TestRunner->run(Object(PHPUnit\Framework\TestSuite), Array, Array, true)
#13 C:\CandourAutoTech\cat_rams_v2_api\vendor\phpunit\phpunit\src\TextUI\Command.php(97): PHPUnit\TextUI\Command->run(Array, true)
#14 C:\CandourAutoTech\cat_rams_v2_api\vendor\phpunit\phpunit\phpunit(107): PHPUnit\TextUI\Command::main()
#15 C:\CandourAutoTech\cat_rams_v2_api\vendor\bin\phpunit(122): include('C:\\CandourAutoT...')
#16 {main}
CRITICAL - 2023-10-03 12:57:06 --> The namespace delimiter is a backslash (\), not a slash (/). Route handler: "\App\Controllers\Auth/PreAuthentication::user_login"
in SYSTEMPATH\Router\Router.php on line 477.
 1 SYSTEMPATH\Router\Router.php(477): CodeIgniter\Router\Exceptions\RouterException::forInvalidControllerName('\\App\\Controllers\\Auth/PreAuthentication::user_login')
 2 SYSTEMPATH\Router\Router.php(184): CodeIgniter\Router\Router->checkRoutes('userlogin')
 3 SYSTEMPATH\CodeIgniter.php(800): CodeIgniter\Router\Router->handle('userlogin')
 4 SYSTEMPATH\CodeIgniter.php(442): CodeIgniter\CodeIgniter->tryToRouteIt(Object(CodeIgniter\Router\RouteCollection))
 5 SYSTEMPATH\CodeIgniter.php(353): CodeIgniter\CodeIgniter->handleRequest(null, Object(Config\Cache), false)
 6 FCPATH\index.php(87): CodeIgniter\CodeIgniter->run()
 7 SYSTEMPATH\Commands\Server\rewrite.php(47): require_once('C:\\CandourAutoTech\\cat_rams_v2_api\\public\\index.php')
CRITICAL - 2023-10-03 12:57:23 --> The namespace delimiter is a backslash (\), not a slash (/). Route handler: "\App\Controllers\Auth/PreAuthentication::user_login"
in SYSTEMPATH\Router\Router.php on line 477.
 1 SYSTEMPATH\Router\Router.php(477): CodeIgniter\Router\Exceptions\RouterException::forInvalidControllerName('\\App\\Controllers\\Auth/PreAuthentication::user_login')
 2 SYSTEMPATH\Router\Router.php(184): CodeIgniter\Router\Router->checkRoutes('userlogin')
 3 SYSTEMPATH\CodeIgniter.php(800): CodeIgniter\Router\Router->handle('userlogin')
 4 SYSTEMPATH\CodeIgniter.php(442): CodeIgniter\CodeIgniter->tryToRouteIt(Object(CodeIgniter\Router\RouteCollection))
 5 SYSTEMPATH\CodeIgniter.php(353): CodeIgniter\CodeIgniter->handleRequest(null, Object(Config\Cache), false)
 6 FCPATH\index.php(87): CodeIgniter\CodeIgniter->run()
 7 SYSTEMPATH\Commands\Server\rewrite.php(47): require_once('C:\\CandourAutoTech\\cat_rams_v2_api\\public\\index.php')
CRITICAL - 2023-10-03 12:57:52 --> The namespace delimiter is a backslash (\), not a slash (/). Route handler: "\App\Controllers\Auth/PreAuthentication::user_login"
in SYSTEMPATH\Router\Router.php on line 477.
 1 SYSTEMPATH\Router\Router.php(477): CodeIgniter\Router\Exceptions\RouterException::forInvalidControllerName('\\App\\Controllers\\Auth/PreAuthentication::user_login')
 2 SYSTEMPATH\Router\Router.php(184): CodeIgniter\Router\Router->checkRoutes('userlogin')
 3 SYSTEMPATH\CodeIgniter.php(800): CodeIgniter\Router\Router->handle('userlogin')
 4 SYSTEMPATH\CodeIgniter.php(442): CodeIgniter\CodeIgniter->tryToRouteIt(Object(CodeIgniter\Router\RouteCollection))
 5 SYSTEMPATH\CodeIgniter.php(353): CodeIgniter\CodeIgniter->handleRequest(null, Object(Config\Cache), false)
 6 FCPATH\index.php(87): CodeIgniter\CodeIgniter->run()
 7 SYSTEMPATH\Commands\Server\rewrite.php(47): require_once('C:\\CandourAutoTech\\cat_rams_v2_api\\public\\index.php')
CRITICAL - 2023-10-03 12:57:53 --> The namespace delimiter is a backslash (\), not a slash (/). Route handler: "\App\Controllers\Auth/PreAuthentication::user_login"
in SYSTEMPATH\Router\Router.php on line 477.
 1 SYSTEMPATH\Router\Router.php(477): CodeIgniter\Router\Exceptions\RouterException::forInvalidControllerName('\\App\\Controllers\\Auth/PreAuthentication::user_login')
 2 SYSTEMPATH\Router\Router.php(184): CodeIgniter\Router\Router->checkRoutes('userlogin')
 3 SYSTEMPATH\CodeIgniter.php(800): CodeIgniter\Router\Router->handle('userlogin')
 4 SYSTEMPATH\CodeIgniter.php(442): CodeIgniter\CodeIgniter->tryToRouteIt(Object(CodeIgniter\Router\RouteCollection))
 5 SYSTEMPATH\CodeIgniter.php(353): CodeIgniter\CodeIgniter->handleRequest(null, Object(Config\Cache), false)
 6 FCPATH\index.php(87): CodeIgniter\CodeIgniter->run()
 7 SYSTEMPATH\Commands\Server\rewrite.php(47): require_once('C:\\CandourAutoTech\\cat_rams_v2_api\\public\\index.php')
CRITICAL - 2023-10-03 13:00:34 --> The namespace delimiter is a backslash (\), not a slash (/). Route handler: "\App\Controllers\Auth/PreAuthentication::user_login"
in SYSTEMPATH\Router\Router.php on line 477.
 1 SYSTEMPATH\Router\Router.php(477): CodeIgniter\Router\Exceptions\RouterException::forInvalidControllerName('\\App\\Controllers\\Auth/PreAuthentication::user_login')
 2 SYSTEMPATH\Router\Router.php(184): CodeIgniter\Router\Router->checkRoutes('userlogin')
 3 SYSTEMPATH\CodeIgniter.php(800): CodeIgniter\Router\Router->handle('userlogin')
 4 SYSTEMPATH\CodeIgniter.php(442): CodeIgniter\CodeIgniter->tryToRouteIt(Object(CodeIgniter\Router\RouteCollection))
 5 SYSTEMPATH\CodeIgniter.php(353): CodeIgniter\CodeIgniter->handleRequest(null, Object(Config\Cache), false)
 6 FCPATH\index.php(87): CodeIgniter\CodeIgniter->run()
 7 SYSTEMPATH\Commands\Server\rewrite.php(47): require_once('C:\\CandourAutoTech\\cat_rams_v2_api\\public\\index.php')
