CRITICAL - 2024-05-01 00:37:04 --> Trying to access array offset on value of type null
in APPPATH\Controllers\Order\OrderMasterController.php on line 128.
 1 APPPATH\Controllers\Order\OrderMasterController.php(128): CodeIgniter\Debug\Exceptions->errorHandler(2, 'Trying to access array offset on value of type null', 'D:\\RamsAPI-localtestlive\\CandourAutoTech\\cat_rams_v2_api\\app\\Controllers\\Order\\OrderMasterController.php', 128)
 2 SYSTEMPATH\CodeIgniter.php(919): App\Controllers\Order\OrderMasterController->show('NA')
 3 SYSTEMPATH\CodeIgniter.php(494): CodeIgniter\CodeIgniter->runController(Object(App\Controllers\Order\OrderMasterController))
 4 SYSTEMPATH\CodeIgniter.php(353): CodeIgniter\CodeIgniter->handleRequest(null, Object(Config\Cache), false)
 5 FCPATH\index.php(79): CodeIgniter\CodeIgniter->run()
 6 SYSTEMPATH\Commands\Server\rewrite.php(47): require_once('D:\\RamsAPI-localtestlive\\CandourAutoTech\\cat_rams_v2_api\\public\\index.php')
CRITICAL - 2024-05-01 00:38:14 --> Trying to access array offset on value of type null
in APPPATH\Controllers\Order\OrderMasterController.php on line 128.
 1 APPPATH\Controllers\Order\OrderMasterController.php(128): CodeIgniter\Debug\Exceptions->errorHandler(2, 'Trying to access array offset on value of type null', 'D:\\RamsAPI-localtestlive\\CandourAutoTech\\cat_rams_v2_api\\app\\Controllers\\Order\\OrderMasterController.php', 128)
 2 SYSTEMPATH\CodeIgniter.php(919): App\Controllers\Order\OrderMasterController->show('NA')
 3 SYSTEMPATH\CodeIgniter.php(494): CodeIgniter\CodeIgniter->runController(Object(App\Controllers\Order\OrderMasterController))
 4 SYSTEMPATH\CodeIgniter.php(353): CodeIgniter\CodeIgniter->handleRequest(null, Object(Config\Cache), false)
 5 FCPATH\index.php(79): CodeIgniter\CodeIgniter->run()
 6 SYSTEMPATH\Commands\Server\rewrite.php(47): require_once('D:\\RamsAPI-localtestlive\\CandourAutoTech\\cat_rams_v2_api\\public\\index.php')
ERROR - 2024-05-01 12:55:48 --> Error connecting to the database: mysqli_sql_exception: No connection could be made because the target machine actively refused it in D:\RamsAPI-localtestlive\CandourAutoTech\cat_rams_v2_api\system\Database\MySQLi\Connection.php:184
Stack trace:
#0 D:\RamsAPI-localtestlive\CandourAutoTech\cat_rams_v2_api\system\Database\MySQLi\Connection.php(184): mysqli->real_connect('localhost', 'root', Object(SensitiveParameterValue), 'rams_live_db', 3306, '', 0)
#1 D:\RamsAPI-localtestlive\CandourAutoTech\cat_rams_v2_api\system\Database\BaseConnection.php(391): CodeIgniter\Database\MySQLi\Connection->connect(false)
#2 D:\RamsAPI-localtestlive\CandourAutoTech\cat_rams_v2_api\system\Database\BaseConnection.php(574): CodeIgniter\Database\BaseConnection->initialize()
#3 D:\RamsAPI-localtestlive\CandourAutoTech\cat_rams_v2_api\system\Database\BaseBuilder.php(1615): CodeIgniter\Database\BaseConnection->query('SELECT *\nFROM `...', Array, false)
#4 D:\RamsAPI-localtestlive\CandourAutoTech\cat_rams_v2_api\system\Model.php(264): CodeIgniter\Database\BaseBuilder->get()
#5 D:\RamsAPI-localtestlive\CandourAutoTech\cat_rams_v2_api\system\BaseModel.php(662): CodeIgniter\Model->doFirst()
#6 D:\RamsAPI-localtestlive\CandourAutoTech\cat_rams_v2_api\app\Controllers\Payment\PaymentMasterController.php(348): CodeIgniter\BaseModel->first()
#7 D:\RamsAPI-localtestlive\CandourAutoTech\cat_rams_v2_api\system\CodeIgniter.php(919): App\Controllers\Payment\PaymentMasterController->initiatePayment()
#8 D:\RamsAPI-localtestlive\CandourAutoTech\cat_rams_v2_api\system\CodeIgniter.php(494): CodeIgniter\CodeIgniter->runController(Object(App\Controllers\Payment\PaymentMasterController))
#9 D:\RamsAPI-localtestlive\CandourAutoTech\cat_rams_v2_api\system\CodeIgniter.php(353): CodeIgniter\CodeIgniter->handleRequest(NULL, Object(Config\Cache), false)
#10 D:\RamsAPI-localtestlive\CandourAutoTech\cat_rams_v2_api\public\index.php(79): CodeIgniter\CodeIgniter->run()
#11 D:\RamsAPI-localtestlive\CandourAutoTech\cat_rams_v2_api\system\Commands\Server\rewrite.php(47): require_once('D:\\RamsAPI-loca...')
#12 {main}

Next CodeIgniter\Database\Exceptions\DatabaseException: No connection could be made because the target machine actively refused it in D:\RamsAPI-localtestlive\CandourAutoTech\cat_rams_v2_api\system\Database\MySQLi\Connection.php:229
Stack trace:
#0 D:\RamsAPI-localtestlive\CandourAutoTech\cat_rams_v2_api\system\Database\BaseConnection.php(391): CodeIgniter\Database\MySQLi\Connection->connect(false)
#1 D:\RamsAPI-localtestlive\CandourAutoTech\cat_rams_v2_api\system\Database\BaseConnection.php(574): CodeIgniter\Database\BaseConnection->initialize()
#2 D:\RamsAPI-localtestlive\CandourAutoTech\cat_rams_v2_api\system\Database\BaseBuilder.php(1615): CodeIgniter\Database\BaseConnection->query('SELECT *\nFROM `...', Array, false)
#3 D:\RamsAPI-localtestlive\CandourAutoTech\cat_rams_v2_api\system\Model.php(264): CodeIgniter\Database\BaseBuilder->get()
#4 D:\RamsAPI-localtestlive\CandourAutoTech\cat_rams_v2_api\system\BaseModel.php(662): CodeIgniter\Model->doFirst()
#5 D:\RamsAPI-localtestlive\CandourAutoTech\cat_rams_v2_api\app\Controllers\Payment\PaymentMasterController.php(348): CodeIgniter\BaseModel->first()
#6 D:\RamsAPI-localtestlive\CandourAutoTech\cat_rams_v2_api\system\CodeIgniter.php(919): App\Controllers\Payment\PaymentMasterController->initiatePayment()
#7 D:\RamsAPI-localtestlive\CandourAutoTech\cat_rams_v2_api\system\CodeIgniter.php(494): CodeIgniter\CodeIgniter->runController(Object(App\Controllers\Payment\PaymentMasterController))
#8 D:\RamsAPI-localtestlive\CandourAutoTech\cat_rams_v2_api\system\CodeIgniter.php(353): CodeIgniter\CodeIgniter->handleRequest(NULL, Object(Config\Cache), false)
#9 D:\RamsAPI-localtestlive\CandourAutoTech\cat_rams_v2_api\public\index.php(79): CodeIgniter\CodeIgniter->run()
#10 D:\RamsAPI-localtestlive\CandourAutoTech\cat_rams_v2_api\system\Commands\Server\rewrite.php(47): require_once('D:\\RamsAPI-loca...')
#11 {main}
CRITICAL - 2024-05-01 12:55:48 --> Unable to connect to the database.
Main connection [MySQLi]: No connection could be made because the target machine actively refused it
in SYSTEMPATH\Database\BaseConnection.php on line 427.
 1 SYSTEMPATH\Database\BaseConnection.php(574): CodeIgniter\Database\BaseConnection->initialize()
 2 SYSTEMPATH\Database\BaseBuilder.php(1615): CodeIgniter\Database\BaseConnection->query('SELECT *
FROM `users`
WHERE `us_id` = :us_id:
AND `us_delete_flag` = :us_delete_flag:
 LIMIT 1', [...], false)
 3 SYSTEMPATH\Model.php(264): CodeIgniter\Database\BaseBuilder->get()
 4 SYSTEMPATH\BaseModel.php(662): CodeIgniter\Model->doFirst()
 5 APPPATH\Controllers\Payment\PaymentMasterController.php(348): CodeIgniter\BaseModel->first()
 6 SYSTEMPATH\CodeIgniter.php(919): App\Controllers\Payment\PaymentMasterController->initiatePayment()
 7 SYSTEMPATH\CodeIgniter.php(494): CodeIgniter\CodeIgniter->runController(Object(App\Controllers\Payment\PaymentMasterController))
 8 SYSTEMPATH\CodeIgniter.php(353): CodeIgniter\CodeIgniter->handleRequest(null, Object(Config\Cache), false)
 9 FCPATH\index.php(79): CodeIgniter\CodeIgniter->run()
10 SYSTEMPATH\Commands\Server\rewrite.php(47): require_once('D:\\RamsAPI-localtestlive\\CandourAutoTech\\cat_rams_v2_api\\public\\index.php')
CRITICAL - 2024-05-01 14:49:53 --> Maximum execution time of 60 seconds exceeded
in SYSTEMPATH\Debug\Exceptions.php on line 192.
 1 [internal function]: CodeIgniter\Debug\Exceptions->shutdownHandler()
CRITICAL - 2024-05-01 11:43:54 --> Class "Locale" not found
in SYSTEMPATH\CodeIgniter.php on line 214.
 1 ROOTPATH\spark(88): CodeIgniter\CodeIgniter->initialize()
CRITICAL - 2024-05-01 11:43:56 --> Uncaught Error: Class "Locale" not found in D:\RamsAPI-localtestlive\CandourAutoTech\cat_rams_v2_api\system\I18n\TimeTrait.php:74
Stack trace:
#0 D:\RamsAPI-localtestlive\CandourAutoTech\cat_rams_v2_api\system\I18n\TimeTrait.php(115): CodeIgniter\I18n\Time->__construct(NULL, NULL, NULL)
#1 D:\RamsAPI-localtestlive\CandourAutoTech\cat_rams_v2_api\system\HTTP\ResponseTrait.php(468): CodeIgniter\I18n\Time::now()
#2 D:\RamsAPI-localtestlive\CandourAutoTech\cat_rams_v2_api\system\HTTP\ResponseTrait.php(446): CodeIgniter\HTTP\Response->sendHeaders()
#3 D:\RamsAPI-localtestlive\CandourAutoTech\cat_rams_v2_api\system\Debug\ExceptionHandler.php(78): CodeIgniter\HTTP\Response->send()
#4 D:\RamsAPI-localtestlive\CandourAutoTech\cat_rams_v2_api\system\Debug\Exceptions.php(146): CodeIgniter\Debug\ExceptionHandler->handle(Object(Error), Object(CodeIgniter\HTTP\IncomingRequest), Object(CodeIgniter\HTTP\Response), 500, 1)
#5 [internal function]: CodeIgniter\Debug\Exceptions->exceptionHandler(Object(Error))
#6 {main}
  thrown
【Previous Exception】
Error
Class "Locale" not found
#0 D:\RamsAPI-localtestlive\CandourAutoTech\cat_rams_v2_api\spark(88): CodeIgniter\CodeIgniter->initialize()
#1 {main}
in SYSTEMPATH\I18n\TimeTrait.php on line 74.
 1 [internal function]: CodeIgniter\Debug\Exceptions->shutdownHandler()
CRITICAL - 2024-05-01 15:18:15 --> include_once(easebuzz-lib/easebuzz_payment_gateway.php): Failed to open stream: No such file or directory
in APPPATH\Controllers\Payment\PaymentMasterController.php on line 391.
 1 APPPATH\Controllers\Payment\PaymentMasterController.php(391): CodeIgniter\Debug\Exceptions->errorHandler(2, 'include_once(easebuzz-lib/easebuzz_payment_gateway.php): Failed to open stream: No such file or directory', 'D:\\RamsAPI-localtestlive\\CandourAutoTech\\cat_rams_v2_api\\app\\Controllers\\Payment\\PaymentMasterController.php', 391)
 2 APPPATH\Controllers\Payment\PaymentMasterController.php(391): include_once()
 3 SYSTEMPATH\CodeIgniter.php(919): App\Controllers\Payment\PaymentMasterController->initiatePayment()
 4 SYSTEMPATH\CodeIgniter.php(494): CodeIgniter\CodeIgniter->runController(Object(App\Controllers\Payment\PaymentMasterController))
 5 SYSTEMPATH\CodeIgniter.php(353): CodeIgniter\CodeIgniter->handleRequest(null, Object(Config\Cache), false)
 6 FCPATH\index.php(79): CodeIgniter\CodeIgniter->run()
 7 SYSTEMPATH\Commands\Server\rewrite.php(47): require_once('D:\\RamsAPI-localtestlive\\CandourAutoTech\\cat_rams_v2_api\\public\\index.php')
CRITICAL - 2024-05-01 15:19:14 --> include_once(ThirdParty/easebuzz-lib/easebuzz_payment_gateway.php): Failed to open stream: No such file or directory
in APPPATH\Controllers\Payment\PaymentMasterController.php on line 391.
 1 APPPATH\Controllers\Payment\PaymentMasterController.php(391): CodeIgniter\Debug\Exceptions->errorHandler(2, 'include_once(ThirdParty/easebuzz-lib/easebuzz_payment_gateway.php): Failed to open stream: No such file or directory', 'D:\\RamsAPI-localtestlive\\CandourAutoTech\\cat_rams_v2_api\\app\\Controllers\\Payment\\PaymentMasterController.php', 391)
 2 APPPATH\Controllers\Payment\PaymentMasterController.php(391): include_once()
 3 SYSTEMPATH\CodeIgniter.php(919): App\Controllers\Payment\PaymentMasterController->initiatePayment()
 4 SYSTEMPATH\CodeIgniter.php(494): CodeIgniter\CodeIgniter->runController(Object(App\Controllers\Payment\PaymentMasterController))
 5 SYSTEMPATH\CodeIgniter.php(353): CodeIgniter\CodeIgniter->handleRequest(null, Object(Config\Cache), false)
 6 FCPATH\index.php(79): CodeIgniter\CodeIgniter->run()
 7 SYSTEMPATH\Commands\Server\rewrite.php(47): require_once('D:\\RamsAPI-localtestlive\\CandourAutoTech\\cat_rams_v2_api\\public\\index.php')
CRITICAL - 2024-05-01 15:19:34 --> Class "Easebuzz" not found
in APPPATH\Controllers\Payment\PaymentMasterController.php on line 398.
 1 SYSTEMPATH\CodeIgniter.php(919): App\Controllers\Payment\PaymentMasterController->initiatePayment()
 2 SYSTEMPATH\CodeIgniter.php(494): CodeIgniter\CodeIgniter->runController(Object(App\Controllers\Payment\PaymentMasterController))
 3 SYSTEMPATH\CodeIgniter.php(353): CodeIgniter\CodeIgniter->handleRequest(null, Object(Config\Cache), false)
 4 FCPATH\index.php(79): CodeIgniter\CodeIgniter->run()
 5 SYSTEMPATH\Commands\Server\rewrite.php(47): require_once('D:\\RamsAPI-localtestlive\\CandourAutoTech\\cat_rams_v2_api\\public\\index.php')
CRITICAL - 2024-05-01 15:19:47 --> Class "Easebuzz" not found
in APPPATH\Controllers\Payment\PaymentMasterController.php on line 398.
 1 SYSTEMPATH\CodeIgniter.php(919): App\Controllers\Payment\PaymentMasterController->initiatePayment()
 2 SYSTEMPATH\CodeIgniter.php(494): CodeIgniter\CodeIgniter->runController(Object(App\Controllers\Payment\PaymentMasterController))
 3 SYSTEMPATH\CodeIgniter.php(353): CodeIgniter\CodeIgniter->handleRequest(null, Object(Config\Cache), false)
 4 FCPATH\index.php(79): CodeIgniter\CodeIgniter->run()
 5 SYSTEMPATH\Commands\Server\rewrite.php(47): require_once('D:\\RamsAPI-localtestlive\\CandourAutoTech\\cat_rams_v2_api\\public\\index.php')
CRITICAL - 2024-05-01 15:22:45 --> include_once(D:\RamsAPI-localtestlive\CandourAutoTech\cat_rams_v2_api\public\app/ThirdParty/easebuzz-lib/easebuzz_payment_gateway.php): Failed to open stream: No such file or directory
in APPPATH\Controllers\Payment\PaymentMasterController.php on line 391.
 1 APPPATH\Controllers\Payment\PaymentMasterController.php(391): CodeIgniter\Debug\Exceptions->errorHandler(2, 'include_once(D:\\RamsAPI-localtestlive\\CandourAutoTech\\cat_rams_v2_api\\public\\app/ThirdParty/easebuzz-lib/easebuzz_payment_gateway.php): Failed to open stream: No such file or directory', 'D:\\RamsAPI-localtestlive\\CandourAutoTech\\cat_rams_v2_api\\app\\Controllers\\Payment\\PaymentMasterController.php', 391)
 2 APPPATH\Controllers\Payment\PaymentMasterController.php(391): include_once()
 3 SYSTEMPATH\CodeIgniter.php(919): App\Controllers\Payment\PaymentMasterController->initiatePayment()
 4 SYSTEMPATH\CodeIgniter.php(494): CodeIgniter\CodeIgniter->runController(Object(App\Controllers\Payment\PaymentMasterController))
 5 SYSTEMPATH\CodeIgniter.php(353): CodeIgniter\CodeIgniter->handleRequest(null, Object(Config\Cache), false)
 6 FCPATH\index.php(79): CodeIgniter\CodeIgniter->run()
 7 SYSTEMPATH\Commands\Server\rewrite.php(47): require_once('D:\\RamsAPI-localtestlive\\CandourAutoTech\\cat_rams_v2_api\\public\\index.php')
CRITICAL - 2024-05-01 15:23:25 --> include_once(D:\RamsAPI-localtestlive\CandourAutoTech\cat_rams_v2_api\public\app/ThirdParty/easebuzz-lib/easebuzz_payment_gateway.php): Failed to open stream: No such file or directory
in APPPATH\Controllers\Payment\PaymentMasterController.php on line 391.
 1 APPPATH\Controllers\Payment\PaymentMasterController.php(391): CodeIgniter\Debug\Exceptions->errorHandler(2, 'include_once(D:\\RamsAPI-localtestlive\\CandourAutoTech\\cat_rams_v2_api\\public\\app/ThirdParty/easebuzz-lib/easebuzz_payment_gateway.php): Failed to open stream: No such file or directory', 'D:\\RamsAPI-localtestlive\\CandourAutoTech\\cat_rams_v2_api\\app\\Controllers\\Payment\\PaymentMasterController.php', 391)
 2 APPPATH\Controllers\Payment\PaymentMasterController.php(391): include_once()
 3 SYSTEMPATH\CodeIgniter.php(919): App\Controllers\Payment\PaymentMasterController->initiatePayment()
 4 SYSTEMPATH\CodeIgniter.php(494): CodeIgniter\CodeIgniter->runController(Object(App\Controllers\Payment\PaymentMasterController))
 5 SYSTEMPATH\CodeIgniter.php(353): CodeIgniter\CodeIgniter->handleRequest(null, Object(Config\Cache), false)
 6 FCPATH\index.php(79): CodeIgniter\CodeIgniter->run()
 7 SYSTEMPATH\Commands\Server\rewrite.php(47): require_once('D:\\RamsAPI-localtestlive\\CandourAutoTech\\cat_rams_v2_api\\public\\index.php')
CRITICAL - 2024-05-01 15:24:43 --> include_once(D:\RamsAPI-localtestlive\CandourAutoTech\cat_rams_v2_api\public\app\ThirdParty\easebuzz-lib\easebuzz_payment_gateway.php): Failed to open stream: No such file or directory
in APPPATH\Controllers\Payment\PaymentMasterController.php on line 391.
 1 APPPATH\Controllers\Payment\PaymentMasterController.php(391): CodeIgniter\Debug\Exceptions->errorHandler(2, 'include_once(D:\\RamsAPI-localtestlive\\CandourAutoTech\\cat_rams_v2_api\\public\\app\\ThirdParty\\easebuzz-lib\\easebuzz_payment_gateway.php): Failed to open stream: No such file or directory', 'D:\\RamsAPI-localtestlive\\CandourAutoTech\\cat_rams_v2_api\\app\\Controllers\\Payment\\PaymentMasterController.php', 391)
 2 APPPATH\Controllers\Payment\PaymentMasterController.php(391): include_once()
 3 SYSTEMPATH\CodeIgniter.php(919): App\Controllers\Payment\PaymentMasterController->initiatePayment()
 4 SYSTEMPATH\CodeIgniter.php(494): CodeIgniter\CodeIgniter->runController(Object(App\Controllers\Payment\PaymentMasterController))
 5 SYSTEMPATH\CodeIgniter.php(353): CodeIgniter\CodeIgniter->handleRequest(null, Object(Config\Cache), false)
 6 FCPATH\index.php(79): CodeIgniter\CodeIgniter->run()
 7 SYSTEMPATH\Commands\Server\rewrite.php(47): require_once('D:\\RamsAPI-localtestlive\\CandourAutoTech\\cat_rams_v2_api\\public\\index.php')
CRITICAL - 2024-05-01 15:25:48 --> Cannot redeclare response() (previously declared in D:\RamsAPI-localtestlive\CandourAutoTech\cat_rams_v2_api\system\Common.php:957)
in APPPATH\ThirdParty\easebuzz-lib\payment.php on line 739.
 1 [internal function]: CodeIgniter\Debug\Exceptions->shutdownHandler()
CRITICAL - 2024-05-01 15:26:07 --> Cannot redeclare response() (previously declared in D:\RamsAPI-localtestlive\CandourAutoTech\cat_rams_v2_api\system\Common.php:957)
in APPPATH\ThirdParty\easebuzz-lib\payment.php on line 739.
 1 [internal function]: CodeIgniter\Debug\Exceptions->shutdownHandler()
CRITICAL - 2024-05-01 15:26:57 --> Cannot redeclare response() (previously declared in D:\RamsAPI-localtestlive\CandourAutoTech\cat_rams_v2_api\system\Common.php:957)
in APPPATH\ThirdParty\easebuzz-lib\payment.php on line 739.
 1 [internal function]: CodeIgniter\Debug\Exceptions->shutdownHandler()
CRITICAL - 2024-05-01 15:27:00 --> Cannot redeclare response() (previously declared in D:\RamsAPI-localtestlive\CandourAutoTech\cat_rams_v2_api\system\Common.php:957)
in APPPATH\ThirdParty\easebuzz-lib\payment.php on line 739.
 1 [internal function]: CodeIgniter\Debug\Exceptions->shutdownHandler()
CRITICAL - 2024-05-01 15:35:36 --> Cannot redeclare response() (previously declared in D:\RamsAPI-localtestlive\CandourAutoTech\cat_rams_v2_api\system\Common.php:957)
in APPPATH\ThirdParty\easebuzz-lib\payment.php on line 739.
 1 [internal function]: CodeIgniter\Debug\Exceptions->shutdownHandler()
CRITICAL - 2024-05-01 15:35:40 --> Cannot redeclare response() (previously declared in D:\RamsAPI-localtestlive\CandourAutoTech\cat_rams_v2_api\system\Common.php:957)
in APPPATH\ThirdParty\easebuzz-lib\payment.php on line 739.
 1 [internal function]: CodeIgniter\Debug\Exceptions->shutdownHandler()
CRITICAL - 2024-05-01 15:35:43 --> Cannot redeclare response() (previously declared in D:\RamsAPI-localtestlive\CandourAutoTech\cat_rams_v2_api\system\Common.php:957)
in APPPATH\ThirdParty\easebuzz-lib\payment.php on line 739.
 1 [internal function]: CodeIgniter\Debug\Exceptions->shutdownHandler()
CRITICAL - 2024-05-01 16:18:45 --> Cannot redeclare response() (previously declared in D:\RamsAPI-localtestlive\CandourAutoTech\cat_rams_v2_api\system\Common.php:957)
in APPPATH\ThirdParty\easebuzz-lib\payment.php on line 739.
 1 [internal function]: CodeIgniter\Debug\Exceptions->shutdownHandler()
CRITICAL - 2024-05-01 16:19:08 --> Cannot redeclare response() (previously declared in D:\RamsAPI-localtestlive\CandourAutoTech\cat_rams_v2_api\system\Common.php:957)
in APPPATH\ThirdParty\easebuzz-lib\payment.php on line 739.
 1 [internal function]: CodeIgniter\Debug\Exceptions->shutdownHandler()
CRITICAL - 2024-05-01 16:19:50 --> Cannot redeclare response() (previously declared in D:\RamsAPI-localtestlive\CandourAutoTech\cat_rams_v2_api\system\Common.php:957)
in APPPATH\ThirdParty\easebuzz-lib\payment.php on line 739.
 1 [internal function]: CodeIgniter\Debug\Exceptions->shutdownHandler()
CRITICAL - 2024-05-01 16:25:46 --> Cannot redeclare response() (previously declared in D:\RamsAPI-localtestlive\CandourAutoTech\cat_rams_v2_api\system\Common.php:957)
in APPPATH\ThirdParty\easebuzz-lib\payment.php on line 739.
 1 [internal function]: CodeIgniter\Debug\Exceptions->shutdownHandler()
CRITICAL - 2024-05-01 16:29:41 --> Cannot redeclare response() (previously declared in D:\RamsAPI-localtestlive\CandourAutoTech\cat_rams_v2_api\system\Common.php:957)
in APPPATH\ThirdParty\easebuzz-lib\payment.php on line 739.
 1 [internal function]: CodeIgniter\Debug\Exceptions->shutdownHandler()
CRITICAL - 2024-05-01 17:28:20 --> Undefined array key "udf8"
in APPPATH\Config\Commonutils.php on line 204.
 1 APPPATH\Config\Commonutils.php(204): CodeIgniter\Debug\Exceptions->errorHandler(2, 'Undefined array key "udf8"', 'D:\\RamsAPI-localtestlive\\CandourAutoTech\\cat_rams_v2_api\\app\\Config\\Commonutils.php', 204)
 2 APPPATH\Controllers\Payment\PaymentMasterController.php(406): Config\Commonutils->genearate_key([...], 'BQ1V2ZO0P')
 3 SYSTEMPATH\CodeIgniter.php(919): App\Controllers\Payment\PaymentMasterController->initiatePayment()
 4 SYSTEMPATH\CodeIgniter.php(494): CodeIgniter\CodeIgniter->runController(Object(App\Controllers\Payment\PaymentMasterController))
 5 SYSTEMPATH\CodeIgniter.php(353): CodeIgniter\CodeIgniter->handleRequest(null, Object(Config\Cache), false)
 6 FCPATH\index.php(79): CodeIgniter\CodeIgniter->run()
 7 SYSTEMPATH\Commands\Server\rewrite.php(47): require_once('D:\\RamsAPI-localtestlive\\CandourAutoTech\\cat_rams_v2_api\\public\\index.php')
CRITICAL - 2024-05-01 17:33:32 --> Cannot access offset of type string on string
in APPPATH\Controllers\Payment\PaymentMasterController.php on line 446.
 1 SYSTEMPATH\CodeIgniter.php(919): App\Controllers\Payment\PaymentMasterController->initiatePayment()
 2 SYSTEMPATH\CodeIgniter.php(494): CodeIgniter\CodeIgniter->runController(Object(App\Controllers\Payment\PaymentMasterController))
 3 SYSTEMPATH\CodeIgniter.php(353): CodeIgniter\CodeIgniter->handleRequest(null, Object(Config\Cache), false)
 4 FCPATH\index.php(79): CodeIgniter\CodeIgniter->run()
 5 SYSTEMPATH\Commands\Server\rewrite.php(47): require_once('D:\\RamsAPI-localtestlive\\CandourAutoTech\\cat_rams_v2_api\\public\\index.php')
CRITICAL - 2024-05-01 17:51:09 --> Undefined array key "access_token"
in APPPATH\Controllers\Payment\PaymentMasterController.php on line 434.
 1 APPPATH\Controllers\Payment\PaymentMasterController.php(434): CodeIgniter\Debug\Exceptions->errorHandler(2, 'Undefined array key "access_token"', 'D:\\RamsAPI-localtestlive\\CandourAutoTech\\cat_rams_v2_api\\app\\Controllers\\Payment\\PaymentMasterController.php', 434)
 2 SYSTEMPATH\CodeIgniter.php(919): App\Controllers\Payment\PaymentMasterController->initiatePayment()
 3 SYSTEMPATH\CodeIgniter.php(494): CodeIgniter\CodeIgniter->runController(Object(App\Controllers\Payment\PaymentMasterController))
 4 SYSTEMPATH\CodeIgniter.php(353): CodeIgniter\CodeIgniter->handleRequest(null, Object(Config\Cache), false)
 5 FCPATH\index.php(79): CodeIgniter\CodeIgniter->run()
 6 SYSTEMPATH\Commands\Server\rewrite.php(47): require_once('D:\\RamsAPI-localtestlive\\CandourAutoTech\\cat_rams_v2_api\\public\\index.php')
CRITICAL - 2024-05-01 17:51:32 --> Undefined array key "access_token"
in APPPATH\Controllers\Payment\PaymentMasterController.php on line 434.
 1 APPPATH\Controllers\Payment\PaymentMasterController.php(434): CodeIgniter\Debug\Exceptions->errorHandler(2, 'Undefined array key "access_token"', 'D:\\RamsAPI-localtestlive\\CandourAutoTech\\cat_rams_v2_api\\app\\Controllers\\Payment\\PaymentMasterController.php', 434)
 2 SYSTEMPATH\CodeIgniter.php(919): App\Controllers\Payment\PaymentMasterController->initiatePayment()
 3 SYSTEMPATH\CodeIgniter.php(494): CodeIgniter\CodeIgniter->runController(Object(App\Controllers\Payment\PaymentMasterController))
 4 SYSTEMPATH\CodeIgniter.php(353): CodeIgniter\CodeIgniter->handleRequest(null, Object(Config\Cache), false)
 5 FCPATH\index.php(79): CodeIgniter\CodeIgniter->run()
 6 SYSTEMPATH\Commands\Server\rewrite.php(47): require_once('D:\\RamsAPI-localtestlive\\CandourAutoTech\\cat_rams_v2_api\\public\\index.php')
