CRITICAL - 2023-11-05 08:17:10 --> Key material must be a string, resource, or OpenSSLAsymmetricKey
in VENDORPATH\firebase\php-jwt\src\Key.php on line 31.
 1 APPPATH\Config\Commonutils.php(29): Firebase\JWT\Key->__construct(false, 'HS256')
 2 APPPATH\Controllers\ServiceRequest\ServiceRequestMasterController.php(332): Config\Commonutils->decode_jwt_token('null')
 3 SYSTEMPATH\CodeIgniter.php(919): App\Controllers\ServiceRequest\ServiceRequestMasterController->imageupload()
 4 SYSTEMPATH\CodeIgniter.php(494): CodeIgniter\CodeIgniter->runController(Object(App\Controllers\ServiceRequest\ServiceRequestMasterController))
 5 SYSTEMPATH\CodeIgniter.php(353): CodeIgniter\CodeIgniter->handleRequest(null, Object(Config\Cache), false)
 6 FCPATH\index.php(87): CodeIgniter\CodeIgniter->run()
 7 SYSTEMPATH\Commands\Server\rewrite.php(47): require_once('C:\\CandourAutoTech\\cat_rams_v2_api\\public\\index.php')
CRITICAL - 2023-11-05 08:32:38 --> Key material must be a string, resource, or OpenSSLAsymmetricKey
in VENDORPATH\firebase\php-jwt\src\Key.php on line 31.
 1 APPPATH\Config\Commonutils.php(29): Firebase\JWT\Key->__construct(false, 'HS256')
 2 APPPATH\Controllers\ServiceRequest\ServiceRequestMasterController.php(332): Config\Commonutils->decode_jwt_token('eyJ0eXAiOiJKV1QiLCJhbGciOiJIUzI1NiJ9.eyJpc3MiOiJEaWdpdGFsIFNlcnZpY2UiLCJhdWQiOiJjdXN0b21lciIsInN1YiI6IkN1c3RvbWVyIHZlcmlmaWNhdGlvbiIsImlhdCI6MTY5OTE3Mjc4NiwidWlkIjozfQ.CMtFijnoKAXv-wnfP11EWImV07OHfqXlwGlDHiDgieg')
 3 SYSTEMPATH\CodeIgniter.php(919): App\Controllers\ServiceRequest\ServiceRequestMasterController->imageupload()
 4 SYSTEMPATH\CodeIgniter.php(494): CodeIgniter\CodeIgniter->runController(Object(App\Controllers\ServiceRequest\ServiceRequestMasterController))
 5 SYSTEMPATH\CodeIgniter.php(353): CodeIgniter\CodeIgniter->handleRequest(null, Object(Config\Cache), false)
 6 FCPATH\index.php(87): CodeIgniter\CodeIgniter->run()
 7 SYSTEMPATH\Commands\Server\rewrite.php(47): require_once('C:\\CandourAutoTech\\cat_rams_v2_api\\public\\index.php')
CRITICAL - 2023-11-05 08:34:00 --> Undefined array key "Authorization"
in APPPATH\Controllers\ServiceRequest\ServiceRequestMasterController.php on line 332.
 1 APPPATH\Controllers\ServiceRequest\ServiceRequestMasterController.php(332): CodeIgniter\Debug\Exceptions->errorHandler(2, 'Undefined array key "Authorization"', 'C:\\CandourAutoTech\\cat_rams_v2_api\\app\\Controllers\\ServiceRequest\\ServiceRequestMasterController.php', 332)
 2 SYSTEMPATH\CodeIgniter.php(919): App\Controllers\ServiceRequest\ServiceRequestMasterController->imageupload()
 3 SYSTEMPATH\CodeIgniter.php(494): CodeIgniter\CodeIgniter->runController(Object(App\Controllers\ServiceRequest\ServiceRequestMasterController))
 4 SYSTEMPATH\CodeIgniter.php(353): CodeIgniter\CodeIgniter->handleRequest(null, Object(Config\Cache), false)
 5 FCPATH\index.php(87): CodeIgniter\CodeIgniter->run()
 6 SYSTEMPATH\Commands\Server\rewrite.php(47): require_once('C:\\CandourAutoTech\\cat_rams_v2_api\\public\\index.php')
CRITICAL - 2023-11-05 08:35:05 --> Undefined array key "Authorization"
in APPPATH\Controllers\ServiceRequest\ServiceRequestMasterController.php on line 333.
 1 APPPATH\Controllers\ServiceRequest\ServiceRequestMasterController.php(333): CodeIgniter\Debug\Exceptions->errorHandler(2, 'Undefined array key "Authorization"', 'C:\\CandourAutoTech\\cat_rams_v2_api\\app\\Controllers\\ServiceRequest\\ServiceRequestMasterController.php', 333)
 2 SYSTEMPATH\CodeIgniter.php(919): App\Controllers\ServiceRequest\ServiceRequestMasterController->imageupload()
 3 SYSTEMPATH\CodeIgniter.php(494): CodeIgniter\CodeIgniter->runController(Object(App\Controllers\ServiceRequest\ServiceRequestMasterController))
 4 SYSTEMPATH\CodeIgniter.php(353): CodeIgniter\CodeIgniter->handleRequest(null, Object(Config\Cache), false)
 5 FCPATH\index.php(87): CodeIgniter\CodeIgniter->run()
 6 SYSTEMPATH\Commands\Server\rewrite.php(47): require_once('C:\\CandourAutoTech\\cat_rams_v2_api\\public\\index.php')
CRITICAL - 2023-11-05 08:37:50 --> Undefined array key "Authorization"
in APPPATH\Controllers\ServiceRequest\ServiceRequestMasterController.php on line 333.
 1 APPPATH\Controllers\ServiceRequest\ServiceRequestMasterController.php(333): CodeIgniter\Debug\Exceptions->errorHandler(2, 'Undefined array key "Authorization"', 'C:\\CandourAutoTech\\cat_rams_v2_api\\app\\Controllers\\ServiceRequest\\ServiceRequestMasterController.php', 333)
 2 SYSTEMPATH\CodeIgniter.php(919): App\Controllers\ServiceRequest\ServiceRequestMasterController->imageupload()
 3 SYSTEMPATH\CodeIgniter.php(494): CodeIgniter\CodeIgniter->runController(Object(App\Controllers\ServiceRequest\ServiceRequestMasterController))
 4 SYSTEMPATH\CodeIgniter.php(353): CodeIgniter\CodeIgniter->handleRequest(null, Object(Config\Cache), false)
 5 FCPATH\index.php(87): CodeIgniter\CodeIgniter->run()
 6 SYSTEMPATH\Commands\Server\rewrite.php(47): require_once('C:\\CandourAutoTech\\cat_rams_v2_api\\public\\index.php')
ERROR - 2023-11-05 08:58:04 --> mysqli_sql_exception: Unknown column 'sitem_serid' in 'on clause' in C:\CandourAutoTech\cat_rams_v2_api\system\Database\MySQLi\Connection.php:306
Stack trace:
#0 C:\CandourAutoTech\cat_rams_v2_api\system\Database\MySQLi\Connection.php(306): mysqli->query('SELECT *\nFROM `...', 0)
#1 C:\CandourAutoTech\cat_rams_v2_api\system\Database\BaseConnection.php(692): CodeIgniter\Database\MySQLi\Connection->execute('SELECT *\nFROM `...')
#2 C:\CandourAutoTech\cat_rams_v2_api\system\Database\BaseConnection.php(606): CodeIgniter\Database\BaseConnection->simpleQuery('SELECT *\nFROM `...')
#3 C:\CandourAutoTech\cat_rams_v2_api\system\Database\BaseBuilder.php(1615): CodeIgniter\Database\BaseConnection->query('SELECT *\nFROM `...', Array, false)
#4 C:\CandourAutoTech\cat_rams_v2_api\system\Model.php(264): CodeIgniter\Database\BaseBuilder->get()
#5 C:\CandourAutoTech\cat_rams_v2_api\system\BaseModel.php(662): CodeIgniter\Model->doFirst()
#6 C:\CandourAutoTech\cat_rams_v2_api\app\Controllers\ServiceRequest\ServiceRequestMasterController.php(54): CodeIgniter\BaseModel->first()
#7 C:\CandourAutoTech\cat_rams_v2_api\system\CodeIgniter.php(919): App\Controllers\ServiceRequest\ServiceRequestMasterController->show('[object Object]')
#8 C:\CandourAutoTech\cat_rams_v2_api\system\CodeIgniter.php(494): CodeIgniter\CodeIgniter->runController(Object(App\Controllers\ServiceRequest\ServiceRequestMasterController))
#9 C:\CandourAutoTech\cat_rams_v2_api\system\CodeIgniter.php(353): CodeIgniter\CodeIgniter->handleRequest(NULL, Object(Config\Cache), false)
#10 C:\CandourAutoTech\cat_rams_v2_api\public\index.php(87): CodeIgniter\CodeIgniter->run()
#11 C:\CandourAutoTech\cat_rams_v2_api\system\Commands\Server\rewrite.php(47): require_once('C:\\CandourAutoT...')
#12 {main}
CRITICAL - 2023-11-05 08:58:04 --> Unknown column 'sitem_serid' in 'on clause'
in SYSTEMPATH\Database\BaseConnection.php on line 646.
 1 SYSTEMPATH\Database\BaseBuilder.php(1615): CodeIgniter\Database\BaseConnection->query('SELECT *
FROM `servicerequest_master`
JOIN `customer_master` ON `cstm_id`=`serm_custid`
JOIN `servicerequest_items` ON `sitem_serid`=`serm_id`
WHERE `serm_deleteflag` = :serm_deleteflag:
AND `serm_id` = :serm_id:
 LIMIT 1', [...], false)
 2 SYSTEMPATH\Model.php(264): CodeIgniter\Database\BaseBuilder->get()
 3 SYSTEMPATH\BaseModel.php(662): CodeIgniter\Model->doFirst()
 4 APPPATH\Controllers\ServiceRequest\ServiceRequestMasterController.php(54): CodeIgniter\BaseModel->first()
 5 SYSTEMPATH\CodeIgniter.php(919): App\Controllers\ServiceRequest\ServiceRequestMasterController->show('[object Object]')
 6 SYSTEMPATH\CodeIgniter.php(494): CodeIgniter\CodeIgniter->runController(Object(App\Controllers\ServiceRequest\ServiceRequestMasterController))
 7 SYSTEMPATH\CodeIgniter.php(353): CodeIgniter\CodeIgniter->handleRequest(null, Object(Config\Cache), false)
 8 FCPATH\index.php(87): CodeIgniter\CodeIgniter->run()
 9 SYSTEMPATH\Commands\Server\rewrite.php(47): require_once('C:\\CandourAutoTech\\cat_rams_v2_api\\public\\index.php')
CRITICAL - 2023-11-05 08:58:04 --> Uncaught CodeIgniter\Format\Exceptions\FormatException: Failed to parse JSON string. Error: Malformed UTF-8 characters, possibly incorrectly encoded in C:\CandourAutoTech\cat_rams_v2_api\system\Format\JSONFormatter.php:41
Stack trace:
#0 C:\CandourAutoTech\cat_rams_v2_api\system\Format\JSONFormatter.php(41): CodeIgniter\Format\Exceptions\FormatException::forInvalidJSON('Malformed UTF-8...')
#1 C:\CandourAutoTech\cat_rams_v2_api\system\API\ResponseTrait.php(345): CodeIgniter\Format\JSONFormatter->format(Array)
#2 C:\CandourAutoTech\cat_rams_v2_api\system\API\ResponseTrait.php(98): CodeIgniter\Debug\ExceptionHandler->format(Array)
#3 C:\CandourAutoTech\cat_rams_v2_api\system\Debug\ExceptionHandler.php(78): CodeIgniter\Debug\ExceptionHandler->respond(Array, 500)
#4 C:\CandourAutoTech\cat_rams_v2_api\system\Debug\Exceptions.php(146): CodeIgniter\Debug\ExceptionHandler->handle(Object(mysqli_sql_exception), Object(CodeIgniter\HTTP\IncomingRequest), Object(CodeIgniter\HTTP\Response), 500, 8)
#5 [internal function]: CodeIgniter\Debug\Exceptions->exceptionHandler(Object(mysqli_sql_exception))
#6 {main}
  thrown
【Previous Exception】
CodeIgniter\Database\Exceptions\DatabaseException
Unknown column 'sitem_serid' in 'on clause'
#0 C:\CandourAutoTech\cat_rams_v2_api\system\Database\BaseBuilder.php(1615): CodeIgniter\Database\BaseConnection->query('SELECT *\nFROM `...', Array, false)
#1 C:\CandourAutoTech\cat_rams_v2_api\system\Model.php(264): CodeIgniter\Database\BaseBuilder->get()
#2 C:\CandourAutoTech\cat_rams_v2_api\system\BaseModel.php(662): CodeIgniter\Model->doFirst()
#3 C:\CandourAutoTech\cat_rams_v2_api\app\Controllers\ServiceRequest\ServiceRequestMasterController.php(54): CodeIgniter\BaseModel->first()
#4 C:\CandourAutoTech\cat_rams_v2_api\system\CodeIgniter.php(919): App\Controllers\ServiceRequest\ServiceRequestMasterController->show('[object Object]')
#5 C:\CandourAutoTech\cat_rams_v2_api\system\CodeIgniter.php(494): CodeIgniter\CodeIgniter->runController(Object(App\Controllers\ServiceRequest\ServiceRequestMasterController))
#6 C:\CandourAutoTech\cat_rams_v2_api\system\CodeIgniter.php(353): CodeIgniter\CodeIgniter->handleRequest(NULL, Object(Config\Cache), false)
#7 C:\CandourAutoTech\cat_rams_v2_api\public\index.php(87): CodeIgniter\CodeIgniter->run()
#8 C:\CandourAutoTech\cat_rams_v2_api\system\Commands\Server\rewrite.php(47): require_once('C:\\CandourAutoT...')
#9 {main}
in SYSTEMPATH\Format\JSONFormatter.php on line 41.
 1 [internal function]: CodeIgniter\Debug\Exceptions->shutdownHandler()
ERROR - 2023-11-05 08:59:21 --> mysqli_sql_exception: Unknown column 'sitem_serid' in 'on clause' in C:\CandourAutoTech\cat_rams_v2_api\system\Database\MySQLi\Connection.php:306
Stack trace:
#0 C:\CandourAutoTech\cat_rams_v2_api\system\Database\MySQLi\Connection.php(306): mysqli->query('SELECT *\nFROM `...', 0)
#1 C:\CandourAutoTech\cat_rams_v2_api\system\Database\BaseConnection.php(692): CodeIgniter\Database\MySQLi\Connection->execute('SELECT *\nFROM `...')
#2 C:\CandourAutoTech\cat_rams_v2_api\system\Database\BaseConnection.php(606): CodeIgniter\Database\BaseConnection->simpleQuery('SELECT *\nFROM `...')
#3 C:\CandourAutoTech\cat_rams_v2_api\system\Database\BaseBuilder.php(1615): CodeIgniter\Database\BaseConnection->query('SELECT *\nFROM `...', Array, false)
#4 C:\CandourAutoTech\cat_rams_v2_api\system\Model.php(264): CodeIgniter\Database\BaseBuilder->get()
#5 C:\CandourAutoTech\cat_rams_v2_api\system\BaseModel.php(662): CodeIgniter\Model->doFirst()
#6 C:\CandourAutoTech\cat_rams_v2_api\app\Controllers\ServiceRequest\ServiceRequestMasterController.php(54): CodeIgniter\BaseModel->first()
#7 C:\CandourAutoTech\cat_rams_v2_api\system\CodeIgniter.php(919): App\Controllers\ServiceRequest\ServiceRequestMasterController->show('[object Object]')
#8 C:\CandourAutoTech\cat_rams_v2_api\system\CodeIgniter.php(494): CodeIgniter\CodeIgniter->runController(Object(App\Controllers\ServiceRequest\ServiceRequestMasterController))
#9 C:\CandourAutoTech\cat_rams_v2_api\system\CodeIgniter.php(353): CodeIgniter\CodeIgniter->handleRequest(NULL, Object(Config\Cache), false)
#10 C:\CandourAutoTech\cat_rams_v2_api\public\index.php(87): CodeIgniter\CodeIgniter->run()
#11 C:\CandourAutoTech\cat_rams_v2_api\system\Commands\Server\rewrite.php(47): require_once('C:\\CandourAutoT...')
#12 {main}
CRITICAL - 2023-11-05 08:59:21 --> Unknown column 'sitem_serid' in 'on clause'
in SYSTEMPATH\Database\BaseConnection.php on line 646.
 1 SYSTEMPATH\Database\BaseBuilder.php(1615): CodeIgniter\Database\BaseConnection->query('SELECT *
FROM `servicerequest_master`
JOIN `customer_master` ON `cstm_id`=`serm_custid`
JOIN `servicerequest_items` ON `sitem_serid`=`serm_id`
WHERE `serm_deleteflag` = :serm_deleteflag:
AND `serm_id` = :serm_id:
 LIMIT 1', [...], false)
 2 SYSTEMPATH\Model.php(264): CodeIgniter\Database\BaseBuilder->get()
 3 SYSTEMPATH\BaseModel.php(662): CodeIgniter\Model->doFirst()
 4 APPPATH\Controllers\ServiceRequest\ServiceRequestMasterController.php(54): CodeIgniter\BaseModel->first()
 5 SYSTEMPATH\CodeIgniter.php(919): App\Controllers\ServiceRequest\ServiceRequestMasterController->show('[object Object]')
 6 SYSTEMPATH\CodeIgniter.php(494): CodeIgniter\CodeIgniter->runController(Object(App\Controllers\ServiceRequest\ServiceRequestMasterController))
 7 SYSTEMPATH\CodeIgniter.php(353): CodeIgniter\CodeIgniter->handleRequest(null, Object(Config\Cache), false)
 8 FCPATH\index.php(87): CodeIgniter\CodeIgniter->run()
 9 SYSTEMPATH\Commands\Server\rewrite.php(47): require_once('C:\\CandourAutoTech\\cat_rams_v2_api\\public\\index.php')
CRITICAL - 2023-11-05 08:59:21 --> Uncaught CodeIgniter\Format\Exceptions\FormatException: Failed to parse JSON string. Error: Malformed UTF-8 characters, possibly incorrectly encoded in C:\CandourAutoTech\cat_rams_v2_api\system\Format\JSONFormatter.php:41
Stack trace:
#0 C:\CandourAutoTech\cat_rams_v2_api\system\Format\JSONFormatter.php(41): CodeIgniter\Format\Exceptions\FormatException::forInvalidJSON('Malformed UTF-8...')
#1 C:\CandourAutoTech\cat_rams_v2_api\system\API\ResponseTrait.php(345): CodeIgniter\Format\JSONFormatter->format(Array)
#2 C:\CandourAutoTech\cat_rams_v2_api\system\API\ResponseTrait.php(98): CodeIgniter\Debug\ExceptionHandler->format(Array)
#3 C:\CandourAutoTech\cat_rams_v2_api\system\Debug\ExceptionHandler.php(78): CodeIgniter\Debug\ExceptionHandler->respond(Array, 500)
#4 C:\CandourAutoTech\cat_rams_v2_api\system\Debug\Exceptions.php(146): CodeIgniter\Debug\ExceptionHandler->handle(Object(mysqli_sql_exception), Object(CodeIgniter\HTTP\IncomingRequest), Object(CodeIgniter\HTTP\Response), 500, 8)
#5 [internal function]: CodeIgniter\Debug\Exceptions->exceptionHandler(Object(mysqli_sql_exception))
#6 {main}
  thrown
【Previous Exception】
CodeIgniter\Database\Exceptions\DatabaseException
Unknown column 'sitem_serid' in 'on clause'
#0 C:\CandourAutoTech\cat_rams_v2_api\system\Database\BaseBuilder.php(1615): CodeIgniter\Database\BaseConnection->query('SELECT *\nFROM `...', Array, false)
#1 C:\CandourAutoTech\cat_rams_v2_api\system\Model.php(264): CodeIgniter\Database\BaseBuilder->get()
#2 C:\CandourAutoTech\cat_rams_v2_api\system\BaseModel.php(662): CodeIgniter\Model->doFirst()
#3 C:\CandourAutoTech\cat_rams_v2_api\app\Controllers\ServiceRequest\ServiceRequestMasterController.php(54): CodeIgniter\BaseModel->first()
#4 C:\CandourAutoTech\cat_rams_v2_api\system\CodeIgniter.php(919): App\Controllers\ServiceRequest\ServiceRequestMasterController->show('[object Object]')
#5 C:\CandourAutoTech\cat_rams_v2_api\system\CodeIgniter.php(494): CodeIgniter\CodeIgniter->runController(Object(App\Controllers\ServiceRequest\ServiceRequestMasterController))
#6 C:\CandourAutoTech\cat_rams_v2_api\system\CodeIgniter.php(353): CodeIgniter\CodeIgniter->handleRequest(NULL, Object(Config\Cache), false)
#7 C:\CandourAutoTech\cat_rams_v2_api\public\index.php(87): CodeIgniter\CodeIgniter->run()
#8 C:\CandourAutoTech\cat_rams_v2_api\system\Commands\Server\rewrite.php(47): require_once('C:\\CandourAutoT...')
#9 {main}
in SYSTEMPATH\Format\JSONFormatter.php on line 41.
 1 [internal function]: CodeIgniter\Debug\Exceptions->shutdownHandler()
ERROR - 2023-11-05 08:59:45 --> mysqli_sql_exception: Unknown column 'sitem_serid' in 'on clause' in C:\CandourAutoTech\cat_rams_v2_api\system\Database\MySQLi\Connection.php:306
Stack trace:
#0 C:\CandourAutoTech\cat_rams_v2_api\system\Database\MySQLi\Connection.php(306): mysqli->query('SELECT *\nFROM `...', 0)
#1 C:\CandourAutoTech\cat_rams_v2_api\system\Database\BaseConnection.php(692): CodeIgniter\Database\MySQLi\Connection->execute('SELECT *\nFROM `...')
#2 C:\CandourAutoTech\cat_rams_v2_api\system\Database\BaseConnection.php(606): CodeIgniter\Database\BaseConnection->simpleQuery('SELECT *\nFROM `...')
#3 C:\CandourAutoTech\cat_rams_v2_api\system\Database\BaseBuilder.php(1615): CodeIgniter\Database\BaseConnection->query('SELECT *\nFROM `...', Array, false)
#4 C:\CandourAutoTech\cat_rams_v2_api\system\Model.php(264): CodeIgniter\Database\BaseBuilder->get()
#5 C:\CandourAutoTech\cat_rams_v2_api\system\BaseModel.php(662): CodeIgniter\Model->doFirst()
#6 C:\CandourAutoTech\cat_rams_v2_api\app\Controllers\ServiceRequest\ServiceRequestMasterController.php(54): CodeIgniter\BaseModel->first()
#7 C:\CandourAutoTech\cat_rams_v2_api\system\CodeIgniter.php(919): App\Controllers\ServiceRequest\ServiceRequestMasterController->show('MQ')
#8 C:\CandourAutoTech\cat_rams_v2_api\system\CodeIgniter.php(494): CodeIgniter\CodeIgniter->runController(Object(App\Controllers\ServiceRequest\ServiceRequestMasterController))
#9 C:\CandourAutoTech\cat_rams_v2_api\system\CodeIgniter.php(353): CodeIgniter\CodeIgniter->handleRequest(NULL, Object(Config\Cache), false)
#10 C:\CandourAutoTech\cat_rams_v2_api\public\index.php(87): CodeIgniter\CodeIgniter->run()
#11 C:\CandourAutoTech\cat_rams_v2_api\system\Commands\Server\rewrite.php(47): require_once('C:\\CandourAutoT...')
#12 {main}
CRITICAL - 2023-11-05 08:59:45 --> Unknown column 'sitem_serid' in 'on clause'
in SYSTEMPATH\Database\BaseConnection.php on line 646.
 1 SYSTEMPATH\Database\BaseBuilder.php(1615): CodeIgniter\Database\BaseConnection->query('SELECT *
FROM `servicerequest_master`
JOIN `customer_master` ON `cstm_id`=`serm_custid`
JOIN `servicerequest_items` ON `sitem_serid`=`serm_id`
WHERE `serm_deleteflag` = :serm_deleteflag:
AND `serm_id` = :serm_id:
 LIMIT 1', [...], false)
 2 SYSTEMPATH\Model.php(264): CodeIgniter\Database\BaseBuilder->get()
 3 SYSTEMPATH\BaseModel.php(662): CodeIgniter\Model->doFirst()
 4 APPPATH\Controllers\ServiceRequest\ServiceRequestMasterController.php(54): CodeIgniter\BaseModel->first()
 5 SYSTEMPATH\CodeIgniter.php(919): App\Controllers\ServiceRequest\ServiceRequestMasterController->show('MQ')
 6 SYSTEMPATH\CodeIgniter.php(494): CodeIgniter\CodeIgniter->runController(Object(App\Controllers\ServiceRequest\ServiceRequestMasterController))
 7 SYSTEMPATH\CodeIgniter.php(353): CodeIgniter\CodeIgniter->handleRequest(null, Object(Config\Cache), false)
 8 FCPATH\index.php(87): CodeIgniter\CodeIgniter->run()
 9 SYSTEMPATH\Commands\Server\rewrite.php(47): require_once('C:\\CandourAutoTech\\cat_rams_v2_api\\public\\index.php')
ERROR - 2023-11-05 08:59:49 --> mysqli_sql_exception: Unknown column 'sitem_serid' in 'on clause' in C:\CandourAutoTech\cat_rams_v2_api\system\Database\MySQLi\Connection.php:306
Stack trace:
#0 C:\CandourAutoTech\cat_rams_v2_api\system\Database\MySQLi\Connection.php(306): mysqli->query('SELECT *\nFROM `...', 0)
#1 C:\CandourAutoTech\cat_rams_v2_api\system\Database\BaseConnection.php(692): CodeIgniter\Database\MySQLi\Connection->execute('SELECT *\nFROM `...')
#2 C:\CandourAutoTech\cat_rams_v2_api\system\Database\BaseConnection.php(606): CodeIgniter\Database\BaseConnection->simpleQuery('SELECT *\nFROM `...')
#3 C:\CandourAutoTech\cat_rams_v2_api\system\Database\BaseBuilder.php(1615): CodeIgniter\Database\BaseConnection->query('SELECT *\nFROM `...', Array, false)
#4 C:\CandourAutoTech\cat_rams_v2_api\system\Model.php(264): CodeIgniter\Database\BaseBuilder->get()
#5 C:\CandourAutoTech\cat_rams_v2_api\system\BaseModel.php(662): CodeIgniter\Model->doFirst()
#6 C:\CandourAutoTech\cat_rams_v2_api\app\Controllers\ServiceRequest\ServiceRequestMasterController.php(54): CodeIgniter\BaseModel->first()
#7 C:\CandourAutoTech\cat_rams_v2_api\system\CodeIgniter.php(919): App\Controllers\ServiceRequest\ServiceRequestMasterController->show('MQ')
#8 C:\CandourAutoTech\cat_rams_v2_api\system\CodeIgniter.php(494): CodeIgniter\CodeIgniter->runController(Object(App\Controllers\ServiceRequest\ServiceRequestMasterController))
#9 C:\CandourAutoTech\cat_rams_v2_api\system\CodeIgniter.php(353): CodeIgniter\CodeIgniter->handleRequest(NULL, Object(Config\Cache), false)
#10 C:\CandourAutoTech\cat_rams_v2_api\public\index.php(87): CodeIgniter\CodeIgniter->run()
#11 C:\CandourAutoTech\cat_rams_v2_api\system\Commands\Server\rewrite.php(47): require_once('C:\\CandourAutoT...')
#12 {main}
CRITICAL - 2023-11-05 08:59:49 --> Unknown column 'sitem_serid' in 'on clause'
in SYSTEMPATH\Database\BaseConnection.php on line 646.
 1 SYSTEMPATH\Database\BaseBuilder.php(1615): CodeIgniter\Database\BaseConnection->query('SELECT *
FROM `servicerequest_master`
JOIN `customer_master` ON `cstm_id`=`serm_custid`
JOIN `servicerequest_items` ON `sitem_serid`=`serm_id`
WHERE `serm_deleteflag` = :serm_deleteflag:
AND `serm_id` = :serm_id:
 LIMIT 1', [...], false)
 2 SYSTEMPATH\Model.php(264): CodeIgniter\Database\BaseBuilder->get()
 3 SYSTEMPATH\BaseModel.php(662): CodeIgniter\Model->doFirst()
 4 APPPATH\Controllers\ServiceRequest\ServiceRequestMasterController.php(54): CodeIgniter\BaseModel->first()
 5 SYSTEMPATH\CodeIgniter.php(919): App\Controllers\ServiceRequest\ServiceRequestMasterController->show('MQ')
 6 SYSTEMPATH\CodeIgniter.php(494): CodeIgniter\CodeIgniter->runController(Object(App\Controllers\ServiceRequest\ServiceRequestMasterController))
 7 SYSTEMPATH\CodeIgniter.php(353): CodeIgniter\CodeIgniter->handleRequest(null, Object(Config\Cache), false)
 8 FCPATH\index.php(87): CodeIgniter\CodeIgniter->run()
 9 SYSTEMPATH\Commands\Server\rewrite.php(47): require_once('C:\\CandourAutoTech\\cat_rams_v2_api\\public\\index.php')
CRITICAL - 2023-11-05 10:18:33 --> Undefined variable $tool_req_fetch
in APPPATH\Controllers\ToolRequest\ToolRequestMasterController.php on line 741.
 1 APPPATH\Controllers\ToolRequest\ToolRequestMasterController.php(741): CodeIgniter\Debug\Exceptions->errorHandler(2, 'Undefined variable $tool_req_fetch', 'C:\\CandourAutoTech\\cat_rams_v2_api\\app\\Controllers\\ToolRequest\\ToolRequestMasterController.php', 741)
 2 SYSTEMPATH\CodeIgniter.php(919): App\Controllers\ToolRequest\ToolRequestMasterController->tool_req_details()
 3 SYSTEMPATH\CodeIgniter.php(494): CodeIgniter\CodeIgniter->runController(Object(App\Controllers\ToolRequest\ToolRequestMasterController))
 4 SYSTEMPATH\CodeIgniter.php(353): CodeIgniter\CodeIgniter->handleRequest(null, Object(Config\Cache), false)
 5 FCPATH\index.php(87): CodeIgniter\CodeIgniter->run()
 6 SYSTEMPATH\Commands\Server\rewrite.php(47): require_once('C:\\CandourAutoTech\\cat_rams_v2_api\\public\\index.php')
ERROR - 2023-11-05 10:32:30 --> mysqli_sql_exception: Unknown column 'tldt_paymt_flag' in 'field list' in C:\CandourAutoTech\cat_rams_v2_api\system\Database\MySQLi\Connection.php:306
Stack trace:
#0 C:\CandourAutoTech\cat_rams_v2_api\system\Database\MySQLi\Connection.php(306): mysqli->query('UPDATE `tool_re...', 0)
#1 C:\CandourAutoTech\cat_rams_v2_api\system\Database\BaseConnection.php(692): CodeIgniter\Database\MySQLi\Connection->execute('UPDATE `tool_re...')
#2 C:\CandourAutoTech\cat_rams_v2_api\system\Database\BaseConnection.php(606): CodeIgniter\Database\BaseConnection->simpleQuery('UPDATE `tool_re...')
#3 C:\CandourAutoTech\cat_rams_v2_api\system\Database\BaseBuilder.php(2475): CodeIgniter\Database\BaseConnection->query('UPDATE `tool_re...', Array, false)
#4 C:\CandourAutoTech\cat_rams_v2_api\system\Model.php(385): CodeIgniter\Database\BaseBuilder->update()
#5 C:\CandourAutoTech\cat_rams_v2_api\system\BaseModel.php(949): CodeIgniter\Model->doUpdate(Array, Array)
#6 C:\CandourAutoTech\cat_rams_v2_api\system\Model.php(776): CodeIgniter\BaseModel->update(Array, Array)
#7 C:\CandourAutoTech\cat_rams_v2_api\app\Controllers\ToolRequest\ToolRequestMasterController.php(971): CodeIgniter\Model->update('2', Array)
#8 C:\CandourAutoTech\cat_rams_v2_api\system\CodeIgniter.php(919): App\Controllers\ToolRequest\ToolRequestMasterController->status_master_controller()
#9 C:\CandourAutoTech\cat_rams_v2_api\system\CodeIgniter.php(494): CodeIgniter\CodeIgniter->runController(Object(App\Controllers\ToolRequest\ToolRequestMasterController))
#10 C:\CandourAutoTech\cat_rams_v2_api\system\CodeIgniter.php(353): CodeIgniter\CodeIgniter->handleRequest(NULL, Object(Config\Cache), false)
#11 C:\CandourAutoTech\cat_rams_v2_api\public\index.php(87): CodeIgniter\CodeIgniter->run()
#12 C:\CandourAutoTech\cat_rams_v2_api\system\Commands\Server\rewrite.php(47): require_once('C:\\CandourAutoT...')
#13 {main}
CRITICAL - 2023-11-05 10:32:30 --> Unknown column 'tldt_paymt_flag' in 'field list'
in SYSTEMPATH\Database\BaseConnection.php on line 646.
 1 SYSTEMPATH\Database\BaseBuilder.php(2475): CodeIgniter\Database\BaseConnection->query('UPDATE `tool_request_details` SET `tldt_paymt_flag` = :tldt_paymt_flag:
WHERE `tool_request_details`.`tldet_id` IN :tool_request_details.tldet_id:', [...], false)
 2 SYSTEMPATH\Model.php(385): CodeIgniter\Database\BaseBuilder->update()
 3 SYSTEMPATH\BaseModel.php(949): CodeIgniter\Model->doUpdate([...], [...])
 4 SYSTEMPATH\Model.php(776): CodeIgniter\BaseModel->update([...], [...])
 5 APPPATH\Controllers\ToolRequest\ToolRequestMasterController.php(971): CodeIgniter\Model->update('2', [...])
 6 SYSTEMPATH\CodeIgniter.php(919): App\Controllers\ToolRequest\ToolRequestMasterController->status_master_controller()
 7 SYSTEMPATH\CodeIgniter.php(494): CodeIgniter\CodeIgniter->runController(Object(App\Controllers\ToolRequest\ToolRequestMasterController))
 8 SYSTEMPATH\CodeIgniter.php(353): CodeIgniter\CodeIgniter->handleRequest(null, Object(Config\Cache), false)
 9 FCPATH\index.php(87): CodeIgniter\CodeIgniter->run()
10 SYSTEMPATH\Commands\Server\rewrite.php(47): require_once('C:\\CandourAutoTech\\cat_rams_v2_api\\public\\index.php')
CRITICAL - 2023-11-05 10:34:49 --> Undefined variable $next_status
in APPPATH\Controllers\ToolRequest\ToolRequestMasterController.php on line 934.
 1 APPPATH\Controllers\ToolRequest\ToolRequestMasterController.php(934): CodeIgniter\Debug\Exceptions->errorHandler(2, 'Undefined variable $next_status', 'C:\\CandourAutoTech\\cat_rams_v2_api\\app\\Controllers\\ToolRequest\\ToolRequestMasterController.php', 934)
 2 SYSTEMPATH\CodeIgniter.php(919): App\Controllers\ToolRequest\ToolRequestMasterController->status_master_controller()
 3 SYSTEMPATH\CodeIgniter.php(494): CodeIgniter\CodeIgniter->runController(Object(App\Controllers\ToolRequest\ToolRequestMasterController))
 4 SYSTEMPATH\CodeIgniter.php(353): CodeIgniter\CodeIgniter->handleRequest(null, Object(Config\Cache), false)
 5 FCPATH\index.php(87): CodeIgniter\CodeIgniter->run()
 6 SYSTEMPATH\Commands\Server\rewrite.php(47): require_once('C:\\CandourAutoTech\\cat_rams_v2_api\\public\\index.php')
CRITICAL - 2023-11-05 10:51:00 --> Call to a member function move() on null
in APPPATH\Controllers\ServiceRequest\ServiceRequestMasterController.php on line 360.
 1 SYSTEMPATH\CodeIgniter.php(919): App\Controllers\ServiceRequest\ServiceRequestMasterController->imageupload()
 2 SYSTEMPATH\CodeIgniter.php(494): CodeIgniter\CodeIgniter->runController(Object(App\Controllers\ServiceRequest\ServiceRequestMasterController))
 3 SYSTEMPATH\CodeIgniter.php(353): CodeIgniter\CodeIgniter->handleRequest(null, Object(Config\Cache), false)
 4 FCPATH\index.php(87): CodeIgniter\CodeIgniter->run()
 5 SYSTEMPATH\Commands\Server\rewrite.php(47): require_once('C:\\CandourAutoTech\\cat_rams_v2_api\\public\\index.php')
ERROR - 2023-11-05 11:16:57 --> mysqli_sql_exception: You have an error in your SQL syntax; check the manual that corresponds to your MariaDB server version for the right syntax to use near '= '1'
 LIMIT 1' at line 4 in C:\CandourAutoTech\cat_rams_v2_api\system\Database\MySQLi\Connection.php:306
Stack trace:
#0 C:\CandourAutoTech\cat_rams_v2_api\system\Database\MySQLi\Connection.php(306): mysqli->query('SELECT `sm_name...', 0)
#1 C:\CandourAutoTech\cat_rams_v2_api\system\Database\BaseConnection.php(692): CodeIgniter\Database\MySQLi\Connection->execute('SELECT `sm_name...')
#2 C:\CandourAutoTech\cat_rams_v2_api\system\Database\BaseConnection.php(606): CodeIgniter\Database\BaseConnection->simpleQuery('SELECT `sm_name...')
#3 C:\CandourAutoTech\cat_rams_v2_api\system\Database\BaseBuilder.php(1615): CodeIgniter\Database\BaseConnection->query('SELECT `sm_name...', Array, false)
#4 C:\CandourAutoTech\cat_rams_v2_api\system\Model.php(264): CodeIgniter\Database\BaseBuilder->get()
#5 C:\CandourAutoTech\cat_rams_v2_api\system\BaseModel.php(662): CodeIgniter\Model->doFirst()
#6 C:\CandourAutoTech\cat_rams_v2_api\app\Controllers\ToolRequest\ToolRequestMasterController.php(757): CodeIgniter\BaseModel->first()
#7 C:\CandourAutoTech\cat_rams_v2_api\system\CodeIgniter.php(919): App\Controllers\ToolRequest\ToolRequestMasterController->fetch_request_status()
#8 C:\CandourAutoTech\cat_rams_v2_api\system\CodeIgniter.php(494): CodeIgniter\CodeIgniter->runController(Object(App\Controllers\ToolRequest\ToolRequestMasterController))
#9 C:\CandourAutoTech\cat_rams_v2_api\system\CodeIgniter.php(353): CodeIgniter\CodeIgniter->handleRequest(NULL, Object(Config\Cache), false)
#10 C:\CandourAutoTech\cat_rams_v2_api\public\index.php(87): CodeIgniter\CodeIgniter->run()
#11 C:\CandourAutoTech\cat_rams_v2_api\system\Commands\Server\rewrite.php(47): require_once('C:\\CandourAutoT...')
#12 {main}
CRITICAL - 2023-11-05 11:16:57 --> You have an error in your SQL syntax; check the manual that corresponds to your MariaDB server version for the right syntax to use near '= '1'
 LIMIT 1' at line 4
in SYSTEMPATH\Database\BaseConnection.php on line 646.
 1 SYSTEMPATH\Database\BaseBuilder.php(1615): CodeIgniter\Database\BaseConnection->query('SELECT `sm_name`, `sm_code`, `sm_id`
FROM `tool_request_details`
JOIN `status_master` ON `tldt_status`=`sm_id`
WHERE  = ::
 LIMIT 1', [...], false)
 2 SYSTEMPATH\Model.php(264): CodeIgniter\Database\BaseBuilder->get()
 3 SYSTEMPATH\BaseModel.php(662): CodeIgniter\Model->doFirst()
 4 APPPATH\Controllers\ToolRequest\ToolRequestMasterController.php(757): CodeIgniter\BaseModel->first()
 5 SYSTEMPATH\CodeIgniter.php(919): App\Controllers\ToolRequest\ToolRequestMasterController->fetch_request_status()
 6 SYSTEMPATH\CodeIgniter.php(494): CodeIgniter\CodeIgniter->runController(Object(App\Controllers\ToolRequest\ToolRequestMasterController))
 7 SYSTEMPATH\CodeIgniter.php(353): CodeIgniter\CodeIgniter->handleRequest(null, Object(Config\Cache), false)
 8 FCPATH\index.php(87): CodeIgniter\CodeIgniter->run()
 9 SYSTEMPATH\Commands\Server\rewrite.php(47): require_once('C:\\CandourAutoTech\\cat_rams_v2_api\\public\\index.php')
CRITICAL - 2023-11-05 11:46:44 --> Class "app\Models\ServiceRequest\ServiceRequestItems" not found
in APPPATH\Controllers\ServiceRequest\ServiceRequestMasterController.php on line 168.
 1 SYSTEMPATH\CodeIgniter.php(919): App\Controllers\ServiceRequest\ServiceRequestMasterController->create_service_request()
 2 SYSTEMPATH\CodeIgniter.php(494): CodeIgniter\CodeIgniter->runController(Object(App\Controllers\ServiceRequest\ServiceRequestMasterController))
 3 SYSTEMPATH\CodeIgniter.php(353): CodeIgniter\CodeIgniter->handleRequest(null, Object(Config\Cache), false)
 4 FCPATH\index.php(87): CodeIgniter\CodeIgniter->run()
 5 SYSTEMPATH\Commands\Server\rewrite.php(47): require_once('C:\\CandourAutoTech\\cat_rams_v2_api\\public\\index.php')
CRITICAL - 2023-11-05 11:49:55 --> Class "app\Models\ServiceRequest\ServiceRequestItems" not found
in APPPATH\Controllers\ServiceRequest\ServiceRequestMasterController.php on line 168.
 1 SYSTEMPATH\CodeIgniter.php(919): App\Controllers\ServiceRequest\ServiceRequestMasterController->create_service_request()
 2 SYSTEMPATH\CodeIgniter.php(494): CodeIgniter\CodeIgniter->runController(Object(App\Controllers\ServiceRequest\ServiceRequestMasterController))
 3 SYSTEMPATH\CodeIgniter.php(353): CodeIgniter\CodeIgniter->handleRequest(null, Object(Config\Cache), false)
 4 FCPATH\index.php(87): CodeIgniter\CodeIgniter->run()
 5 SYSTEMPATH\Commands\Server\rewrite.php(47): require_once('C:\\CandourAutoTech\\cat_rams_v2_api\\public\\index.php')
CRITICAL - 2023-11-05 12:12:22 --> Class "app\Models\ServiceRequest\ServiceRequestItems" not found
in APPPATH\Controllers\ServiceRequest\ServiceRequestMasterController.php on line 168.
 1 SYSTEMPATH\CodeIgniter.php(919): App\Controllers\ServiceRequest\ServiceRequestMasterController->create_service_request()
 2 SYSTEMPATH\CodeIgniter.php(494): CodeIgniter\CodeIgniter->runController(Object(App\Controllers\ServiceRequest\ServiceRequestMasterController))
 3 SYSTEMPATH\CodeIgniter.php(353): CodeIgniter\CodeIgniter->handleRequest(null, Object(Config\Cache), false)
 4 FCPATH\index.php(87): CodeIgniter\CodeIgniter->run()
 5 SYSTEMPATH\Commands\Server\rewrite.php(47): require_once('C:\\CandourAutoTech\\cat_rams_v2_api\\public\\index.php')
CRITICAL - 2023-11-05 12:12:54 --> Class "app\Models\ServiceRequest\ServiceRequestItems" not found
in APPPATH\Controllers\ServiceRequest\ServiceRequestMasterController.php on line 168.
 1 SYSTEMPATH\CodeIgniter.php(919): App\Controllers\ServiceRequest\ServiceRequestMasterController->create_service_request()
 2 SYSTEMPATH\CodeIgniter.php(494): CodeIgniter\CodeIgniter->runController(Object(App\Controllers\ServiceRequest\ServiceRequestMasterController))
 3 SYSTEMPATH\CodeIgniter.php(353): CodeIgniter\CodeIgniter->handleRequest(null, Object(Config\Cache), false)
 4 FCPATH\index.php(87): CodeIgniter\CodeIgniter->run()
 5 SYSTEMPATH\Commands\Server\rewrite.php(47): require_once('C:\\CandourAutoTech\\cat_rams_v2_api\\public\\index.php')
CRITICAL - 2023-11-05 12:13:35 --> Class "app\Models\ServiceRequest\ServiceRequestItems" not found
in APPPATH\Controllers\ServiceRequest\ServiceRequestMasterController.php on line 168.
 1 SYSTEMPATH\CodeIgniter.php(919): App\Controllers\ServiceRequest\ServiceRequestMasterController->create_service_request()
 2 SYSTEMPATH\CodeIgniter.php(494): CodeIgniter\CodeIgniter->runController(Object(App\Controllers\ServiceRequest\ServiceRequestMasterController))
 3 SYSTEMPATH\CodeIgniter.php(353): CodeIgniter\CodeIgniter->handleRequest(null, Object(Config\Cache), false)
 4 FCPATH\index.php(87): CodeIgniter\CodeIgniter->run()
 5 SYSTEMPATH\Commands\Server\rewrite.php(47): require_once('C:\\CandourAutoTech\\cat_rams_v2_api\\public\\index.php')
CRITICAL - 2023-11-05 12:16:57 --> Class "app\Models\ServiceRequest\ServiceRequestItems" not found
in APPPATH\Controllers\ServiceRequest\ServiceRequestMasterController.php on line 168.
 1 SYSTEMPATH\CodeIgniter.php(919): App\Controllers\ServiceRequest\ServiceRequestMasterController->create_service_request()
 2 SYSTEMPATH\CodeIgniter.php(494): CodeIgniter\CodeIgniter->runController(Object(App\Controllers\ServiceRequest\ServiceRequestMasterController))
 3 SYSTEMPATH\CodeIgniter.php(353): CodeIgniter\CodeIgniter->handleRequest(null, Object(Config\Cache), false)
 4 FCPATH\index.php(87): CodeIgniter\CodeIgniter->run()
 5 SYSTEMPATH\Commands\Server\rewrite.php(47): require_once('C:\\CandourAutoTech\\cat_rams_v2_api\\public\\index.php')
CRITICAL - 2023-11-05 12:17:05 --> Class "app\Models\ServiceRequest\ServiceRequestItems" not found
in APPPATH\Controllers\ServiceRequest\ServiceRequestMasterController.php on line 168.
 1 SYSTEMPATH\CodeIgniter.php(919): App\Controllers\ServiceRequest\ServiceRequestMasterController->create_service_request()
 2 SYSTEMPATH\CodeIgniter.php(494): CodeIgniter\CodeIgniter->runController(Object(App\Controllers\ServiceRequest\ServiceRequestMasterController))
 3 SYSTEMPATH\CodeIgniter.php(353): CodeIgniter\CodeIgniter->handleRequest(null, Object(Config\Cache), false)
 4 FCPATH\index.php(87): CodeIgniter\CodeIgniter->run()
 5 SYSTEMPATH\Commands\Server\rewrite.php(47): require_once('C:\\CandourAutoTech\\cat_rams_v2_api\\public\\index.php')
CRITICAL - 2023-11-05 12:17:24 --> Call to a member function move() on null
in APPPATH\Controllers\ServiceRequest\ServiceRequestMasterController.php on line 362.
 1 SYSTEMPATH\CodeIgniter.php(919): App\Controllers\ServiceRequest\ServiceRequestMasterController->imageupload()
 2 SYSTEMPATH\CodeIgniter.php(494): CodeIgniter\CodeIgniter->runController(Object(App\Controllers\ServiceRequest\ServiceRequestMasterController))
 3 SYSTEMPATH\CodeIgniter.php(353): CodeIgniter\CodeIgniter->handleRequest(null, Object(Config\Cache), false)
 4 FCPATH\index.php(87): CodeIgniter\CodeIgniter->run()
 5 SYSTEMPATH\Commands\Server\rewrite.php(47): require_once('C:\\CandourAutoTech\\cat_rams_v2_api\\public\\index.php')
CRITICAL - 2023-11-05 12:20:09 --> Class "app\Models\ServiceRequest\ServiceRequestItems" not found
in APPPATH\Controllers\ServiceRequest\ServiceRequestMasterController.php on line 168.
 1 SYSTEMPATH\CodeIgniter.php(919): App\Controllers\ServiceRequest\ServiceRequestMasterController->create_service_request()
 2 SYSTEMPATH\CodeIgniter.php(494): CodeIgniter\CodeIgniter->runController(Object(App\Controllers\ServiceRequest\ServiceRequestMasterController))
 3 SYSTEMPATH\CodeIgniter.php(353): CodeIgniter\CodeIgniter->handleRequest(null, Object(Config\Cache), false)
 4 FCPATH\index.php(87): CodeIgniter\CodeIgniter->run()
 5 SYSTEMPATH\Commands\Server\rewrite.php(47): require_once('C:\\CandourAutoTech\\cat_rams_v2_api\\public\\index.php')
CRITICAL - 2023-11-05 12:22:27 --> Class "app\Models\ServiceRequest\ServiceRequestItems" not found
in APPPATH\Controllers\ServiceRequest\ServiceRequestMasterController.php on line 168.
 1 SYSTEMPATH\CodeIgniter.php(919): App\Controllers\ServiceRequest\ServiceRequestMasterController->create_service_request()
 2 SYSTEMPATH\CodeIgniter.php(494): CodeIgniter\CodeIgniter->runController(Object(App\Controllers\ServiceRequest\ServiceRequestMasterController))
 3 SYSTEMPATH\CodeIgniter.php(353): CodeIgniter\CodeIgniter->handleRequest(null, Object(Config\Cache), false)
 4 FCPATH\index.php(87): CodeIgniter\CodeIgniter->run()
 5 SYSTEMPATH\Commands\Server\rewrite.php(47): require_once('C:\\CandourAutoTech\\cat_rams_v2_api\\public\\index.php')
ERROR - 2023-11-05 12:30:30 --> mysqli_sql_exception: Table 'rams_live_db.service_request_package' doesn't exist in C:\CandourAutoTech\cat_rams_v2_api\system\Database\MySQLi\Connection.php:306
Stack trace:
#0 C:\CandourAutoTech\cat_rams_v2_api\system\Database\MySQLi\Connection.php(306): mysqli->query('SELECT *\nFROM `...', 0)
#1 C:\CandourAutoTech\cat_rams_v2_api\system\Database\BaseConnection.php(692): CodeIgniter\Database\MySQLi\Connection->execute('SELECT *\nFROM `...')
#2 C:\CandourAutoTech\cat_rams_v2_api\system\Database\BaseConnection.php(606): CodeIgniter\Database\BaseConnection->simpleQuery('SELECT *\nFROM `...')
#3 C:\CandourAutoTech\cat_rams_v2_api\system\Database\BaseBuilder.php(1615): CodeIgniter\Database\BaseConnection->query('SELECT *\nFROM `...', Array, false)
#4 C:\CandourAutoTech\cat_rams_v2_api\system\Model.php(871): CodeIgniter\Database\BaseBuilder->get()
#5 C:\CandourAutoTech\cat_rams_v2_api\app\Controllers\System\ServiceMasterController.php(18): CodeIgniter\Model->__call('get', Array)
#6 C:\CandourAutoTech\cat_rams_v2_api\system\CodeIgniter.php(919): App\Controllers\System\ServiceMasterController->index()
#7 C:\CandourAutoTech\cat_rams_v2_api\system\CodeIgniter.php(494): CodeIgniter\CodeIgniter->runController(Object(App\Controllers\System\ServiceMasterController))
#8 C:\CandourAutoTech\cat_rams_v2_api\system\CodeIgniter.php(353): CodeIgniter\CodeIgniter->handleRequest(NULL, Object(Config\Cache), false)
#9 C:\CandourAutoTech\cat_rams_v2_api\public\index.php(87): CodeIgniter\CodeIgniter->run()
#10 C:\CandourAutoTech\cat_rams_v2_api\system\Commands\Server\rewrite.php(47): require_once('C:\\CandourAutoT...')
#11 {main}
CRITICAL - 2023-11-05 12:30:30 --> Table 'rams_live_db.service_request_package' doesn't exist
in SYSTEMPATH\Database\BaseConnection.php on line 646.
 1 SYSTEMPATH\Database\BaseBuilder.php(1615): CodeIgniter\Database\BaseConnection->query('SELECT *
FROM `service_request_package`
WHERE `servpack_delete_flag` = :servpack_delete_flag:
ORDER BY `servpack_id` DESC', [...], false)
 2 SYSTEMPATH\Model.php(871): CodeIgniter\Database\BaseBuilder->get()
 3 APPPATH\Controllers\System\ServiceMasterController.php(18): CodeIgniter\Model->__call('get', [])
 4 SYSTEMPATH\CodeIgniter.php(919): App\Controllers\System\ServiceMasterController->index()
 5 SYSTEMPATH\CodeIgniter.php(494): CodeIgniter\CodeIgniter->runController(Object(App\Controllers\System\ServiceMasterController))
 6 SYSTEMPATH\CodeIgniter.php(353): CodeIgniter\CodeIgniter->handleRequest(null, Object(Config\Cache), false)
 7 FCPATH\index.php(87): CodeIgniter\CodeIgniter->run()
 8 SYSTEMPATH\Commands\Server\rewrite.php(47): require_once('C:\\CandourAutoTech\\cat_rams_v2_api\\public\\index.php')
CRITICAL - 2023-11-05 12:32:45 --> Class "app\Models\ServiceRequest\ServiceRequestItems" not found
in APPPATH\Controllers\ServiceRequest\ServiceRequestMasterController.php on line 94.
 1 SYSTEMPATH\CodeIgniter.php(919): App\Controllers\ServiceRequest\ServiceRequestMasterController->show('MQ')
 2 SYSTEMPATH\CodeIgniter.php(494): CodeIgniter\CodeIgniter->runController(Object(App\Controllers\ServiceRequest\ServiceRequestMasterController))
 3 SYSTEMPATH\CodeIgniter.php(353): CodeIgniter\CodeIgniter->handleRequest(null, Object(Config\Cache), false)
 4 FCPATH\index.php(87): CodeIgniter\CodeIgniter->run()
 5 SYSTEMPATH\Commands\Server\rewrite.php(47): require_once('C:\\CandourAutoTech\\cat_rams_v2_api\\public\\index.php')
ERROR - 2023-11-05 12:32:45 --> mysqli_sql_exception: Table 'rams_live_db.service_request_package' doesn't exist in C:\CandourAutoTech\cat_rams_v2_api\system\Database\MySQLi\Connection.php:306
Stack trace:
#0 C:\CandourAutoTech\cat_rams_v2_api\system\Database\MySQLi\Connection.php(306): mysqli->query('SELECT *\nFROM `...', 0)
#1 C:\CandourAutoTech\cat_rams_v2_api\system\Database\BaseConnection.php(692): CodeIgniter\Database\MySQLi\Connection->execute('SELECT *\nFROM `...')
#2 C:\CandourAutoTech\cat_rams_v2_api\system\Database\BaseConnection.php(606): CodeIgniter\Database\BaseConnection->simpleQuery('SELECT *\nFROM `...')
#3 C:\CandourAutoTech\cat_rams_v2_api\system\Database\BaseBuilder.php(1615): CodeIgniter\Database\BaseConnection->query('SELECT *\nFROM `...', Array, false)
#4 C:\CandourAutoTech\cat_rams_v2_api\system\Model.php(871): CodeIgniter\Database\BaseBuilder->get()
#5 C:\CandourAutoTech\cat_rams_v2_api\app\Controllers\System\ServiceMasterController.php(18): CodeIgniter\Model->__call('get', Array)
#6 C:\CandourAutoTech\cat_rams_v2_api\system\CodeIgniter.php(919): App\Controllers\System\ServiceMasterController->index()
#7 C:\CandourAutoTech\cat_rams_v2_api\system\CodeIgniter.php(494): CodeIgniter\CodeIgniter->runController(Object(App\Controllers\System\ServiceMasterController))
#8 C:\CandourAutoTech\cat_rams_v2_api\system\CodeIgniter.php(353): CodeIgniter\CodeIgniter->handleRequest(NULL, Object(Config\Cache), false)
#9 C:\CandourAutoTech\cat_rams_v2_api\public\index.php(87): CodeIgniter\CodeIgniter->run()
#10 C:\CandourAutoTech\cat_rams_v2_api\system\Commands\Server\rewrite.php(47): require_once('C:\\CandourAutoT...')
#11 {main}
CRITICAL - 2023-11-05 12:32:45 --> Table 'rams_live_db.service_request_package' doesn't exist
in SYSTEMPATH\Database\BaseConnection.php on line 646.
 1 SYSTEMPATH\Database\BaseBuilder.php(1615): CodeIgniter\Database\BaseConnection->query('SELECT *
FROM `service_request_package`
WHERE `servpack_delete_flag` = :servpack_delete_flag:
ORDER BY `servpack_id` DESC', [...], false)
 2 SYSTEMPATH\Model.php(871): CodeIgniter\Database\BaseBuilder->get()
 3 APPPATH\Controllers\System\ServiceMasterController.php(18): CodeIgniter\Model->__call('get', [])
 4 SYSTEMPATH\CodeIgniter.php(919): App\Controllers\System\ServiceMasterController->index()
 5 SYSTEMPATH\CodeIgniter.php(494): CodeIgniter\CodeIgniter->runController(Object(App\Controllers\System\ServiceMasterController))
 6 SYSTEMPATH\CodeIgniter.php(353): CodeIgniter\CodeIgniter->handleRequest(null, Object(Config\Cache), false)
 7 FCPATH\index.php(87): CodeIgniter\CodeIgniter->run()
 8 SYSTEMPATH\Commands\Server\rewrite.php(47): require_once('C:\\CandourAutoTech\\cat_rams_v2_api\\public\\index.php')
CRITICAL - 2023-11-05 12:33:20 --> Class "app\Models\ServiceRequest\ServiceRequestItems" not found
in APPPATH\Controllers\ServiceRequest\ServiceRequestMasterController.php on line 94.
 1 SYSTEMPATH\CodeIgniter.php(919): App\Controllers\ServiceRequest\ServiceRequestMasterController->show('MQ')
 2 SYSTEMPATH\CodeIgniter.php(494): CodeIgniter\CodeIgniter->runController(Object(App\Controllers\ServiceRequest\ServiceRequestMasterController))
 3 SYSTEMPATH\CodeIgniter.php(353): CodeIgniter\CodeIgniter->handleRequest(null, Object(Config\Cache), false)
 4 FCPATH\index.php(87): CodeIgniter\CodeIgniter->run()
 5 SYSTEMPATH\Commands\Server\rewrite.php(47): require_once('C:\\CandourAutoTech\\cat_rams_v2_api\\public\\index.php')
ERROR - 2023-11-05 12:33:20 --> mysqli_sql_exception: Table 'rams_live_db.service_request_package' doesn't exist in C:\CandourAutoTech\cat_rams_v2_api\system\Database\MySQLi\Connection.php:306
Stack trace:
#0 C:\CandourAutoTech\cat_rams_v2_api\system\Database\MySQLi\Connection.php(306): mysqli->query('SELECT *\nFROM `...', 0)
#1 C:\CandourAutoTech\cat_rams_v2_api\system\Database\BaseConnection.php(692): CodeIgniter\Database\MySQLi\Connection->execute('SELECT *\nFROM `...')
#2 C:\CandourAutoTech\cat_rams_v2_api\system\Database\BaseConnection.php(606): CodeIgniter\Database\BaseConnection->simpleQuery('SELECT *\nFROM `...')
#3 C:\CandourAutoTech\cat_rams_v2_api\system\Database\BaseBuilder.php(1615): CodeIgniter\Database\BaseConnection->query('SELECT *\nFROM `...', Array, false)
#4 C:\CandourAutoTech\cat_rams_v2_api\system\Model.php(871): CodeIgniter\Database\BaseBuilder->get()
#5 C:\CandourAutoTech\cat_rams_v2_api\app\Controllers\System\ServiceMasterController.php(18): CodeIgniter\Model->__call('get', Array)
#6 C:\CandourAutoTech\cat_rams_v2_api\system\CodeIgniter.php(919): App\Controllers\System\ServiceMasterController->index()
#7 C:\CandourAutoTech\cat_rams_v2_api\system\CodeIgniter.php(494): CodeIgniter\CodeIgniter->runController(Object(App\Controllers\System\ServiceMasterController))
#8 C:\CandourAutoTech\cat_rams_v2_api\system\CodeIgniter.php(353): CodeIgniter\CodeIgniter->handleRequest(NULL, Object(Config\Cache), false)
#9 C:\CandourAutoTech\cat_rams_v2_api\public\index.php(87): CodeIgniter\CodeIgniter->run()
#10 C:\CandourAutoTech\cat_rams_v2_api\system\Commands\Server\rewrite.php(47): require_once('C:\\CandourAutoT...')
#11 {main}
CRITICAL - 2023-11-05 12:33:20 --> Table 'rams_live_db.service_request_package' doesn't exist
in SYSTEMPATH\Database\BaseConnection.php on line 646.
 1 SYSTEMPATH\Database\BaseBuilder.php(1615): CodeIgniter\Database\BaseConnection->query('SELECT *
FROM `service_request_package`
WHERE `servpack_delete_flag` = :servpack_delete_flag:
ORDER BY `servpack_id` DESC', [...], false)
 2 SYSTEMPATH\Model.php(871): CodeIgniter\Database\BaseBuilder->get()
 3 APPPATH\Controllers\System\ServiceMasterController.php(18): CodeIgniter\Model->__call('get', [])
 4 SYSTEMPATH\CodeIgniter.php(919): App\Controllers\System\ServiceMasterController->index()
 5 SYSTEMPATH\CodeIgniter.php(494): CodeIgniter\CodeIgniter->runController(Object(App\Controllers\System\ServiceMasterController))
 6 SYSTEMPATH\CodeIgniter.php(353): CodeIgniter\CodeIgniter->handleRequest(null, Object(Config\Cache), false)
 7 FCPATH\index.php(87): CodeIgniter\CodeIgniter->run()
 8 SYSTEMPATH\Commands\Server\rewrite.php(47): require_once('C:\\CandourAutoTech\\cat_rams_v2_api\\public\\index.php')
CRITICAL - 2023-11-05 12:34:51 --> Class "app\Models\ServiceRequest\ServiceRequestItems" not found
in APPPATH\Controllers\ServiceRequest\ServiceRequestMasterController.php on line 94.
 1 SYSTEMPATH\CodeIgniter.php(919): App\Controllers\ServiceRequest\ServiceRequestMasterController->show('MQ')
 2 SYSTEMPATH\CodeIgniter.php(494): CodeIgniter\CodeIgniter->runController(Object(App\Controllers\ServiceRequest\ServiceRequestMasterController))
 3 SYSTEMPATH\CodeIgniter.php(353): CodeIgniter\CodeIgniter->handleRequest(null, Object(Config\Cache), false)
 4 FCPATH\index.php(87): CodeIgniter\CodeIgniter->run()
 5 SYSTEMPATH\Commands\Server\rewrite.php(47): require_once('C:\\CandourAutoTech\\cat_rams_v2_api\\public\\index.php')
ERROR - 2023-11-05 12:34:51 --> mysqli_sql_exception: Table 'rams_live_db.service_request_package' doesn't exist in C:\CandourAutoTech\cat_rams_v2_api\system\Database\MySQLi\Connection.php:306
Stack trace:
#0 C:\CandourAutoTech\cat_rams_v2_api\system\Database\MySQLi\Connection.php(306): mysqli->query('SELECT *\nFROM `...', 0)
#1 C:\CandourAutoTech\cat_rams_v2_api\system\Database\BaseConnection.php(692): CodeIgniter\Database\MySQLi\Connection->execute('SELECT *\nFROM `...')
#2 C:\CandourAutoTech\cat_rams_v2_api\system\Database\BaseConnection.php(606): CodeIgniter\Database\BaseConnection->simpleQuery('SELECT *\nFROM `...')
#3 C:\CandourAutoTech\cat_rams_v2_api\system\Database\BaseBuilder.php(1615): CodeIgniter\Database\BaseConnection->query('SELECT *\nFROM `...', Array, false)
#4 C:\CandourAutoTech\cat_rams_v2_api\system\Model.php(871): CodeIgniter\Database\BaseBuilder->get()
#5 C:\CandourAutoTech\cat_rams_v2_api\app\Controllers\System\ServiceMasterController.php(18): CodeIgniter\Model->__call('get', Array)
#6 C:\CandourAutoTech\cat_rams_v2_api\system\CodeIgniter.php(919): App\Controllers\System\ServiceMasterController->index()
#7 C:\CandourAutoTech\cat_rams_v2_api\system\CodeIgniter.php(494): CodeIgniter\CodeIgniter->runController(Object(App\Controllers\System\ServiceMasterController))
#8 C:\CandourAutoTech\cat_rams_v2_api\system\CodeIgniter.php(353): CodeIgniter\CodeIgniter->handleRequest(NULL, Object(Config\Cache), false)
#9 C:\CandourAutoTech\cat_rams_v2_api\public\index.php(87): CodeIgniter\CodeIgniter->run()
#10 C:\CandourAutoTech\cat_rams_v2_api\system\Commands\Server\rewrite.php(47): require_once('C:\\CandourAutoT...')
#11 {main}
CRITICAL - 2023-11-05 12:34:51 --> Table 'rams_live_db.service_request_package' doesn't exist
in SYSTEMPATH\Database\BaseConnection.php on line 646.
 1 SYSTEMPATH\Database\BaseBuilder.php(1615): CodeIgniter\Database\BaseConnection->query('SELECT *
FROM `service_request_package`
WHERE `servpack_delete_flag` = :servpack_delete_flag:
ORDER BY `servpack_id` DESC', [...], false)
 2 SYSTEMPATH\Model.php(871): CodeIgniter\Database\BaseBuilder->get()
 3 APPPATH\Controllers\System\ServiceMasterController.php(18): CodeIgniter\Model->__call('get', [])
 4 SYSTEMPATH\CodeIgniter.php(919): App\Controllers\System\ServiceMasterController->index()
 5 SYSTEMPATH\CodeIgniter.php(494): CodeIgniter\CodeIgniter->runController(Object(App\Controllers\System\ServiceMasterController))
 6 SYSTEMPATH\CodeIgniter.php(353): CodeIgniter\CodeIgniter->handleRequest(null, Object(Config\Cache), false)
 7 FCPATH\index.php(87): CodeIgniter\CodeIgniter->run()
 8 SYSTEMPATH\Commands\Server\rewrite.php(47): require_once('C:\\CandourAutoTech\\cat_rams_v2_api\\public\\index.php')
CRITICAL - 2023-11-05 12:36:10 --> Class "app\Models\ServiceRequest\ServiceRequestItems" not found
in APPPATH\Controllers\ServiceRequest\ServiceRequestMasterController.php on line 94.
 1 SYSTEMPATH\CodeIgniter.php(919): App\Controllers\ServiceRequest\ServiceRequestMasterController->show('MQ')
 2 SYSTEMPATH\CodeIgniter.php(494): CodeIgniter\CodeIgniter->runController(Object(App\Controllers\ServiceRequest\ServiceRequestMasterController))
 3 SYSTEMPATH\CodeIgniter.php(353): CodeIgniter\CodeIgniter->handleRequest(null, Object(Config\Cache), false)
 4 FCPATH\index.php(87): CodeIgniter\CodeIgniter->run()
 5 SYSTEMPATH\Commands\Server\rewrite.php(47): require_once('C:\\CandourAutoTech\\cat_rams_v2_api\\public\\index.php')
ERROR - 2023-11-05 12:36:10 --> mysqli_sql_exception: Table 'rams_live_db.service_request_package' doesn't exist in C:\CandourAutoTech\cat_rams_v2_api\system\Database\MySQLi\Connection.php:306
Stack trace:
#0 C:\CandourAutoTech\cat_rams_v2_api\system\Database\MySQLi\Connection.php(306): mysqli->query('SELECT *\nFROM `...', 0)
#1 C:\CandourAutoTech\cat_rams_v2_api\system\Database\BaseConnection.php(692): CodeIgniter\Database\MySQLi\Connection->execute('SELECT *\nFROM `...')
#2 C:\CandourAutoTech\cat_rams_v2_api\system\Database\BaseConnection.php(606): CodeIgniter\Database\BaseConnection->simpleQuery('SELECT *\nFROM `...')
#3 C:\CandourAutoTech\cat_rams_v2_api\system\Database\BaseBuilder.php(1615): CodeIgniter\Database\BaseConnection->query('SELECT *\nFROM `...', Array, false)
#4 C:\CandourAutoTech\cat_rams_v2_api\system\Model.php(871): CodeIgniter\Database\BaseBuilder->get()
#5 C:\CandourAutoTech\cat_rams_v2_api\app\Controllers\System\ServiceMasterController.php(18): CodeIgniter\Model->__call('get', Array)
#6 C:\CandourAutoTech\cat_rams_v2_api\system\CodeIgniter.php(919): App\Controllers\System\ServiceMasterController->index()
#7 C:\CandourAutoTech\cat_rams_v2_api\system\CodeIgniter.php(494): CodeIgniter\CodeIgniter->runController(Object(App\Controllers\System\ServiceMasterController))
#8 C:\CandourAutoTech\cat_rams_v2_api\system\CodeIgniter.php(353): CodeIgniter\CodeIgniter->handleRequest(NULL, Object(Config\Cache), false)
#9 C:\CandourAutoTech\cat_rams_v2_api\public\index.php(87): CodeIgniter\CodeIgniter->run()
#10 C:\CandourAutoTech\cat_rams_v2_api\system\Commands\Server\rewrite.php(47): require_once('C:\\CandourAutoT...')
#11 {main}
CRITICAL - 2023-11-05 12:36:10 --> Table 'rams_live_db.service_request_package' doesn't exist
in SYSTEMPATH\Database\BaseConnection.php on line 646.
 1 SYSTEMPATH\Database\BaseBuilder.php(1615): CodeIgniter\Database\BaseConnection->query('SELECT *
FROM `service_request_package`
WHERE `servpack_delete_flag` = :servpack_delete_flag:
ORDER BY `servpack_id` DESC', [...], false)
 2 SYSTEMPATH\Model.php(871): CodeIgniter\Database\BaseBuilder->get()
 3 APPPATH\Controllers\System\ServiceMasterController.php(18): CodeIgniter\Model->__call('get', [])
 4 SYSTEMPATH\CodeIgniter.php(919): App\Controllers\System\ServiceMasterController->index()
 5 SYSTEMPATH\CodeIgniter.php(494): CodeIgniter\CodeIgniter->runController(Object(App\Controllers\System\ServiceMasterController))
 6 SYSTEMPATH\CodeIgniter.php(353): CodeIgniter\CodeIgniter->handleRequest(null, Object(Config\Cache), false)
 7 FCPATH\index.php(87): CodeIgniter\CodeIgniter->run()
 8 SYSTEMPATH\Commands\Server\rewrite.php(47): require_once('C:\\CandourAutoTech\\cat_rams_v2_api\\public\\index.php')
CRITICAL - 2023-11-05 12:36:57 --> Class "app\Models\ServiceRequest\ServiceRequestItems" not found
in APPPATH\Controllers\ServiceRequest\ServiceRequestMasterController.php on line 94.
 1 SYSTEMPATH\CodeIgniter.php(919): App\Controllers\ServiceRequest\ServiceRequestMasterController->show('MQ')
 2 SYSTEMPATH\CodeIgniter.php(494): CodeIgniter\CodeIgniter->runController(Object(App\Controllers\ServiceRequest\ServiceRequestMasterController))
 3 SYSTEMPATH\CodeIgniter.php(353): CodeIgniter\CodeIgniter->handleRequest(null, Object(Config\Cache), false)
 4 FCPATH\index.php(87): CodeIgniter\CodeIgniter->run()
 5 SYSTEMPATH\Commands\Server\rewrite.php(47): require_once('C:\\CandourAutoTech\\cat_rams_v2_api\\public\\index.php')
ERROR - 2023-11-05 12:40:01 --> mysqli_sql_exception: Table 'rams_live_db.servicerequestitems' doesn't exist in C:\CandourAutoTech\cat_rams_v2_api\system\Database\MySQLi\Connection.php:306
Stack trace:
#0 C:\CandourAutoTech\cat_rams_v2_api\system\Database\MySQLi\Connection.php(306): mysqli->query('SELECT *\nFROM `...', 0)
#1 C:\CandourAutoTech\cat_rams_v2_api\system\Database\BaseConnection.php(692): CodeIgniter\Database\MySQLi\Connection->execute('SELECT *\nFROM `...')
#2 C:\CandourAutoTech\cat_rams_v2_api\system\Database\BaseConnection.php(606): CodeIgniter\Database\BaseConnection->simpleQuery('SELECT *\nFROM `...')
#3 C:\CandourAutoTech\cat_rams_v2_api\system\Database\BaseBuilder.php(1615): CodeIgniter\Database\BaseConnection->query('SELECT *\nFROM `...', Array, false)
#4 C:\CandourAutoTech\cat_rams_v2_api\system\Model.php(237): CodeIgniter\Database\BaseBuilder->get()
#5 C:\CandourAutoTech\cat_rams_v2_api\system\BaseModel.php(624): CodeIgniter\Model->doFindAll(0, 0)
#6 C:\CandourAutoTech\cat_rams_v2_api\app\Controllers\ServiceRequest\ServiceRequestMasterController.php(100): CodeIgniter\BaseModel->findAll()
#7 C:\CandourAutoTech\cat_rams_v2_api\system\CodeIgniter.php(919): App\Controllers\ServiceRequest\ServiceRequestMasterController->show('MQ')
#8 C:\CandourAutoTech\cat_rams_v2_api\system\CodeIgniter.php(494): CodeIgniter\CodeIgniter->runController(Object(App\Controllers\ServiceRequest\ServiceRequestMasterController))
#9 C:\CandourAutoTech\cat_rams_v2_api\system\CodeIgniter.php(353): CodeIgniter\CodeIgniter->handleRequest(NULL, Object(Config\Cache), false)
#10 C:\CandourAutoTech\cat_rams_v2_api\public\index.php(87): CodeIgniter\CodeIgniter->run()
#11 C:\CandourAutoTech\cat_rams_v2_api\system\Commands\Server\rewrite.php(47): require_once('C:\\CandourAutoT...')
#12 {main}
CRITICAL - 2023-11-05 12:40:01 --> Table 'rams_live_db.servicerequestitems' doesn't exist
in SYSTEMPATH\Database\BaseConnection.php on line 646.
 1 SYSTEMPATH\Database\BaseBuilder.php(1615): CodeIgniter\Database\BaseConnection->query('SELECT *
FROM `servicerequestitems`
WHERE `sitem_deleteflag` = :sitem_deleteflag:
AND `sitem_serid` = :sitem_serid:', [...], false)
 2 SYSTEMPATH\Model.php(237): CodeIgniter\Database\BaseBuilder->get()
 3 SYSTEMPATH\BaseModel.php(624): CodeIgniter\Model->doFindAll(0, 0)
 4 APPPATH\Controllers\ServiceRequest\ServiceRequestMasterController.php(100): CodeIgniter\BaseModel->findAll()
 5 SYSTEMPATH\CodeIgniter.php(919): App\Controllers\ServiceRequest\ServiceRequestMasterController->show('MQ')
 6 SYSTEMPATH\CodeIgniter.php(494): CodeIgniter\CodeIgniter->runController(Object(App\Controllers\ServiceRequest\ServiceRequestMasterController))
 7 SYSTEMPATH\CodeIgniter.php(353): CodeIgniter\CodeIgniter->handleRequest(null, Object(Config\Cache), false)
 8 FCPATH\index.php(87): CodeIgniter\CodeIgniter->run()
 9 SYSTEMPATH\Commands\Server\rewrite.php(47): require_once('C:\\CandourAutoTech\\cat_rams_v2_api\\public\\index.php')
ERROR - 2023-11-05 12:41:56 --> mysqli_sql_exception: Table 'rams_live_db.servicerequestitems' doesn't exist in C:\CandourAutoTech\cat_rams_v2_api\system\Database\MySQLi\Connection.php:306
Stack trace:
#0 C:\CandourAutoTech\cat_rams_v2_api\system\Database\MySQLi\Connection.php(306): mysqli->query('SELECT *\nFROM `...', 0)
#1 C:\CandourAutoTech\cat_rams_v2_api\system\Database\BaseConnection.php(692): CodeIgniter\Database\MySQLi\Connection->execute('SELECT *\nFROM `...')
#2 C:\CandourAutoTech\cat_rams_v2_api\system\Database\BaseConnection.php(606): CodeIgniter\Database\BaseConnection->simpleQuery('SELECT *\nFROM `...')
#3 C:\CandourAutoTech\cat_rams_v2_api\system\Database\BaseBuilder.php(1615): CodeIgniter\Database\BaseConnection->query('SELECT *\nFROM `...', Array, false)
#4 C:\CandourAutoTech\cat_rams_v2_api\system\Model.php(237): CodeIgniter\Database\BaseBuilder->get()
#5 C:\CandourAutoTech\cat_rams_v2_api\system\BaseModel.php(624): CodeIgniter\Model->doFindAll(0, 0)
#6 C:\CandourAutoTech\cat_rams_v2_api\app\Controllers\ServiceRequest\ServiceRequestMasterController.php(99): CodeIgniter\BaseModel->findAll()
#7 C:\CandourAutoTech\cat_rams_v2_api\system\CodeIgniter.php(919): App\Controllers\ServiceRequest\ServiceRequestMasterController->show('MQ')
#8 C:\CandourAutoTech\cat_rams_v2_api\system\CodeIgniter.php(494): CodeIgniter\CodeIgniter->runController(Object(App\Controllers\ServiceRequest\ServiceRequestMasterController))
#9 C:\CandourAutoTech\cat_rams_v2_api\system\CodeIgniter.php(353): CodeIgniter\CodeIgniter->handleRequest(NULL, Object(Config\Cache), false)
#10 C:\CandourAutoTech\cat_rams_v2_api\public\index.php(87): CodeIgniter\CodeIgniter->run()
#11 C:\CandourAutoTech\cat_rams_v2_api\system\Commands\Server\rewrite.php(47): require_once('C:\\CandourAutoT...')
#12 {main}
CRITICAL - 2023-11-05 12:41:56 --> Table 'rams_live_db.servicerequestitems' doesn't exist
in SYSTEMPATH\Database\BaseConnection.php on line 646.
 1 SYSTEMPATH\Database\BaseBuilder.php(1615): CodeIgniter\Database\BaseConnection->query('SELECT *
FROM `servicerequestitems`
WHERE `sitem_deleteflag` = :sitem_deleteflag:
AND `sitem_serid` = :sitem_serid:', [...], false)
 2 SYSTEMPATH\Model.php(237): CodeIgniter\Database\BaseBuilder->get()
 3 SYSTEMPATH\BaseModel.php(624): CodeIgniter\Model->doFindAll(0, 0)
 4 APPPATH\Controllers\ServiceRequest\ServiceRequestMasterController.php(99): CodeIgniter\BaseModel->findAll()
 5 SYSTEMPATH\CodeIgniter.php(919): App\Controllers\ServiceRequest\ServiceRequestMasterController->show('MQ')
 6 SYSTEMPATH\CodeIgniter.php(494): CodeIgniter\CodeIgniter->runController(Object(App\Controllers\ServiceRequest\ServiceRequestMasterController))
 7 SYSTEMPATH\CodeIgniter.php(353): CodeIgniter\CodeIgniter->handleRequest(null, Object(Config\Cache), false)
 8 FCPATH\index.php(87): CodeIgniter\CodeIgniter->run()
 9 SYSTEMPATH\Commands\Server\rewrite.php(47): require_once('C:\\CandourAutoTech\\cat_rams_v2_api\\public\\index.php')
ERROR - 2023-11-05 12:42:19 --> mysqli_sql_exception: Table 'rams_live_db.servicerequestitems' doesn't exist in C:\CandourAutoTech\cat_rams_v2_api\system\Database\MySQLi\Connection.php:306
Stack trace:
#0 C:\CandourAutoTech\cat_rams_v2_api\system\Database\MySQLi\Connection.php(306): mysqli->query('SELECT *\nFROM `...', 0)
#1 C:\CandourAutoTech\cat_rams_v2_api\system\Database\BaseConnection.php(692): CodeIgniter\Database\MySQLi\Connection->execute('SELECT *\nFROM `...')
#2 C:\CandourAutoTech\cat_rams_v2_api\system\Database\BaseConnection.php(606): CodeIgniter\Database\BaseConnection->simpleQuery('SELECT *\nFROM `...')
#3 C:\CandourAutoTech\cat_rams_v2_api\system\Database\BaseBuilder.php(1615): CodeIgniter\Database\BaseConnection->query('SELECT *\nFROM `...', Array, false)
#4 C:\CandourAutoTech\cat_rams_v2_api\system\Model.php(237): CodeIgniter\Database\BaseBuilder->get()
#5 C:\CandourAutoTech\cat_rams_v2_api\system\BaseModel.php(624): CodeIgniter\Model->doFindAll(0, 0)
#6 C:\CandourAutoTech\cat_rams_v2_api\app\Controllers\ServiceRequest\ServiceRequestMasterController.php(99): CodeIgniter\BaseModel->findAll()
#7 C:\CandourAutoTech\cat_rams_v2_api\system\CodeIgniter.php(919): App\Controllers\ServiceRequest\ServiceRequestMasterController->show('MQ')
#8 C:\CandourAutoTech\cat_rams_v2_api\system\CodeIgniter.php(494): CodeIgniter\CodeIgniter->runController(Object(App\Controllers\ServiceRequest\ServiceRequestMasterController))
#9 C:\CandourAutoTech\cat_rams_v2_api\system\CodeIgniter.php(353): CodeIgniter\CodeIgniter->handleRequest(NULL, Object(Config\Cache), false)
#10 C:\CandourAutoTech\cat_rams_v2_api\public\index.php(87): CodeIgniter\CodeIgniter->run()
#11 C:\CandourAutoTech\cat_rams_v2_api\system\Commands\Server\rewrite.php(47): require_once('C:\\CandourAutoT...')
#12 {main}
CRITICAL - 2023-11-05 12:42:19 --> Table 'rams_live_db.servicerequestitems' doesn't exist
in SYSTEMPATH\Database\BaseConnection.php on line 646.
 1 SYSTEMPATH\Database\BaseBuilder.php(1615): CodeIgniter\Database\BaseConnection->query('SELECT *
FROM `servicerequestitems`
WHERE `sitem_deleteflag` = :sitem_deleteflag:
AND `sitem_serid` = :sitem_serid:', [...], false)
 2 SYSTEMPATH\Model.php(237): CodeIgniter\Database\BaseBuilder->get()
 3 SYSTEMPATH\BaseModel.php(624): CodeIgniter\Model->doFindAll(0, 0)
 4 APPPATH\Controllers\ServiceRequest\ServiceRequestMasterController.php(99): CodeIgniter\BaseModel->findAll()
 5 SYSTEMPATH\CodeIgniter.php(919): App\Controllers\ServiceRequest\ServiceRequestMasterController->show('MQ')
 6 SYSTEMPATH\CodeIgniter.php(494): CodeIgniter\CodeIgniter->runController(Object(App\Controllers\ServiceRequest\ServiceRequestMasterController))
 7 SYSTEMPATH\CodeIgniter.php(353): CodeIgniter\CodeIgniter->handleRequest(null, Object(Config\Cache), false)
 8 FCPATH\index.php(87): CodeIgniter\CodeIgniter->run()
 9 SYSTEMPATH\Commands\Server\rewrite.php(47): require_once('C:\\CandourAutoTech\\cat_rams_v2_api\\public\\index.php')
ERROR - 2023-11-05 20:40:33 --> mysqli_sql_exception: Table 'rams_live_db.sitem_serid' doesn't exist in C:\CandourAutoTech\cat_rams_v2_api\system\Database\MySQLi\Connection.php:306
Stack trace:
#0 C:\CandourAutoTech\cat_rams_v2_api\system\Database\MySQLi\Connection.php(306): mysqli->query('SELECT *\nFROM `...', 0)
#1 C:\CandourAutoTech\cat_rams_v2_api\system\Database\BaseConnection.php(692): CodeIgniter\Database\MySQLi\Connection->execute('SELECT *\nFROM `...')
#2 C:\CandourAutoTech\cat_rams_v2_api\system\Database\BaseConnection.php(606): CodeIgniter\Database\BaseConnection->simpleQuery('SELECT *\nFROM `...')
#3 C:\CandourAutoTech\cat_rams_v2_api\system\Database\BaseBuilder.php(1615): CodeIgniter\Database\BaseConnection->query('SELECT *\nFROM `...', Array, false)
#4 C:\CandourAutoTech\cat_rams_v2_api\system\Model.php(237): CodeIgniter\Database\BaseBuilder->get()
#5 C:\CandourAutoTech\cat_rams_v2_api\system\BaseModel.php(624): CodeIgniter\Model->doFindAll(0, 0)
#6 C:\CandourAutoTech\cat_rams_v2_api\app\Controllers\Quote\QuoteMasterController.php(59): CodeIgniter\BaseModel->findAll()
#7 C:\CandourAutoTech\cat_rams_v2_api\system\CodeIgniter.php(919): App\Controllers\Quote\QuoteMasterController->create()
#8 C:\CandourAutoTech\cat_rams_v2_api\system\CodeIgniter.php(494): CodeIgniter\CodeIgniter->runController(Object(App\Controllers\Quote\QuoteMasterController))
#9 C:\CandourAutoTech\cat_rams_v2_api\system\CodeIgniter.php(353): CodeIgniter\CodeIgniter->handleRequest(NULL, Object(Config\Cache), false)
#10 C:\CandourAutoTech\cat_rams_v2_api\public\index.php(87): CodeIgniter\CodeIgniter->run()
#11 C:\CandourAutoTech\cat_rams_v2_api\system\Commands\Server\rewrite.php(47): require_once('C:\\CandourAutoT...')
#12 {main}
CRITICAL - 2023-11-05 20:40:33 --> Table 'rams_live_db.sitem_serid' doesn't exist
in SYSTEMPATH\Database\BaseConnection.php on line 646.
 1 SYSTEMPATH\Database\BaseBuilder.php(1615): CodeIgniter\Database\BaseConnection->query('SELECT *
FROM `servicerequest_master`
JOIN `sitem_serid` ON `sitem_serid`=`serm_id`
WHERE `serm_deleteflag` = :serm_deleteflag:
AND `serm_id` = :serm_id:', [...], false)
 2 SYSTEMPATH\Model.php(237): CodeIgniter\Database\BaseBuilder->get()
 3 SYSTEMPATH\BaseModel.php(624): CodeIgniter\Model->doFindAll(0, 0)
 4 APPPATH\Controllers\Quote\QuoteMasterController.php(59): CodeIgniter\BaseModel->findAll()
 5 SYSTEMPATH\CodeIgniter.php(919): App\Controllers\Quote\QuoteMasterController->create()
 6 SYSTEMPATH\CodeIgniter.php(494): CodeIgniter\CodeIgniter->runController(Object(App\Controllers\Quote\QuoteMasterController))
 7 SYSTEMPATH\CodeIgniter.php(353): CodeIgniter\CodeIgniter->handleRequest(null, Object(Config\Cache), false)
 8 FCPATH\index.php(87): CodeIgniter\CodeIgniter->run()
 9 SYSTEMPATH\Commands\Server\rewrite.php(47): require_once('C:\\CandourAutoTech\\cat_rams_v2_api\\public\\index.php')
CRITICAL - 2023-11-05 21:01:44 --> Array to string conversion
in APPPATH\Controllers\Quote\QuoteMasterController.php on line 67.
 1 APPPATH\Controllers\Quote\QuoteMasterController.php(67): CodeIgniter\Debug\Exceptions->errorHandler(2, 'Array to string conversion', 'C:\\CandourAutoTech\\cat_rams_v2_api\\app\\Controllers\\Quote\\QuoteMasterController.php', 67)
 2 SYSTEMPATH\CodeIgniter.php(919): App\Controllers\Quote\QuoteMasterController->create()
 3 SYSTEMPATH\CodeIgniter.php(494): CodeIgniter\CodeIgniter->runController(Object(App\Controllers\Quote\QuoteMasterController))
 4 SYSTEMPATH\CodeIgniter.php(353): CodeIgniter\CodeIgniter->handleRequest(null, Object(Config\Cache), false)
 5 FCPATH\index.php(87): CodeIgniter\CodeIgniter->run()
 6 SYSTEMPATH\Commands\Server\rewrite.php(47): require_once('C:\\CandourAutoTech\\cat_rams_v2_api\\public\\index.php')
CRITICAL - 2023-11-05 21:03:38 --> Attempt to read property "serm_custid" on array
in APPPATH\Controllers\Quote\QuoteMasterController.php on line 63.
 1 APPPATH\Controllers\Quote\QuoteMasterController.php(63): CodeIgniter\Debug\Exceptions->errorHandler(2, 'Attempt to read property "serm_custid" on array', 'C:\\CandourAutoTech\\cat_rams_v2_api\\app\\Controllers\\Quote\\QuoteMasterController.php', 63)
 2 SYSTEMPATH\CodeIgniter.php(919): App\Controllers\Quote\QuoteMasterController->create()
 3 SYSTEMPATH\CodeIgniter.php(494): CodeIgniter\CodeIgniter->runController(Object(App\Controllers\Quote\QuoteMasterController))
 4 SYSTEMPATH\CodeIgniter.php(353): CodeIgniter\CodeIgniter->handleRequest(null, Object(Config\Cache), false)
 5 FCPATH\index.php(87): CodeIgniter\CodeIgniter->run()
 6 SYSTEMPATH\Commands\Server\rewrite.php(47): require_once('C:\\CandourAutoTech\\cat_rams_v2_api\\public\\index.php')
CRITICAL - 2023-11-05 21:04:53 --> Attempt to read property "serm_custid" on array
in APPPATH\Controllers\Quote\QuoteMasterController.php on line 65.
 1 APPPATH\Controllers\Quote\QuoteMasterController.php(65): CodeIgniter\Debug\Exceptions->errorHandler(2, 'Attempt to read property "serm_custid" on array', 'C:\\CandourAutoTech\\cat_rams_v2_api\\app\\Controllers\\Quote\\QuoteMasterController.php', 65)
 2 SYSTEMPATH\CodeIgniter.php(919): App\Controllers\Quote\QuoteMasterController->create()
 3 SYSTEMPATH\CodeIgniter.php(494): CodeIgniter\CodeIgniter->runController(Object(App\Controllers\Quote\QuoteMasterController))
 4 SYSTEMPATH\CodeIgniter.php(353): CodeIgniter\CodeIgniter->handleRequest(null, Object(Config\Cache), false)
 5 FCPATH\index.php(87): CodeIgniter\CodeIgniter->run()
 6 SYSTEMPATH\Commands\Server\rewrite.php(47): require_once('C:\\CandourAutoTech\\cat_rams_v2_api\\public\\index.php')
CRITICAL - 2023-11-05 21:06:00 --> Attempt to read property "serm_custid" on array
in APPPATH\Controllers\Quote\QuoteMasterController.php on line 65.
 1 APPPATH\Controllers\Quote\QuoteMasterController.php(65): CodeIgniter\Debug\Exceptions->errorHandler(2, 'Attempt to read property "serm_custid" on array', 'C:\\CandourAutoTech\\cat_rams_v2_api\\app\\Controllers\\Quote\\QuoteMasterController.php', 65)
 2 SYSTEMPATH\CodeIgniter.php(919): App\Controllers\Quote\QuoteMasterController->create()
 3 SYSTEMPATH\CodeIgniter.php(494): CodeIgniter\CodeIgniter->runController(Object(App\Controllers\Quote\QuoteMasterController))
 4 SYSTEMPATH\CodeIgniter.php(353): CodeIgniter\CodeIgniter->handleRequest(null, Object(Config\Cache), false)
 5 FCPATH\index.php(87): CodeIgniter\CodeIgniter->run()
 6 SYSTEMPATH\Commands\Server\rewrite.php(47): require_once('C:\\CandourAutoTech\\cat_rams_v2_api\\public\\index.php')
CRITICAL - 2023-11-05 21:06:15 --> Attempt to read property "serm_custid" on array
in APPPATH\Controllers\Quote\QuoteMasterController.php on line 65.
 1 APPPATH\Controllers\Quote\QuoteMasterController.php(65): CodeIgniter\Debug\Exceptions->errorHandler(2, 'Attempt to read property "serm_custid" on array', 'C:\\CandourAutoTech\\cat_rams_v2_api\\app\\Controllers\\Quote\\QuoteMasterController.php', 65)
 2 SYSTEMPATH\CodeIgniter.php(919): App\Controllers\Quote\QuoteMasterController->create()
 3 SYSTEMPATH\CodeIgniter.php(494): CodeIgniter\CodeIgniter->runController(Object(App\Controllers\Quote\QuoteMasterController))
 4 SYSTEMPATH\CodeIgniter.php(353): CodeIgniter\CodeIgniter->handleRequest(null, Object(Config\Cache), false)
 5 FCPATH\index.php(87): CodeIgniter\CodeIgniter->run()
 6 SYSTEMPATH\Commands\Server\rewrite.php(47): require_once('C:\\CandourAutoTech\\cat_rams_v2_api\\public\\index.php')
CRITICAL - 2023-11-05 21:11:48 --> Attempt to read property "serm_custid" on array
in APPPATH\Controllers\Quote\QuoteMasterController.php on line 65.
 1 APPPATH\Controllers\Quote\QuoteMasterController.php(65): CodeIgniter\Debug\Exceptions->errorHandler(2, 'Attempt to read property "serm_custid" on array', 'C:\\CandourAutoTech\\cat_rams_v2_api\\app\\Controllers\\Quote\\QuoteMasterController.php', 65)
 2 SYSTEMPATH\CodeIgniter.php(919): App\Controllers\Quote\QuoteMasterController->create()
 3 SYSTEMPATH\CodeIgniter.php(494): CodeIgniter\CodeIgniter->runController(Object(App\Controllers\Quote\QuoteMasterController))
 4 SYSTEMPATH\CodeIgniter.php(353): CodeIgniter\CodeIgniter->handleRequest(null, Object(Config\Cache), false)
 5 FCPATH\index.php(87): CodeIgniter\CodeIgniter->run()
 6 SYSTEMPATH\Commands\Server\rewrite.php(47): require_once('C:\\CandourAutoTech\\cat_rams_v2_api\\public\\index.php')
CRITICAL - 2023-11-05 21:11:57 --> Attempt to read property "serm_custid" on array
in APPPATH\Controllers\Quote\QuoteMasterController.php on line 65.
 1 APPPATH\Controllers\Quote\QuoteMasterController.php(65): CodeIgniter\Debug\Exceptions->errorHandler(2, 'Attempt to read property "serm_custid" on array', 'C:\\CandourAutoTech\\cat_rams_v2_api\\app\\Controllers\\Quote\\QuoteMasterController.php', 65)
 2 SYSTEMPATH\CodeIgniter.php(919): App\Controllers\Quote\QuoteMasterController->create()
 3 SYSTEMPATH\CodeIgniter.php(494): CodeIgniter\CodeIgniter->runController(Object(App\Controllers\Quote\QuoteMasterController))
 4 SYSTEMPATH\CodeIgniter.php(353): CodeIgniter\CodeIgniter->handleRequest(null, Object(Config\Cache), false)
 5 FCPATH\index.php(87): CodeIgniter\CodeIgniter->run()
 6 SYSTEMPATH\Commands\Server\rewrite.php(47): require_once('C:\\CandourAutoTech\\cat_rams_v2_api\\public\\index.php')
