CRITICAL - 2024-03-02 10:52:18 --> Signature verification failed
in VENDORPATH\firebase\php-jwt\src\JWT.php on line 136.
 1 APPPATH\Config\Commonutils.php(30): Firebase\JWT\JWT::decode('eyJ0eXAiOiJKV1QiLCJhbGciOiJIUzI1NiJ9.eyJpc3MiOiJEaWdpdGFsIFNlcnZpY2UiLCJhdWQiOiJjdXN0b21lciIsInN1YiI6IkN1c3RvbWVyIHZlcmlmaWNhdGlvbiIsImlhdCI6MTcwOTMwOTE0NCwidWlkIjoiMSJ9.fSN4vK5A0fv7ChZfvgIwmnmw8MNHy2fV8ii7xmfGuhA', Object(Firebase\JWT\Key))
 2 APPPATH\Controllers\ToolRequest\ToolRequestMasterController.php(807): Config\Commonutils->decode_jwt_token('eyJ0eXAiOiJKV1QiLCJhbGciOiJIUzI1NiJ9.eyJpc3MiOiJEaWdpdGFsIFNlcnZpY2UiLCJhdWQiOiJjdXN0b21lciIsInN1YiI6IkN1c3RvbWVyIHZlcmlmaWNhdGlvbiIsImlhdCI6MTcwOTMwOTE0NCwidWlkIjoiMSJ9.fSN4vK5A0fv7ChZfvgIwmnmw8MNHy2fV8ii7xmfGuhA')
 3 SYSTEMPATH\CodeIgniter.php(919): App\Controllers\ToolRequest\ToolRequestMasterController->tool_req_list()
 4 SYSTEMPATH\CodeIgniter.php(494): CodeIgniter\CodeIgniter->runController(Object(App\Controllers\ToolRequest\ToolRequestMasterController))
 5 SYSTEMPATH\CodeIgniter.php(353): CodeIgniter\CodeIgniter->handleRequest(null, Object(Config\Cache), false)
 6 FCPATH\index.php(79): CodeIgniter\CodeIgniter->run()
 7 SYSTEMPATH\Commands\Server\rewrite.php(47): require_once('D:\\RamsAPI-localtestlive\\CandourAutoTech\\cat_rams_v2_api\\public\\index.php')
WARNING - 2024-03-02 10:55:14 --> [DEPRECATED] DateTimeImmutable::createFromFormat(): Passing null to parameter #2 ($datetime) of type string is deprecated in SYSTEMPATH\I18n\TimeTrait.php on line 242.
 1 SYSTEMPATH\I18n\TimeTrait.php(242): DateTimeImmutable::createFromFormat('Y-m-d H:i:s', null)
 2 APPPATH\Controllers\ServiceRequest\ServiceRequestMasterController.php(1999): CodeIgniter\I18n\Time::createFromFormat('Y-m-d H:i:s', null)
 3 SYSTEMPATH\CodeIgniter.php(919): App\Controllers\ServiceRequest\ServiceRequestMasterController->check_reopen_workcard()
 4 SYSTEMPATH\CodeIgniter.php(494): CodeIgniter\CodeIgniter->runController(Object(App\Controllers\ServiceRequest\ServiceRequestMasterController))
 5 SYSTEMPATH\CodeIgniter.php(353): CodeIgniter\CodeIgniter->handleRequest(null, Object(Config\Cache), false)
 6 FCPATH\index.php(79): CodeIgniter\CodeIgniter->run()
 7 SYSTEMPATH\Commands\Server\rewrite.php(47): require_once('D:\\RamsAPI-localtestlive\\CandourAutoTech\\cat_rams_v2_api\\public\\index.php')
CRITICAL - 2024-03-02 10:55:15 --> "Y-m-d H:i:s" is not a valid datetime format
in SYSTEMPATH\I18n\TimeTrait.php on line 243.
 1 SYSTEMPATH\I18n\TimeTrait.php(243): CodeIgniter\I18n\Exceptions\I18nException::forInvalidFormat('Y-m-d H:i:s')
 2 APPPATH\Controllers\ServiceRequest\ServiceRequestMasterController.php(1999): CodeIgniter\I18n\Time::createFromFormat('Y-m-d H:i:s', null)
 3 SYSTEMPATH\CodeIgniter.php(919): App\Controllers\ServiceRequest\ServiceRequestMasterController->check_reopen_workcard()
 4 SYSTEMPATH\CodeIgniter.php(494): CodeIgniter\CodeIgniter->runController(Object(App\Controllers\ServiceRequest\ServiceRequestMasterController))
 5 SYSTEMPATH\CodeIgniter.php(353): CodeIgniter\CodeIgniter->handleRequest(null, Object(Config\Cache), false)
 6 FCPATH\index.php(79): CodeIgniter\CodeIgniter->run()
 7 SYSTEMPATH\Commands\Server\rewrite.php(47): require_once('D:\\RamsAPI-localtestlive\\CandourAutoTech\\cat_rams_v2_api\\public\\index.php')
CRITICAL - 2024-03-02 11:02:50 --> Trying to access array offset on value of type null
in APPPATH\Controllers\ToolRequest\ToolRequestMasterController.php on line 183.
 1 APPPATH\Controllers\ToolRequest\ToolRequestMasterController.php(183): CodeIgniter\Debug\Exceptions->errorHandler(2, 'Trying to access array offset on value of type null', 'D:\\RamsAPI-localtestlive\\CandourAutoTech\\cat_rams_v2_api\\app\\Controllers\\ToolRequest\\ToolRequestMasterController.php', 183)
 2 SYSTEMPATH\CodeIgniter.php(919): App\Controllers\ToolRequest\ToolRequestMasterController->show('MQ==')
 3 SYSTEMPATH\CodeIgniter.php(494): CodeIgniter\CodeIgniter->runController(Object(App\Controllers\ToolRequest\ToolRequestMasterController))
 4 SYSTEMPATH\CodeIgniter.php(353): CodeIgniter\CodeIgniter->handleRequest(null, Object(Config\Cache), false)
 5 FCPATH\index.php(79): CodeIgniter\CodeIgniter->run()
 6 SYSTEMPATH\Commands\Server\rewrite.php(47): require_once('D:\\RamsAPI-localtestlive\\CandourAutoTech\\cat_rams_v2_api\\public\\index.php')
CRITICAL - 2024-03-02 11:02:50 --> Undefined variable $response
in APPPATH\Controllers\ToolRequest\ToolRequestMasterController.php on line 1118.
 1 APPPATH\Controllers\ToolRequest\ToolRequestMasterController.php(1118): CodeIgniter\Debug\Exceptions->errorHandler(2, 'Undefined variable $response', 'D:\\RamsAPI-localtestlive\\CandourAutoTech\\cat_rams_v2_api\\app\\Controllers\\ToolRequest\\ToolRequestMasterController.php', 1118)
 2 SYSTEMPATH\CodeIgniter.php(919): App\Controllers\ToolRequest\ToolRequestMasterController->fetch_request_status()
 3 SYSTEMPATH\CodeIgniter.php(494): CodeIgniter\CodeIgniter->runController(Object(App\Controllers\ToolRequest\ToolRequestMasterController))
 4 SYSTEMPATH\CodeIgniter.php(353): CodeIgniter\CodeIgniter->handleRequest(null, Object(Config\Cache), false)
 5 FCPATH\index.php(79): CodeIgniter\CodeIgniter->run()
 6 SYSTEMPATH\Commands\Server\rewrite.php(47): require_once('D:\\RamsAPI-localtestlive\\CandourAutoTech\\cat_rams_v2_api\\public\\index.php')
