ERROR - 2024-08-27 01:08:36 --> mysqli_sql_exception: Column 'tldt_tool_duration' cannot be null in D:\LogicInFeel\Cat Rams Git\cat_rams_v1_api\system\Database\MySQLi\Connection.php:306
Stack trace:
#0 D:\LogicInFeel\Cat Rams Git\cat_rams_v1_api\system\Database\MySQLi\Connection.php(306): mysqli->query('INSERT INTO `to...', 0)
#1 D:\LogicInFeel\Cat Rams Git\cat_rams_v1_api\system\Database\BaseConnection.php(692): CodeIgniter\Database\MySQLi\Connection->execute('INSERT INTO `to...')
#2 D:\LogicInFeel\Cat Rams Git\cat_rams_v1_api\system\Database\BaseConnection.php(606): CodeIgniter\Database\BaseConnection->simpleQuery('INSERT INTO `to...')
#3 D:\LogicInFeel\Cat Rams Git\cat_rams_v1_api\system\Database\BaseBuilder.php(2308): CodeIgniter\Database\BaseConnection->query('INSERT INTO `to...', Array, false)
#4 D:\LogicInFeel\Cat Rams Git\cat_rams_v1_api\system\Model.php(319): CodeIgniter\Database\BaseBuilder->insert()
#5 D:\LogicInFeel\Cat Rams Git\cat_rams_v1_api\system\BaseModel.php(788): CodeIgniter\Model->doInsert(Array)
#6 D:\LogicInFeel\Cat Rams Git\cat_rams_v1_api\system\Model.php(715): CodeIgniter\BaseModel->insert(Array, true)
#7 D:\LogicInFeel\Cat Rams Git\cat_rams_v1_api\app\Controllers\WorkCard\WorkCardMasterController.php(2214): CodeIgniter\Model->insert(Array)
#8 D:\LogicInFeel\Cat Rams Git\cat_rams_v1_api\system\CodeIgniter.php(919): App\Controllers\WorkCard\WorkCardMasterController->recommended_tool_confirm()
#9 D:\LogicInFeel\Cat Rams Git\cat_rams_v1_api\system\CodeIgniter.php(494): CodeIgniter\CodeIgniter->runController(Object(App\Controllers\WorkCard\WorkCardMasterController))
#10 D:\LogicInFeel\Cat Rams Git\cat_rams_v1_api\system\CodeIgniter.php(353): CodeIgniter\CodeIgniter->handleRequest(NULL, Object(Config\Cache), false)
#11 D:\LogicInFeel\Cat Rams Git\cat_rams_v1_api\public\index.php(79): CodeIgniter\CodeIgniter->run()
#12 D:\LogicInFeel\Cat Rams Git\cat_rams_v1_api\system\Commands\Server\rewrite.php(47): require_once('D:\\LogicInFeel\\...')
#13 {main}
CRITICAL - 2024-08-27 01:08:36 --> Column 'tldt_tool_duration' cannot be null
in SYSTEMPATH\Database\BaseConnection.php on line 646.
 1 SYSTEMPATH\Database\BaseBuilder.php(2308): CodeIgniter\Database\BaseConnection->query('INSERT INTO `tool_request_details` (`tldt_cstm_id`, `tldt_tool_id`, `tldt_number`, `tldt_tool_quant`, `tldt_tool_duration`, `tldt_cost`, `tldt_delivery_address`, `tldt_status`, `tldt_active_flag`, `tldt_advpaymt_flag`, `tldt_paymt_flag`, `tldt_created_on`, `tldt_created_by`, `tldt_updated_on`, `tldt_updated_by`, `tldt_reference`) VALUES (:tldt_cstm_id:, :tldt_tool_id:, :tldt_number:, :tldt_tool_quant:, :tldt_tool_duration:, :tldt_cost:, :tldt_delivery_address:, :tldt_status:, :tldt_active_flag:, :tldt_advpaymt_flag:, :tldt_paymt_flag:, :tldt_created_on:, :tldt_created_by:, :tldt_updated_on:, :tldt_updated_by:, :tldt_reference:)', [...], false)
 2 SYSTEMPATH\Model.php(319): CodeIgniter\Database\BaseBuilder->insert()
 3 SYSTEMPATH\BaseModel.php(788): CodeIgniter\Model->doInsert([...])
 4 SYSTEMPATH\Model.php(715): CodeIgniter\BaseModel->insert([...], true)
 5 APPPATH\Controllers\WorkCard\WorkCardMasterController.php(2214): CodeIgniter\Model->insert([...])
 6 SYSTEMPATH\CodeIgniter.php(919): App\Controllers\WorkCard\WorkCardMasterController->recommended_tool_confirm()
 7 SYSTEMPATH\CodeIgniter.php(494): CodeIgniter\CodeIgniter->runController(Object(App\Controllers\WorkCard\WorkCardMasterController))
 8 SYSTEMPATH\CodeIgniter.php(353): CodeIgniter\CodeIgniter->handleRequest(null, Object(Config\Cache), false)
 9 FCPATH\index.php(79): CodeIgniter\CodeIgniter->run()
10 SYSTEMPATH\Commands\Server\rewrite.php(47): require_once('D:\\LogicInFeel\\Cat Rams Git\\cat_rams_v1_api\\public\\index.php')
CRITICAL - 2024-08-27 01:11:01 --> Undefined property: stdClass::$quantity
in APPPATH\Controllers\System\ToolMasterController.php on line 304.
 1 APPPATH\Controllers\System\ToolMasterController.php(304): CodeIgniter\Debug\Exceptions->errorHandler(2, 'Undefined property: stdClass::$quantity', 'D:\\LogicInFeel\\Cat Rams Git\\cat_rams_v1_api\\app\\Controllers\\System\\ToolMasterController.php', 304)
 2 SYSTEMPATH\CodeIgniter.php(919): App\Controllers\System\ToolMasterController->update_tool_details()
 3 SYSTEMPATH\CodeIgniter.php(494): CodeIgniter\CodeIgniter->runController(Object(App\Controllers\System\ToolMasterController))
 4 SYSTEMPATH\CodeIgniter.php(353): CodeIgniter\CodeIgniter->handleRequest(null, Object(Config\Cache), false)
 5 FCPATH\index.php(79): CodeIgniter\CodeIgniter->run()
 6 SYSTEMPATH\Commands\Server\rewrite.php(47): require_once('D:\\LogicInFeel\\Cat Rams Git\\cat_rams_v1_api\\public\\index.php')
CRITICAL - 2024-08-27 01:11:17 --> Undefined property: stdClass::$quantity
in APPPATH\Controllers\System\ToolMasterController.php on line 304.
 1 APPPATH\Controllers\System\ToolMasterController.php(304): CodeIgniter\Debug\Exceptions->errorHandler(2, 'Undefined property: stdClass::$quantity', 'D:\\LogicInFeel\\Cat Rams Git\\cat_rams_v1_api\\app\\Controllers\\System\\ToolMasterController.php', 304)
 2 SYSTEMPATH\CodeIgniter.php(919): App\Controllers\System\ToolMasterController->update_tool_details()
 3 SYSTEMPATH\CodeIgniter.php(494): CodeIgniter\CodeIgniter->runController(Object(App\Controllers\System\ToolMasterController))
 4 SYSTEMPATH\CodeIgniter.php(353): CodeIgniter\CodeIgniter->handleRequest(null, Object(Config\Cache), false)
 5 FCPATH\index.php(79): CodeIgniter\CodeIgniter->run()
 6 SYSTEMPATH\Commands\Server\rewrite.php(47): require_once('D:\\LogicInFeel\\Cat Rams Git\\cat_rams_v1_api\\public\\index.php')
CRITICAL - 2024-08-27 01:11:33 --> Undefined property: stdClass::$quantity
in APPPATH\Controllers\System\ToolMasterController.php on line 304.
 1 APPPATH\Controllers\System\ToolMasterController.php(304): CodeIgniter\Debug\Exceptions->errorHandler(2, 'Undefined property: stdClass::$quantity', 'D:\\LogicInFeel\\Cat Rams Git\\cat_rams_v1_api\\app\\Controllers\\System\\ToolMasterController.php', 304)
 2 SYSTEMPATH\CodeIgniter.php(919): App\Controllers\System\ToolMasterController->update_tool_details()
 3 SYSTEMPATH\CodeIgniter.php(494): CodeIgniter\CodeIgniter->runController(Object(App\Controllers\System\ToolMasterController))
 4 SYSTEMPATH\CodeIgniter.php(353): CodeIgniter\CodeIgniter->handleRequest(null, Object(Config\Cache), false)
 5 FCPATH\index.php(79): CodeIgniter\CodeIgniter->run()
 6 SYSTEMPATH\Commands\Server\rewrite.php(47): require_once('D:\\LogicInFeel\\Cat Rams Git\\cat_rams_v1_api\\public\\index.php')
CRITICAL - 2024-08-27 01:12:04 --> Undefined property: stdClass::$quantity
in APPPATH\Controllers\System\ToolMasterController.php on line 304.
 1 APPPATH\Controllers\System\ToolMasterController.php(304): CodeIgniter\Debug\Exceptions->errorHandler(2, 'Undefined property: stdClass::$quantity', 'D:\\LogicInFeel\\Cat Rams Git\\cat_rams_v1_api\\app\\Controllers\\System\\ToolMasterController.php', 304)
 2 SYSTEMPATH\CodeIgniter.php(919): App\Controllers\System\ToolMasterController->update_tool_details()
 3 SYSTEMPATH\CodeIgniter.php(494): CodeIgniter\CodeIgniter->runController(Object(App\Controllers\System\ToolMasterController))
 4 SYSTEMPATH\CodeIgniter.php(353): CodeIgniter\CodeIgniter->handleRequest(null, Object(Config\Cache), false)
 5 FCPATH\index.php(79): CodeIgniter\CodeIgniter->run()
 6 SYSTEMPATH\Commands\Server\rewrite.php(47): require_once('D:\\LogicInFeel\\Cat Rams Git\\cat_rams_v1_api\\public\\index.php')
CRITICAL - 2024-08-27 13:46:10 --> Undefined property: stdClass::$quantity
in APPPATH\Controllers\System\ToolMasterController.php on line 304.
 1 APPPATH\Controllers\System\ToolMasterController.php(304): CodeIgniter\Debug\Exceptions->errorHandler(2, 'Undefined property: stdClass::$quantity', 'D:\\LogicInFeel\\Cat Rams Git\\cat_rams_v1_api\\app\\Controllers\\System\\ToolMasterController.php', 304)
 2 SYSTEMPATH\CodeIgniter.php(919): App\Controllers\System\ToolMasterController->update_tool_details()
 3 SYSTEMPATH\CodeIgniter.php(494): CodeIgniter\CodeIgniter->runController(Object(App\Controllers\System\ToolMasterController))
 4 SYSTEMPATH\CodeIgniter.php(353): CodeIgniter\CodeIgniter->handleRequest(null, Object(Config\Cache), false)
 5 FCPATH\index.php(79): CodeIgniter\CodeIgniter->run()
 6 SYSTEMPATH\Commands\Server\rewrite.php(47): require_once('D:\\LogicInFeel\\Cat Rams Git\\cat_rams_v1_api\\public\\index.php')
CRITICAL - 2024-08-27 13:46:20 --> Undefined property: stdClass::$quantity
in APPPATH\Controllers\System\ToolMasterController.php on line 304.
 1 APPPATH\Controllers\System\ToolMasterController.php(304): CodeIgniter\Debug\Exceptions->errorHandler(2, 'Undefined property: stdClass::$quantity', 'D:\\LogicInFeel\\Cat Rams Git\\cat_rams_v1_api\\app\\Controllers\\System\\ToolMasterController.php', 304)
 2 SYSTEMPATH\CodeIgniter.php(919): App\Controllers\System\ToolMasterController->update_tool_details()
 3 SYSTEMPATH\CodeIgniter.php(494): CodeIgniter\CodeIgniter->runController(Object(App\Controllers\System\ToolMasterController))
 4 SYSTEMPATH\CodeIgniter.php(353): CodeIgniter\CodeIgniter->handleRequest(null, Object(Config\Cache), false)
 5 FCPATH\index.php(79): CodeIgniter\CodeIgniter->run()
 6 SYSTEMPATH\Commands\Server\rewrite.php(47): require_once('D:\\LogicInFeel\\Cat Rams Git\\cat_rams_v1_api\\public\\index.php')
CRITICAL - 2024-08-27 13:46:40 --> Undefined property: stdClass::$quantity
in APPPATH\Controllers\System\ToolMasterController.php on line 304.
 1 APPPATH\Controllers\System\ToolMasterController.php(304): CodeIgniter\Debug\Exceptions->errorHandler(2, 'Undefined property: stdClass::$quantity', 'D:\\LogicInFeel\\Cat Rams Git\\cat_rams_v1_api\\app\\Controllers\\System\\ToolMasterController.php', 304)
 2 SYSTEMPATH\CodeIgniter.php(919): App\Controllers\System\ToolMasterController->update_tool_details()
 3 SYSTEMPATH\CodeIgniter.php(494): CodeIgniter\CodeIgniter->runController(Object(App\Controllers\System\ToolMasterController))
 4 SYSTEMPATH\CodeIgniter.php(353): CodeIgniter\CodeIgniter->handleRequest(null, Object(Config\Cache), false)
 5 FCPATH\index.php(79): CodeIgniter\CodeIgniter->run()
 6 SYSTEMPATH\Commands\Server\rewrite.php(47): require_once('D:\\LogicInFeel\\Cat Rams Git\\cat_rams_v1_api\\public\\index.php')
CRITICAL - 2024-08-27 16:16:50 --> Undefined variable $result
in APPPATH\Controllers\Vendor\VendorMasterController.php on line 1800.
 1 APPPATH\Controllers\Vendor\VendorMasterController.php(1800): CodeIgniter\Debug\Exceptions->errorHandler(2, 'Undefined variable $result', 'D:\\LogicInFeel\\Cat Rams Git\\cat_rams_v1_api\\app\\Controllers\\Vendor\\VendorMasterController.php', 1800)
 2 SYSTEMPATH\CodeIgniter.php(919): App\Controllers\Vendor\VendorMasterController->vendor_status_update()
 3 SYSTEMPATH\CodeIgniter.php(494): CodeIgniter\CodeIgniter->runController(Object(App\Controllers\Vendor\VendorMasterController))
 4 SYSTEMPATH\CodeIgniter.php(353): CodeIgniter\CodeIgniter->handleRequest(null, Object(Config\Cache), false)
 5 FCPATH\index.php(79): CodeIgniter\CodeIgniter->run()
 6 SYSTEMPATH\Commands\Server\rewrite.php(47): require_once('D:\\LogicInFeel\\Cat Rams Git\\cat_rams_v1_api\\public\\index.php')
CRITICAL - 2024-08-27 17:23:48 --> Updates are not allowed unless they contain a "where" or "like" clause.
in SYSTEMPATH\Model.php on line 380.
 1 SYSTEMPATH\BaseModel.php(949): CodeIgniter\Model->doUpdate(null, [...])
 2 SYSTEMPATH\Model.php(776): CodeIgniter\BaseModel->update(null, [...])
 3 APPPATH\Controllers\Vendor\VendorMasterController.php(1734): CodeIgniter\Model->update(null, [...])
 4 SYSTEMPATH\CodeIgniter.php(919): App\Controllers\Vendor\VendorMasterController->vendor_status_update()
 5 SYSTEMPATH\CodeIgniter.php(494): CodeIgniter\CodeIgniter->runController(Object(App\Controllers\Vendor\VendorMasterController))
 6 SYSTEMPATH\CodeIgniter.php(353): CodeIgniter\CodeIgniter->handleRequest(null, Object(Config\Cache), false)
 7 FCPATH\index.php(79): CodeIgniter\CodeIgniter->run()
 8 SYSTEMPATH\Commands\Server\rewrite.php(47): require_once('D:\\LogicInFeel\\Cat Rams Git\\cat_rams_v1_api\\public\\index.php')
CRITICAL - 2024-08-27 17:25:19 --> Updates are not allowed unless they contain a "where" or "like" clause.
in SYSTEMPATH\Model.php on line 380.
 1 SYSTEMPATH\BaseModel.php(949): CodeIgniter\Model->doUpdate(null, [...])
 2 SYSTEMPATH\Model.php(776): CodeIgniter\BaseModel->update(null, [...])
 3 APPPATH\Controllers\Vendor\VendorMasterController.php(1735): CodeIgniter\Model->update(null, [...])
 4 SYSTEMPATH\CodeIgniter.php(919): App\Controllers\Vendor\VendorMasterController->vendor_status_update()
 5 SYSTEMPATH\CodeIgniter.php(494): CodeIgniter\CodeIgniter->runController(Object(App\Controllers\Vendor\VendorMasterController))
 6 SYSTEMPATH\CodeIgniter.php(353): CodeIgniter\CodeIgniter->handleRequest(null, Object(Config\Cache), false)
 7 FCPATH\index.php(79): CodeIgniter\CodeIgniter->run()
 8 SYSTEMPATH\Commands\Server\rewrite.php(47): require_once('D:\\LogicInFeel\\Cat Rams Git\\cat_rams_v1_api\\public\\index.php')
CRITICAL - 2024-08-27 17:25:39 --> Updates are not allowed unless they contain a "where" or "like" clause.
in SYSTEMPATH\Model.php on line 380.
 1 SYSTEMPATH\BaseModel.php(949): CodeIgniter\Model->doUpdate(null, [...])
 2 SYSTEMPATH\Model.php(776): CodeIgniter\BaseModel->update(null, [...])
 3 APPPATH\Controllers\Vendor\VendorMasterController.php(1735): CodeIgniter\Model->update(null, [...])
 4 SYSTEMPATH\CodeIgniter.php(919): App\Controllers\Vendor\VendorMasterController->vendor_status_update()
 5 SYSTEMPATH\CodeIgniter.php(494): CodeIgniter\CodeIgniter->runController(Object(App\Controllers\Vendor\VendorMasterController))
 6 SYSTEMPATH\CodeIgniter.php(353): CodeIgniter\CodeIgniter->handleRequest(null, Object(Config\Cache), false)
 7 FCPATH\index.php(79): CodeIgniter\CodeIgniter->run()
 8 SYSTEMPATH\Commands\Server\rewrite.php(47): require_once('D:\\LogicInFeel\\Cat Rams Git\\cat_rams_v1_api\\public\\index.php')
CRITICAL - 2024-08-27 17:33:30 --> Undefined variable $result
in APPPATH\Controllers\Vendor\VendorMasterController.php on line 1776.
 1 APPPATH\Controllers\Vendor\VendorMasterController.php(1776): CodeIgniter\Debug\Exceptions->errorHandler(2, 'Undefined variable $result', 'D:\\LogicInFeel\\Cat Rams Git\\cat_rams_v1_api\\app\\Controllers\\Vendor\\VendorMasterController.php', 1776)
 2 SYSTEMPATH\CodeIgniter.php(919): App\Controllers\Vendor\VendorMasterController->vendor_status_update()
 3 SYSTEMPATH\CodeIgniter.php(494): CodeIgniter\CodeIgniter->runController(Object(App\Controllers\Vendor\VendorMasterController))
 4 SYSTEMPATH\CodeIgniter.php(353): CodeIgniter\CodeIgniter->handleRequest(null, Object(Config\Cache), false)
 5 FCPATH\index.php(79): CodeIgniter\CodeIgniter->run()
 6 SYSTEMPATH\Commands\Server\rewrite.php(47): require_once('D:\\LogicInFeel\\Cat Rams Git\\cat_rams_v1_api\\public\\index.php')
CRITICAL - 2024-08-27 17:53:07 --> Undefined variable $result
in APPPATH\Controllers\Vendor\VendorMasterController.php on line 1776.
 1 APPPATH\Controllers\Vendor\VendorMasterController.php(1776): CodeIgniter\Debug\Exceptions->errorHandler(2, 'Undefined variable $result', 'D:\\LogicInFeel\\Cat Rams Git\\cat_rams_v1_api\\app\\Controllers\\Vendor\\VendorMasterController.php', 1776)
 2 SYSTEMPATH\CodeIgniter.php(919): App\Controllers\Vendor\VendorMasterController->vendor_status_update()
 3 SYSTEMPATH\CodeIgniter.php(494): CodeIgniter\CodeIgniter->runController(Object(App\Controllers\Vendor\VendorMasterController))
 4 SYSTEMPATH\CodeIgniter.php(353): CodeIgniter\CodeIgniter->handleRequest(null, Object(Config\Cache), false)
 5 FCPATH\index.php(79): CodeIgniter\CodeIgniter->run()
 6 SYSTEMPATH\Commands\Server\rewrite.php(47): require_once('D:\\LogicInFeel\\Cat Rams Git\\cat_rams_v1_api\\public\\index.php')
CRITICAL - 2024-08-27 17:56:37 --> Undefined variable $result
in APPPATH\Controllers\Vendor\VendorMasterController.php on line 1776.
 1 APPPATH\Controllers\Vendor\VendorMasterController.php(1776): CodeIgniter\Debug\Exceptions->errorHandler(2, 'Undefined variable $result', 'D:\\LogicInFeel\\Cat Rams Git\\cat_rams_v1_api\\app\\Controllers\\Vendor\\VendorMasterController.php', 1776)
 2 SYSTEMPATH\CodeIgniter.php(919): App\Controllers\Vendor\VendorMasterController->vendor_status_update()
 3 SYSTEMPATH\CodeIgniter.php(494): CodeIgniter\CodeIgniter->runController(Object(App\Controllers\Vendor\VendorMasterController))
 4 SYSTEMPATH\CodeIgniter.php(353): CodeIgniter\CodeIgniter->handleRequest(null, Object(Config\Cache), false)
 5 FCPATH\index.php(79): CodeIgniter\CodeIgniter->run()
 6 SYSTEMPATH\Commands\Server\rewrite.php(47): require_once('D:\\LogicInFeel\\Cat Rams Git\\cat_rams_v1_api\\public\\index.php')
CRITICAL - 2024-08-27 18:41:28 --> Trying to access array offset on value of type null
in APPPATH\Controllers\ServiceRequest\ServiceRequestMasterController.php on line 1580.
 1 APPPATH\Controllers\ServiceRequest\ServiceRequestMasterController.php(1580): CodeIgniter\Debug\Exceptions->errorHandler(2, 'Trying to access array offset on value of type null', 'D:\\LogicInFeel\\Cat Rams Git\\cat_rams_v1_api\\app\\Controllers\\ServiceRequest\\ServiceRequestMasterController.php', 1580)
 2 SYSTEMPATH\CodeIgniter.php(919): App\Controllers\ServiceRequest\ServiceRequestMasterController->update_assigne()
 3 SYSTEMPATH\CodeIgniter.php(494): CodeIgniter\CodeIgniter->runController(Object(App\Controllers\ServiceRequest\ServiceRequestMasterController))
 4 SYSTEMPATH\CodeIgniter.php(353): CodeIgniter\CodeIgniter->handleRequest(null, Object(Config\Cache), false)
 5 FCPATH\index.php(79): CodeIgniter\CodeIgniter->run()
 6 SYSTEMPATH\Commands\Server\rewrite.php(47): require_once('D:\\LogicInFeel\\Cat Rams Git\\cat_rams_v1_api\\public\\index.php')
CRITICAL - 2024-08-27 23:37:02 --> Undefined variable $hist2
in APPPATH\Controllers\ToolRequest\ToolRequestMasterController.php on line 2624.
 1 APPPATH\Controllers\ToolRequest\ToolRequestMasterController.php(2624): CodeIgniter\Debug\Exceptions->errorHandler(2, 'Undefined variable $hist2', 'D:\\LogicInFeel\\Cat Rams Git\\cat_rams_v1_api\\app\\Controllers\\ToolRequest\\ToolRequestMasterController.php', 2624)
 2 SYSTEMPATH\CodeIgniter.php(919): App\Controllers\ToolRequest\ToolRequestMasterController->damagedtoolreq_updt()
 3 SYSTEMPATH\CodeIgniter.php(494): CodeIgniter\CodeIgniter->runController(Object(App\Controllers\ToolRequest\ToolRequestMasterController))
 4 SYSTEMPATH\CodeIgniter.php(353): CodeIgniter\CodeIgniter->handleRequest(null, Object(Config\Cache), false)
 5 FCPATH\index.php(79): CodeIgniter\CodeIgniter->run()
 6 SYSTEMPATH\Commands\Server\rewrite.php(47): require_once('D:\\LogicInFeel\\Cat Rams Git\\cat_rams_v1_api\\public\\index.php')
CRITICAL - 2024-08-27 23:37:03 --> Undefined variable $hist2
in APPPATH\Controllers\ToolRequest\ToolRequestMasterController.php on line 2624.
 1 APPPATH\Controllers\ToolRequest\ToolRequestMasterController.php(2624): CodeIgniter\Debug\Exceptions->errorHandler(2, 'Undefined variable $hist2', 'D:\\LogicInFeel\\Cat Rams Git\\cat_rams_v1_api\\app\\Controllers\\ToolRequest\\ToolRequestMasterController.php', 2624)
 2 SYSTEMPATH\CodeIgniter.php(919): App\Controllers\ToolRequest\ToolRequestMasterController->damagedtoolreq_updt()
 3 SYSTEMPATH\CodeIgniter.php(494): CodeIgniter\CodeIgniter->runController(Object(App\Controllers\ToolRequest\ToolRequestMasterController))
 4 SYSTEMPATH\CodeIgniter.php(353): CodeIgniter\CodeIgniter->handleRequest(null, Object(Config\Cache), false)
 5 FCPATH\index.php(79): CodeIgniter\CodeIgniter->run()
 6 SYSTEMPATH\Commands\Server\rewrite.php(47): require_once('D:\\LogicInFeel\\Cat Rams Git\\cat_rams_v1_api\\public\\index.php')
CRITICAL - 2024-08-27 23:37:04 --> Undefined variable $hist2
in APPPATH\Controllers\ToolRequest\ToolRequestMasterController.php on line 2624.
 1 APPPATH\Controllers\ToolRequest\ToolRequestMasterController.php(2624): CodeIgniter\Debug\Exceptions->errorHandler(2, 'Undefined variable $hist2', 'D:\\LogicInFeel\\Cat Rams Git\\cat_rams_v1_api\\app\\Controllers\\ToolRequest\\ToolRequestMasterController.php', 2624)
 2 SYSTEMPATH\CodeIgniter.php(919): App\Controllers\ToolRequest\ToolRequestMasterController->damagedtoolreq_updt()
 3 SYSTEMPATH\CodeIgniter.php(494): CodeIgniter\CodeIgniter->runController(Object(App\Controllers\ToolRequest\ToolRequestMasterController))
 4 SYSTEMPATH\CodeIgniter.php(353): CodeIgniter\CodeIgniter->handleRequest(null, Object(Config\Cache), false)
 5 FCPATH\index.php(79): CodeIgniter\CodeIgniter->run()
 6 SYSTEMPATH\Commands\Server\rewrite.php(47): require_once('D:\\LogicInFeel\\Cat Rams Git\\cat_rams_v1_api\\public\\index.php')
