CRITICAL - 2023-10-04 06:32:07 --> Class "App\Models\User\UsersModel" not found
in APPPATH\Controllers\Auth\PreAuthentication.php on line 22.
 1 SYSTEMPATH\CodeIgniter.php(919): App\Controllers\Auth\PreAuthentication->user_login()
 2 SYSTEMPATH\CodeIgniter.php(494): CodeIgniter\CodeIgniter->runController(Object(App\Controllers\Auth\PreAuthentication))
 3 SYSTEMPATH\CodeIgniter.php(353): CodeIgniter\CodeIgniter->handleRequest(null, Object(Config\Cache), false)
 4 FCPATH\index.php(87): CodeIgniter\CodeIgniter->run()
 5 SYSTEMPATH\Commands\Server\rewrite.php(47): require_once('C:\\CandourAutoTech\\cat_rams_v2_api\\public\\index.php')
CRITICAL - 2023-10-04 06:34:05 --> Class "App\Models\User\UsersModel" not found
in APPPATH\Controllers\Auth\PreAuthentication.php on line 22.
 1 SYSTEMPATH\CodeIgniter.php(919): App\Controllers\Auth\PreAuthentication->user_login()
 2 SYSTEMPATH\CodeIgniter.php(494): CodeIgniter\CodeIgniter->runController(Object(App\Controllers\Auth\PreAuthentication))
 3 SYSTEMPATH\CodeIgniter.php(353): CodeIgniter\CodeIgniter->handleRequest(null, Object(Config\Cache), false)
 4 FCPATH\index.php(87): CodeIgniter\CodeIgniter->run()
 5 SYSTEMPATH\Commands\Server\rewrite.php(47): require_once('C:\\CandourAutoTech\\cat_rams_v2_api\\public\\index.php')
CRITICAL - 2023-10-04 06:44:01 --> Class "App\Models\User\UsersModel" not found
in APPPATH\Controllers\Auth\PreAuthentication.php on line 22.
 1 SYSTEMPATH\CodeIgniter.php(919): App\Controllers\Auth\PreAuthentication->user_login()
 2 SYSTEMPATH\CodeIgniter.php(494): CodeIgniter\CodeIgniter->runController(Object(App\Controllers\Auth\PreAuthentication))
 3 SYSTEMPATH\CodeIgniter.php(353): CodeIgniter\CodeIgniter->handleRequest(null, Object(Config\Cache), false)
 4 FCPATH\index.php(87): CodeIgniter\CodeIgniter->run()
 5 SYSTEMPATH\Commands\Server\rewrite.php(47): require_once('C:\\CandourAutoTech\\cat_rams_v2_api\\public\\index.php')
CRITICAL - 2023-10-04 06:51:55 --> Class "App\Models\User\UsersModel" not found
in APPPATH\Controllers\Auth\PreAuthentication.php on line 30.
 1 SYSTEMPATH\CodeIgniter.php(919): App\Controllers\Auth\PreAuthentication->user_login()
 2 SYSTEMPATH\CodeIgniter.php(494): CodeIgniter\CodeIgniter->runController(Object(App\Controllers\Auth\PreAuthentication))
 3 SYSTEMPATH\CodeIgniter.php(353): CodeIgniter\CodeIgniter->handleRequest(null, Object(Config\Cache), false)
 4 FCPATH\index.php(87): CodeIgniter\CodeIgniter->run()
 5 SYSTEMPATH\Commands\Server\rewrite.php(47): require_once('C:\\CandourAutoTech\\cat_rams_v2_api\\public\\index.php')
CRITICAL - 2023-10-04 06:52:35 --> Undefined variable $model
in APPPATH\Controllers\Auth\PreAuthentication.php on line 37.
 1 APPPATH\Controllers\Auth\PreAuthentication.php(37): CodeIgniter\Debug\Exceptions->errorHandler(2, 'Undefined variable $model', 'C:\\CandourAutoTech\\cat_rams_v2_api\\app\\Controllers\\Auth\\PreAuthentication.php', 37)
 2 SYSTEMPATH\CodeIgniter.php(919): App\Controllers\Auth\PreAuthentication->user_login()
 3 SYSTEMPATH\CodeIgniter.php(494): CodeIgniter\CodeIgniter->runController(Object(App\Controllers\Auth\PreAuthentication))
 4 SYSTEMPATH\CodeIgniter.php(353): CodeIgniter\CodeIgniter->handleRequest(null, Object(Config\Cache), false)
 5 FCPATH\index.php(87): CodeIgniter\CodeIgniter->run()
 6 SYSTEMPATH\Commands\Server\rewrite.php(47): require_once('C:\\CandourAutoTech\\cat_rams_v2_api\\public\\index.php')
CRITICAL - 2023-10-04 08:06:37 --> Class "App\Models\User\UsersModel" not found
in APPPATH\Controllers\Auth\PreAuthentication.php on line 30.
 1 SYSTEMPATH\CodeIgniter.php(919): App\Controllers\Auth\PreAuthentication->user_login()
 2 SYSTEMPATH\CodeIgniter.php(494): CodeIgniter\CodeIgniter->runController(Object(App\Controllers\Auth\PreAuthentication))
 3 SYSTEMPATH\CodeIgniter.php(353): CodeIgniter\CodeIgniter->handleRequest(null, Object(Config\Cache), false)
 4 FCPATH\index.php(87): CodeIgniter\CodeIgniter->run()
 5 SYSTEMPATH\Commands\Server\rewrite.php(47): require_once('C:\\CandourAutoTech\\cat_rams_v2_api\\public\\index.php')
CRITICAL - 2023-10-04 08:09:09 --> Class "App\Models\User\UsersModel" not found
in APPPATH\Controllers\Auth\PreAuthentication.php on line 23.
 1 SYSTEMPATH\CodeIgniter.php(919): App\Controllers\Auth\PreAuthentication->user_login()
 2 SYSTEMPATH\CodeIgniter.php(494): CodeIgniter\CodeIgniter->runController(Object(App\Controllers\Auth\PreAuthentication))
 3 SYSTEMPATH\CodeIgniter.php(353): CodeIgniter\CodeIgniter->handleRequest(null, Object(Config\Cache), false)
 4 FCPATH\index.php(87): CodeIgniter\CodeIgniter->run()
 5 SYSTEMPATH\Commands\Server\rewrite.php(47): require_once('C:\\CandourAutoTech\\cat_rams_v2_api\\public\\index.php')
CRITICAL - 2023-10-04 08:09:12 --> Class "App\Models\User\UsersModel" not found
in APPPATH\Controllers\Auth\PreAuthentication.php on line 23.
 1 SYSTEMPATH\CodeIgniter.php(919): App\Controllers\Auth\PreAuthentication->user_login()
 2 SYSTEMPATH\CodeIgniter.php(494): CodeIgniter\CodeIgniter->runController(Object(App\Controllers\Auth\PreAuthentication))
 3 SYSTEMPATH\CodeIgniter.php(353): CodeIgniter\CodeIgniter->handleRequest(null, Object(Config\Cache), false)
 4 FCPATH\index.php(87): CodeIgniter\CodeIgniter->run()
 5 SYSTEMPATH\Commands\Server\rewrite.php(47): require_once('C:\\CandourAutoTech\\cat_rams_v2_api\\public\\index.php')
CRITICAL - 2023-10-04 08:09:34 --> Class "App\Models\User\UsersModel" not found
in APPPATH\Controllers\Auth\PreAuthentication.php on line 23.
 1 SYSTEMPATH\CodeIgniter.php(919): App\Controllers\Auth\PreAuthentication->user_login()
 2 SYSTEMPATH\CodeIgniter.php(494): CodeIgniter\CodeIgniter->runController(Object(App\Controllers\Auth\PreAuthentication))
 3 SYSTEMPATH\CodeIgniter.php(353): CodeIgniter\CodeIgniter->handleRequest(null, Object(Config\Cache), false)
 4 FCPATH\index.php(87): CodeIgniter\CodeIgniter->run()
 5 SYSTEMPATH\Commands\Server\rewrite.php(47): require_once('C:\\CandourAutoTech\\cat_rams_v2_api\\public\\index.php')
CRITICAL - 2023-10-04 08:11:27 --> Class "App\Models\UsersModel" not found
in APPPATH\Controllers\Auth\PreAuthentication.php on line 23.
 1 SYSTEMPATH\CodeIgniter.php(919): App\Controllers\Auth\PreAuthentication->user_login()
 2 SYSTEMPATH\CodeIgniter.php(494): CodeIgniter\CodeIgniter->runController(Object(App\Controllers\Auth\PreAuthentication))
 3 SYSTEMPATH\CodeIgniter.php(353): CodeIgniter\CodeIgniter->handleRequest(null, Object(Config\Cache), false)
 4 FCPATH\index.php(87): CodeIgniter\CodeIgniter->run()
 5 SYSTEMPATH\Commands\Server\rewrite.php(47): require_once('C:\\CandourAutoTech\\cat_rams_v2_api\\public\\index.php')
CRITICAL - 2023-10-04 08:15:18 --> Class "App\Models\UsersModel" not found
in APPPATH\Controllers\Auth\PreAuthentication.php on line 21.
 1 SYSTEMPATH\CodeIgniter.php(919): App\Controllers\Auth\PreAuthentication->user_login()
 2 SYSTEMPATH\CodeIgniter.php(494): CodeIgniter\CodeIgniter->runController(Object(App\Controllers\Auth\PreAuthentication))
 3 SYSTEMPATH\CodeIgniter.php(353): CodeIgniter\CodeIgniter->handleRequest(null, Object(Config\Cache), false)
 4 FCPATH\index.php(87): CodeIgniter\CodeIgniter->run()
 5 SYSTEMPATH\Commands\Server\rewrite.php(47): require_once('C:\\CandourAutoTech\\cat_rams_v2_api\\public\\index.php')
CRITICAL - 2023-10-04 09:25:26 --> Encrypter needs a starter key.
in SYSTEMPATH\Encryption\Encryption.php on line 124.
 1 SYSTEMPATH\Encryption\Encryption.php(124): CodeIgniter\Encryption\Exceptions\EncryptionException::forNeedsStarterKey()
 2 SYSTEMPATH\Config\Services.php(251): CodeIgniter\Encryption\Encryption->initialize(Object(Config\Encryption))
 3 SYSTEMPATH\Config\BaseService.php(258): CodeIgniter\Config\Services::encrypter()
 4 APPPATH\Controllers\Auth\PreAuthentication.php(37): CodeIgniter\Config\BaseService::__callStatic('encrypter', [])
 5 SYSTEMPATH\CodeIgniter.php(919): App\Controllers\Auth\PreAuthentication->user_login()
 6 SYSTEMPATH\CodeIgniter.php(494): CodeIgniter\CodeIgniter->runController(Object(App\Controllers\Auth\PreAuthentication))
 7 SYSTEMPATH\CodeIgniter.php(353): CodeIgniter\CodeIgniter->handleRequest(null, Object(Config\Cache), false)
 8 FCPATH\index.php(87): CodeIgniter\CodeIgniter->run()
 9 SYSTEMPATH\Commands\Server\rewrite.php(47): require_once('C:\\CandourAutoTech\\cat_rams_v2_api\\public\\index.php')
CRITICAL - 2023-10-04 10:35:13 --> Call to a member function table() on null
in APPPATH\Controllers\Auth\PreAuthentication.php on line 35.
 1 SYSTEMPATH\CodeIgniter.php(919): App\Controllers\Auth\PreAuthentication->user_login()
 2 SYSTEMPATH\CodeIgniter.php(494): CodeIgniter\CodeIgniter->runController(Object(App\Controllers\Auth\PreAuthentication))
 3 SYSTEMPATH\CodeIgniter.php(353): CodeIgniter\CodeIgniter->handleRequest(null, Object(Config\Cache), false)
 4 FCPATH\index.php(87): CodeIgniter\CodeIgniter->run()
 5 SYSTEMPATH\Commands\Server\rewrite.php(47): require_once('C:\\CandourAutoTech\\cat_rams_v2_api\\public\\index.php')
CRITICAL - 2023-10-04 10:36:03 --> Call to a member function table() on null
in APPPATH\Controllers\Auth\PreAuthentication.php on line 35.
 1 SYSTEMPATH\CodeIgniter.php(919): App\Controllers\Auth\PreAuthentication->user_login()
 2 SYSTEMPATH\CodeIgniter.php(494): CodeIgniter\CodeIgniter->runController(Object(App\Controllers\Auth\PreAuthentication))
 3 SYSTEMPATH\CodeIgniter.php(353): CodeIgniter\CodeIgniter->handleRequest(null, Object(Config\Cache), false)
 4 FCPATH\index.php(87): CodeIgniter\CodeIgniter->run()
 5 SYSTEMPATH\Commands\Server\rewrite.php(47): require_once('C:\\CandourAutoTech\\cat_rams_v2_api\\public\\index.php')
CRITICAL - 2023-10-04 10:44:04 --> Call to a member function table() on null
in APPPATH\Controllers\Auth\PreAuthentication.php on line 36.
 1 SYSTEMPATH\CodeIgniter.php(919): App\Controllers\Auth\PreAuthentication->user_login()
 2 SYSTEMPATH\CodeIgniter.php(494): CodeIgniter\CodeIgniter->runController(Object(App\Controllers\Auth\PreAuthentication))
 3 SYSTEMPATH\CodeIgniter.php(353): CodeIgniter\CodeIgniter->handleRequest(null, Object(Config\Cache), false)
 4 FCPATH\index.php(87): CodeIgniter\CodeIgniter->run()
 5 SYSTEMPATH\Commands\Server\rewrite.php(47): require_once('C:\\CandourAutoTech\\cat_rams_v2_api\\public\\index.php')
CRITICAL - 2023-10-04 10:44:39 --> Call to a member function table() on null
in APPPATH\Controllers\Auth\PreAuthentication.php on line 36.
 1 SYSTEMPATH\CodeIgniter.php(919): App\Controllers\Auth\PreAuthentication->user_login()
 2 SYSTEMPATH\CodeIgniter.php(494): CodeIgniter\CodeIgniter->runController(Object(App\Controllers\Auth\PreAuthentication))
 3 SYSTEMPATH\CodeIgniter.php(353): CodeIgniter\CodeIgniter->handleRequest(null, Object(Config\Cache), false)
 4 FCPATH\index.php(87): CodeIgniter\CodeIgniter->run()
 5 SYSTEMPATH\Commands\Server\rewrite.php(47): require_once('C:\\CandourAutoTech\\cat_rams_v2_api\\public\\index.php')
CRITICAL - 2023-10-04 10:47:55 --> Call to a member function table() on null
in APPPATH\Controllers\Auth\PreAuthentication.php on line 36.
 1 SYSTEMPATH\CodeIgniter.php(919): App\Controllers\Auth\PreAuthentication->user_login()
 2 SYSTEMPATH\CodeIgniter.php(494): CodeIgniter\CodeIgniter->runController(Object(App\Controllers\Auth\PreAuthentication))
 3 SYSTEMPATH\CodeIgniter.php(353): CodeIgniter\CodeIgniter->handleRequest(null, Object(Config\Cache), false)
 4 FCPATH\index.php(87): CodeIgniter\CodeIgniter->run()
 5 SYSTEMPATH\Commands\Server\rewrite.php(47): require_once('C:\\CandourAutoTech\\cat_rams_v2_api\\public\\index.php')
CRITICAL - 2023-10-04 10:56:35 --> Call to a member function table() on null
in APPPATH\Controllers\Auth\PreAuthentication.php on line 36.
 1 SYSTEMPATH\CodeIgniter.php(919): App\Controllers\Auth\PreAuthentication->user_login()
 2 SYSTEMPATH\CodeIgniter.php(494): CodeIgniter\CodeIgniter->runController(Object(App\Controllers\Auth\PreAuthentication))
 3 SYSTEMPATH\CodeIgniter.php(353): CodeIgniter\CodeIgniter->handleRequest(null, Object(Config\Cache), false)
 4 FCPATH\index.php(87): CodeIgniter\CodeIgniter->run()
 5 SYSTEMPATH\Commands\Server\rewrite.php(47): require_once('C:\\CandourAutoTech\\cat_rams_v2_api\\public\\index.php')
CRITICAL - 2023-10-04 10:56:52 --> Call to a member function table() on null
in APPPATH\Controllers\Auth\PreAuthentication.php on line 36.
 1 SYSTEMPATH\CodeIgniter.php(919): App\Controllers\Auth\PreAuthentication->user_login()
 2 SYSTEMPATH\CodeIgniter.php(494): CodeIgniter\CodeIgniter->runController(Object(App\Controllers\Auth\PreAuthentication))
 3 SYSTEMPATH\CodeIgniter.php(353): CodeIgniter\CodeIgniter->handleRequest(null, Object(Config\Cache), false)
 4 FCPATH\index.php(87): CodeIgniter\CodeIgniter->run()
 5 SYSTEMPATH\Commands\Server\rewrite.php(47): require_once('C:\\CandourAutoTech\\cat_rams_v2_api\\public\\index.php')
CRITICAL - 2023-10-04 10:58:43 --> Call to a member function table() on null
in APPPATH\Controllers\Auth\PreAuthentication.php on line 36.
 1 SYSTEMPATH\CodeIgniter.php(919): App\Controllers\Auth\PreAuthentication->user_login()
 2 SYSTEMPATH\CodeIgniter.php(494): CodeIgniter\CodeIgniter->runController(Object(App\Controllers\Auth\PreAuthentication))
 3 SYSTEMPATH\CodeIgniter.php(353): CodeIgniter\CodeIgniter->handleRequest(null, Object(Config\Cache), false)
 4 FCPATH\index.php(87): CodeIgniter\CodeIgniter->run()
 5 SYSTEMPATH\Commands\Server\rewrite.php(47): require_once('C:\\CandourAutoTech\\cat_rams_v2_api\\public\\index.php')
CRITICAL - 2023-10-04 11:15:15 --> Call to a member function table() on null
in APPPATH\Controllers\Auth\PreAuthentication.php on line 36.
 1 SYSTEMPATH\CodeIgniter.php(919): App\Controllers\Auth\PreAuthentication->user_login()
 2 SYSTEMPATH\CodeIgniter.php(494): CodeIgniter\CodeIgniter->runController(Object(App\Controllers\Auth\PreAuthentication))
 3 SYSTEMPATH\CodeIgniter.php(353): CodeIgniter\CodeIgniter->handleRequest(null, Object(Config\Cache), false)
 4 FCPATH\index.php(87): CodeIgniter\CodeIgniter->run()
 5 SYSTEMPATH\Commands\Server\rewrite.php(47): require_once('C:\\CandourAutoTech\\cat_rams_v2_api\\public\\index.php')
ERROR - 2023-10-04 11:57:35 --> Error connecting to the database: mysqli_sql_exception: No connection could be made because the target machine actively refused it in C:\CandourAutoTech\cat_rams_v2_api\system\Database\MySQLi\Connection.php:184
Stack trace:
#0 C:\CandourAutoTech\cat_rams_v2_api\system\Database\MySQLi\Connection.php(184): mysqli->real_connect('localhost', 'root', Object(SensitiveParameterValue), 'rams_live_db', 3306, '', 0)
#1 C:\CandourAutoTech\cat_rams_v2_api\system\Database\BaseConnection.php(391): CodeIgniter\Database\MySQLi\Connection->connect(false)
#2 C:\CandourAutoTech\cat_rams_v2_api\system\Database\BaseConnection.php(574): CodeIgniter\Database\BaseConnection->initialize()
#3 C:\CandourAutoTech\cat_rams_v2_api\system\Database\BaseBuilder.php(1615): CodeIgniter\Database\BaseConnection->query('SELECT *\nFROM `...', Array, false)
#4 C:\CandourAutoTech\cat_rams_v2_api\system\Model.php(264): CodeIgniter\Database\BaseBuilder->get()
#5 C:\CandourAutoTech\cat_rams_v2_api\system\BaseModel.php(662): CodeIgniter\Model->doFirst()
#6 C:\CandourAutoTech\cat_rams_v2_api\app\Controllers\Auth\PreAuthentication.php(25): CodeIgniter\BaseModel->first()
#7 C:\CandourAutoTech\cat_rams_v2_api\system\CodeIgniter.php(919): App\Controllers\Auth\PreAuthentication->user_login()
#8 C:\CandourAutoTech\cat_rams_v2_api\system\CodeIgniter.php(494): CodeIgniter\CodeIgniter->runController(Object(App\Controllers\Auth\PreAuthentication))
#9 C:\CandourAutoTech\cat_rams_v2_api\system\CodeIgniter.php(353): CodeIgniter\CodeIgniter->handleRequest(NULL, Object(Config\Cache), false)
#10 C:\CandourAutoTech\cat_rams_v2_api\public\index.php(87): CodeIgniter\CodeIgniter->run()
#11 C:\CandourAutoTech\cat_rams_v2_api\system\Commands\Server\rewrite.php(47): require_once('C:\\CandourAutoT...')
#12 {main}

Next CodeIgniter\Database\Exceptions\DatabaseException: No connection could be made because the target machine actively refused it in C:\CandourAutoTech\cat_rams_v2_api\system\Database\MySQLi\Connection.php:229
Stack trace:
#0 C:\CandourAutoTech\cat_rams_v2_api\system\Database\BaseConnection.php(391): CodeIgniter\Database\MySQLi\Connection->connect(false)
#1 C:\CandourAutoTech\cat_rams_v2_api\system\Database\BaseConnection.php(574): CodeIgniter\Database\BaseConnection->initialize()
#2 C:\CandourAutoTech\cat_rams_v2_api\system\Database\BaseBuilder.php(1615): CodeIgniter\Database\BaseConnection->query('SELECT *\nFROM `...', Array, false)
#3 C:\CandourAutoTech\cat_rams_v2_api\system\Model.php(264): CodeIgniter\Database\BaseBuilder->get()
#4 C:\CandourAutoTech\cat_rams_v2_api\system\BaseModel.php(662): CodeIgniter\Model->doFirst()
#5 C:\CandourAutoTech\cat_rams_v2_api\app\Controllers\Auth\PreAuthentication.php(25): CodeIgniter\BaseModel->first()
#6 C:\CandourAutoTech\cat_rams_v2_api\system\CodeIgniter.php(919): App\Controllers\Auth\PreAuthentication->user_login()
#7 C:\CandourAutoTech\cat_rams_v2_api\system\CodeIgniter.php(494): CodeIgniter\CodeIgniter->runController(Object(App\Controllers\Auth\PreAuthentication))
#8 C:\CandourAutoTech\cat_rams_v2_api\system\CodeIgniter.php(353): CodeIgniter\CodeIgniter->handleRequest(NULL, Object(Config\Cache), false)
#9 C:\CandourAutoTech\cat_rams_v2_api\public\index.php(87): CodeIgniter\CodeIgniter->run()
#10 C:\CandourAutoTech\cat_rams_v2_api\system\Commands\Server\rewrite.php(47): require_once('C:\\CandourAutoT...')
#11 {main}
CRITICAL - 2023-10-04 11:57:35 --> Unable to connect to the database.
Main connection [MySQLi]: No connection could be made because the target machine actively refused it
in SYSTEMPATH\Database\BaseConnection.php on line 427.
 1 SYSTEMPATH\Database\BaseConnection.php(574): CodeIgniter\Database\BaseConnection->initialize()
 2 SYSTEMPATH\Database\BaseBuilder.php(1615): CodeIgniter\Database\BaseConnection->query('SELECT *
FROM `users`
WHERE `us_email` = :us_email:
 LIMIT 1', [...], false)
 3 SYSTEMPATH\Model.php(264): CodeIgniter\Database\BaseBuilder->get()
 4 SYSTEMPATH\BaseModel.php(662): CodeIgniter\Model->doFirst()
 5 APPPATH\Controllers\Auth\PreAuthentication.php(25): CodeIgniter\BaseModel->first()
 6 SYSTEMPATH\CodeIgniter.php(919): App\Controllers\Auth\PreAuthentication->user_login()
 7 SYSTEMPATH\CodeIgniter.php(494): CodeIgniter\CodeIgniter->runController(Object(App\Controllers\Auth\PreAuthentication))
 8 SYSTEMPATH\CodeIgniter.php(353): CodeIgniter\CodeIgniter->handleRequest(null, Object(Config\Cache), false)
 9 FCPATH\index.php(87): CodeIgniter\CodeIgniter->run()
10 SYSTEMPATH\Commands\Server\rewrite.php(47): require_once('C:\\CandourAutoTech\\cat_rams_v2_api\\public\\index.php')
CRITICAL - 2023-10-04 11:57:52 --> Call to a member function table() on null
in APPPATH\Controllers\Auth\PreAuthentication.php on line 36.
 1 SYSTEMPATH\CodeIgniter.php(919): App\Controllers\Auth\PreAuthentication->user_login()
 2 SYSTEMPATH\CodeIgniter.php(494): CodeIgniter\CodeIgniter->runController(Object(App\Controllers\Auth\PreAuthentication))
 3 SYSTEMPATH\CodeIgniter.php(353): CodeIgniter\CodeIgniter->handleRequest(null, Object(Config\Cache), false)
 4 FCPATH\index.php(87): CodeIgniter\CodeIgniter->run()
 5 SYSTEMPATH\Commands\Server\rewrite.php(47): require_once('C:\\CandourAutoTech\\cat_rams_v2_api\\public\\index.php')
CRITICAL - 2023-10-04 12:06:43 --> Call to a member function table() on null
in APPPATH\Controllers\Auth\PreAuthentication.php on line 36.
 1 SYSTEMPATH\CodeIgniter.php(919): App\Controllers\Auth\PreAuthentication->user_login()
 2 SYSTEMPATH\CodeIgniter.php(494): CodeIgniter\CodeIgniter->runController(Object(App\Controllers\Auth\PreAuthentication))
 3 SYSTEMPATH\CodeIgniter.php(353): CodeIgniter\CodeIgniter->handleRequest(null, Object(Config\Cache), false)
 4 FCPATH\index.php(87): CodeIgniter\CodeIgniter->run()
 5 SYSTEMPATH\Commands\Server\rewrite.php(47): require_once('C:\\CandourAutoTech\\cat_rams_v2_api\\public\\index.php')
CRITICAL - 2023-10-04 12:07:12 --> Call to a member function table() on null
in APPPATH\Controllers\Auth\PreAuthentication.php on line 36.
 1 SYSTEMPATH\CodeIgniter.php(919): App\Controllers\Auth\PreAuthentication->user_login()
 2 SYSTEMPATH\CodeIgniter.php(494): CodeIgniter\CodeIgniter->runController(Object(App\Controllers\Auth\PreAuthentication))
 3 SYSTEMPATH\CodeIgniter.php(353): CodeIgniter\CodeIgniter->handleRequest(null, Object(Config\Cache), false)
 4 FCPATH\index.php(87): CodeIgniter\CodeIgniter->run()
 5 SYSTEMPATH\Commands\Server\rewrite.php(47): require_once('C:\\CandourAutoTech\\cat_rams_v2_api\\public\\index.php')
CRITICAL - 2023-10-04 12:10:52 --> Call to a member function query() on null
in APPPATH\Controllers\Auth\PreAuthentication.php on line 38.
 1 SYSTEMPATH\CodeIgniter.php(919): App\Controllers\Auth\PreAuthentication->user_login()
 2 SYSTEMPATH\CodeIgniter.php(494): CodeIgniter\CodeIgniter->runController(Object(App\Controllers\Auth\PreAuthentication))
 3 SYSTEMPATH\CodeIgniter.php(353): CodeIgniter\CodeIgniter->handleRequest(null, Object(Config\Cache), false)
 4 FCPATH\index.php(87): CodeIgniter\CodeIgniter->run()
 5 SYSTEMPATH\Commands\Server\rewrite.php(47): require_once('C:\\CandourAutoTech\\cat_rams_v2_api\\public\\index.php')
CRITICAL - 2023-10-04 12:11:29 --> Call to a member function query() on null
in APPPATH\Controllers\Auth\PreAuthentication.php on line 38.
 1 SYSTEMPATH\CodeIgniter.php(919): App\Controllers\Auth\PreAuthentication->user_login()
 2 SYSTEMPATH\CodeIgniter.php(494): CodeIgniter\CodeIgniter->runController(Object(App\Controllers\Auth\PreAuthentication))
 3 SYSTEMPATH\CodeIgniter.php(353): CodeIgniter\CodeIgniter->handleRequest(null, Object(Config\Cache), false)
 4 FCPATH\index.php(87): CodeIgniter\CodeIgniter->run()
 5 SYSTEMPATH\Commands\Server\rewrite.php(47): require_once('C:\\CandourAutoTech\\cat_rams_v2_api\\public\\index.php')
CRITICAL - 2023-10-04 12:13:06 --> Call to a member function query() on null
in APPPATH\Controllers\Auth\PreAuthentication.php on line 39.
 1 SYSTEMPATH\CodeIgniter.php(919): App\Controllers\Auth\PreAuthentication->user_login()
 2 SYSTEMPATH\CodeIgniter.php(494): CodeIgniter\CodeIgniter->runController(Object(App\Controllers\Auth\PreAuthentication))
 3 SYSTEMPATH\CodeIgniter.php(353): CodeIgniter\CodeIgniter->handleRequest(null, Object(Config\Cache), false)
 4 FCPATH\index.php(87): CodeIgniter\CodeIgniter->run()
 5 SYSTEMPATH\Commands\Server\rewrite.php(47): require_once('C:\\CandourAutoTech\\cat_rams_v2_api\\public\\index.php')
CRITICAL - 2023-10-04 12:15:11 --> Call to a member function query() on null
in APPPATH\Controllers\Auth\PreAuthentication.php on line 39.
 1 SYSTEMPATH\CodeIgniter.php(919): App\Controllers\Auth\PreAuthentication->user_login()
 2 SYSTEMPATH\CodeIgniter.php(494): CodeIgniter\CodeIgniter->runController(Object(App\Controllers\Auth\PreAuthentication))
 3 SYSTEMPATH\CodeIgniter.php(353): CodeIgniter\CodeIgniter->handleRequest(null, Object(Config\Cache), false)
 4 FCPATH\index.php(87): CodeIgniter\CodeIgniter->run()
 5 SYSTEMPATH\Commands\Server\rewrite.php(47): require_once('C:\\CandourAutoTech\\cat_rams_v2_api\\public\\index.php')
CRITICAL - 2023-10-04 12:52:35 --> Call to a member function query() on null
in APPPATH\Controllers\Auth\PreAuthentication.php on line 39.
 1 SYSTEMPATH\CodeIgniter.php(919): App\Controllers\Auth\PreAuthentication->user_login()
 2 SYSTEMPATH\CodeIgniter.php(494): CodeIgniter\CodeIgniter->runController(Object(App\Controllers\Auth\PreAuthentication))
 3 SYSTEMPATH\CodeIgniter.php(353): CodeIgniter\CodeIgniter->handleRequest(null, Object(Config\Cache), false)
 4 FCPATH\index.php(87): CodeIgniter\CodeIgniter->run()
 5 SYSTEMPATH\Commands\Server\rewrite.php(47): require_once('C:\\CandourAutoTech\\cat_rams_v2_api\\public\\index.php')
CRITICAL - 2023-10-04 12:53:35 --> Call to a member function query() on null
in APPPATH\Controllers\Auth\PreAuthentication.php on line 39.
 1 SYSTEMPATH\CodeIgniter.php(919): App\Controllers\Auth\PreAuthentication->user_login()
 2 SYSTEMPATH\CodeIgniter.php(494): CodeIgniter\CodeIgniter->runController(Object(App\Controllers\Auth\PreAuthentication))
 3 SYSTEMPATH\CodeIgniter.php(353): CodeIgniter\CodeIgniter->handleRequest(null, Object(Config\Cache), false)
 4 FCPATH\index.php(87): CodeIgniter\CodeIgniter->run()
 5 SYSTEMPATH\Commands\Server\rewrite.php(47): require_once('C:\\CandourAutoTech\\cat_rams_v2_api\\public\\index.php')
ERROR - 2023-10-04 12:55:48 --> mysqli_sql_exception: Unknown column 'encryption_key' in 'field list' in C:\CandourAutoTech\cat_rams_v2_api\system\Database\MySQLi\Connection.php:306
Stack trace:
#0 C:\CandourAutoTech\cat_rams_v2_api\system\Database\MySQLi\Connection.php(306): mysqli->query('SELECT encrypti...', 0)
#1 C:\CandourAutoTech\cat_rams_v2_api\system\Database\BaseConnection.php(692): CodeIgniter\Database\MySQLi\Connection->execute('SELECT encrypti...')
#2 C:\CandourAutoTech\cat_rams_v2_api\system\Database\BaseConnection.php(606): CodeIgniter\Database\BaseConnection->simpleQuery('SELECT encrypti...')
#3 C:\CandourAutoTech\cat_rams_v2_api\app\Controllers\Auth\PreAuthentication.php(43): CodeIgniter\Database\BaseConnection->query('SELECT encrypti...')
#4 C:\CandourAutoTech\cat_rams_v2_api\system\CodeIgniter.php(919): App\Controllers\Auth\PreAuthentication->user_login()
#5 C:\CandourAutoTech\cat_rams_v2_api\system\CodeIgniter.php(494): CodeIgniter\CodeIgniter->runController(Object(App\Controllers\Auth\PreAuthentication))
#6 C:\CandourAutoTech\cat_rams_v2_api\system\CodeIgniter.php(353): CodeIgniter\CodeIgniter->handleRequest(NULL, Object(Config\Cache), false)
#7 C:\CandourAutoTech\cat_rams_v2_api\public\index.php(87): CodeIgniter\CodeIgniter->run()
#8 C:\CandourAutoTech\cat_rams_v2_api\system\Commands\Server\rewrite.php(47): require_once('C:\\CandourAutoT...')
#9 {main}
CRITICAL - 2023-10-04 12:55:48 --> Unknown column 'encryption_key' in 'field list'
in SYSTEMPATH\Database\BaseConnection.php on line 646.
 1 APPPATH\Controllers\Auth\PreAuthentication.php(43): CodeIgniter\Database\BaseConnection->query('SELECT encryption_key FROM users')
 2 SYSTEMPATH\CodeIgniter.php(919): App\Controllers\Auth\PreAuthentication->user_login()
 3 SYSTEMPATH\CodeIgniter.php(494): CodeIgniter\CodeIgniter->runController(Object(App\Controllers\Auth\PreAuthentication))
 4 SYSTEMPATH\CodeIgniter.php(353): CodeIgniter\CodeIgniter->handleRequest(null, Object(Config\Cache), false)
 5 FCPATH\index.php(87): CodeIgniter\CodeIgniter->run()
 6 SYSTEMPATH\Commands\Server\rewrite.php(47): require_once('C:\\CandourAutoTech\\cat_rams_v2_api\\public\\index.php')
CRITICAL - 2023-10-04 12:58:17 --> key must be a string when using hmac
in VENDORPATH\firebase\php-jwt\src\JWT.php on line 242.
 1 VENDORPATH\firebase\php-jwt\src\JWT.php(212): Firebase\JWT\JWT::sign('eyJ0eXAiOiJKV1QiLCJhbGciOiJIUzI1NiJ9.eyJpc3MiOiJEaWdpdGFsIFNlcnZpY2UiLCJhdWQiOiJ1c2VyIiwic3ViIjoiVXNlciB2ZXJpZmljYXRpb24iLCJpYXQiOjE2OTY0MjQyOTcsInVpZCI6IjEifQ', false, 'HS256')
 2 APPPATH\Config\Commonutils.php(51): Firebase\JWT\JWT::encode([...], false, 'HS256')
 3 APPPATH\Controllers\Auth\PreAuthentication.php(58): Config\Commonutils->generate_user_jwt_token('1')
 4 SYSTEMPATH\CodeIgniter.php(919): App\Controllers\Auth\PreAuthentication->user_login()
 5 SYSTEMPATH\CodeIgniter.php(494): CodeIgniter\CodeIgniter->runController(Object(App\Controllers\Auth\PreAuthentication))
 6 SYSTEMPATH\CodeIgniter.php(353): CodeIgniter\CodeIgniter->handleRequest(null, Object(Config\Cache), false)
 7 FCPATH\index.php(87): CodeIgniter\CodeIgniter->run()
 8 SYSTEMPATH\Commands\Server\rewrite.php(47): require_once('C:\\CandourAutoTech\\cat_rams_v2_api\\public\\index.php')
CRITICAL - 2023-10-04 13:03:42 --> key must be a string when using hmac
in VENDORPATH\firebase\php-jwt\src\JWT.php on line 242.
 1 VENDORPATH\firebase\php-jwt\src\JWT.php(212): Firebase\JWT\JWT::sign('eyJ0eXAiOiJKV1QiLCJhbGciOiJIUzI1NiJ9.eyJpc3MiOiJEaWdpdGFsIFNlcnZpY2UiLCJhdWQiOiJ1c2VyIiwic3ViIjoiVXNlciB2ZXJpZmljYXRpb24iLCJpYXQiOjE2OTY0MjQ2MjIsInVpZCI6IjEifQ', false, 'HS256')
 2 APPPATH\Config\Commonutils.php(51): Firebase\JWT\JWT::encode([...], false, 'HS256')
 3 APPPATH\Controllers\Auth\PreAuthentication.php(58): Config\Commonutils->generate_user_jwt_token('1')
 4 SYSTEMPATH\CodeIgniter.php(919): App\Controllers\Auth\PreAuthentication->user_login()
 5 SYSTEMPATH\CodeIgniter.php(494): CodeIgniter\CodeIgniter->runController(Object(App\Controllers\Auth\PreAuthentication))
 6 SYSTEMPATH\CodeIgniter.php(353): CodeIgniter\CodeIgniter->handleRequest(null, Object(Config\Cache), false)
 7 FCPATH\index.php(87): CodeIgniter\CodeIgniter->run()
 8 SYSTEMPATH\Commands\Server\rewrite.php(47): require_once('C:\\CandourAutoTech\\cat_rams_v2_api\\public\\index.php')
CRITICAL - 2023-10-04 13:04:22 --> key must be a string when using hmac
in VENDORPATH\firebase\php-jwt\src\JWT.php on line 242.
 1 VENDORPATH\firebase\php-jwt\src\JWT.php(212): Firebase\JWT\JWT::sign('eyJ0eXAiOiJKV1QiLCJhbGciOiJIUzI1NiJ9.eyJpc3MiOiJEaWdpdGFsIFNlcnZpY2UiLCJhdWQiOiJ1c2VyIiwic3ViIjoiVXNlciB2ZXJpZmljYXRpb24iLCJpYXQiOjE2OTY0MjQ2NjIsInVpZCI6IjEifQ', false, 'HS256')
 2 APPPATH\Config\Commonutils.php(51): Firebase\JWT\JWT::encode([...], false, 'HS256')
 3 APPPATH\Controllers\Auth\PreAuthentication.php(58): Config\Commonutils->generate_user_jwt_token('1')
 4 SYSTEMPATH\CodeIgniter.php(919): App\Controllers\Auth\PreAuthentication->user_login()
 5 SYSTEMPATH\CodeIgniter.php(494): CodeIgniter\CodeIgniter->runController(Object(App\Controllers\Auth\PreAuthentication))
 6 SYSTEMPATH\CodeIgniter.php(353): CodeIgniter\CodeIgniter->handleRequest(null, Object(Config\Cache), false)
 7 FCPATH\index.php(87): CodeIgniter\CodeIgniter->run()
 8 SYSTEMPATH\Commands\Server\rewrite.php(47): require_once('C:\\CandourAutoTech\\cat_rams_v2_api\\public\\index.php')
CRITICAL - 2023-10-04 13:08:29 --> key must be a string when using hmac
in VENDORPATH\firebase\php-jwt\src\JWT.php on line 237.
 1 VENDORPATH\firebase\php-jwt\src\JWT.php(211): Firebase\JWT\JWT::sign('eyJ0eXAiOiJKV1QiLCJhbGciOiJIUzI1NiJ9.eyJpc3MiOiJEaWdpdGFsIFNlcnZpY2UiLCJhdWQiOiJ1c2VyIiwic3ViIjoiVXNlciB2ZXJpZmljYXRpb24iLCJpYXQiOjE2OTY0MjQ5MDksInVpZCI6IjEifQ', false, 'HS256')
 2 APPPATH\Config\Commonutils.php(51): Firebase\JWT\JWT::encode([...], false, 'HS256')
 3 APPPATH\Controllers\Auth\PreAuthentication.php(58): Config\Commonutils->generate_user_jwt_token('1')
 4 SYSTEMPATH\CodeIgniter.php(919): App\Controllers\Auth\PreAuthentication->user_login()
 5 SYSTEMPATH\CodeIgniter.php(494): CodeIgniter\CodeIgniter->runController(Object(App\Controllers\Auth\PreAuthentication))
 6 SYSTEMPATH\CodeIgniter.php(353): CodeIgniter\CodeIgniter->handleRequest(null, Object(Config\Cache), false)
 7 FCPATH\index.php(87): CodeIgniter\CodeIgniter->run()
 8 SYSTEMPATH\Commands\Server\rewrite.php(47): require_once('C:\\CandourAutoTech\\cat_rams_v2_api\\public\\index.php')
CRITICAL - 2023-10-04 13:10:53 --> Cannot access offset of type string on string
in APPPATH\Controllers\Auth\PreAuthentication.php on line 61.
 1 SYSTEMPATH\CodeIgniter.php(919): App\Controllers\Auth\PreAuthentication->user_login()
 2 SYSTEMPATH\CodeIgniter.php(494): CodeIgniter\CodeIgniter->runController(Object(App\Controllers\Auth\PreAuthentication))
 3 SYSTEMPATH\CodeIgniter.php(353): CodeIgniter\CodeIgniter->handleRequest(null, Object(Config\Cache), false)
 4 FCPATH\index.php(87): CodeIgniter\CodeIgniter->run()
 5 SYSTEMPATH\Commands\Server\rewrite.php(47): require_once('C:\\CandourAutoTech\\cat_rams_v2_api\\public\\index.php')
