CRITICAL - 2024-02-08 13:27:20 --> Class "Locale" not found
in SYSTEMPATH\CodeIgniter.php on line 214.
 1 ROOTPATH\spark(88): CodeIgniter\CodeIgniter->initialize()
CRITICAL - 2024-02-08 13:27:21 --> Uncaught Error: Class "Locale" not found in C:\CandourAutoTech\cat_rams_v2_api\system\I18n\TimeTrait.php:74
Stack trace:
#0 C:\CandourAutoTech\cat_rams_v2_api\system\I18n\TimeTrait.php(115): CodeIgniter\I18n\Time->__construct(NULL, NULL, NULL)
#1 C:\CandourAutoTech\cat_rams_v2_api\system\HTTP\ResponseTrait.php(468): CodeIgniter\I18n\Time::now()
#2 C:\CandourAutoTech\cat_rams_v2_api\system\HTTP\ResponseTrait.php(446): CodeIgniter\HTTP\Response->sendHeaders()
#3 C:\CandourAutoTech\cat_rams_v2_api\system\Debug\ExceptionHandler.php(78): CodeIgniter\HTTP\Response->send()
#4 C:\CandourAutoTech\cat_rams_v2_api\system\Debug\Exceptions.php(146): CodeIgniter\Debug\ExceptionHandler->handle(Object(Error), Object(CodeIgniter\HTTP\IncomingRequest), Object(CodeIgniter\HTTP\Response), 500, 1)
#5 [internal function]: CodeIgniter\Debug\Exceptions->exceptionHandler(Object(Error))
#6 {main}
  thrown
【Previous Exception】
Error
Class "Locale" not found
#0 C:\CandourAutoTech\cat_rams_v2_api\spark(88): CodeIgniter\CodeIgniter->initialize()
#1 {main}
in SYSTEMPATH\I18n\TimeTrait.php on line 74.
 1 [internal function]: CodeIgniter\Debug\Exceptions->shutdownHandler()
CRITICAL - 2024-02-08 13:26:07 --> Signature verification failed
in VENDORPATH\firebase\php-jwt\src\JWT.php on line 136.
 1 APPPATH\Config\Commonutils.php(30): Firebase\JWT\JWT::decode('eyJ0eXAiOiJKV1QiLCJhbGciOiJIUzI1NiJ9.eyJpc3MiOiJEaWdpdGFsIFNlcnZpY2UiLCJhdWQiOiJjdXN0b21lciIsInN1YiI6IkN1c3RvbWVyIHZlcmlmaWNhdGlvbiIsImlhdCI6MTcwNzM5MzY2NSwidWlkIjoiMSJ9.LFelSJJCIJ1sRlD4g43MyjtPl8fBzAkuPfAmMnr5hBY', Object(Firebase\JWT\Key))
 2 APPPATH\Controllers\ToolRequest\ToolRequestMasterController.php(691): Config\Commonutils->decode_jwt_token('eyJ0eXAiOiJKV1QiLCJhbGciOiJIUzI1NiJ9.eyJpc3MiOiJEaWdpdGFsIFNlcnZpY2UiLCJhdWQiOiJjdXN0b21lciIsInN1YiI6IkN1c3RvbWVyIHZlcmlmaWNhdGlvbiIsImlhdCI6MTcwNzM5MzY2NSwidWlkIjoiMSJ9.LFelSJJCIJ1sRlD4g43MyjtPl8fBzAkuPfAmMnr5hBY')
 3 SYSTEMPATH\CodeIgniter.php(919): App\Controllers\ToolRequest\ToolRequestMasterController->tool_req_list()
 4 SYSTEMPATH\CodeIgniter.php(494): CodeIgniter\CodeIgniter->runController(Object(App\Controllers\ToolRequest\ToolRequestMasterController))
 5 SYSTEMPATH\CodeIgniter.php(353): CodeIgniter\CodeIgniter->handleRequest(null, Object(Config\Cache), false)
 6 FCPATH\index.php(79): CodeIgniter\CodeIgniter->run()
 7 SYSTEMPATH\Commands\Server\rewrite.php(47): require_once('C:\\CandourAutoTech\\cat_rams_v2_api\\public\\index.php')
CRITICAL - 2024-02-08 13:31:58 --> Undefined array key "pm_id "
in APPPATH\Controllers\Auth\PreAuthentication.php on line 433.
 1 APPPATH\Controllers\Auth\PreAuthentication.php(433): CodeIgniter\Debug\Exceptions->errorHandler(2, 'Undefined array key "pm_id "', 'C:\\CandourAutoTech\\cat_rams_v2_api\\app\\Controllers\\Auth\\PreAuthentication.php', 433)
 2 SYSTEMPATH\CodeIgniter.php(919): App\Controllers\Auth\PreAuthentication->customer_signup()
 3 SYSTEMPATH\CodeIgniter.php(494): CodeIgniter\CodeIgniter->runController(Object(App\Controllers\Auth\PreAuthentication))
 4 SYSTEMPATH\CodeIgniter.php(353): CodeIgniter\CodeIgniter->handleRequest(null, Object(Config\Cache), false)
 5 FCPATH\index.php(79): CodeIgniter\CodeIgniter->run()
 6 SYSTEMPATH\Commands\Server\rewrite.php(47): require_once('C:\\CandourAutoTech\\cat_rams_v2_api\\public\\index.php')
CRITICAL - 2024-02-08 13:56:29 --> count(): Argument #1 ($value) must be of type Countable|array, null given
in APPPATH\Controllers\Coupon\CouponMasterController.php on line 273.
 1 APPPATH\Controllers\Coupon\CouponMasterController.php(273): count(null)
 2 SYSTEMPATH\CodeIgniter.php(919): App\Controllers\Coupon\CouponMasterController->update()
 3 SYSTEMPATH\CodeIgniter.php(494): CodeIgniter\CodeIgniter->runController(Object(App\Controllers\Coupon\CouponMasterController))
 4 SYSTEMPATH\CodeIgniter.php(353): CodeIgniter\CodeIgniter->handleRequest(null, Object(Config\Cache), false)
 5 FCPATH\index.php(79): CodeIgniter\CodeIgniter->run()
 6 SYSTEMPATH\Commands\Server\rewrite.php(47): require_once('C:\\CandourAutoTech\\cat_rams_v2_api\\public\\index.php')
CRITICAL - 2024-02-08 13:59:35 --> Object of class stdClass could not be converted to string
in SYSTEMPATH\Database\BaseBuilder.php on line 2159.
 1 SYSTEMPATH\Database\BaseBuilder.php(2159): implode(',', [...])
 2 [internal function]: CodeIgniter\Database\BaseBuilder::CodeIgniter\Database\{closure}([...])
 3 SYSTEMPATH\Database\BaseBuilder.php(2159): array_map(Object(Closure), [...])
 4 SYSTEMPATH\Database\BaseBuilder.php(2220): CodeIgniter\Database\BaseBuilder->formatValues([...])
 5 SYSTEMPATH\Database\BaseBuilder.php(1791): CodeIgniter\Database\BaseBuilder->_insertBatch('`specific_coupons`', [...], [...])
 6 SYSTEMPATH\Database\BaseBuilder.php(2191): CodeIgniter\Database\BaseBuilder->batchExecute('_insertBatch', 100)
 7 SYSTEMPATH\Model.php(353): CodeIgniter\Database\BaseBuilder->insertBatch([...], null, 100)
 8 SYSTEMPATH\BaseModel.php(880): CodeIgniter\Model->doInsertBatch([...], null, 100, false)
 9 APPPATH\Controllers\Coupon\CouponMasterController.php(289): CodeIgniter\BaseModel->insertBatch([...])
10 SYSTEMPATH\CodeIgniter.php(919): App\Controllers\Coupon\CouponMasterController->update()
11 SYSTEMPATH\CodeIgniter.php(494): CodeIgniter\CodeIgniter->runController(Object(App\Controllers\Coupon\CouponMasterController))
12 SYSTEMPATH\CodeIgniter.php(353): CodeIgniter\CodeIgniter->handleRequest(null, Object(Config\Cache), false)
13 FCPATH\index.php(79): CodeIgniter\CodeIgniter->run()
14 SYSTEMPATH\Commands\Server\rewrite.php(47): require_once('C:\\CandourAutoTech\\cat_rams_v2_api\\public\\index.php')
CRITICAL - 2024-02-08 14:03:24 --> Object of class stdClass could not be converted to string
in SYSTEMPATH\Database\BaseBuilder.php on line 2159.
 1 SYSTEMPATH\Database\BaseBuilder.php(2159): implode(',', [...])
 2 [internal function]: CodeIgniter\Database\BaseBuilder::CodeIgniter\Database\{closure}([...])
 3 SYSTEMPATH\Database\BaseBuilder.php(2159): array_map(Object(Closure), [...])
 4 SYSTEMPATH\Database\BaseBuilder.php(2220): CodeIgniter\Database\BaseBuilder->formatValues([...])
 5 SYSTEMPATH\Database\BaseBuilder.php(1791): CodeIgniter\Database\BaseBuilder->_insertBatch('`specific_coupons`', [...], [...])
 6 SYSTEMPATH\Database\BaseBuilder.php(2191): CodeIgniter\Database\BaseBuilder->batchExecute('_insertBatch', 100)
 7 SYSTEMPATH\Model.php(353): CodeIgniter\Database\BaseBuilder->insertBatch([...], null, 100)
 8 SYSTEMPATH\BaseModel.php(880): CodeIgniter\Model->doInsertBatch([...], null, 100, false)
 9 APPPATH\Controllers\Coupon\CouponMasterController.php(289): CodeIgniter\BaseModel->insertBatch([...])
10 SYSTEMPATH\CodeIgniter.php(919): App\Controllers\Coupon\CouponMasterController->update()
11 SYSTEMPATH\CodeIgniter.php(494): CodeIgniter\CodeIgniter->runController(Object(App\Controllers\Coupon\CouponMasterController))
12 SYSTEMPATH\CodeIgniter.php(353): CodeIgniter\CodeIgniter->handleRequest(null, Object(Config\Cache), false)
13 FCPATH\index.php(79): CodeIgniter\CodeIgniter->run()
14 SYSTEMPATH\Commands\Server\rewrite.php(47): require_once('C:\\CandourAutoTech\\cat_rams_v2_api\\public\\index.php')
