ERROR - 2024-01-27 05:53:03 --> mysqli_sql_exception: Illegal parameter data types int and row for operation '=' in C:\CandourAutoTech\cat_rams_v2_api\system\Database\MySQLi\Connection.php:306
Stack trace:
#0 C:\CandourAutoTech\cat_rams_v2_api\system\Database\MySQLi\Connection.php(306): mysqli->query('SELECT *\nFROM `...', 0)
#1 C:\CandourAutoTech\cat_rams_v2_api\system\Database\BaseConnection.php(692): CodeIgniter\Database\MySQLi\Connection->execute('SELECT *\nFROM `...')
#2 C:\CandourAutoTech\cat_rams_v2_api\system\Database\BaseConnection.php(606): CodeIgniter\Database\BaseConnection->simpleQuery('SELECT *\nFROM `...')
#3 C:\CandourAutoTech\cat_rams_v2_api\system\Database\BaseBuilder.php(1615): CodeIgniter\Database\BaseConnection->query('SELECT *\nFROM `...', Array, false)
#4 C:\CandourAutoTech\cat_rams_v2_api\system\Model.php(264): CodeIgniter\Database\BaseBuilder->get()
#5 C:\CandourAutoTech\cat_rams_v2_api\system\BaseModel.php(662): CodeIgniter\Model->doFirst()
#6 C:\CandourAutoTech\cat_rams_v2_api\app\Controllers\ServiceRequest\ServiceRequestMasterController.php(177): CodeIgniter\BaseModel->first()
#7 C:\CandourAutoTech\cat_rams_v2_api\system\CodeIgniter.php(919): App\Controllers\ServiceRequest\ServiceRequestMasterController->show('Nw')
#8 C:\CandourAutoTech\cat_rams_v2_api\system\CodeIgniter.php(494): CodeIgniter\CodeIgniter->runController(Object(App\Controllers\ServiceRequest\ServiceRequestMasterController))
#9 C:\CandourAutoTech\cat_rams_v2_api\system\CodeIgniter.php(353): CodeIgniter\CodeIgniter->handleRequest(NULL, Object(Config\Cache), false)
#10 C:\CandourAutoTech\cat_rams_v2_api\public\index.php(79): CodeIgniter\CodeIgniter->run()
#11 C:\CandourAutoTech\cat_rams_v2_api\system\Commands\Server\rewrite.php(47): require_once('C:\\CandourAutoT...')
#12 {main}
CRITICAL - 2024-01-27 05:53:03 --> Illegal parameter data types int and row for operation '='
in SYSTEMPATH\Database\BaseConnection.php on line 646.
 1 SYSTEMPATH\Database\BaseBuilder.php(1615): CodeIgniter\Database\BaseConnection->query('SELECT *
FROM `approvalmaster`
WHERE `am_reqid` = :am_reqid:
AND `am_type` = :am_type:
 LIMIT 1', [...], false)
 2 SYSTEMPATH\Model.php(264): CodeIgniter\Database\BaseBuilder->get()
 3 SYSTEMPATH\BaseModel.php(662): CodeIgniter\Model->doFirst()
 4 APPPATH\Controllers\ServiceRequest\ServiceRequestMasterController.php(177): CodeIgniter\BaseModel->first()
 5 SYSTEMPATH\CodeIgniter.php(919): App\Controllers\ServiceRequest\ServiceRequestMasterController->show('Nw')
 6 SYSTEMPATH\CodeIgniter.php(494): CodeIgniter\CodeIgniter->runController(Object(App\Controllers\ServiceRequest\ServiceRequestMasterController))
 7 SYSTEMPATH\CodeIgniter.php(353): CodeIgniter\CodeIgniter->handleRequest(null, Object(Config\Cache), false)
 8 FCPATH\index.php(79): CodeIgniter\CodeIgniter->run()
 9 SYSTEMPATH\Commands\Server\rewrite.php(47): require_once('C:\\CandourAutoTech\\cat_rams_v2_api\\public\\index.php')
ERROR - 2024-01-27 05:54:13 --> mysqli_sql_exception: Illegal parameter data types int and row for operation '=' in C:\CandourAutoTech\cat_rams_v2_api\system\Database\MySQLi\Connection.php:306
Stack trace:
#0 C:\CandourAutoTech\cat_rams_v2_api\system\Database\MySQLi\Connection.php(306): mysqli->query('SELECT *\nFROM `...', 0)
#1 C:\CandourAutoTech\cat_rams_v2_api\system\Database\BaseConnection.php(692): CodeIgniter\Database\MySQLi\Connection->execute('SELECT *\nFROM `...')
#2 C:\CandourAutoTech\cat_rams_v2_api\system\Database\BaseConnection.php(606): CodeIgniter\Database\BaseConnection->simpleQuery('SELECT *\nFROM `...')
#3 C:\CandourAutoTech\cat_rams_v2_api\system\Database\BaseBuilder.php(1615): CodeIgniter\Database\BaseConnection->query('SELECT *\nFROM `...', Array, false)
#4 C:\CandourAutoTech\cat_rams_v2_api\system\Model.php(264): CodeIgniter\Database\BaseBuilder->get()
#5 C:\CandourAutoTech\cat_rams_v2_api\system\BaseModel.php(662): CodeIgniter\Model->doFirst()
#6 C:\CandourAutoTech\cat_rams_v2_api\app\Controllers\ServiceRequest\ServiceRequestMasterController.php(177): CodeIgniter\BaseModel->first()
#7 C:\CandourAutoTech\cat_rams_v2_api\system\CodeIgniter.php(919): App\Controllers\ServiceRequest\ServiceRequestMasterController->show('Nw')
#8 C:\CandourAutoTech\cat_rams_v2_api\system\CodeIgniter.php(494): CodeIgniter\CodeIgniter->runController(Object(App\Controllers\ServiceRequest\ServiceRequestMasterController))
#9 C:\CandourAutoTech\cat_rams_v2_api\system\CodeIgniter.php(353): CodeIgniter\CodeIgniter->handleRequest(NULL, Object(Config\Cache), false)
#10 C:\CandourAutoTech\cat_rams_v2_api\public\index.php(79): CodeIgniter\CodeIgniter->run()
#11 C:\CandourAutoTech\cat_rams_v2_api\system\Commands\Server\rewrite.php(47): require_once('C:\\CandourAutoT...')
#12 {main}
CRITICAL - 2024-01-27 05:54:13 --> Illegal parameter data types int and row for operation '='
in SYSTEMPATH\Database\BaseConnection.php on line 646.
 1 SYSTEMPATH\Database\BaseBuilder.php(1615): CodeIgniter\Database\BaseConnection->query('SELECT *
FROM `approvalmaster`
WHERE `am_reqid` = :am_reqid:
AND `am_type` = :am_type:
 LIMIT 1', [...], false)
 2 SYSTEMPATH\Model.php(264): CodeIgniter\Database\BaseBuilder->get()
 3 SYSTEMPATH\BaseModel.php(662): CodeIgniter\Model->doFirst()
 4 APPPATH\Controllers\ServiceRequest\ServiceRequestMasterController.php(177): CodeIgniter\BaseModel->first()
 5 SYSTEMPATH\CodeIgniter.php(919): App\Controllers\ServiceRequest\ServiceRequestMasterController->show('Nw')
 6 SYSTEMPATH\CodeIgniter.php(494): CodeIgniter\CodeIgniter->runController(Object(App\Controllers\ServiceRequest\ServiceRequestMasterController))
 7 SYSTEMPATH\CodeIgniter.php(353): CodeIgniter\CodeIgniter->handleRequest(null, Object(Config\Cache), false)
 8 FCPATH\index.php(79): CodeIgniter\CodeIgniter->run()
 9 SYSTEMPATH\Commands\Server\rewrite.php(47): require_once('C:\\CandourAutoTech\\cat_rams_v2_api\\public\\index.php')
