CRITICAL - 2023-12-27 05:15:47 --> Undefined array key "Authorization"
in APPPATH\Controllers\Quote\QuoteMasterController.php on line 427.
 1 APPPATH\Controllers\Quote\QuoteMasterController.php(427): CodeIgniter\Debug\Exceptions->errorHandler(2, 'Undefined array key "Authorization"', 'C:\\CandourAutoTech\\cat_rams_v2_api\\app\\Controllers\\Quote\\QuoteMasterController.php', 427)
 2 SYSTEMPATH\CodeIgniter.php(919): App\Controllers\Quote\QuoteMasterController->quotedetailsby_requestid()
 3 SYSTEMPATH\CodeIgniter.php(494): CodeIgniter\CodeIgniter->runController(Object(App\Controllers\Quote\QuoteMasterController))
 4 SYSTEMPATH\CodeIgniter.php(353): CodeIgniter\CodeIgniter->handleRequest(null, Object(Config\Cache), false)
 5 FCPATH\index.php(79): CodeIgniter\CodeIgniter->run()
 6 SYSTEMPATH\Commands\Server\rewrite.php(47): require_once('C:\\CandourAutoTech\\cat_rams_v2_api\\public\\index.php')
ERROR - 2023-12-27 06:34:06 --> mysqli_sql_exception: Column 'role_groupid' cannot be null in C:\CandourAutoTech\cat_rams_v2_api\system\Database\MySQLi\Connection.php:306
Stack trace:
#0 C:\CandourAutoTech\cat_rams_v2_api\system\Database\MySQLi\Connection.php(306): mysqli->query('INSERT INTO `us...', 0)
#1 C:\CandourAutoTech\cat_rams_v2_api\system\Database\BaseConnection.php(692): CodeIgniter\Database\MySQLi\Connection->execute('INSERT INTO `us...')
#2 C:\CandourAutoTech\cat_rams_v2_api\system\Database\BaseConnection.php(606): CodeIgniter\Database\BaseConnection->simpleQuery('INSERT INTO `us...')
#3 C:\CandourAutoTech\cat_rams_v2_api\system\Database\BaseBuilder.php(2308): CodeIgniter\Database\BaseConnection->query('INSERT INTO `us...', Array, false)
#4 C:\CandourAutoTech\cat_rams_v2_api\system\Model.php(319): CodeIgniter\Database\BaseBuilder->insert()
#5 C:\CandourAutoTech\cat_rams_v2_api\system\BaseModel.php(788): CodeIgniter\Model->doInsert(Array)
#6 C:\CandourAutoTech\cat_rams_v2_api\system\Model.php(715): CodeIgniter\BaseModel->insert(Array, true)
#7 C:\CandourAutoTech\cat_rams_v2_api\app\Controllers\System\UserRoleController.php(123): CodeIgniter\Model->insert(Array)
#8 C:\CandourAutoTech\cat_rams_v2_api\system\CodeIgniter.php(919): App\Controllers\System\UserRoleController->create()
#9 C:\CandourAutoTech\cat_rams_v2_api\system\CodeIgniter.php(494): CodeIgniter\CodeIgniter->runController(Object(App\Controllers\System\UserRoleController))
#10 C:\CandourAutoTech\cat_rams_v2_api\system\CodeIgniter.php(353): CodeIgniter\CodeIgniter->handleRequest(NULL, Object(Config\Cache), false)
#11 C:\CandourAutoTech\cat_rams_v2_api\public\index.php(79): CodeIgniter\CodeIgniter->run()
#12 C:\CandourAutoTech\cat_rams_v2_api\system\Commands\Server\rewrite.php(47): require_once('C:\\CandourAutoT...')
#13 {main}
CRITICAL - 2023-12-27 06:34:06 --> Column 'role_groupid' cannot be null
in SYSTEMPATH\Database\BaseConnection.php on line 646.
 1 SYSTEMPATH\Database\BaseBuilder.php(2308): CodeIgniter\Database\BaseConnection->query('INSERT INTO `user_roles` (`role_name`, `role_groupid`, `role_description`, `role_created_by`, `role_updated_by`) VALUES (:role_name:, :role_groupid:, :role_description:, :role_created_by:, :role_updated_by:)', [...], false)
 2 SYSTEMPATH\Model.php(319): CodeIgniter\Database\BaseBuilder->insert()
 3 SYSTEMPATH\BaseModel.php(788): CodeIgniter\Model->doInsert([...])
 4 SYSTEMPATH\Model.php(715): CodeIgniter\BaseModel->insert([...], true)
 5 APPPATH\Controllers\System\UserRoleController.php(123): CodeIgniter\Model->insert([...])
 6 SYSTEMPATH\CodeIgniter.php(919): App\Controllers\System\UserRoleController->create()
 7 SYSTEMPATH\CodeIgniter.php(494): CodeIgniter\CodeIgniter->runController(Object(App\Controllers\System\UserRoleController))
 8 SYSTEMPATH\CodeIgniter.php(353): CodeIgniter\CodeIgniter->handleRequest(null, Object(Config\Cache), false)
 9 FCPATH\index.php(79): CodeIgniter\CodeIgniter->run()
10 SYSTEMPATH\Commands\Server\rewrite.php(47): require_once('C:\\CandourAutoTech\\cat_rams_v2_api\\public\\index.php')
ERROR - 2023-12-27 06:38:39 --> mysqli_sql_exception: Table 'rams_live_db.feature_action_mapping' doesn't exist in C:\CandourAutoTech\cat_rams_v2_api\system\Database\MySQLi\Connection.php:306
Stack trace:
#0 C:\CandourAutoTech\cat_rams_v2_api\system\Database\MySQLi\Connection.php(306): mysqli->query('SELECT `fam_fa_...', 0)
#1 C:\CandourAutoTech\cat_rams_v2_api\system\Database\BaseConnection.php(692): CodeIgniter\Database\MySQLi\Connection->execute('SELECT `fam_fa_...')
#2 C:\CandourAutoTech\cat_rams_v2_api\system\Database\BaseConnection.php(606): CodeIgniter\Database\BaseConnection->simpleQuery('SELECT `fam_fa_...')
#3 C:\CandourAutoTech\cat_rams_v2_api\system\Database\BaseBuilder.php(1615): CodeIgniter\Database\BaseConnection->query('SELECT `fam_fa_...', Array, false)
#4 C:\CandourAutoTech\cat_rams_v2_api\system\Model.php(237): CodeIgniter\Database\BaseBuilder->get()
#5 C:\CandourAutoTech\cat_rams_v2_api\system\BaseModel.php(624): CodeIgniter\Model->doFindAll(0, 0)
#6 C:\CandourAutoTech\cat_rams_v2_api\app\Controllers\System\UserRoleController.php(267): CodeIgniter\BaseModel->findAll()
#7 C:\CandourAutoTech\cat_rams_v2_api\system\CodeIgniter.php(919): App\Controllers\System\UserRoleController->fetch_user_role_features()
#8 C:\CandourAutoTech\cat_rams_v2_api\system\CodeIgniter.php(494): CodeIgniter\CodeIgniter->runController(Object(App\Controllers\System\UserRoleController))
#9 C:\CandourAutoTech\cat_rams_v2_api\system\CodeIgniter.php(353): CodeIgniter\CodeIgniter->handleRequest(NULL, Object(Config\Cache), false)
#10 C:\CandourAutoTech\cat_rams_v2_api\public\index.php(79): CodeIgniter\CodeIgniter->run()
#11 C:\CandourAutoTech\cat_rams_v2_api\system\Commands\Server\rewrite.php(47): require_once('C:\\CandourAutoT...')
#12 {main}
CRITICAL - 2023-12-27 06:38:39 --> Table 'rams_live_db.feature_action_mapping' doesn't exist
in SYSTEMPATH\Database\BaseConnection.php on line 646.
 1 SYSTEMPATH\Database\BaseBuilder.php(1615): CodeIgniter\Database\BaseConnection->query('SELECT `fam_fa_id`
FROM `feature_action_mapping`
WHERE `fam_frm_id` = :fam_frm_id:', [...], false)
 2 SYSTEMPATH\Model.php(237): CodeIgniter\Database\BaseBuilder->get()
 3 SYSTEMPATH\BaseModel.php(624): CodeIgniter\Model->doFindAll(0, 0)
 4 APPPATH\Controllers\System\UserRoleController.php(267): CodeIgniter\BaseModel->findAll()
 5 SYSTEMPATH\CodeIgniter.php(919): App\Controllers\System\UserRoleController->fetch_user_role_features()
 6 SYSTEMPATH\CodeIgniter.php(494): CodeIgniter\CodeIgniter->runController(Object(App\Controllers\System\UserRoleController))
 7 SYSTEMPATH\CodeIgniter.php(353): CodeIgniter\CodeIgniter->handleRequest(null, Object(Config\Cache), false)
 8 FCPATH\index.php(79): CodeIgniter\CodeIgniter->run()
 9 SYSTEMPATH\Commands\Server\rewrite.php(47): require_once('C:\\CandourAutoTech\\cat_rams_v2_api\\public\\index.php')
CRITICAL - 2023-12-27 07:32:31 --> count(): Argument #1 ($value) must be of type Countable|array, stdClass given
in APPPATH\Controllers\Status\StatusMasterController.php on line 237.
 1 APPPATH\Controllers\Status\StatusMasterController.php(237): count(Object(stdClass))
 2 SYSTEMPATH\CodeIgniter.php(919): App\Controllers\Status\StatusMasterController->status_master()
 3 SYSTEMPATH\CodeIgniter.php(494): CodeIgniter\CodeIgniter->runController(Object(App\Controllers\Status\StatusMasterController))
 4 SYSTEMPATH\CodeIgniter.php(353): CodeIgniter\CodeIgniter->handleRequest(null, Object(Config\Cache), false)
 5 FCPATH\index.php(79): CodeIgniter\CodeIgniter->run()
 6 SYSTEMPATH\Commands\Server\rewrite.php(47): require_once('C:\\CandourAutoTech\\cat_rams_v2_api\\public\\index.php')
CRITICAL - 2023-12-27 07:40:55 --> count(): Argument #1 ($value) must be of type Countable|array, stdClass given
in APPPATH\Controllers\Status\StatusMasterController.php on line 235.
 1 APPPATH\Controllers\Status\StatusMasterController.php(235): count(Object(stdClass))
 2 SYSTEMPATH\CodeIgniter.php(919): App\Controllers\Status\StatusMasterController->status_master()
 3 SYSTEMPATH\CodeIgniter.php(494): CodeIgniter\CodeIgniter->runController(Object(App\Controllers\Status\StatusMasterController))
 4 SYSTEMPATH\CodeIgniter.php(353): CodeIgniter\CodeIgniter->handleRequest(null, Object(Config\Cache), false)
 5 FCPATH\index.php(79): CodeIgniter\CodeIgniter->run()
 6 SYSTEMPATH\Commands\Server\rewrite.php(47): require_once('C:\\CandourAutoTech\\cat_rams_v2_api\\public\\index.php')
CRITICAL - 2023-12-27 07:45:34 --> count(): Argument #1 ($value) must be of type Countable|array, stdClass given
in APPPATH\Controllers\Status\StatusMasterController.php on line 235.
 1 APPPATH\Controllers\Status\StatusMasterController.php(235): count(Object(stdClass))
 2 SYSTEMPATH\CodeIgniter.php(919): App\Controllers\Status\StatusMasterController->status_master()
 3 SYSTEMPATH\CodeIgniter.php(494): CodeIgniter\CodeIgniter->runController(Object(App\Controllers\Status\StatusMasterController))
 4 SYSTEMPATH\CodeIgniter.php(353): CodeIgniter\CodeIgniter->handleRequest(null, Object(Config\Cache), false)
 5 FCPATH\index.php(79): CodeIgniter\CodeIgniter->run()
 6 SYSTEMPATH\Commands\Server\rewrite.php(47): require_once('C:\\CandourAutoTech\\cat_rams_v2_api\\public\\index.php')
ERROR - 2023-12-27 12:08:35 --> mysqli_sql_exception: Column 'cstm_name' cannot be null in C:\CandourAutoTech\cat_rams_v2_api\system\Database\MySQLi\Connection.php:306
Stack trace:
#0 C:\CandourAutoTech\cat_rams_v2_api\system\Database\MySQLi\Connection.php(306): mysqli->query('INSERT INTO `cu...', 0)
#1 C:\CandourAutoTech\cat_rams_v2_api\system\Database\BaseConnection.php(692): CodeIgniter\Database\MySQLi\Connection->execute('INSERT INTO `cu...')
#2 C:\CandourAutoTech\cat_rams_v2_api\system\Database\BaseConnection.php(606): CodeIgniter\Database\BaseConnection->simpleQuery('INSERT INTO `cu...')
#3 C:\CandourAutoTech\cat_rams_v2_api\system\Database\BaseBuilder.php(2308): CodeIgniter\Database\BaseConnection->query('INSERT INTO `cu...', Array, false)
#4 C:\CandourAutoTech\cat_rams_v2_api\system\Model.php(319): CodeIgniter\Database\BaseBuilder->insert()
#5 C:\CandourAutoTech\cat_rams_v2_api\system\BaseModel.php(788): CodeIgniter\Model->doInsert(Array)
#6 C:\CandourAutoTech\cat_rams_v2_api\system\Model.php(715): CodeIgniter\BaseModel->insert(Array, true)
#7 C:\CandourAutoTech\cat_rams_v2_api\app\Controllers\Customer\CustomerMasterController.php(145): CodeIgniter\Model->insert(Array)
#8 C:\CandourAutoTech\cat_rams_v2_api\system\CodeIgniter.php(919): App\Controllers\Customer\CustomerMasterController->create()
#9 C:\CandourAutoTech\cat_rams_v2_api\system\CodeIgniter.php(494): CodeIgniter\CodeIgniter->runController(Object(App\Controllers\Customer\CustomerMasterController))
#10 C:\CandourAutoTech\cat_rams_v2_api\system\CodeIgniter.php(353): CodeIgniter\CodeIgniter->handleRequest(NULL, Object(Config\Cache), false)
#11 C:\CandourAutoTech\cat_rams_v2_api\public\index.php(79): CodeIgniter\CodeIgniter->run()
#12 C:\CandourAutoTech\cat_rams_v2_api\system\Commands\Server\rewrite.php(47): require_once('C:\\CandourAutoT...')
#13 {main}
CRITICAL - 2023-12-27 12:08:35 --> Column 'cstm_name' cannot be null
in SYSTEMPATH\Database\BaseConnection.php on line 646.
 1 SYSTEMPATH\Database\BaseBuilder.php(2308): CodeIgniter\Database\BaseConnection->query('INSERT INTO `customer_master` (`cstm_name`, `cstm_email`, `cstm_phone`, `cstm_alternate_num`, `cstm_address`, `cstm_gstin`, `cstm_cstr_id`) VALUES (:cstm_name:, :cstm_email:, :cstm_phone:, :cstm_alternate_num:, :cstm_address:, :cstm_gstin:, :cstm_cstr_id:)', [...], false)
 2 SYSTEMPATH\Model.php(319): CodeIgniter\Database\BaseBuilder->insert()
 3 SYSTEMPATH\BaseModel.php(788): CodeIgniter\Model->doInsert([...])
 4 SYSTEMPATH\Model.php(715): CodeIgniter\BaseModel->insert([...], true)
 5 APPPATH\Controllers\Customer\CustomerMasterController.php(145): CodeIgniter\Model->insert([...])
 6 SYSTEMPATH\CodeIgniter.php(919): App\Controllers\Customer\CustomerMasterController->create()
 7 SYSTEMPATH\CodeIgniter.php(494): CodeIgniter\CodeIgniter->runController(Object(App\Controllers\Customer\CustomerMasterController))
 8 SYSTEMPATH\CodeIgniter.php(353): CodeIgniter\CodeIgniter->handleRequest(null, Object(Config\Cache), false)
 9 FCPATH\index.php(79): CodeIgniter\CodeIgniter->run()
10 SYSTEMPATH\Commands\Server\rewrite.php(47): require_once('C:\\CandourAutoTech\\cat_rams_v2_api\\public\\index.php')
CRITICAL - 2023-12-27 12:27:21 --> Undefined variable $retarray
in APPPATH\Controllers\Coupon\CouponMasterController.php on line 482.
 1 APPPATH\Controllers\Coupon\CouponMasterController.php(482): CodeIgniter\Debug\Exceptions->errorHandler(2, 'Undefined variable $retarray', 'C:\\CandourAutoTech\\cat_rams_v2_api\\app\\Controllers\\Coupon\\CouponMasterController.php', 482)
 2 SYSTEMPATH\CodeIgniter.php(919): App\Controllers\Coupon\CouponMasterController->get_couponsforcustomer()
 3 SYSTEMPATH\CodeIgniter.php(494): CodeIgniter\CodeIgniter->runController(Object(App\Controllers\Coupon\CouponMasterController))
 4 SYSTEMPATH\CodeIgniter.php(353): CodeIgniter\CodeIgniter->handleRequest(null, Object(Config\Cache), false)
 5 FCPATH\index.php(79): CodeIgniter\CodeIgniter->run()
 6 SYSTEMPATH\Commands\Server\rewrite.php(47): require_once('C:\\CandourAutoTech\\cat_rams_v2_api\\public\\index.php')
CRITICAL - 2023-12-27 13:08:05 --> The namespace delimiter is a backslash (\), not a slash (/). Route handler: "\App\Controllers\Payment/PaymentMasterController::initiate_alert"
in SYSTEMPATH\Router\Router.php on line 477.
 1 SYSTEMPATH\Router\Router.php(477): CodeIgniter\Router\Exceptions\RouterException::forInvalidControllerName('\\App\\Controllers\\Payment/PaymentMasterController::initiate_alert')
 2 SYSTEMPATH\Router\Router.php(184): CodeIgniter\Router\Router->checkRoutes('initiate_alert')
 3 SYSTEMPATH\CodeIgniter.php(800): CodeIgniter\Router\Router->handle('initiate_alert')
 4 SYSTEMPATH\CodeIgniter.php(442): CodeIgniter\CodeIgniter->tryToRouteIt(Object(CodeIgniter\Router\RouteCollection))
 5 SYSTEMPATH\CodeIgniter.php(353): CodeIgniter\CodeIgniter->handleRequest(null, Object(Config\Cache), false)
 6 FCPATH\index.php(79): CodeIgniter\CodeIgniter->run()
 7 SYSTEMPATH\Commands\Server\rewrite.php(47): require_once('C:\\CandourAutoTech\\cat_rams_v2_api\\public\\index.php')
CRITICAL - 2023-12-27 13:08:24 --> Cannot use object of type App\Models\ToolRequest\ToolDetailsModel as array
in APPPATH\Controllers\Payment\PaymentMasterController.php on line 165.
 1 SYSTEMPATH\CodeIgniter.php(919): App\Controllers\Payment\PaymentMasterController->initiate_alert()
 2 SYSTEMPATH\CodeIgniter.php(494): CodeIgniter\CodeIgniter->runController(Object(App\Controllers\Payment\PaymentMasterController))
 3 SYSTEMPATH\CodeIgniter.php(353): CodeIgniter\CodeIgniter->handleRequest(null, Object(Config\Cache), false)
 4 FCPATH\index.php(79): CodeIgniter\CodeIgniter->run()
 5 SYSTEMPATH\Commands\Server\rewrite.php(47): require_once('C:\\CandourAutoTech\\cat_rams_v2_api\\public\\index.php')
