CRITICAL - 2024-04-23 10:50:48 --> "Y-m-d" is not a valid datetime format
in SYSTEMPATH\I18n\TimeTrait.php on line 243.
 1 SYSTEMPATH\I18n\TimeTrait.php(243): CodeIgniter\I18n\Exceptions\I18nException::forInvalidFormat('Y-m-d')
 2 APPPATH\Controllers\DashBoard\DashBoardController.php(171): CodeIgniter\I18n\Time::createFromFormat('Y-m-d', '2024-04-27 18:27:23')
 3 SYSTEMPATH\CodeIgniter.php(919): App\Controllers\DashBoard\DashBoardController->index()
 4 SYSTEMPATH\CodeIgniter.php(494): CodeIgniter\CodeIgniter->runController(Object(App\Controllers\DashBoard\DashBoardController))
 5 SYSTEMPATH\CodeIgniter.php(353): CodeIgniter\CodeIgniter->handleRequest(null, Object(Config\Cache), false)
 6 FCPATH\index.php(79): CodeIgniter\CodeIgniter->run()
 7 SYSTEMPATH\Commands\Server\rewrite.php(47): require_once('D:\\RamsAPI-localtestlive\\CandourAutoTech\\cat_rams_v2_api\\public\\index.php')
WARNING - 2024-04-23 10:50:49 --> [DEPRECATED] DateTimeImmutable::createFromFormat(): Passing null to parameter #2 ($datetime) of type string is deprecated in SYSTEMPATH\I18n\TimeTrait.php on line 242.
 1 SYSTEMPATH\I18n\TimeTrait.php(242): DateTimeImmutable::createFromFormat('Y-m-d H:i:s', null)
 2 APPPATH\Controllers\ServiceRequest\ServiceRequestMasterController.php(2083): CodeIgniter\I18n\Time::createFromFormat('Y-m-d H:i:s', null)
 3 SYSTEMPATH\CodeIgniter.php(919): App\Controllers\ServiceRequest\ServiceRequestMasterController->check_reopen_workcard()
 4 SYSTEMPATH\CodeIgniter.php(494): CodeIgniter\CodeIgniter->runController(Object(App\Controllers\ServiceRequest\ServiceRequestMasterController))
 5 SYSTEMPATH\CodeIgniter.php(353): CodeIgniter\CodeIgniter->handleRequest(null, Object(Config\Cache), false)
 6 FCPATH\index.php(79): CodeIgniter\CodeIgniter->run()
 7 SYSTEMPATH\Commands\Server\rewrite.php(47): require_once('D:\\RamsAPI-localtestlive\\CandourAutoTech\\cat_rams_v2_api\\public\\index.php')
CRITICAL - 2024-04-23 10:50:49 --> "Y-m-d H:i:s" is not a valid datetime format
in SYSTEMPATH\I18n\TimeTrait.php on line 243.
 1 SYSTEMPATH\I18n\TimeTrait.php(243): CodeIgniter\I18n\Exceptions\I18nException::forInvalidFormat('Y-m-d H:i:s')
 2 APPPATH\Controllers\ServiceRequest\ServiceRequestMasterController.php(2083): CodeIgniter\I18n\Time::createFromFormat('Y-m-d H:i:s', null)
 3 SYSTEMPATH\CodeIgniter.php(919): App\Controllers\ServiceRequest\ServiceRequestMasterController->check_reopen_workcard()
 4 SYSTEMPATH\CodeIgniter.php(494): CodeIgniter\CodeIgniter->runController(Object(App\Controllers\ServiceRequest\ServiceRequestMasterController))
 5 SYSTEMPATH\CodeIgniter.php(353): CodeIgniter\CodeIgniter->handleRequest(null, Object(Config\Cache), false)
 6 FCPATH\index.php(79): CodeIgniter\CodeIgniter->run()
 7 SYSTEMPATH\Commands\Server\rewrite.php(47): require_once('D:\\RamsAPI-localtestlive\\CandourAutoTech\\cat_rams_v2_api\\public\\index.php')
CRITICAL - 2024-04-23 11:38:58 --> "Y-m-d" is not a valid datetime format
in SYSTEMPATH\I18n\TimeTrait.php on line 243.
 1 SYSTEMPATH\I18n\TimeTrait.php(243): CodeIgniter\I18n\Exceptions\I18nException::forInvalidFormat('Y-m-d')
 2 APPPATH\Controllers\DashBoard\DashBoardController.php(171): CodeIgniter\I18n\Time::createFromFormat('Y-m-d', '2024-04-27 18:27:23')
 3 SYSTEMPATH\CodeIgniter.php(919): App\Controllers\DashBoard\DashBoardController->index()
 4 SYSTEMPATH\CodeIgniter.php(494): CodeIgniter\CodeIgniter->runController(Object(App\Controllers\DashBoard\DashBoardController))
 5 SYSTEMPATH\CodeIgniter.php(353): CodeIgniter\CodeIgniter->handleRequest(null, Object(Config\Cache), false)
 6 FCPATH\index.php(79): CodeIgniter\CodeIgniter->run()
 7 SYSTEMPATH\Commands\Server\rewrite.php(47): require_once('D:\\RamsAPI-localtestlive\\CandourAutoTech\\cat_rams_v2_api\\public\\index.php')
WARNING - 2024-04-23 11:38:58 --> [DEPRECATED] DateTimeImmutable::createFromFormat(): Passing null to parameter #2 ($datetime) of type string is deprecated in SYSTEMPATH\I18n\TimeTrait.php on line 242.
 1 SYSTEMPATH\I18n\TimeTrait.php(242): DateTimeImmutable::createFromFormat('Y-m-d H:i:s', null)
 2 APPPATH\Controllers\ServiceRequest\ServiceRequestMasterController.php(2083): CodeIgniter\I18n\Time::createFromFormat('Y-m-d H:i:s', null)
 3 SYSTEMPATH\CodeIgniter.php(919): App\Controllers\ServiceRequest\ServiceRequestMasterController->check_reopen_workcard()
 4 SYSTEMPATH\CodeIgniter.php(494): CodeIgniter\CodeIgniter->runController(Object(App\Controllers\ServiceRequest\ServiceRequestMasterController))
 5 SYSTEMPATH\CodeIgniter.php(353): CodeIgniter\CodeIgniter->handleRequest(null, Object(Config\Cache), false)
 6 FCPATH\index.php(79): CodeIgniter\CodeIgniter->run()
 7 SYSTEMPATH\Commands\Server\rewrite.php(47): require_once('D:\\RamsAPI-localtestlive\\CandourAutoTech\\cat_rams_v2_api\\public\\index.php')
CRITICAL - 2024-04-23 11:38:58 --> "Y-m-d H:i:s" is not a valid datetime format
in SYSTEMPATH\I18n\TimeTrait.php on line 243.
 1 SYSTEMPATH\I18n\TimeTrait.php(243): CodeIgniter\I18n\Exceptions\I18nException::forInvalidFormat('Y-m-d H:i:s')
 2 APPPATH\Controllers\ServiceRequest\ServiceRequestMasterController.php(2083): CodeIgniter\I18n\Time::createFromFormat('Y-m-d H:i:s', null)
 3 SYSTEMPATH\CodeIgniter.php(919): App\Controllers\ServiceRequest\ServiceRequestMasterController->check_reopen_workcard()
 4 SYSTEMPATH\CodeIgniter.php(494): CodeIgniter\CodeIgniter->runController(Object(App\Controllers\ServiceRequest\ServiceRequestMasterController))
 5 SYSTEMPATH\CodeIgniter.php(353): CodeIgniter\CodeIgniter->handleRequest(null, Object(Config\Cache), false)
 6 FCPATH\index.php(79): CodeIgniter\CodeIgniter->run()
 7 SYSTEMPATH\Commands\Server\rewrite.php(47): require_once('D:\\RamsAPI-localtestlive\\CandourAutoTech\\cat_rams_v2_api\\public\\index.php')
CRITICAL - 2024-04-23 11:46:10 --> "Y-m-d" is not a valid datetime format
in SYSTEMPATH\I18n\TimeTrait.php on line 243.
 1 SYSTEMPATH\I18n\TimeTrait.php(243): CodeIgniter\I18n\Exceptions\I18nException::forInvalidFormat('Y-m-d')
 2 APPPATH\Controllers\DashBoard\DashBoardController.php(171): CodeIgniter\I18n\Time::createFromFormat('Y-m-d', '2024-04-27 18:27:23')
 3 SYSTEMPATH\CodeIgniter.php(919): App\Controllers\DashBoard\DashBoardController->index()
 4 SYSTEMPATH\CodeIgniter.php(494): CodeIgniter\CodeIgniter->runController(Object(App\Controllers\DashBoard\DashBoardController))
 5 SYSTEMPATH\CodeIgniter.php(353): CodeIgniter\CodeIgniter->handleRequest(null, Object(Config\Cache), false)
 6 FCPATH\index.php(79): CodeIgniter\CodeIgniter->run()
 7 SYSTEMPATH\Commands\Server\rewrite.php(47): require_once('D:\\RamsAPI-localtestlive\\CandourAutoTech\\cat_rams_v2_api\\public\\index.php')
WARNING - 2024-04-23 11:46:10 --> [DEPRECATED] DateTimeImmutable::createFromFormat(): Passing null to parameter #2 ($datetime) of type string is deprecated in SYSTEMPATH\I18n\TimeTrait.php on line 242.
 1 SYSTEMPATH\I18n\TimeTrait.php(242): DateTimeImmutable::createFromFormat('Y-m-d H:i:s', null)
 2 APPPATH\Controllers\ServiceRequest\ServiceRequestMasterController.php(2083): CodeIgniter\I18n\Time::createFromFormat('Y-m-d H:i:s', null)
 3 SYSTEMPATH\CodeIgniter.php(919): App\Controllers\ServiceRequest\ServiceRequestMasterController->check_reopen_workcard()
 4 SYSTEMPATH\CodeIgniter.php(494): CodeIgniter\CodeIgniter->runController(Object(App\Controllers\ServiceRequest\ServiceRequestMasterController))
 5 SYSTEMPATH\CodeIgniter.php(353): CodeIgniter\CodeIgniter->handleRequest(null, Object(Config\Cache), false)
 6 FCPATH\index.php(79): CodeIgniter\CodeIgniter->run()
 7 SYSTEMPATH\Commands\Server\rewrite.php(47): require_once('D:\\RamsAPI-localtestlive\\CandourAutoTech\\cat_rams_v2_api\\public\\index.php')
CRITICAL - 2024-04-23 11:46:10 --> "Y-m-d H:i:s" is not a valid datetime format
in SYSTEMPATH\I18n\TimeTrait.php on line 243.
 1 SYSTEMPATH\I18n\TimeTrait.php(243): CodeIgniter\I18n\Exceptions\I18nException::forInvalidFormat('Y-m-d H:i:s')
 2 APPPATH\Controllers\ServiceRequest\ServiceRequestMasterController.php(2083): CodeIgniter\I18n\Time::createFromFormat('Y-m-d H:i:s', null)
 3 SYSTEMPATH\CodeIgniter.php(919): App\Controllers\ServiceRequest\ServiceRequestMasterController->check_reopen_workcard()
 4 SYSTEMPATH\CodeIgniter.php(494): CodeIgniter\CodeIgniter->runController(Object(App\Controllers\ServiceRequest\ServiceRequestMasterController))
 5 SYSTEMPATH\CodeIgniter.php(353): CodeIgniter\CodeIgniter->handleRequest(null, Object(Config\Cache), false)
 6 FCPATH\index.php(79): CodeIgniter\CodeIgniter->run()
 7 SYSTEMPATH\Commands\Server\rewrite.php(47): require_once('D:\\RamsAPI-localtestlive\\CandourAutoTech\\cat_rams_v2_api\\public\\index.php')
CRITICAL - 2024-04-23 11:46:56 --> "Y-m-d" is not a valid datetime format
in SYSTEMPATH\I18n\TimeTrait.php on line 243.
 1 SYSTEMPATH\I18n\TimeTrait.php(243): CodeIgniter\I18n\Exceptions\I18nException::forInvalidFormat('Y-m-d')
 2 APPPATH\Controllers\DashBoard\DashBoardController.php(171): CodeIgniter\I18n\Time::createFromFormat('Y-m-d', '2024-04-27 18:27:23')
 3 SYSTEMPATH\CodeIgniter.php(919): App\Controllers\DashBoard\DashBoardController->index()
 4 SYSTEMPATH\CodeIgniter.php(494): CodeIgniter\CodeIgniter->runController(Object(App\Controllers\DashBoard\DashBoardController))
 5 SYSTEMPATH\CodeIgniter.php(353): CodeIgniter\CodeIgniter->handleRequest(null, Object(Config\Cache), false)
 6 FCPATH\index.php(79): CodeIgniter\CodeIgniter->run()
 7 SYSTEMPATH\Commands\Server\rewrite.php(47): require_once('D:\\RamsAPI-localtestlive\\CandourAutoTech\\cat_rams_v2_api\\public\\index.php')
WARNING - 2024-04-23 11:46:56 --> [DEPRECATED] DateTimeImmutable::createFromFormat(): Passing null to parameter #2 ($datetime) of type string is deprecated in SYSTEMPATH\I18n\TimeTrait.php on line 242.
 1 SYSTEMPATH\I18n\TimeTrait.php(242): DateTimeImmutable::createFromFormat('Y-m-d H:i:s', null)
 2 APPPATH\Controllers\ServiceRequest\ServiceRequestMasterController.php(2083): CodeIgniter\I18n\Time::createFromFormat('Y-m-d H:i:s', null)
 3 SYSTEMPATH\CodeIgniter.php(919): App\Controllers\ServiceRequest\ServiceRequestMasterController->check_reopen_workcard()
 4 SYSTEMPATH\CodeIgniter.php(494): CodeIgniter\CodeIgniter->runController(Object(App\Controllers\ServiceRequest\ServiceRequestMasterController))
 5 SYSTEMPATH\CodeIgniter.php(353): CodeIgniter\CodeIgniter->handleRequest(null, Object(Config\Cache), false)
 6 FCPATH\index.php(79): CodeIgniter\CodeIgniter->run()
 7 SYSTEMPATH\Commands\Server\rewrite.php(47): require_once('D:\\RamsAPI-localtestlive\\CandourAutoTech\\cat_rams_v2_api\\public\\index.php')
CRITICAL - 2024-04-23 11:46:56 --> "Y-m-d H:i:s" is not a valid datetime format
in SYSTEMPATH\I18n\TimeTrait.php on line 243.
 1 SYSTEMPATH\I18n\TimeTrait.php(243): CodeIgniter\I18n\Exceptions\I18nException::forInvalidFormat('Y-m-d H:i:s')
 2 APPPATH\Controllers\ServiceRequest\ServiceRequestMasterController.php(2083): CodeIgniter\I18n\Time::createFromFormat('Y-m-d H:i:s', null)
 3 SYSTEMPATH\CodeIgniter.php(919): App\Controllers\ServiceRequest\ServiceRequestMasterController->check_reopen_workcard()
 4 SYSTEMPATH\CodeIgniter.php(494): CodeIgniter\CodeIgniter->runController(Object(App\Controllers\ServiceRequest\ServiceRequestMasterController))
 5 SYSTEMPATH\CodeIgniter.php(353): CodeIgniter\CodeIgniter->handleRequest(null, Object(Config\Cache), false)
 6 FCPATH\index.php(79): CodeIgniter\CodeIgniter->run()
 7 SYSTEMPATH\Commands\Server\rewrite.php(47): require_once('D:\\RamsAPI-localtestlive\\CandourAutoTech\\cat_rams_v2_api\\public\\index.php')
WARNING - 2024-04-23 11:48:14 --> [DEPRECATED] DateTimeImmutable::createFromFormat(): Passing null to parameter #2 ($datetime) of type string is deprecated in SYSTEMPATH\I18n\TimeTrait.php on line 242.
 1 SYSTEMPATH\I18n\TimeTrait.php(242): DateTimeImmutable::createFromFormat('Y-m-d H:i:s', null)
 2 APPPATH\Controllers\ServiceRequest\ServiceRequestMasterController.php(2083): CodeIgniter\I18n\Time::createFromFormat('Y-m-d H:i:s', null)
 3 SYSTEMPATH\CodeIgniter.php(919): App\Controllers\ServiceRequest\ServiceRequestMasterController->check_reopen_workcard()
 4 SYSTEMPATH\CodeIgniter.php(494): CodeIgniter\CodeIgniter->runController(Object(App\Controllers\ServiceRequest\ServiceRequestMasterController))
 5 SYSTEMPATH\CodeIgniter.php(353): CodeIgniter\CodeIgniter->handleRequest(null, Object(Config\Cache), false)
 6 FCPATH\index.php(79): CodeIgniter\CodeIgniter->run()
 7 SYSTEMPATH\Commands\Server\rewrite.php(47): require_once('D:\\RamsAPI-localtestlive\\CandourAutoTech\\cat_rams_v2_api\\public\\index.php')
CRITICAL - 2024-04-23 11:48:14 --> "Y-m-d H:i:s" is not a valid datetime format
in SYSTEMPATH\I18n\TimeTrait.php on line 243.
 1 SYSTEMPATH\I18n\TimeTrait.php(243): CodeIgniter\I18n\Exceptions\I18nException::forInvalidFormat('Y-m-d H:i:s')
 2 APPPATH\Controllers\ServiceRequest\ServiceRequestMasterController.php(2083): CodeIgniter\I18n\Time::createFromFormat('Y-m-d H:i:s', null)
 3 SYSTEMPATH\CodeIgniter.php(919): App\Controllers\ServiceRequest\ServiceRequestMasterController->check_reopen_workcard()
 4 SYSTEMPATH\CodeIgniter.php(494): CodeIgniter\CodeIgniter->runController(Object(App\Controllers\ServiceRequest\ServiceRequestMasterController))
 5 SYSTEMPATH\CodeIgniter.php(353): CodeIgniter\CodeIgniter->handleRequest(null, Object(Config\Cache), false)
 6 FCPATH\index.php(79): CodeIgniter\CodeIgniter->run()
 7 SYSTEMPATH\Commands\Server\rewrite.php(47): require_once('D:\\RamsAPI-localtestlive\\CandourAutoTech\\cat_rams_v2_api\\public\\index.php')
CRITICAL - 2024-04-23 11:48:15 --> "Y-m-d" is not a valid datetime format
in SYSTEMPATH\I18n\TimeTrait.php on line 243.
 1 SYSTEMPATH\I18n\TimeTrait.php(243): CodeIgniter\I18n\Exceptions\I18nException::forInvalidFormat('Y-m-d')
 2 APPPATH\Controllers\DashBoard\DashBoardController.php(171): CodeIgniter\I18n\Time::createFromFormat('Y-m-d', '2024-04-27 18:27:23')
 3 SYSTEMPATH\CodeIgniter.php(919): App\Controllers\DashBoard\DashBoardController->index()
 4 SYSTEMPATH\CodeIgniter.php(494): CodeIgniter\CodeIgniter->runController(Object(App\Controllers\DashBoard\DashBoardController))
 5 SYSTEMPATH\CodeIgniter.php(353): CodeIgniter\CodeIgniter->handleRequest(null, Object(Config\Cache), false)
 6 FCPATH\index.php(79): CodeIgniter\CodeIgniter->run()
 7 SYSTEMPATH\Commands\Server\rewrite.php(47): require_once('D:\\RamsAPI-localtestlive\\CandourAutoTech\\cat_rams_v2_api\\public\\index.php')
CRITICAL - 2024-04-23 11:48:19 --> "Y-m-d" is not a valid datetime format
in SYSTEMPATH\I18n\TimeTrait.php on line 243.
 1 SYSTEMPATH\I18n\TimeTrait.php(243): CodeIgniter\I18n\Exceptions\I18nException::forInvalidFormat('Y-m-d')
 2 APPPATH\Controllers\DashBoard\DashBoardController.php(171): CodeIgniter\I18n\Time::createFromFormat('Y-m-d', '2024-04-27 18:27:23')
 3 SYSTEMPATH\CodeIgniter.php(919): App\Controllers\DashBoard\DashBoardController->index()
 4 SYSTEMPATH\CodeIgniter.php(494): CodeIgniter\CodeIgniter->runController(Object(App\Controllers\DashBoard\DashBoardController))
 5 SYSTEMPATH\CodeIgniter.php(353): CodeIgniter\CodeIgniter->handleRequest(null, Object(Config\Cache), false)
 6 FCPATH\index.php(79): CodeIgniter\CodeIgniter->run()
 7 SYSTEMPATH\Commands\Server\rewrite.php(47): require_once('D:\\RamsAPI-localtestlive\\CandourAutoTech\\cat_rams_v2_api\\public\\index.php')
WARNING - 2024-04-23 11:48:19 --> [DEPRECATED] DateTimeImmutable::createFromFormat(): Passing null to parameter #2 ($datetime) of type string is deprecated in SYSTEMPATH\I18n\TimeTrait.php on line 242.
 1 SYSTEMPATH\I18n\TimeTrait.php(242): DateTimeImmutable::createFromFormat('Y-m-d H:i:s', null)
 2 APPPATH\Controllers\ServiceRequest\ServiceRequestMasterController.php(2083): CodeIgniter\I18n\Time::createFromFormat('Y-m-d H:i:s', null)
 3 SYSTEMPATH\CodeIgniter.php(919): App\Controllers\ServiceRequest\ServiceRequestMasterController->check_reopen_workcard()
 4 SYSTEMPATH\CodeIgniter.php(494): CodeIgniter\CodeIgniter->runController(Object(App\Controllers\ServiceRequest\ServiceRequestMasterController))
 5 SYSTEMPATH\CodeIgniter.php(353): CodeIgniter\CodeIgniter->handleRequest(null, Object(Config\Cache), false)
 6 FCPATH\index.php(79): CodeIgniter\CodeIgniter->run()
 7 SYSTEMPATH\Commands\Server\rewrite.php(47): require_once('D:\\RamsAPI-localtestlive\\CandourAutoTech\\cat_rams_v2_api\\public\\index.php')
CRITICAL - 2024-04-23 11:48:19 --> "Y-m-d H:i:s" is not a valid datetime format
in SYSTEMPATH\I18n\TimeTrait.php on line 243.
 1 SYSTEMPATH\I18n\TimeTrait.php(243): CodeIgniter\I18n\Exceptions\I18nException::forInvalidFormat('Y-m-d H:i:s')
 2 APPPATH\Controllers\ServiceRequest\ServiceRequestMasterController.php(2083): CodeIgniter\I18n\Time::createFromFormat('Y-m-d H:i:s', null)
 3 SYSTEMPATH\CodeIgniter.php(919): App\Controllers\ServiceRequest\ServiceRequestMasterController->check_reopen_workcard()
 4 SYSTEMPATH\CodeIgniter.php(494): CodeIgniter\CodeIgniter->runController(Object(App\Controllers\ServiceRequest\ServiceRequestMasterController))
 5 SYSTEMPATH\CodeIgniter.php(353): CodeIgniter\CodeIgniter->handleRequest(null, Object(Config\Cache), false)
 6 FCPATH\index.php(79): CodeIgniter\CodeIgniter->run()
 7 SYSTEMPATH\Commands\Server\rewrite.php(47): require_once('D:\\RamsAPI-localtestlive\\CandourAutoTech\\cat_rams_v2_api\\public\\index.php')
CRITICAL - 2024-04-23 11:48:25 --> "Y-m-d" is not a valid datetime format
in SYSTEMPATH\I18n\TimeTrait.php on line 243.
 1 SYSTEMPATH\I18n\TimeTrait.php(243): CodeIgniter\I18n\Exceptions\I18nException::forInvalidFormat('Y-m-d')
 2 APPPATH\Controllers\DashBoard\DashBoardController.php(171): CodeIgniter\I18n\Time::createFromFormat('Y-m-d', '2024-04-27 18:27:23')
 3 SYSTEMPATH\CodeIgniter.php(919): App\Controllers\DashBoard\DashBoardController->index()
 4 SYSTEMPATH\CodeIgniter.php(494): CodeIgniter\CodeIgniter->runController(Object(App\Controllers\DashBoard\DashBoardController))
 5 SYSTEMPATH\CodeIgniter.php(353): CodeIgniter\CodeIgniter->handleRequest(null, Object(Config\Cache), false)
 6 FCPATH\index.php(79): CodeIgniter\CodeIgniter->run()
 7 SYSTEMPATH\Commands\Server\rewrite.php(47): require_once('D:\\RamsAPI-localtestlive\\CandourAutoTech\\cat_rams_v2_api\\public\\index.php')
WARNING - 2024-04-23 11:48:26 --> [DEPRECATED] DateTimeImmutable::createFromFormat(): Passing null to parameter #2 ($datetime) of type string is deprecated in SYSTEMPATH\I18n\TimeTrait.php on line 242.
 1 SYSTEMPATH\I18n\TimeTrait.php(242): DateTimeImmutable::createFromFormat('Y-m-d H:i:s', null)
 2 APPPATH\Controllers\ServiceRequest\ServiceRequestMasterController.php(2083): CodeIgniter\I18n\Time::createFromFormat('Y-m-d H:i:s', null)
 3 SYSTEMPATH\CodeIgniter.php(919): App\Controllers\ServiceRequest\ServiceRequestMasterController->check_reopen_workcard()
 4 SYSTEMPATH\CodeIgniter.php(494): CodeIgniter\CodeIgniter->runController(Object(App\Controllers\ServiceRequest\ServiceRequestMasterController))
 5 SYSTEMPATH\CodeIgniter.php(353): CodeIgniter\CodeIgniter->handleRequest(null, Object(Config\Cache), false)
 6 FCPATH\index.php(79): CodeIgniter\CodeIgniter->run()
 7 SYSTEMPATH\Commands\Server\rewrite.php(47): require_once('D:\\RamsAPI-localtestlive\\CandourAutoTech\\cat_rams_v2_api\\public\\index.php')
CRITICAL - 2024-04-23 11:48:26 --> "Y-m-d H:i:s" is not a valid datetime format
in SYSTEMPATH\I18n\TimeTrait.php on line 243.
 1 SYSTEMPATH\I18n\TimeTrait.php(243): CodeIgniter\I18n\Exceptions\I18nException::forInvalidFormat('Y-m-d H:i:s')
 2 APPPATH\Controllers\ServiceRequest\ServiceRequestMasterController.php(2083): CodeIgniter\I18n\Time::createFromFormat('Y-m-d H:i:s', null)
 3 SYSTEMPATH\CodeIgniter.php(919): App\Controllers\ServiceRequest\ServiceRequestMasterController->check_reopen_workcard()
 4 SYSTEMPATH\CodeIgniter.php(494): CodeIgniter\CodeIgniter->runController(Object(App\Controllers\ServiceRequest\ServiceRequestMasterController))
 5 SYSTEMPATH\CodeIgniter.php(353): CodeIgniter\CodeIgniter->handleRequest(null, Object(Config\Cache), false)
 6 FCPATH\index.php(79): CodeIgniter\CodeIgniter->run()
 7 SYSTEMPATH\Commands\Server\rewrite.php(47): require_once('D:\\RamsAPI-localtestlive\\CandourAutoTech\\cat_rams_v2_api\\public\\index.php')
CRITICAL - 2024-04-23 11:49:31 --> "Y-m-d" is not a valid datetime format
in SYSTEMPATH\I18n\TimeTrait.php on line 243.
 1 SYSTEMPATH\I18n\TimeTrait.php(243): CodeIgniter\I18n\Exceptions\I18nException::forInvalidFormat('Y-m-d')
 2 APPPATH\Controllers\DashBoard\DashBoardController.php(171): CodeIgniter\I18n\Time::createFromFormat('Y-m-d', '2024-04-27 18:27:23')
 3 SYSTEMPATH\CodeIgniter.php(919): App\Controllers\DashBoard\DashBoardController->index()
 4 SYSTEMPATH\CodeIgniter.php(494): CodeIgniter\CodeIgniter->runController(Object(App\Controllers\DashBoard\DashBoardController))
 5 SYSTEMPATH\CodeIgniter.php(353): CodeIgniter\CodeIgniter->handleRequest(null, Object(Config\Cache), false)
 6 FCPATH\index.php(79): CodeIgniter\CodeIgniter->run()
 7 SYSTEMPATH\Commands\Server\rewrite.php(47): require_once('D:\\RamsAPI-localtestlive\\CandourAutoTech\\cat_rams_v2_api\\public\\index.php')
WARNING - 2024-04-23 11:49:31 --> [DEPRECATED] DateTimeImmutable::createFromFormat(): Passing null to parameter #2 ($datetime) of type string is deprecated in SYSTEMPATH\I18n\TimeTrait.php on line 242.
 1 SYSTEMPATH\I18n\TimeTrait.php(242): DateTimeImmutable::createFromFormat('Y-m-d H:i:s', null)
 2 APPPATH\Controllers\ServiceRequest\ServiceRequestMasterController.php(2083): CodeIgniter\I18n\Time::createFromFormat('Y-m-d H:i:s', null)
 3 SYSTEMPATH\CodeIgniter.php(919): App\Controllers\ServiceRequest\ServiceRequestMasterController->check_reopen_workcard()
 4 SYSTEMPATH\CodeIgniter.php(494): CodeIgniter\CodeIgniter->runController(Object(App\Controllers\ServiceRequest\ServiceRequestMasterController))
 5 SYSTEMPATH\CodeIgniter.php(353): CodeIgniter\CodeIgniter->handleRequest(null, Object(Config\Cache), false)
 6 FCPATH\index.php(79): CodeIgniter\CodeIgniter->run()
 7 SYSTEMPATH\Commands\Server\rewrite.php(47): require_once('D:\\RamsAPI-localtestlive\\CandourAutoTech\\cat_rams_v2_api\\public\\index.php')
CRITICAL - 2024-04-23 11:49:31 --> "Y-m-d H:i:s" is not a valid datetime format
in SYSTEMPATH\I18n\TimeTrait.php on line 243.
 1 SYSTEMPATH\I18n\TimeTrait.php(243): CodeIgniter\I18n\Exceptions\I18nException::forInvalidFormat('Y-m-d H:i:s')
 2 APPPATH\Controllers\ServiceRequest\ServiceRequestMasterController.php(2083): CodeIgniter\I18n\Time::createFromFormat('Y-m-d H:i:s', null)
 3 SYSTEMPATH\CodeIgniter.php(919): App\Controllers\ServiceRequest\ServiceRequestMasterController->check_reopen_workcard()
 4 SYSTEMPATH\CodeIgniter.php(494): CodeIgniter\CodeIgniter->runController(Object(App\Controllers\ServiceRequest\ServiceRequestMasterController))
 5 SYSTEMPATH\CodeIgniter.php(353): CodeIgniter\CodeIgniter->handleRequest(null, Object(Config\Cache), false)
 6 FCPATH\index.php(79): CodeIgniter\CodeIgniter->run()
 7 SYSTEMPATH\Commands\Server\rewrite.php(47): require_once('D:\\RamsAPI-localtestlive\\CandourAutoTech\\cat_rams_v2_api\\public\\index.php')
CRITICAL - 2024-04-23 12:56:42 --> "Y-m-d" is not a valid datetime format
in SYSTEMPATH\I18n\TimeTrait.php on line 243.
 1 SYSTEMPATH\I18n\TimeTrait.php(243): CodeIgniter\I18n\Exceptions\I18nException::forInvalidFormat('Y-m-d')
 2 APPPATH\Controllers\DashBoard\DashBoardController.php(171): CodeIgniter\I18n\Time::createFromFormat('Y-m-d', '2024-04-27 18:27:23')
 3 SYSTEMPATH\CodeIgniter.php(919): App\Controllers\DashBoard\DashBoardController->index()
 4 SYSTEMPATH\CodeIgniter.php(494): CodeIgniter\CodeIgniter->runController(Object(App\Controllers\DashBoard\DashBoardController))
 5 SYSTEMPATH\CodeIgniter.php(353): CodeIgniter\CodeIgniter->handleRequest(null, Object(Config\Cache), false)
 6 FCPATH\index.php(79): CodeIgniter\CodeIgniter->run()
 7 SYSTEMPATH\Commands\Server\rewrite.php(47): require_once('D:\\RamsAPI-localtestlive\\CandourAutoTech\\cat_rams_v2_api\\public\\index.php')
WARNING - 2024-04-23 12:56:42 --> [DEPRECATED] DateTimeImmutable::createFromFormat(): Passing null to parameter #2 ($datetime) of type string is deprecated in SYSTEMPATH\I18n\TimeTrait.php on line 242.
 1 SYSTEMPATH\I18n\TimeTrait.php(242): DateTimeImmutable::createFromFormat('Y-m-d H:i:s', null)
 2 APPPATH\Controllers\ServiceRequest\ServiceRequestMasterController.php(2083): CodeIgniter\I18n\Time::createFromFormat('Y-m-d H:i:s', null)
 3 SYSTEMPATH\CodeIgniter.php(919): App\Controllers\ServiceRequest\ServiceRequestMasterController->check_reopen_workcard()
 4 SYSTEMPATH\CodeIgniter.php(494): CodeIgniter\CodeIgniter->runController(Object(App\Controllers\ServiceRequest\ServiceRequestMasterController))
 5 SYSTEMPATH\CodeIgniter.php(353): CodeIgniter\CodeIgniter->handleRequest(null, Object(Config\Cache), false)
 6 FCPATH\index.php(79): CodeIgniter\CodeIgniter->run()
 7 SYSTEMPATH\Commands\Server\rewrite.php(47): require_once('D:\\RamsAPI-localtestlive\\CandourAutoTech\\cat_rams_v2_api\\public\\index.php')
CRITICAL - 2024-04-23 12:56:42 --> "Y-m-d H:i:s" is not a valid datetime format
in SYSTEMPATH\I18n\TimeTrait.php on line 243.
 1 SYSTEMPATH\I18n\TimeTrait.php(243): CodeIgniter\I18n\Exceptions\I18nException::forInvalidFormat('Y-m-d H:i:s')
 2 APPPATH\Controllers\ServiceRequest\ServiceRequestMasterController.php(2083): CodeIgniter\I18n\Time::createFromFormat('Y-m-d H:i:s', null)
 3 SYSTEMPATH\CodeIgniter.php(919): App\Controllers\ServiceRequest\ServiceRequestMasterController->check_reopen_workcard()
 4 SYSTEMPATH\CodeIgniter.php(494): CodeIgniter\CodeIgniter->runController(Object(App\Controllers\ServiceRequest\ServiceRequestMasterController))
 5 SYSTEMPATH\CodeIgniter.php(353): CodeIgniter\CodeIgniter->handleRequest(null, Object(Config\Cache), false)
 6 FCPATH\index.php(79): CodeIgniter\CodeIgniter->run()
 7 SYSTEMPATH\Commands\Server\rewrite.php(47): require_once('D:\\RamsAPI-localtestlive\\CandourAutoTech\\cat_rams_v2_api\\public\\index.php')
CRITICAL - 2024-04-23 12:56:46 --> "Y-m-d" is not a valid datetime format
in SYSTEMPATH\I18n\TimeTrait.php on line 243.
 1 SYSTEMPATH\I18n\TimeTrait.php(243): CodeIgniter\I18n\Exceptions\I18nException::forInvalidFormat('Y-m-d')
 2 APPPATH\Controllers\DashBoard\DashBoardController.php(171): CodeIgniter\I18n\Time::createFromFormat('Y-m-d', '2024-04-27 18:27:23')
 3 SYSTEMPATH\CodeIgniter.php(919): App\Controllers\DashBoard\DashBoardController->index()
 4 SYSTEMPATH\CodeIgniter.php(494): CodeIgniter\CodeIgniter->runController(Object(App\Controllers\DashBoard\DashBoardController))
 5 SYSTEMPATH\CodeIgniter.php(353): CodeIgniter\CodeIgniter->handleRequest(null, Object(Config\Cache), false)
 6 FCPATH\index.php(79): CodeIgniter\CodeIgniter->run()
 7 SYSTEMPATH\Commands\Server\rewrite.php(47): require_once('D:\\RamsAPI-localtestlive\\CandourAutoTech\\cat_rams_v2_api\\public\\index.php')
WARNING - 2024-04-23 12:56:46 --> [DEPRECATED] DateTimeImmutable::createFromFormat(): Passing null to parameter #2 ($datetime) of type string is deprecated in SYSTEMPATH\I18n\TimeTrait.php on line 242.
 1 SYSTEMPATH\I18n\TimeTrait.php(242): DateTimeImmutable::createFromFormat('Y-m-d H:i:s', null)
 2 APPPATH\Controllers\ServiceRequest\ServiceRequestMasterController.php(2083): CodeIgniter\I18n\Time::createFromFormat('Y-m-d H:i:s', null)
 3 SYSTEMPATH\CodeIgniter.php(919): App\Controllers\ServiceRequest\ServiceRequestMasterController->check_reopen_workcard()
 4 SYSTEMPATH\CodeIgniter.php(494): CodeIgniter\CodeIgniter->runController(Object(App\Controllers\ServiceRequest\ServiceRequestMasterController))
 5 SYSTEMPATH\CodeIgniter.php(353): CodeIgniter\CodeIgniter->handleRequest(null, Object(Config\Cache), false)
 6 FCPATH\index.php(79): CodeIgniter\CodeIgniter->run()
 7 SYSTEMPATH\Commands\Server\rewrite.php(47): require_once('D:\\RamsAPI-localtestlive\\CandourAutoTech\\cat_rams_v2_api\\public\\index.php')
CRITICAL - 2024-04-23 12:56:46 --> "Y-m-d H:i:s" is not a valid datetime format
in SYSTEMPATH\I18n\TimeTrait.php on line 243.
 1 SYSTEMPATH\I18n\TimeTrait.php(243): CodeIgniter\I18n\Exceptions\I18nException::forInvalidFormat('Y-m-d H:i:s')
 2 APPPATH\Controllers\ServiceRequest\ServiceRequestMasterController.php(2083): CodeIgniter\I18n\Time::createFromFormat('Y-m-d H:i:s', null)
 3 SYSTEMPATH\CodeIgniter.php(919): App\Controllers\ServiceRequest\ServiceRequestMasterController->check_reopen_workcard()
 4 SYSTEMPATH\CodeIgniter.php(494): CodeIgniter\CodeIgniter->runController(Object(App\Controllers\ServiceRequest\ServiceRequestMasterController))
 5 SYSTEMPATH\CodeIgniter.php(353): CodeIgniter\CodeIgniter->handleRequest(null, Object(Config\Cache), false)
 6 FCPATH\index.php(79): CodeIgniter\CodeIgniter->run()
 7 SYSTEMPATH\Commands\Server\rewrite.php(47): require_once('D:\\RamsAPI-localtestlive\\CandourAutoTech\\cat_rams_v2_api\\public\\index.php')
CRITICAL - 2024-04-23 15:31:35 --> "Y-m-d" is not a valid datetime format
in SYSTEMPATH\I18n\TimeTrait.php on line 243.
 1 SYSTEMPATH\I18n\TimeTrait.php(243): CodeIgniter\I18n\Exceptions\I18nException::forInvalidFormat('Y-m-d')
 2 APPPATH\Controllers\DashBoard\DashBoardController.php(171): CodeIgniter\I18n\Time::createFromFormat('Y-m-d', '2024-04-27 18:27:23')
 3 SYSTEMPATH\CodeIgniter.php(919): App\Controllers\DashBoard\DashBoardController->index()
 4 SYSTEMPATH\CodeIgniter.php(494): CodeIgniter\CodeIgniter->runController(Object(App\Controllers\DashBoard\DashBoardController))
 5 SYSTEMPATH\CodeIgniter.php(353): CodeIgniter\CodeIgniter->handleRequest(null, Object(Config\Cache), false)
 6 FCPATH\index.php(79): CodeIgniter\CodeIgniter->run()
 7 SYSTEMPATH\Commands\Server\rewrite.php(47): require_once('D:\\RamsAPI-localtestlive\\CandourAutoTech\\cat_rams_v2_api\\public\\index.php')
WARNING - 2024-04-23 15:31:35 --> [DEPRECATED] DateTimeImmutable::createFromFormat(): Passing null to parameter #2 ($datetime) of type string is deprecated in SYSTEMPATH\I18n\TimeTrait.php on line 242.
 1 SYSTEMPATH\I18n\TimeTrait.php(242): DateTimeImmutable::createFromFormat('Y-m-d H:i:s', null)
 2 APPPATH\Controllers\ServiceRequest\ServiceRequestMasterController.php(2083): CodeIgniter\I18n\Time::createFromFormat('Y-m-d H:i:s', null)
 3 SYSTEMPATH\CodeIgniter.php(919): App\Controllers\ServiceRequest\ServiceRequestMasterController->check_reopen_workcard()
 4 SYSTEMPATH\CodeIgniter.php(494): CodeIgniter\CodeIgniter->runController(Object(App\Controllers\ServiceRequest\ServiceRequestMasterController))
 5 SYSTEMPATH\CodeIgniter.php(353): CodeIgniter\CodeIgniter->handleRequest(null, Object(Config\Cache), false)
 6 FCPATH\index.php(79): CodeIgniter\CodeIgniter->run()
 7 SYSTEMPATH\Commands\Server\rewrite.php(47): require_once('D:\\RamsAPI-localtestlive\\CandourAutoTech\\cat_rams_v2_api\\public\\index.php')
CRITICAL - 2024-04-23 15:31:35 --> "Y-m-d H:i:s" is not a valid datetime format
in SYSTEMPATH\I18n\TimeTrait.php on line 243.
 1 SYSTEMPATH\I18n\TimeTrait.php(243): CodeIgniter\I18n\Exceptions\I18nException::forInvalidFormat('Y-m-d H:i:s')
 2 APPPATH\Controllers\ServiceRequest\ServiceRequestMasterController.php(2083): CodeIgniter\I18n\Time::createFromFormat('Y-m-d H:i:s', null)
 3 SYSTEMPATH\CodeIgniter.php(919): App\Controllers\ServiceRequest\ServiceRequestMasterController->check_reopen_workcard()
 4 SYSTEMPATH\CodeIgniter.php(494): CodeIgniter\CodeIgniter->runController(Object(App\Controllers\ServiceRequest\ServiceRequestMasterController))
 5 SYSTEMPATH\CodeIgniter.php(353): CodeIgniter\CodeIgniter->handleRequest(null, Object(Config\Cache), false)
 6 FCPATH\index.php(79): CodeIgniter\CodeIgniter->run()
 7 SYSTEMPATH\Commands\Server\rewrite.php(47): require_once('D:\\RamsAPI-localtestlive\\CandourAutoTech\\cat_rams_v2_api\\public\\index.php')
CRITICAL - 2024-04-23 16:17:23 --> "Y-m-d" is not a valid datetime format
in SYSTEMPATH\I18n\TimeTrait.php on line 243.
 1 SYSTEMPATH\I18n\TimeTrait.php(243): CodeIgniter\I18n\Exceptions\I18nException::forInvalidFormat('Y-m-d')
 2 APPPATH\Controllers\DashBoard\DashBoardController.php(171): CodeIgniter\I18n\Time::createFromFormat('Y-m-d', '2024-04-27 18:27:23')
 3 SYSTEMPATH\CodeIgniter.php(919): App\Controllers\DashBoard\DashBoardController->index()
 4 SYSTEMPATH\CodeIgniter.php(494): CodeIgniter\CodeIgniter->runController(Object(App\Controllers\DashBoard\DashBoardController))
 5 SYSTEMPATH\CodeIgniter.php(353): CodeIgniter\CodeIgniter->handleRequest(null, Object(Config\Cache), false)
 6 FCPATH\index.php(79): CodeIgniter\CodeIgniter->run()
 7 SYSTEMPATH\Commands\Server\rewrite.php(47): require_once('D:\\RamsAPI-localtestlive\\CandourAutoTech\\cat_rams_v2_api\\public\\index.php')
WARNING - 2024-04-23 16:17:23 --> [DEPRECATED] DateTimeImmutable::createFromFormat(): Passing null to parameter #2 ($datetime) of type string is deprecated in SYSTEMPATH\I18n\TimeTrait.php on line 242.
 1 SYSTEMPATH\I18n\TimeTrait.php(242): DateTimeImmutable::createFromFormat('Y-m-d H:i:s', null)
 2 APPPATH\Controllers\ServiceRequest\ServiceRequestMasterController.php(2083): CodeIgniter\I18n\Time::createFromFormat('Y-m-d H:i:s', null)
 3 SYSTEMPATH\CodeIgniter.php(919): App\Controllers\ServiceRequest\ServiceRequestMasterController->check_reopen_workcard()
 4 SYSTEMPATH\CodeIgniter.php(494): CodeIgniter\CodeIgniter->runController(Object(App\Controllers\ServiceRequest\ServiceRequestMasterController))
 5 SYSTEMPATH\CodeIgniter.php(353): CodeIgniter\CodeIgniter->handleRequest(null, Object(Config\Cache), false)
 6 FCPATH\index.php(79): CodeIgniter\CodeIgniter->run()
 7 SYSTEMPATH\Commands\Server\rewrite.php(47): require_once('D:\\RamsAPI-localtestlive\\CandourAutoTech\\cat_rams_v2_api\\public\\index.php')
CRITICAL - 2024-04-23 16:17:23 --> "Y-m-d H:i:s" is not a valid datetime format
in SYSTEMPATH\I18n\TimeTrait.php on line 243.
 1 SYSTEMPATH\I18n\TimeTrait.php(243): CodeIgniter\I18n\Exceptions\I18nException::forInvalidFormat('Y-m-d H:i:s')
 2 APPPATH\Controllers\ServiceRequest\ServiceRequestMasterController.php(2083): CodeIgniter\I18n\Time::createFromFormat('Y-m-d H:i:s', null)
 3 SYSTEMPATH\CodeIgniter.php(919): App\Controllers\ServiceRequest\ServiceRequestMasterController->check_reopen_workcard()
 4 SYSTEMPATH\CodeIgniter.php(494): CodeIgniter\CodeIgniter->runController(Object(App\Controllers\ServiceRequest\ServiceRequestMasterController))
 5 SYSTEMPATH\CodeIgniter.php(353): CodeIgniter\CodeIgniter->handleRequest(null, Object(Config\Cache), false)
 6 FCPATH\index.php(79): CodeIgniter\CodeIgniter->run()
 7 SYSTEMPATH\Commands\Server\rewrite.php(47): require_once('D:\\RamsAPI-localtestlive\\CandourAutoTech\\cat_rams_v2_api\\public\\index.php')
