CRITICAL - 2024-03-05 11:19:46 --> Signature verification failed
in VENDORPATH\firebase\php-jwt\src\JWT.php on line 136.
 1 APPPATH\Config\Commonutils.php(30): Firebase\JWT\JWT::decode('eyJ0eXAiOiJKV1QiLCJhbGciOiJIUzI1NiJ9.eyJpc3MiOiJEaWdpdGFsIFNlcnZpY2UiLCJhdWQiOiJjdXN0b21lciIsInN1YiI6IkN1c3RvbWVyIHZlcmlmaWNhdGlvbiIsImlhdCI6MTcwOTU1NzExMiwidWlkIjoiMiJ9.vl-o-7YK_JiQlhHEDOvMZ5TeZJuZ74RD31u856Sz1aY', Object(Firebase\JWT\Key))
 2 APPPATH\Controllers\ToolRequest\ToolRequestMasterController.php(807): Config\Commonutils->decode_jwt_token('eyJ0eXAiOiJKV1QiLCJhbGciOiJIUzI1NiJ9.eyJpc3MiOiJEaWdpdGFsIFNlcnZpY2UiLCJhdWQiOiJjdXN0b21lciIsInN1YiI6IkN1c3RvbWVyIHZlcmlmaWNhdGlvbiIsImlhdCI6MTcwOTU1NzExMiwidWlkIjoiMiJ9.vl-o-7YK_JiQlhHEDOvMZ5TeZJuZ74RD31u856Sz1aY')
 3 SYSTEMPATH\CodeIgniter.php(919): App\Controllers\ToolRequest\ToolRequestMasterController->tool_req_list()
 4 SYSTEMPATH\CodeIgniter.php(494): CodeIgniter\CodeIgniter->runController(Object(App\Controllers\ToolRequest\ToolRequestMasterController))
 5 SYSTEMPATH\CodeIgniter.php(353): CodeIgniter\CodeIgniter->handleRequest(null, Object(Config\Cache), false)
 6 FCPATH\index.php(79): CodeIgniter\CodeIgniter->run()
 7 SYSTEMPATH\Commands\Server\rewrite.php(47): require_once('D:\\RamsAPI-localtestlive\\CandourAutoTech\\cat_rams_v2_api\\public\\index.php')
CRITICAL - 2024-03-05 11:21:05 --> Signature verification failed
in VENDORPATH\firebase\php-jwt\src\JWT.php on line 136.
 1 APPPATH\Config\Commonutils.php(30): Firebase\JWT\JWT::decode('eyJ0eXAiOiJKV1QiLCJhbGciOiJIUzI1NiJ9.eyJpc3MiOiJEaWdpdGFsIFNlcnZpY2UiLCJhdWQiOiJjdXN0b21lciIsInN1YiI6IkN1c3RvbWVyIHZlcmlmaWNhdGlvbiIsImlhdCI6MTcwOTYxNjIxOSwidWlkIjo3NX0.j-OXGhXF6hl-YNEY3BaVtVceJmmLbNxvKlcOAy8MvdA', Object(Firebase\JWT\Key))
 2 APPPATH\Controllers\ToolRequest\ToolRequestMasterController.php(807): Config\Commonutils->decode_jwt_token('eyJ0eXAiOiJKV1QiLCJhbGciOiJIUzI1NiJ9.eyJpc3MiOiJEaWdpdGFsIFNlcnZpY2UiLCJhdWQiOiJjdXN0b21lciIsInN1YiI6IkN1c3RvbWVyIHZlcmlmaWNhdGlvbiIsImlhdCI6MTcwOTYxNjIxOSwidWlkIjo3NX0.j-OXGhXF6hl-YNEY3BaVtVceJmmLbNxvKlcOAy8MvdA')
 3 SYSTEMPATH\CodeIgniter.php(919): App\Controllers\ToolRequest\ToolRequestMasterController->tool_req_list()
 4 SYSTEMPATH\CodeIgniter.php(494): CodeIgniter\CodeIgniter->runController(Object(App\Controllers\ToolRequest\ToolRequestMasterController))
 5 SYSTEMPATH\CodeIgniter.php(353): CodeIgniter\CodeIgniter->handleRequest(null, Object(Config\Cache), false)
 6 FCPATH\index.php(79): CodeIgniter\CodeIgniter->run()
 7 SYSTEMPATH\Commands\Server\rewrite.php(47): require_once('D:\\RamsAPI-localtestlive\\CandourAutoTech\\cat_rams_v2_api\\public\\index.php')
WARNING - 2024-03-05 16:14:41 --> [DEPRECATED] DateTimeImmutable::createFromFormat(): Passing null to parameter #2 ($datetime) of type string is deprecated in SYSTEMPATH\I18n\TimeTrait.php on line 242.
 1 SYSTEMPATH\I18n\TimeTrait.php(242): DateTimeImmutable::createFromFormat('Y-m-d H:i:s', null)
 2 APPPATH\Controllers\ServiceRequest\ServiceRequestMasterController.php(1998): CodeIgniter\I18n\Time::createFromFormat('Y-m-d H:i:s', null)
 3 SYSTEMPATH\CodeIgniter.php(919): App\Controllers\ServiceRequest\ServiceRequestMasterController->check_reopen_workcard()
 4 SYSTEMPATH\CodeIgniter.php(494): CodeIgniter\CodeIgniter->runController(Object(App\Controllers\ServiceRequest\ServiceRequestMasterController))
 5 SYSTEMPATH\CodeIgniter.php(353): CodeIgniter\CodeIgniter->handleRequest(null, Object(Config\Cache), false)
 6 FCPATH\index.php(79): CodeIgniter\CodeIgniter->run()
 7 SYSTEMPATH\Commands\Server\rewrite.php(47): require_once('D:\\RamsAPI-localtestlive\\CandourAutoTech\\cat_rams_v2_api\\public\\index.php')
CRITICAL - 2024-03-05 16:14:41 --> "Y-m-d H:i:s" is not a valid datetime format
in SYSTEMPATH\I18n\TimeTrait.php on line 243.
 1 SYSTEMPATH\I18n\TimeTrait.php(243): CodeIgniter\I18n\Exceptions\I18nException::forInvalidFormat('Y-m-d H:i:s')
 2 APPPATH\Controllers\ServiceRequest\ServiceRequestMasterController.php(1998): CodeIgniter\I18n\Time::createFromFormat('Y-m-d H:i:s', null)
 3 SYSTEMPATH\CodeIgniter.php(919): App\Controllers\ServiceRequest\ServiceRequestMasterController->check_reopen_workcard()
 4 SYSTEMPATH\CodeIgniter.php(494): CodeIgniter\CodeIgniter->runController(Object(App\Controllers\ServiceRequest\ServiceRequestMasterController))
 5 SYSTEMPATH\CodeIgniter.php(353): CodeIgniter\CodeIgniter->handleRequest(null, Object(Config\Cache), false)
 6 FCPATH\index.php(79): CodeIgniter\CodeIgniter->run()
 7 SYSTEMPATH\Commands\Server\rewrite.php(47): require_once('D:\\RamsAPI-localtestlive\\CandourAutoTech\\cat_rams_v2_api\\public\\index.php')
WARNING - 2024-03-05 16:20:34 --> [DEPRECATED] DateTimeImmutable::createFromFormat(): Passing null to parameter #2 ($datetime) of type string is deprecated in SYSTEMPATH\I18n\TimeTrait.php on line 242.
 1 SYSTEMPATH\I18n\TimeTrait.php(242): DateTimeImmutable::createFromFormat('Y-m-d H:i:s', null)
 2 APPPATH\Controllers\ServiceRequest\ServiceRequestMasterController.php(1998): CodeIgniter\I18n\Time::createFromFormat('Y-m-d H:i:s', null)
 3 SYSTEMPATH\CodeIgniter.php(919): App\Controllers\ServiceRequest\ServiceRequestMasterController->check_reopen_workcard()
 4 SYSTEMPATH\CodeIgniter.php(494): CodeIgniter\CodeIgniter->runController(Object(App\Controllers\ServiceRequest\ServiceRequestMasterController))
 5 SYSTEMPATH\CodeIgniter.php(353): CodeIgniter\CodeIgniter->handleRequest(null, Object(Config\Cache), false)
 6 FCPATH\index.php(79): CodeIgniter\CodeIgniter->run()
 7 SYSTEMPATH\Commands\Server\rewrite.php(47): require_once('D:\\RamsAPI-localtestlive\\CandourAutoTech\\cat_rams_v2_api\\public\\index.php')
CRITICAL - 2024-03-05 16:20:34 --> "Y-m-d H:i:s" is not a valid datetime format
in SYSTEMPATH\I18n\TimeTrait.php on line 243.
 1 SYSTEMPATH\I18n\TimeTrait.php(243): CodeIgniter\I18n\Exceptions\I18nException::forInvalidFormat('Y-m-d H:i:s')
 2 APPPATH\Controllers\ServiceRequest\ServiceRequestMasterController.php(1998): CodeIgniter\I18n\Time::createFromFormat('Y-m-d H:i:s', null)
 3 SYSTEMPATH\CodeIgniter.php(919): App\Controllers\ServiceRequest\ServiceRequestMasterController->check_reopen_workcard()
 4 SYSTEMPATH\CodeIgniter.php(494): CodeIgniter\CodeIgniter->runController(Object(App\Controllers\ServiceRequest\ServiceRequestMasterController))
 5 SYSTEMPATH\CodeIgniter.php(353): CodeIgniter\CodeIgniter->handleRequest(null, Object(Config\Cache), false)
 6 FCPATH\index.php(79): CodeIgniter\CodeIgniter->run()
 7 SYSTEMPATH\Commands\Server\rewrite.php(47): require_once('D:\\RamsAPI-localtestlive\\CandourAutoTech\\cat_rams_v2_api\\public\\index.php')
WARNING - 2024-03-05 16:20:43 --> [DEPRECATED] DateTimeImmutable::createFromFormat(): Passing null to parameter #2 ($datetime) of type string is deprecated in SYSTEMPATH\I18n\TimeTrait.php on line 242.
 1 SYSTEMPATH\I18n\TimeTrait.php(242): DateTimeImmutable::createFromFormat('Y-m-d H:i:s', null)
 2 APPPATH\Controllers\ServiceRequest\ServiceRequestMasterController.php(1998): CodeIgniter\I18n\Time::createFromFormat('Y-m-d H:i:s', null)
 3 SYSTEMPATH\CodeIgniter.php(919): App\Controllers\ServiceRequest\ServiceRequestMasterController->check_reopen_workcard()
 4 SYSTEMPATH\CodeIgniter.php(494): CodeIgniter\CodeIgniter->runController(Object(App\Controllers\ServiceRequest\ServiceRequestMasterController))
 5 SYSTEMPATH\CodeIgniter.php(353): CodeIgniter\CodeIgniter->handleRequest(null, Object(Config\Cache), false)
 6 FCPATH\index.php(79): CodeIgniter\CodeIgniter->run()
 7 SYSTEMPATH\Commands\Server\rewrite.php(47): require_once('D:\\RamsAPI-localtestlive\\CandourAutoTech\\cat_rams_v2_api\\public\\index.php')
CRITICAL - 2024-03-05 16:20:43 --> "Y-m-d H:i:s" is not a valid datetime format
in SYSTEMPATH\I18n\TimeTrait.php on line 243.
 1 SYSTEMPATH\I18n\TimeTrait.php(243): CodeIgniter\I18n\Exceptions\I18nException::forInvalidFormat('Y-m-d H:i:s')
 2 APPPATH\Controllers\ServiceRequest\ServiceRequestMasterController.php(1998): CodeIgniter\I18n\Time::createFromFormat('Y-m-d H:i:s', null)
 3 SYSTEMPATH\CodeIgniter.php(919): App\Controllers\ServiceRequest\ServiceRequestMasterController->check_reopen_workcard()
 4 SYSTEMPATH\CodeIgniter.php(494): CodeIgniter\CodeIgniter->runController(Object(App\Controllers\ServiceRequest\ServiceRequestMasterController))
 5 SYSTEMPATH\CodeIgniter.php(353): CodeIgniter\CodeIgniter->handleRequest(null, Object(Config\Cache), false)
 6 FCPATH\index.php(79): CodeIgniter\CodeIgniter->run()
 7 SYSTEMPATH\Commands\Server\rewrite.php(47): require_once('D:\\RamsAPI-localtestlive\\CandourAutoTech\\cat_rams_v2_api\\public\\index.php')
WARNING - 2024-03-05 16:22:20 --> [DEPRECATED] DateTimeImmutable::createFromFormat(): Passing null to parameter #2 ($datetime) of type string is deprecated in SYSTEMPATH\I18n\TimeTrait.php on line 242.
 1 SYSTEMPATH\I18n\TimeTrait.php(242): DateTimeImmutable::createFromFormat('Y-m-d H:i:s', null)
 2 APPPATH\Controllers\ServiceRequest\ServiceRequestMasterController.php(1998): CodeIgniter\I18n\Time::createFromFormat('Y-m-d H:i:s', null)
 3 SYSTEMPATH\CodeIgniter.php(919): App\Controllers\ServiceRequest\ServiceRequestMasterController->check_reopen_workcard()
 4 SYSTEMPATH\CodeIgniter.php(494): CodeIgniter\CodeIgniter->runController(Object(App\Controllers\ServiceRequest\ServiceRequestMasterController))
 5 SYSTEMPATH\CodeIgniter.php(353): CodeIgniter\CodeIgniter->handleRequest(null, Object(Config\Cache), false)
 6 FCPATH\index.php(79): CodeIgniter\CodeIgniter->run()
 7 SYSTEMPATH\Commands\Server\rewrite.php(47): require_once('D:\\RamsAPI-localtestlive\\CandourAutoTech\\cat_rams_v2_api\\public\\index.php')
CRITICAL - 2024-03-05 16:22:20 --> "Y-m-d H:i:s" is not a valid datetime format
in SYSTEMPATH\I18n\TimeTrait.php on line 243.
 1 SYSTEMPATH\I18n\TimeTrait.php(243): CodeIgniter\I18n\Exceptions\I18nException::forInvalidFormat('Y-m-d H:i:s')
 2 APPPATH\Controllers\ServiceRequest\ServiceRequestMasterController.php(1998): CodeIgniter\I18n\Time::createFromFormat('Y-m-d H:i:s', null)
 3 SYSTEMPATH\CodeIgniter.php(919): App\Controllers\ServiceRequest\ServiceRequestMasterController->check_reopen_workcard()
 4 SYSTEMPATH\CodeIgniter.php(494): CodeIgniter\CodeIgniter->runController(Object(App\Controllers\ServiceRequest\ServiceRequestMasterController))
 5 SYSTEMPATH\CodeIgniter.php(353): CodeIgniter\CodeIgniter->handleRequest(null, Object(Config\Cache), false)
 6 FCPATH\index.php(79): CodeIgniter\CodeIgniter->run()
 7 SYSTEMPATH\Commands\Server\rewrite.php(47): require_once('D:\\RamsAPI-localtestlive\\CandourAutoTech\\cat_rams_v2_api\\public\\index.php')
WARNING - 2024-03-05 16:26:55 --> [DEPRECATED] DateTimeImmutable::createFromFormat(): Passing null to parameter #2 ($datetime) of type string is deprecated in SYSTEMPATH\I18n\TimeTrait.php on line 242.
 1 SYSTEMPATH\I18n\TimeTrait.php(242): DateTimeImmutable::createFromFormat('Y-m-d H:i:s', null)
 2 APPPATH\Controllers\ServiceRequest\ServiceRequestMasterController.php(1998): CodeIgniter\I18n\Time::createFromFormat('Y-m-d H:i:s', null)
 3 SYSTEMPATH\CodeIgniter.php(919): App\Controllers\ServiceRequest\ServiceRequestMasterController->check_reopen_workcard()
 4 SYSTEMPATH\CodeIgniter.php(494): CodeIgniter\CodeIgniter->runController(Object(App\Controllers\ServiceRequest\ServiceRequestMasterController))
 5 SYSTEMPATH\CodeIgniter.php(353): CodeIgniter\CodeIgniter->handleRequest(null, Object(Config\Cache), false)
 6 FCPATH\index.php(79): CodeIgniter\CodeIgniter->run()
 7 SYSTEMPATH\Commands\Server\rewrite.php(47): require_once('D:\\RamsAPI-localtestlive\\CandourAutoTech\\cat_rams_v2_api\\public\\index.php')
CRITICAL - 2024-03-05 16:26:55 --> "Y-m-d H:i:s" is not a valid datetime format
in SYSTEMPATH\I18n\TimeTrait.php on line 243.
 1 SYSTEMPATH\I18n\TimeTrait.php(243): CodeIgniter\I18n\Exceptions\I18nException::forInvalidFormat('Y-m-d H:i:s')
 2 APPPATH\Controllers\ServiceRequest\ServiceRequestMasterController.php(1998): CodeIgniter\I18n\Time::createFromFormat('Y-m-d H:i:s', null)
 3 SYSTEMPATH\CodeIgniter.php(919): App\Controllers\ServiceRequest\ServiceRequestMasterController->check_reopen_workcard()
 4 SYSTEMPATH\CodeIgniter.php(494): CodeIgniter\CodeIgniter->runController(Object(App\Controllers\ServiceRequest\ServiceRequestMasterController))
 5 SYSTEMPATH\CodeIgniter.php(353): CodeIgniter\CodeIgniter->handleRequest(null, Object(Config\Cache), false)
 6 FCPATH\index.php(79): CodeIgniter\CodeIgniter->run()
 7 SYSTEMPATH\Commands\Server\rewrite.php(47): require_once('D:\\RamsAPI-localtestlive\\CandourAutoTech\\cat_rams_v2_api\\public\\index.php')
WARNING - 2024-03-05 16:27:50 --> [DEPRECATED] DateTimeImmutable::createFromFormat(): Passing null to parameter #2 ($datetime) of type string is deprecated in SYSTEMPATH\I18n\TimeTrait.php on line 242.
 1 SYSTEMPATH\I18n\TimeTrait.php(242): DateTimeImmutable::createFromFormat('Y-m-d H:i:s', null)
 2 APPPATH\Controllers\ServiceRequest\ServiceRequestMasterController.php(1998): CodeIgniter\I18n\Time::createFromFormat('Y-m-d H:i:s', null)
 3 SYSTEMPATH\CodeIgniter.php(919): App\Controllers\ServiceRequest\ServiceRequestMasterController->check_reopen_workcard()
 4 SYSTEMPATH\CodeIgniter.php(494): CodeIgniter\CodeIgniter->runController(Object(App\Controllers\ServiceRequest\ServiceRequestMasterController))
 5 SYSTEMPATH\CodeIgniter.php(353): CodeIgniter\CodeIgniter->handleRequest(null, Object(Config\Cache), false)
 6 FCPATH\index.php(79): CodeIgniter\CodeIgniter->run()
 7 SYSTEMPATH\Commands\Server\rewrite.php(47): require_once('D:\\RamsAPI-localtestlive\\CandourAutoTech\\cat_rams_v2_api\\public\\index.php')
CRITICAL - 2024-03-05 16:27:50 --> "Y-m-d H:i:s" is not a valid datetime format
in SYSTEMPATH\I18n\TimeTrait.php on line 243.
 1 SYSTEMPATH\I18n\TimeTrait.php(243): CodeIgniter\I18n\Exceptions\I18nException::forInvalidFormat('Y-m-d H:i:s')
 2 APPPATH\Controllers\ServiceRequest\ServiceRequestMasterController.php(1998): CodeIgniter\I18n\Time::createFromFormat('Y-m-d H:i:s', null)
 3 SYSTEMPATH\CodeIgniter.php(919): App\Controllers\ServiceRequest\ServiceRequestMasterController->check_reopen_workcard()
 4 SYSTEMPATH\CodeIgniter.php(494): CodeIgniter\CodeIgniter->runController(Object(App\Controllers\ServiceRequest\ServiceRequestMasterController))
 5 SYSTEMPATH\CodeIgniter.php(353): CodeIgniter\CodeIgniter->handleRequest(null, Object(Config\Cache), false)
 6 FCPATH\index.php(79): CodeIgniter\CodeIgniter->run()
 7 SYSTEMPATH\Commands\Server\rewrite.php(47): require_once('D:\\RamsAPI-localtestlive\\CandourAutoTech\\cat_rams_v2_api\\public\\index.php')
WARNING - 2024-03-05 16:34:04 --> [DEPRECATED] DateTimeImmutable::createFromFormat(): Passing null to parameter #2 ($datetime) of type string is deprecated in SYSTEMPATH\I18n\TimeTrait.php on line 242.
 1 SYSTEMPATH\I18n\TimeTrait.php(242): DateTimeImmutable::createFromFormat('Y-m-d H:i:s', null)
 2 APPPATH\Controllers\ServiceRequest\ServiceRequestMasterController.php(1998): CodeIgniter\I18n\Time::createFromFormat('Y-m-d H:i:s', null)
 3 SYSTEMPATH\CodeIgniter.php(919): App\Controllers\ServiceRequest\ServiceRequestMasterController->check_reopen_workcard()
 4 SYSTEMPATH\CodeIgniter.php(494): CodeIgniter\CodeIgniter->runController(Object(App\Controllers\ServiceRequest\ServiceRequestMasterController))
 5 SYSTEMPATH\CodeIgniter.php(353): CodeIgniter\CodeIgniter->handleRequest(null, Object(Config\Cache), false)
 6 FCPATH\index.php(79): CodeIgniter\CodeIgniter->run()
 7 SYSTEMPATH\Commands\Server\rewrite.php(47): require_once('D:\\RamsAPI-localtestlive\\CandourAutoTech\\cat_rams_v2_api\\public\\index.php')
CRITICAL - 2024-03-05 16:34:04 --> "Y-m-d H:i:s" is not a valid datetime format
in SYSTEMPATH\I18n\TimeTrait.php on line 243.
 1 SYSTEMPATH\I18n\TimeTrait.php(243): CodeIgniter\I18n\Exceptions\I18nException::forInvalidFormat('Y-m-d H:i:s')
 2 APPPATH\Controllers\ServiceRequest\ServiceRequestMasterController.php(1998): CodeIgniter\I18n\Time::createFromFormat('Y-m-d H:i:s', null)
 3 SYSTEMPATH\CodeIgniter.php(919): App\Controllers\ServiceRequest\ServiceRequestMasterController->check_reopen_workcard()
 4 SYSTEMPATH\CodeIgniter.php(494): CodeIgniter\CodeIgniter->runController(Object(App\Controllers\ServiceRequest\ServiceRequestMasterController))
 5 SYSTEMPATH\CodeIgniter.php(353): CodeIgniter\CodeIgniter->handleRequest(null, Object(Config\Cache), false)
 6 FCPATH\index.php(79): CodeIgniter\CodeIgniter->run()
 7 SYSTEMPATH\Commands\Server\rewrite.php(47): require_once('D:\\RamsAPI-localtestlive\\CandourAutoTech\\cat_rams_v2_api\\public\\index.php')
