CRITICAL - 2023-10-16 04:38:42 --> preg_match(): Compilation failed: PCRE2 does not support \F, \L, \l, \N{name}, \U, or \u at offset 9
in SYSTEMPATH\Router\Router.php on line 422.
 1 [internal function]: CodeIgniter\Debug\Exceptions->errorHandler(2, 'preg_match(): Compilation failed: PCRE2 does not support \\F, \\L, \\l, \\N{name}, \\U, or \\u at offset 9', 'C:\\CandourAutoTech\\cat_rams_v2_api\\system\\Router\\Router.php', 422)
 2 SYSTEMPATH\Router\Router.php(422): preg_match('#^System\\UserRoleController/(.*)$#u', 'System/UserRoleController', [])
 3 SYSTEMPATH\Router\Router.php(184): CodeIgniter\Router\Router->checkRoutes('System/UserRoleController')
 4 SYSTEMPATH\CodeIgniter.php(800): CodeIgniter\Router\Router->handle('System/UserRoleController')
 5 SYSTEMPATH\CodeIgniter.php(442): CodeIgniter\CodeIgniter->tryToRouteIt(Object(CodeIgniter\Router\RouteCollection))
 6 SYSTEMPATH\CodeIgniter.php(353): CodeIgniter\CodeIgniter->handleRequest(null, Object(Config\Cache), false)
 7 FCPATH\index.php(87): CodeIgniter\CodeIgniter->run()
 8 SYSTEMPATH\Commands\Server\rewrite.php(47): require_once('C:\\CandourAutoTech\\cat_rams_v2_api\\public\\index.php')
CRITICAL - 2023-10-16 04:41:49 --> preg_match(): Compilation failed: PCRE2 does not support \F, \L, \l, \N{name}, \U, or \u at offset 9
in SYSTEMPATH\Router\Router.php on line 422.
 1 [internal function]: CodeIgniter\Debug\Exceptions->errorHandler(2, 'preg_match(): Compilation failed: PCRE2 does not support \\F, \\L, \\l, \\N{name}, \\U, or \\u at offset 9', 'C:\\CandourAutoTech\\cat_rams_v2_api\\system\\Router\\Router.php', 422)
 2 SYSTEMPATH\Router\Router.php(422): preg_match('#^System\\UserRoleController$#u', 'SystemUserRoleController', [])
 3 SYSTEMPATH\Router\Router.php(184): CodeIgniter\Router\Router->checkRoutes('SystemUserRoleController')
 4 SYSTEMPATH\CodeIgniter.php(800): CodeIgniter\Router\Router->handle('SystemUserRoleController')
 5 SYSTEMPATH\CodeIgniter.php(442): CodeIgniter\CodeIgniter->tryToRouteIt(Object(CodeIgniter\Router\RouteCollection))
 6 SYSTEMPATH\CodeIgniter.php(353): CodeIgniter\CodeIgniter->handleRequest(null, Object(Config\Cache), false)
 7 FCPATH\index.php(87): CodeIgniter\CodeIgniter->run()
 8 SYSTEMPATH\Commands\Server\rewrite.php(47): require_once('C:\\CandourAutoTech\\cat_rams_v2_api\\public\\index.php')
CRITICAL - 2023-10-16 05:06:24 --> preg_match(): Compilation failed: PCRE2 does not support \F, \L, \l, \N{name}, \U, or \u at offset 9
in SYSTEMPATH\Router\Router.php on line 422.
 1 [internal function]: CodeIgniter\Debug\Exceptions->errorHandler(2, 'preg_match(): Compilation failed: PCRE2 does not support \\F, \\L, \\l, \\N{name}, \\U, or \\u at offset 9', 'C:\\CandourAutoTech\\cat_rams_v2_api\\system\\Router\\Router.php', 422)
 2 SYSTEMPATH\Router\Router.php(422): preg_match('#^System\\UserRoleController$#u', 'System/UserRoleController', [])
 3 SYSTEMPATH\Router\Router.php(184): CodeIgniter\Router\Router->checkRoutes('System/UserRoleController')
 4 SYSTEMPATH\CodeIgniter.php(800): CodeIgniter\Router\Router->handle('System/UserRoleController')
 5 SYSTEMPATH\CodeIgniter.php(442): CodeIgniter\CodeIgniter->tryToRouteIt(Object(CodeIgniter\Router\RouteCollection))
 6 SYSTEMPATH\CodeIgniter.php(353): CodeIgniter\CodeIgniter->handleRequest(null, Object(Config\Cache), false)
 7 FCPATH\index.php(87): CodeIgniter\CodeIgniter->run()
 8 SYSTEMPATH\Commands\Server\rewrite.php(47): require_once('C:\\CandourAutoTech\\cat_rams_v2_api\\public\\index.php')
CRITICAL - 2023-10-16 05:06:47 --> preg_match(): Compilation failed: PCRE2 does not support \F, \L, \l, \N{name}, \U, or \u at offset 9
in SYSTEMPATH\Router\Router.php on line 422.
 1 [internal function]: CodeIgniter\Debug\Exceptions->errorHandler(2, 'preg_match(): Compilation failed: PCRE2 does not support \\F, \\L, \\l, \\N{name}, \\U, or \\u at offset 9', 'C:\\CandourAutoTech\\cat_rams_v2_api\\system\\Router\\Router.php', 422)
 2 SYSTEMPATH\Router\Router.php(422): preg_match('#^System\\UserRoleController$#u', 'SystemUserRoleController', [])
 3 SYSTEMPATH\Router\Router.php(184): CodeIgniter\Router\Router->checkRoutes('SystemUserRoleController')
 4 SYSTEMPATH\CodeIgniter.php(800): CodeIgniter\Router\Router->handle('SystemUserRoleController')
 5 SYSTEMPATH\CodeIgniter.php(442): CodeIgniter\CodeIgniter->tryToRouteIt(Object(CodeIgniter\Router\RouteCollection))
 6 SYSTEMPATH\CodeIgniter.php(353): CodeIgniter\CodeIgniter->handleRequest(null, Object(Config\Cache), false)
 7 FCPATH\index.php(87): CodeIgniter\CodeIgniter->run()
 8 SYSTEMPATH\Commands\Server\rewrite.php(47): require_once('C:\\CandourAutoTech\\cat_rams_v2_api\\public\\index.php')
CRITICAL - 2023-10-16 05:21:40 --> preg_match(): Compilation failed: PCRE2 does not support \F, \L, \l, \N{name}, \U, or \u at offset 9
in SYSTEMPATH\Router\Router.php on line 422.
 1 [internal function]: CodeIgniter\Debug\Exceptions->errorHandler(2, 'preg_match(): Compilation failed: PCRE2 does not support \\F, \\L, \\l, \\N{name}, \\U, or \\u at offset 9', 'C:\\CandourAutoTech\\cat_rams_v2_api\\system\\Router\\Router.php', 422)
 2 SYSTEMPATH\Router\Router.php(422): preg_match('#^System\\UserRoleController$#u', 'SystemUserRoleController', [])
 3 SYSTEMPATH\Router\Router.php(184): CodeIgniter\Router\Router->checkRoutes('SystemUserRoleController')
 4 SYSTEMPATH\CodeIgniter.php(800): CodeIgniter\Router\Router->handle('SystemUserRoleController')
 5 SYSTEMPATH\CodeIgniter.php(442): CodeIgniter\CodeIgniter->tryToRouteIt(Object(CodeIgniter\Router\RouteCollection))
 6 SYSTEMPATH\CodeIgniter.php(353): CodeIgniter\CodeIgniter->handleRequest(null, Object(Config\Cache), false)
 7 FCPATH\index.php(87): CodeIgniter\CodeIgniter->run()
 8 SYSTEMPATH\Commands\Server\rewrite.php(47): require_once('C:\\CandourAutoTech\\cat_rams_v2_api\\public\\index.php')
CRITICAL - 2023-10-16 05:22:30 --> preg_match(): Compilation failed: PCRE2 does not support \F, \L, \l, \N{name}, \U, or \u at offset 9
in SYSTEMPATH\Router\Router.php on line 422.
 1 [internal function]: CodeIgniter\Debug\Exceptions->errorHandler(2, 'preg_match(): Compilation failed: PCRE2 does not support \\F, \\L, \\l, \\N{name}, \\U, or \\u at offset 9', 'C:\\CandourAutoTech\\cat_rams_v2_api\\system\\Router\\Router.php', 422)
 2 SYSTEMPATH\Router\Router.php(422): preg_match('#^System\\UserRoleController$#u', 'SystemUserRoleController', [])
 3 SYSTEMPATH\Router\Router.php(184): CodeIgniter\Router\Router->checkRoutes('SystemUserRoleController')
 4 SYSTEMPATH\CodeIgniter.php(800): CodeIgniter\Router\Router->handle('SystemUserRoleController')
 5 SYSTEMPATH\CodeIgniter.php(442): CodeIgniter\CodeIgniter->tryToRouteIt(Object(CodeIgniter\Router\RouteCollection))
 6 SYSTEMPATH\CodeIgniter.php(353): CodeIgniter\CodeIgniter->handleRequest(null, Object(Config\Cache), false)
 7 FCPATH\index.php(87): CodeIgniter\CodeIgniter->run()
 8 SYSTEMPATH\Commands\Server\rewrite.php(47): require_once('C:\\CandourAutoTech\\cat_rams_v2_api\\public\\index.php')
CRITICAL - 2023-10-16 10:45:41 --> The namespace delimiter is a backslash (\), not a slash (/). Route handler: "\App\Controllers\System/UserRoleController::fetch_user_features"
in SYSTEMPATH\Router\Router.php on line 477.
 1 SYSTEMPATH\Router\Router.php(477): CodeIgniter\Router\Exceptions\RouterException::forInvalidControllerName('\\App\\Controllers\\System/UserRoleController::fetch_user_features')
 2 SYSTEMPATH\Router\Router.php(184): CodeIgniter\Router\Router->checkRoutes('fetch_user_features')
 3 SYSTEMPATH\CodeIgniter.php(800): CodeIgniter\Router\Router->handle('fetch_user_features')
 4 SYSTEMPATH\CodeIgniter.php(442): CodeIgniter\CodeIgniter->tryToRouteIt(Object(CodeIgniter\Router\RouteCollection))
 5 SYSTEMPATH\CodeIgniter.php(353): CodeIgniter\CodeIgniter->handleRequest(null, Object(Config\Cache), false)
 6 FCPATH\index.php(87): CodeIgniter\CodeIgniter->run()
 7 SYSTEMPATH\Commands\Server\rewrite.php(47): require_once('C:\\CandourAutoTech\\cat_rams_v2_api\\public\\index.php')
ERROR - 2023-10-16 11:34:06 --> mysqli_sql_exception: Unknown table 'rams_live_db.frm_id' in C:\CandourAutoTech\cat_rams_v2_api\system\Database\MySQLi\Connection.php:306
Stack trace:
#0 C:\CandourAutoTech\cat_rams_v2_api\system\Database\MySQLi\Connection.php(306): mysqli->query('SELECT `frm_id`...', 0)
#1 C:\CandourAutoTech\cat_rams_v2_api\system\Database\BaseConnection.php(692): CodeIgniter\Database\MySQLi\Connection->execute('SELECT `frm_id`...')
#2 C:\CandourAutoTech\cat_rams_v2_api\system\Database\BaseConnection.php(606): CodeIgniter\Database\BaseConnection->simpleQuery('SELECT `frm_id`...')
#3 C:\CandourAutoTech\cat_rams_v2_api\system\Database\BaseBuilder.php(1615): CodeIgniter\Database\BaseConnection->query('SELECT `frm_id`...', Array, false)
#4 C:\CandourAutoTech\cat_rams_v2_api\system\Model.php(237): CodeIgniter\Database\BaseBuilder->get()
#5 C:\CandourAutoTech\cat_rams_v2_api\system\BaseModel.php(624): CodeIgniter\Model->doFindAll(0, 0)
#6 C:\CandourAutoTech\cat_rams_v2_api\app\Controllers\System\UserRoleController.php(172): CodeIgniter\BaseModel->findAll()
#7 C:\CandourAutoTech\cat_rams_v2_api\system\CodeIgniter.php(919): App\Controllers\System\UserRoleController->fetch_user_features()
#8 C:\CandourAutoTech\cat_rams_v2_api\system\CodeIgniter.php(494): CodeIgniter\CodeIgniter->runController(Object(App\Controllers\System\UserRoleController))
#9 C:\CandourAutoTech\cat_rams_v2_api\system\CodeIgniter.php(353): CodeIgniter\CodeIgniter->handleRequest(NULL, Object(Config\Cache), false)
#10 C:\CandourAutoTech\cat_rams_v2_api\public\index.php(87): CodeIgniter\CodeIgniter->run()
#11 C:\CandourAutoTech\cat_rams_v2_api\system\Commands\Server\rewrite.php(47): require_once('C:\\CandourAutoT...')
#12 {main}
CRITICAL - 2023-10-16 11:34:06 --> Unknown table 'rams_live_db.frm_id'
in SYSTEMPATH\Database\BaseConnection.php on line 646.
 1 SYSTEMPATH\Database\BaseBuilder.php(1615): CodeIgniter\Database\BaseConnection->query('SELECT `frm_id`.*
FROM `feature_role_mapping`
WHERE `frm_role_id` = :frm_role_id:', [...], false)
 2 SYSTEMPATH\Model.php(237): CodeIgniter\Database\BaseBuilder->get()
 3 SYSTEMPATH\BaseModel.php(624): CodeIgniter\Model->doFindAll(0, 0)
 4 APPPATH\Controllers\System\UserRoleController.php(172): CodeIgniter\BaseModel->findAll()
 5 SYSTEMPATH\CodeIgniter.php(919): App\Controllers\System\UserRoleController->fetch_user_features()
 6 SYSTEMPATH\CodeIgniter.php(494): CodeIgniter\CodeIgniter->runController(Object(App\Controllers\System\UserRoleController))
 7 SYSTEMPATH\CodeIgniter.php(353): CodeIgniter\CodeIgniter->handleRequest(null, Object(Config\Cache), false)
 8 FCPATH\index.php(87): CodeIgniter\CodeIgniter->run()
 9 SYSTEMPATH\Commands\Server\rewrite.php(47): require_once('C:\\CandourAutoTech\\cat_rams_v2_api\\public\\index.php')
CRITICAL - 2023-10-16 12:14:28 --> Undefined array key "frm_feature_id"
in APPPATH\Controllers\System\UserRoleController.php on line 181.
 1 APPPATH\Controllers\System\UserRoleController.php(181): CodeIgniter\Debug\Exceptions->errorHandler(2, 'Undefined array key "frm_feature_id"', 'C:\\CandourAutoTech\\cat_rams_v2_api\\app\\Controllers\\System\\UserRoleController.php', 181)
 2 SYSTEMPATH\CodeIgniter.php(919): App\Controllers\System\UserRoleController->fetch_user_features()
 3 SYSTEMPATH\CodeIgniter.php(494): CodeIgniter\CodeIgniter->runController(Object(App\Controllers\System\UserRoleController))
 4 SYSTEMPATH\CodeIgniter.php(353): CodeIgniter\CodeIgniter->handleRequest(null, Object(Config\Cache), false)
 5 FCPATH\index.php(87): CodeIgniter\CodeIgniter->run()
 6 SYSTEMPATH\Commands\Server\rewrite.php(47): require_once('C:\\CandourAutoTech\\cat_rams_v2_api\\public\\index.php')
CRITICAL - 2023-10-16 12:15:14 --> Undefined variable $feature_list
in APPPATH\Controllers\System\UserRoleController.php on line 188.
 1 APPPATH\Controllers\System\UserRoleController.php(188): CodeIgniter\Debug\Exceptions->errorHandler(2, 'Undefined variable $feature_list', 'C:\\CandourAutoTech\\cat_rams_v2_api\\app\\Controllers\\System\\UserRoleController.php', 188)
 2 SYSTEMPATH\CodeIgniter.php(919): App\Controllers\System\UserRoleController->fetch_user_features()
 3 SYSTEMPATH\CodeIgniter.php(494): CodeIgniter\CodeIgniter->runController(Object(App\Controllers\System\UserRoleController))
 4 SYSTEMPATH\CodeIgniter.php(353): CodeIgniter\CodeIgniter->handleRequest(null, Object(Config\Cache), false)
 5 FCPATH\index.php(87): CodeIgniter\CodeIgniter->run()
 6 SYSTEMPATH\Commands\Server\rewrite.php(47): require_once('C:\\CandourAutoTech\\cat_rams_v2_api\\public\\index.php')
CRITICAL - 2023-10-16 12:34:19 --> Attempt to read property "frm_feature_id" on array
in APPPATH\Controllers\System\UserRoleController.php on line 181.
 1 APPPATH\Controllers\System\UserRoleController.php(181): CodeIgniter\Debug\Exceptions->errorHandler(2, 'Attempt to read property "frm_feature_id" on array', 'C:\\CandourAutoTech\\cat_rams_v2_api\\app\\Controllers\\System\\UserRoleController.php', 181)
 2 SYSTEMPATH\CodeIgniter.php(919): App\Controllers\System\UserRoleController->fetch_user_features()
 3 SYSTEMPATH\CodeIgniter.php(494): CodeIgniter\CodeIgniter->runController(Object(App\Controllers\System\UserRoleController))
 4 SYSTEMPATH\CodeIgniter.php(353): CodeIgniter\CodeIgniter->handleRequest(null, Object(Config\Cache), false)
 5 FCPATH\index.php(87): CodeIgniter\CodeIgniter->run()
 6 SYSTEMPATH\Commands\Server\rewrite.php(47): require_once('C:\\CandourAutoTech\\cat_rams_v2_api\\public\\index.php')
CRITICAL - 2023-10-16 12:38:06 --> Attempt to read property "frm_feature_id" on array
in APPPATH\Controllers\System\UserRoleController.php on line 181.
 1 APPPATH\Controllers\System\UserRoleController.php(181): CodeIgniter\Debug\Exceptions->errorHandler(2, 'Attempt to read property "frm_feature_id" on array', 'C:\\CandourAutoTech\\cat_rams_v2_api\\app\\Controllers\\System\\UserRoleController.php', 181)
 2 SYSTEMPATH\CodeIgniter.php(919): App\Controllers\System\UserRoleController->fetch_user_features()
 3 SYSTEMPATH\CodeIgniter.php(494): CodeIgniter\CodeIgniter->runController(Object(App\Controllers\System\UserRoleController))
 4 SYSTEMPATH\CodeIgniter.php(353): CodeIgniter\CodeIgniter->handleRequest(null, Object(Config\Cache), false)
 5 FCPATH\index.php(87): CodeIgniter\CodeIgniter->run()
 6 SYSTEMPATH\Commands\Server\rewrite.php(47): require_once('C:\\CandourAutoTech\\cat_rams_v2_api\\public\\index.php')
CRITICAL - 2023-10-16 12:39:25 --> Attempt to read property "frm_feature_id" on array
in APPPATH\Controllers\System\UserRoleController.php on line 180.
 1 APPPATH\Controllers\System\UserRoleController.php(180): CodeIgniter\Debug\Exceptions->errorHandler(2, 'Attempt to read property "frm_feature_id" on array', 'C:\\CandourAutoTech\\cat_rams_v2_api\\app\\Controllers\\System\\UserRoleController.php', 180)
 2 SYSTEMPATH\CodeIgniter.php(919): App\Controllers\System\UserRoleController->fetch_user_features()
 3 SYSTEMPATH\CodeIgniter.php(494): CodeIgniter\CodeIgniter->runController(Object(App\Controllers\System\UserRoleController))
 4 SYSTEMPATH\CodeIgniter.php(353): CodeIgniter\CodeIgniter->handleRequest(null, Object(Config\Cache), false)
 5 FCPATH\index.php(87): CodeIgniter\CodeIgniter->run()
 6 SYSTEMPATH\Commands\Server\rewrite.php(47): require_once('C:\\CandourAutoTech\\cat_rams_v2_api\\public\\index.php')
CRITICAL - 2023-10-16 12:50:25 --> Undefined constant "App\Controllers\System\j"
in APPPATH\Controllers\System\UserRoleController.php on line 188.
 1 SYSTEMPATH\CodeIgniter.php(919): App\Controllers\System\UserRoleController->fetch_user_features()
 2 SYSTEMPATH\CodeIgniter.php(494): CodeIgniter\CodeIgniter->runController(Object(App\Controllers\System\UserRoleController))
 3 SYSTEMPATH\CodeIgniter.php(353): CodeIgniter\CodeIgniter->handleRequest(null, Object(Config\Cache), false)
 4 FCPATH\index.php(87): CodeIgniter\CodeIgniter->run()
 5 SYSTEMPATH\Commands\Server\rewrite.php(47): require_once('C:\\CandourAutoTech\\cat_rams_v2_api\\public\\index.php')
CRITICAL - 2023-10-16 13:06:19 --> Array to string conversion
in APPPATH\Controllers\System\UserRoleController.php on line 200.
 1 APPPATH\Controllers\System\UserRoleController.php(200): CodeIgniter\Debug\Exceptions->errorHandler(2, 'Array to string conversion', 'C:\\CandourAutoTech\\cat_rams_v2_api\\app\\Controllers\\System\\UserRoleController.php', 200)
 2 SYSTEMPATH\CodeIgniter.php(919): App\Controllers\System\UserRoleController->fetch_user_features()
 3 SYSTEMPATH\CodeIgniter.php(494): CodeIgniter\CodeIgniter->runController(Object(App\Controllers\System\UserRoleController))
 4 SYSTEMPATH\CodeIgniter.php(353): CodeIgniter\CodeIgniter->handleRequest(null, Object(Config\Cache), false)
 5 FCPATH\index.php(87): CodeIgniter\CodeIgniter->run()
 6 SYSTEMPATH\Commands\Server\rewrite.php(47): require_once('C:\\CandourAutoTech\\cat_rams_v2_api\\public\\index.php')
