ERROR - 2024-01-25 12:05:28 --> mysqli_sql_exception: Column 'qtm_ad_type' cannot be null in C:\CandourAutoTech\cat_rams_v2_api\system\Database\MySQLi\Connection.php:306
Stack trace:
#0 C:\CandourAutoTech\cat_rams_v2_api\system\Database\MySQLi\Connection.php(306): mysqli->query('INSERT INTO `qu...', 0)
#1 C:\CandourAutoTech\cat_rams_v2_api\system\Database\BaseConnection.php(692): CodeIgniter\Database\MySQLi\Connection->execute('INSERT INTO `qu...')
#2 C:\CandourAutoTech\cat_rams_v2_api\system\Database\BaseConnection.php(606): CodeIgniter\Database\BaseConnection->simpleQuery('INSERT INTO `qu...')
#3 C:\CandourAutoTech\cat_rams_v2_api\system\Database\BaseBuilder.php(2308): CodeIgniter\Database\BaseConnection->query('INSERT INTO `qu...', Array, false)
#4 C:\CandourAutoTech\cat_rams_v2_api\system\Model.php(319): CodeIgniter\Database\BaseBuilder->insert()
#5 C:\CandourAutoTech\cat_rams_v2_api\system\BaseModel.php(788): CodeIgniter\Model->doInsert(Array)
#6 C:\CandourAutoTech\cat_rams_v2_api\system\Model.php(715): CodeIgniter\BaseModel->insert(Array, true)
#7 C:\CandourAutoTech\cat_rams_v2_api\app\Controllers\Quote\QuoteMasterController.php(212): CodeIgniter\Model->insert(Array)
#8 C:\CandourAutoTech\cat_rams_v2_api\system\CodeIgniter.php(919): App\Controllers\Quote\QuoteMasterController->create()
#9 C:\CandourAutoTech\cat_rams_v2_api\system\CodeIgniter.php(494): CodeIgniter\CodeIgniter->runController(Object(App\Controllers\Quote\QuoteMasterController))
#10 C:\CandourAutoTech\cat_rams_v2_api\system\CodeIgniter.php(353): CodeIgniter\CodeIgniter->handleRequest(NULL, Object(Config\Cache), false)
#11 C:\CandourAutoTech\cat_rams_v2_api\public\index.php(79): CodeIgniter\CodeIgniter->run()
#12 C:\CandourAutoTech\cat_rams_v2_api\system\Commands\Server\rewrite.php(47): require_once('C:\\CandourAutoT...')
#13 {main}
CRITICAL - 2024-01-25 12:05:28 --> Column 'qtm_ad_type' cannot be null
in SYSTEMPATH\Database\BaseConnection.php on line 646.
 1 SYSTEMPATH\Database\BaseBuilder.php(2308): CodeIgniter\Database\BaseConnection->query('INSERT INTO `quote_master` (`qtm_custid`, `qtm_vehid`, `qtm_number`, `qtm_serm_id`, `qtm_cost`, `qtm_ad_type`, `qtm_ad_charge`, `qtm_ad_charge_cost`, `qtm_created_by`) VALUES (:qtm_custid:, :qtm_vehid:, :qtm_number:, :qtm_serm_id:, :qtm_cost:, :qtm_ad_type:, :qtm_ad_charge:, :qtm_ad_charge_cost:, :qtm_created_by:)', [...], false)
 2 SYSTEMPATH\Model.php(319): CodeIgniter\Database\BaseBuilder->insert()
 3 SYSTEMPATH\BaseModel.php(788): CodeIgniter\Model->doInsert([...])
 4 SYSTEMPATH\Model.php(715): CodeIgniter\BaseModel->insert([...], true)
 5 APPPATH\Controllers\Quote\QuoteMasterController.php(212): CodeIgniter\Model->insert([...])
 6 SYSTEMPATH\CodeIgniter.php(919): App\Controllers\Quote\QuoteMasterController->create()
 7 SYSTEMPATH\CodeIgniter.php(494): CodeIgniter\CodeIgniter->runController(Object(App\Controllers\Quote\QuoteMasterController))
 8 SYSTEMPATH\CodeIgniter.php(353): CodeIgniter\CodeIgniter->handleRequest(null, Object(Config\Cache), false)
 9 FCPATH\index.php(79): CodeIgniter\CodeIgniter->run()
10 SYSTEMPATH\Commands\Server\rewrite.php(47): require_once('C:\\CandourAutoTech\\cat_rams_v2_api\\public\\index.php')
CRITICAL - 2024-01-25 15:35:16 --> Undefined property: stdClass::$servpack_id
in APPPATH\Controllers\Quote\QuoteMasterController.php on line 232.
 1 APPPATH\Controllers\Quote\QuoteMasterController.php(232): CodeIgniter\Debug\Exceptions->errorHandler(2, 'Undefined property: stdClass::$servpack_id', 'C:\\CandourAutoTech\\cat_rams_v2_api\\app\\Controllers\\Quote\\QuoteMasterController.php', 232)
 2 SYSTEMPATH\CodeIgniter.php(919): App\Controllers\Quote\QuoteMasterController->create()
 3 SYSTEMPATH\CodeIgniter.php(494): CodeIgniter\CodeIgniter->runController(Object(App\Controllers\Quote\QuoteMasterController))
 4 SYSTEMPATH\CodeIgniter.php(353): CodeIgniter\CodeIgniter->handleRequest(null, Object(Config\Cache), false)
 5 FCPATH\index.php(79): CodeIgniter\CodeIgniter->run()
 6 SYSTEMPATH\Commands\Server\rewrite.php(47): require_once('C:\\CandourAutoTech\\cat_rams_v2_api\\public\\index.php')
CRITICAL - 2024-01-25 15:35:20 --> Undefined property: stdClass::$servpack_id
in APPPATH\Controllers\Quote\QuoteMasterController.php on line 232.
 1 APPPATH\Controllers\Quote\QuoteMasterController.php(232): CodeIgniter\Debug\Exceptions->errorHandler(2, 'Undefined property: stdClass::$servpack_id', 'C:\\CandourAutoTech\\cat_rams_v2_api\\app\\Controllers\\Quote\\QuoteMasterController.php', 232)
 2 SYSTEMPATH\CodeIgniter.php(919): App\Controllers\Quote\QuoteMasterController->create()
 3 SYSTEMPATH\CodeIgniter.php(494): CodeIgniter\CodeIgniter->runController(Object(App\Controllers\Quote\QuoteMasterController))
 4 SYSTEMPATH\CodeIgniter.php(353): CodeIgniter\CodeIgniter->handleRequest(null, Object(Config\Cache), false)
 5 FCPATH\index.php(79): CodeIgniter\CodeIgniter->run()
 6 SYSTEMPATH\Commands\Server\rewrite.php(47): require_once('C:\\CandourAutoTech\\cat_rams_v2_api\\public\\index.php')
CRITICAL - 2024-01-25 15:35:29 --> Undefined property: stdClass::$servpack_id
in APPPATH\Controllers\Quote\QuoteMasterController.php on line 232.
 1 APPPATH\Controllers\Quote\QuoteMasterController.php(232): CodeIgniter\Debug\Exceptions->errorHandler(2, 'Undefined property: stdClass::$servpack_id', 'C:\\CandourAutoTech\\cat_rams_v2_api\\app\\Controllers\\Quote\\QuoteMasterController.php', 232)
 2 SYSTEMPATH\CodeIgniter.php(919): App\Controllers\Quote\QuoteMasterController->create()
 3 SYSTEMPATH\CodeIgniter.php(494): CodeIgniter\CodeIgniter->runController(Object(App\Controllers\Quote\QuoteMasterController))
 4 SYSTEMPATH\CodeIgniter.php(353): CodeIgniter\CodeIgniter->handleRequest(null, Object(Config\Cache), false)
 5 FCPATH\index.php(79): CodeIgniter\CodeIgniter->run()
 6 SYSTEMPATH\Commands\Server\rewrite.php(47): require_once('C:\\CandourAutoTech\\cat_rams_v2_api\\public\\index.php')
CRITICAL - 2024-01-25 15:35:31 --> Undefined property: stdClass::$servpack_id
in APPPATH\Controllers\Quote\QuoteMasterController.php on line 232.
 1 APPPATH\Controllers\Quote\QuoteMasterController.php(232): CodeIgniter\Debug\Exceptions->errorHandler(2, 'Undefined property: stdClass::$servpack_id', 'C:\\CandourAutoTech\\cat_rams_v2_api\\app\\Controllers\\Quote\\QuoteMasterController.php', 232)
 2 SYSTEMPATH\CodeIgniter.php(919): App\Controllers\Quote\QuoteMasterController->create()
 3 SYSTEMPATH\CodeIgniter.php(494): CodeIgniter\CodeIgniter->runController(Object(App\Controllers\Quote\QuoteMasterController))
 4 SYSTEMPATH\CodeIgniter.php(353): CodeIgniter\CodeIgniter->handleRequest(null, Object(Config\Cache), false)
 5 FCPATH\index.php(79): CodeIgniter\CodeIgniter->run()
 6 SYSTEMPATH\Commands\Server\rewrite.php(47): require_once('C:\\CandourAutoTech\\cat_rams_v2_api\\public\\index.php')
CRITICAL - 2024-01-25 15:35:31 --> Undefined property: stdClass::$servpack_id
in APPPATH\Controllers\Quote\QuoteMasterController.php on line 232.
 1 APPPATH\Controllers\Quote\QuoteMasterController.php(232): CodeIgniter\Debug\Exceptions->errorHandler(2, 'Undefined property: stdClass::$servpack_id', 'C:\\CandourAutoTech\\cat_rams_v2_api\\app\\Controllers\\Quote\\QuoteMasterController.php', 232)
 2 SYSTEMPATH\CodeIgniter.php(919): App\Controllers\Quote\QuoteMasterController->create()
 3 SYSTEMPATH\CodeIgniter.php(494): CodeIgniter\CodeIgniter->runController(Object(App\Controllers\Quote\QuoteMasterController))
 4 SYSTEMPATH\CodeIgniter.php(353): CodeIgniter\CodeIgniter->handleRequest(null, Object(Config\Cache), false)
 5 FCPATH\index.php(79): CodeIgniter\CodeIgniter->run()
 6 SYSTEMPATH\Commands\Server\rewrite.php(47): require_once('C:\\CandourAutoTech\\cat_rams_v2_api\\public\\index.php')
CRITICAL - 2024-01-25 15:35:32 --> Undefined property: stdClass::$servpack_id
in APPPATH\Controllers\Quote\QuoteMasterController.php on line 232.
 1 APPPATH\Controllers\Quote\QuoteMasterController.php(232): CodeIgniter\Debug\Exceptions->errorHandler(2, 'Undefined property: stdClass::$servpack_id', 'C:\\CandourAutoTech\\cat_rams_v2_api\\app\\Controllers\\Quote\\QuoteMasterController.php', 232)
 2 SYSTEMPATH\CodeIgniter.php(919): App\Controllers\Quote\QuoteMasterController->create()
 3 SYSTEMPATH\CodeIgniter.php(494): CodeIgniter\CodeIgniter->runController(Object(App\Controllers\Quote\QuoteMasterController))
 4 SYSTEMPATH\CodeIgniter.php(353): CodeIgniter\CodeIgniter->handleRequest(null, Object(Config\Cache), false)
 5 FCPATH\index.php(79): CodeIgniter\CodeIgniter->run()
 6 SYSTEMPATH\Commands\Server\rewrite.php(47): require_once('C:\\CandourAutoTech\\cat_rams_v2_api\\public\\index.php')
CRITICAL - 2024-01-25 15:35:33 --> Undefined property: stdClass::$servpack_id
in APPPATH\Controllers\Quote\QuoteMasterController.php on line 232.
 1 APPPATH\Controllers\Quote\QuoteMasterController.php(232): CodeIgniter\Debug\Exceptions->errorHandler(2, 'Undefined property: stdClass::$servpack_id', 'C:\\CandourAutoTech\\cat_rams_v2_api\\app\\Controllers\\Quote\\QuoteMasterController.php', 232)
 2 SYSTEMPATH\CodeIgniter.php(919): App\Controllers\Quote\QuoteMasterController->create()
 3 SYSTEMPATH\CodeIgniter.php(494): CodeIgniter\CodeIgniter->runController(Object(App\Controllers\Quote\QuoteMasterController))
 4 SYSTEMPATH\CodeIgniter.php(353): CodeIgniter\CodeIgniter->handleRequest(null, Object(Config\Cache), false)
 5 FCPATH\index.php(79): CodeIgniter\CodeIgniter->run()
 6 SYSTEMPATH\Commands\Server\rewrite.php(47): require_once('C:\\CandourAutoTech\\cat_rams_v2_api\\public\\index.php')
CRITICAL - 2024-01-25 15:55:37 --> The namespace delimiter is a backslash (\), not a slash (/). Route handler: "\App\Controllers\Customer/CustomerMasterController::update_customer_by_mobile"
in SYSTEMPATH\Router\Router.php on line 477.
 1 SYSTEMPATH\Router\Router.php(477): CodeIgniter\Router\Exceptions\RouterException::forInvalidControllerName('\\App\\Controllers\\Customer/CustomerMasterController::update_customer_by_mobile')
 2 SYSTEMPATH\Router\Router.php(184): CodeIgniter\Router\Router->checkRoutes('update_customer_by_mobile')
 3 SYSTEMPATH\CodeIgniter.php(800): CodeIgniter\Router\Router->handle('update_customer_by_mobile')
 4 SYSTEMPATH\CodeIgniter.php(442): CodeIgniter\CodeIgniter->tryToRouteIt(Object(CodeIgniter\Router\RouteCollection))
 5 SYSTEMPATH\CodeIgniter.php(353): CodeIgniter\CodeIgniter->handleRequest(null, Object(Config\Cache), false)
 6 FCPATH\index.php(79): CodeIgniter\CodeIgniter->run()
 7 SYSTEMPATH\Commands\Server\rewrite.php(47): require_once('C:\\CandourAutoTech\\cat_rams_v2_api\\public\\index.php')
CRITICAL - 2024-01-25 15:56:41 --> The namespace delimiter is a backslash (\), not a slash (/). Route handler: "\App\Controllers\Customer/CustomerMasterController::update_customer_by_mobile"
in SYSTEMPATH\Router\Router.php on line 477.
 1 SYSTEMPATH\Router\Router.php(477): CodeIgniter\Router\Exceptions\RouterException::forInvalidControllerName('\\App\\Controllers\\Customer/CustomerMasterController::update_customer_by_mobile')
 2 SYSTEMPATH\Router\Router.php(184): CodeIgniter\Router\Router->checkRoutes('update_customer_by_mobile')
 3 SYSTEMPATH\CodeIgniter.php(800): CodeIgniter\Router\Router->handle('update_customer_by_mobile')
 4 SYSTEMPATH\CodeIgniter.php(442): CodeIgniter\CodeIgniter->tryToRouteIt(Object(CodeIgniter\Router\RouteCollection))
 5 SYSTEMPATH\CodeIgniter.php(353): CodeIgniter\CodeIgniter->handleRequest(null, Object(Config\Cache), false)
 6 FCPATH\index.php(79): CodeIgniter\CodeIgniter->run()
 7 SYSTEMPATH\Commands\Server\rewrite.php(47): require_once('C:\\CandourAutoTech\\cat_rams_v2_api\\public\\index.php')
CRITICAL - 2024-01-25 15:57:14 --> The namespace delimiter is a backslash (\), not a slash (/). Route handler: "\App\Controllers\Customer/CustomerMasterController::update_customer_by_mobile"
in SYSTEMPATH\Router\Router.php on line 477.
 1 SYSTEMPATH\Router\Router.php(477): CodeIgniter\Router\Exceptions\RouterException::forInvalidControllerName('\\App\\Controllers\\Customer/CustomerMasterController::update_customer_by_mobile')
 2 SYSTEMPATH\Router\Router.php(184): CodeIgniter\Router\Router->checkRoutes('update_customer_by_mobile')
 3 SYSTEMPATH\CodeIgniter.php(800): CodeIgniter\Router\Router->handle('update_customer_by_mobile')
 4 SYSTEMPATH\CodeIgniter.php(442): CodeIgniter\CodeIgniter->tryToRouteIt(Object(CodeIgniter\Router\RouteCollection))
 5 SYSTEMPATH\CodeIgniter.php(353): CodeIgniter\CodeIgniter->handleRequest(null, Object(Config\Cache), false)
 6 FCPATH\index.php(79): CodeIgniter\CodeIgniter->run()
 7 SYSTEMPATH\Commands\Server\rewrite.php(47): require_once('C:\\CandourAutoTech\\cat_rams_v2_api\\public\\index.php')
CRITICAL - 2024-01-25 16:21:21 --> Array to string conversion
in APPPATH\Controllers\System\ServiceMasterController.php on line 107.
 1 APPPATH\Controllers\System\ServiceMasterController.php(107): CodeIgniter\Debug\Exceptions->errorHandler(2, 'Array to string conversion', 'C:\\CandourAutoTech\\cat_rams_v2_api\\app\\Controllers\\System\\ServiceMasterController.php', 107)
 2 SYSTEMPATH\CodeIgniter.php(919): App\Controllers\System\ServiceMasterController->create()
 3 SYSTEMPATH\CodeIgniter.php(494): CodeIgniter\CodeIgniter->runController(Object(App\Controllers\System\ServiceMasterController))
 4 SYSTEMPATH\CodeIgniter.php(353): CodeIgniter\CodeIgniter->handleRequest(null, Object(Config\Cache), false)
 5 FCPATH\index.php(79): CodeIgniter\CodeIgniter->run()
 6 SYSTEMPATH\Commands\Server\rewrite.php(47): require_once('C:\\CandourAutoTech\\cat_rams_v2_api\\public\\index.php')
CRITICAL - 2024-01-25 16:22:48 --> Array to string conversion
in APPPATH\Controllers\System\ServiceMasterController.php on line 108.
 1 APPPATH\Controllers\System\ServiceMasterController.php(108): CodeIgniter\Debug\Exceptions->errorHandler(2, 'Array to string conversion', 'C:\\CandourAutoTech\\cat_rams_v2_api\\app\\Controllers\\System\\ServiceMasterController.php', 108)
 2 SYSTEMPATH\CodeIgniter.php(919): App\Controllers\System\ServiceMasterController->create()
 3 SYSTEMPATH\CodeIgniter.php(494): CodeIgniter\CodeIgniter->runController(Object(App\Controllers\System\ServiceMasterController))
 4 SYSTEMPATH\CodeIgniter.php(353): CodeIgniter\CodeIgniter->handleRequest(null, Object(Config\Cache), false)
 5 FCPATH\index.php(79): CodeIgniter\CodeIgniter->run()
 6 SYSTEMPATH\Commands\Server\rewrite.php(47): require_once('C:\\CandourAutoTech\\cat_rams_v2_api\\public\\index.php')
CRITICAL - 2024-01-25 19:33:41 --> openssl_encrypt(): IV passed is 20 bytes long which is longer than the 16 expected by selected cipher, truncating
in APPPATH\Config\Commonutils.php on line 59.
 1 [internal function]: CodeIgniter\Debug\Exceptions->errorHandler(2, 'openssl_encrypt(): IV passed is 20 bytes long which is longer than the 16 expected by selected cipher, truncating', 'C:\\CandourAutoTech\\cat_rams_v2_api\\app\\Config\\Commonutils.php', 59)
 2 APPPATH\Config\Commonutils.php(59): openssl_encrypt(Object(SensitiveParameterValue), 'AES-256-CBC', Object(SensitiveParameterValue), 0, 'secret@catrams123456')
 3 APPPATH\Controllers\System\UserMasterController.php(218): Config\Commonutils->aes_encryption('secret@digitalservice123456', '123456')
 4 SYSTEMPATH\CodeIgniter.php(919): App\Controllers\System\UserMasterController->create_user()
 5 SYSTEMPATH\CodeIgniter.php(494): CodeIgniter\CodeIgniter->runController(Object(App\Controllers\System\UserMasterController))
 6 SYSTEMPATH\CodeIgniter.php(353): CodeIgniter\CodeIgniter->handleRequest(null, Object(Config\Cache), false)
 7 FCPATH\index.php(79): CodeIgniter\CodeIgniter->run()
 8 SYSTEMPATH\Commands\Server\rewrite.php(47): require_once('C:\\CandourAutoTech\\cat_rams_v2_api\\public\\index.php')
CRITICAL - 2024-01-25 19:34:52 --> openssl_encrypt(): IV passed is only 14 bytes long, cipher expects an IV of precisely 16 bytes, padding with \0
in APPPATH\Config\Commonutils.php on line 59.
 1 [internal function]: CodeIgniter\Debug\Exceptions->errorHandler(2, 'openssl_encrypt(): IV passed is only 14 bytes long, cipher expects an IV of precisely 16 bytes, padding with \\0', 'C:\\CandourAutoTech\\cat_rams_v2_api\\app\\Config\\Commonutils.php', 59)
 2 APPPATH\Config\Commonutils.php(59): openssl_encrypt(Object(SensitiveParameterValue), 'AES-256-CBC', Object(SensitiveParameterValue), 0, 'secret@catrams')
 3 APPPATH\Controllers\System\UserMasterController.php(218): Config\Commonutils->aes_encryption('secret@digitalservice123456', '123456')
 4 SYSTEMPATH\CodeIgniter.php(919): App\Controllers\System\UserMasterController->create_user()
 5 SYSTEMPATH\CodeIgniter.php(494): CodeIgniter\CodeIgniter->runController(Object(App\Controllers\System\UserMasterController))
 6 SYSTEMPATH\CodeIgniter.php(353): CodeIgniter\CodeIgniter->handleRequest(null, Object(Config\Cache), false)
 7 FCPATH\index.php(79): CodeIgniter\CodeIgniter->run()
 8 SYSTEMPATH\Commands\Server\rewrite.php(47): require_once('C:\\CandourAutoTech\\cat_rams_v2_api\\public\\index.php')
CRITICAL - 2024-01-25 19:53:31 --> Failed to parse JSON string. Error: Malformed UTF-8 characters, possibly incorrectly encoded
in SYSTEMPATH\Format\JSONFormatter.php on line 41.
 1 SYSTEMPATH\Format\JSONFormatter.php(41): CodeIgniter\Format\Exceptions\FormatException::forInvalidJSON('Malformed UTF-8 characters, possibly incorrectly encoded')
 2 SYSTEMPATH\API\ResponseTrait.php(345): CodeIgniter\Format\JSONFormatter->format([...])
 3 SYSTEMPATH\API\ResponseTrait.php(98): App\Controllers\System\UserMasterController->format([...])
 4 APPPATH\Controllers\System\UserMasterController.php(218): App\Controllers\System\UserMasterController->respond([...], 200)
 5 SYSTEMPATH\CodeIgniter.php(919): App\Controllers\System\UserMasterController->create_user()
 6 SYSTEMPATH\CodeIgniter.php(494): CodeIgniter\CodeIgniter->runController(Object(App\Controllers\System\UserMasterController))
 7 SYSTEMPATH\CodeIgniter.php(353): CodeIgniter\CodeIgniter->handleRequest(null, Object(Config\Cache), false)
 8 FCPATH\index.php(79): CodeIgniter\CodeIgniter->run()
 9 SYSTEMPATH\Commands\Server\rewrite.php(47): require_once('C:\\CandourAutoTech\\cat_rams_v2_api\\public\\index.php')
CRITICAL - 2024-01-25 19:53:31 --> Uncaught CodeIgniter\Format\Exceptions\FormatException: Failed to parse JSON string. Error: Malformed UTF-8 characters, possibly incorrectly encoded in C:\CandourAutoTech\cat_rams_v2_api\system\Format\JSONFormatter.php:41
Stack trace:
#0 C:\CandourAutoTech\cat_rams_v2_api\system\Format\JSONFormatter.php(41): CodeIgniter\Format\Exceptions\FormatException::forInvalidJSON('Malformed UTF-8...')
#1 C:\CandourAutoTech\cat_rams_v2_api\system\API\ResponseTrait.php(345): CodeIgniter\Format\JSONFormatter->format(Array)
#2 C:\CandourAutoTech\cat_rams_v2_api\system\API\ResponseTrait.php(98): CodeIgniter\Debug\ExceptionHandler->format(Array)
#3 C:\CandourAutoTech\cat_rams_v2_api\system\Debug\ExceptionHandler.php(78): CodeIgniter\Debug\ExceptionHandler->respond(Array, 500)
#4 C:\CandourAutoTech\cat_rams_v2_api\system\Debug\Exceptions.php(146): CodeIgniter\Debug\ExceptionHandler->handle(Object(CodeIgniter\Format\Exceptions\FormatException), Object(CodeIgniter\HTTP\IncomingRequest), Object(CodeIgniter\HTTP\Response), 500, 1)
#5 [internal function]: CodeIgniter\Debug\Exceptions->exceptionHandler(Object(CodeIgniter\Format\Exceptions\FormatException))
#6 {main}
  thrown
【Previous Exception】
CodeIgniter\Format\Exceptions\FormatException
Failed to parse JSON string. Error: Malformed UTF-8 characters, possibly incorrectly encoded
#0 C:\CandourAutoTech\cat_rams_v2_api\system\Format\JSONFormatter.php(41): CodeIgniter\Format\Exceptions\FormatException::forInvalidJSON('Malformed UTF-8...')
#1 C:\CandourAutoTech\cat_rams_v2_api\system\API\ResponseTrait.php(345): CodeIgniter\Format\JSONFormatter->format(Array)
#2 C:\CandourAutoTech\cat_rams_v2_api\system\API\ResponseTrait.php(98): App\Controllers\System\UserMasterController->format(Array)
#3 C:\CandourAutoTech\cat_rams_v2_api\app\Controllers\System\UserMasterController.php(218): App\Controllers\System\UserMasterController->respond(Array, 200)
#4 C:\CandourAutoTech\cat_rams_v2_api\system\CodeIgniter.php(919): App\Controllers\System\UserMasterController->create_user()
#5 C:\CandourAutoTech\cat_rams_v2_api\system\CodeIgniter.php(494): CodeIgniter\CodeIgniter->runController(Object(App\Controllers\System\UserMasterController))
#6 C:\CandourAutoTech\cat_rams_v2_api\system\CodeIgniter.php(353): CodeIgniter\CodeIgniter->handleRequest(NULL, Object(Config\Cache), false)
#7 C:\CandourAutoTech\cat_rams_v2_api\public\index.php(79): CodeIgniter\CodeIgniter->run()
#8 C:\CandourAutoTech\cat_rams_v2_api\system\Commands\Server\rewrite.php(47): require_once('C:\\CandourAutoT...')
#9 {main}
in SYSTEMPATH\Format\JSONFormatter.php on line 41.
 1 [internal function]: CodeIgniter\Debug\Exceptions->shutdownHandler()
