CRITICAL - 2023-11-02 08:15:43 --> Cannot use object of type stdClass as array
in APPPATH\Controllers\System\ToolMasterController.php on line 185.
 1 SYSTEMPATH\CodeIgniter.php(919): App\Controllers\System\ToolMasterController->update_tool_details()
 2 SYSTEMPATH\CodeIgniter.php(494): CodeIgniter\CodeIgniter->runController(Object(App\Controllers\System\ToolMasterController))
 3 SYSTEMPATH\CodeIgniter.php(353): CodeIgniter\CodeIgniter->handleRequest(null, Object(Config\Cache), false)
 4 FCPATH\index.php(87): CodeIgniter\CodeIgniter->run()
 5 SYSTEMPATH\Commands\Server\rewrite.php(47): require_once('C:\\CandourAutoTech\\cat_rams_v2_api\\public\\index.php')
CRITICAL - 2023-11-02 11:02:48 --> Call to a member function findAll() on array
in APPPATH\Controllers\ServiceRequest\ServiceRequestMasterController.php on line 476.
 1 SYSTEMPATH\CodeIgniter.php(919): App\Controllers\ServiceRequest\ServiceRequestMasterController->vehicle_make_list()
 2 SYSTEMPATH\CodeIgniter.php(494): CodeIgniter\CodeIgniter->runController(Object(App\Controllers\ServiceRequest\ServiceRequestMasterController))
 3 SYSTEMPATH\CodeIgniter.php(353): CodeIgniter\CodeIgniter->handleRequest(null, Object(Config\Cache), false)
 4 FCPATH\index.php(87): CodeIgniter\CodeIgniter->run()
 5 SYSTEMPATH\Commands\Server\rewrite.php(47): require_once('C:\\CandourAutoTech\\cat_rams_v2_api\\public\\index.php')
CRITICAL - 2023-11-02 11:16:03 --> Undefined array key "make_name"
in APPPATH\Controllers\ServiceRequest\ServiceRequestMasterController.php on line 494.
 1 APPPATH\Controllers\ServiceRequest\ServiceRequestMasterController.php(494): CodeIgniter\Debug\Exceptions->errorHandler(2, 'Undefined array key "make_name"', 'C:\\CandourAutoTech\\cat_rams_v2_api\\app\\Controllers\\ServiceRequest\\ServiceRequestMasterController.php', 494)
 2 SYSTEMPATH\CodeIgniter.php(919): App\Controllers\ServiceRequest\ServiceRequestMasterController->vehicle_model_list()
 3 SYSTEMPATH\CodeIgniter.php(494): CodeIgniter\CodeIgniter->runController(Object(App\Controllers\ServiceRequest\ServiceRequestMasterController))
 4 SYSTEMPATH\CodeIgniter.php(353): CodeIgniter\CodeIgniter->handleRequest(null, Object(Config\Cache), false)
 5 FCPATH\index.php(87): CodeIgniter\CodeIgniter->run()
 6 SYSTEMPATH\Commands\Server\rewrite.php(47): require_once('C:\\CandourAutoTech\\cat_rams_v2_api\\public\\index.php')
CRITICAL - 2023-11-02 11:17:41 --> Array to string conversion
in SYSTEMPATH\Database\Query.php on line 327.
 1 [internal function]: CodeIgniter\Debug\Exceptions->errorHandler(2, 'Array to string conversion', 'C:\\CandourAutoTech\\cat_rams_v2_api\\system\\Database\\Query.php', 327)
 2 SYSTEMPATH\Database\Query.php(327): implode(',', [...])
 3 SYSTEMPATH\Database\Query.php(308): CodeIgniter\Database\Query->matchNamedBinds('SELECT `model_name`
FROM `cat_vehicle_data`
WHERE `make_name` = :make_name:', [...])
 4 SYSTEMPATH\Database\Query.php(159): CodeIgniter\Database\Query->compileBinds()
 5 SYSTEMPATH\Database\BaseConnection.php(606): CodeIgniter\Database\Query->getQuery()
 6 SYSTEMPATH\Database\BaseBuilder.php(1615): CodeIgniter\Database\BaseConnection->query('SELECT `model_name`
FROM `cat_vehicle_data`
WHERE `make_name` = :make_name:', [...], false)
 7 SYSTEMPATH\Model.php(237): CodeIgniter\Database\BaseBuilder->get()
 8 SYSTEMPATH\BaseModel.php(624): CodeIgniter\Model->doFindAll(0, 0)
 9 APPPATH\Controllers\ServiceRequest\ServiceRequestMasterController.php(496): CodeIgniter\BaseModel->findAll()
10 SYSTEMPATH\CodeIgniter.php(919): App\Controllers\ServiceRequest\ServiceRequestMasterController->vehicle_model_list()
11 SYSTEMPATH\CodeIgniter.php(494): CodeIgniter\CodeIgniter->runController(Object(App\Controllers\ServiceRequest\ServiceRequestMasterController))
12 SYSTEMPATH\CodeIgniter.php(353): CodeIgniter\CodeIgniter->handleRequest(null, Object(Config\Cache), false)
13 FCPATH\index.php(87): CodeIgniter\CodeIgniter->run()
14 SYSTEMPATH\Commands\Server\rewrite.php(47): require_once('C:\\CandourAutoTech\\cat_rams_v2_api\\public\\index.php')
ERROR - 2023-11-02 18:49:01 --> mysqli_sql_exception: Cannot add or update a child row: a foreign key constraint fails (`rams_live_db`.`tool_request_details`, CONSTRAINT `tool_request_details_ibfk_2` FOREIGN KEY (`tldt_tool_id`) REFERENCES `tool_details` (`tool_id`)) in C:\CandourAutoTech\cat_rams_v2_api\system\Database\MySQLi\Connection.php:306
Stack trace:
#0 C:\CandourAutoTech\cat_rams_v2_api\system\Database\MySQLi\Connection.php(306): mysqli->query('INSERT INTO `to...', 0)
#1 C:\CandourAutoTech\cat_rams_v2_api\system\Database\BaseConnection.php(692): CodeIgniter\Database\MySQLi\Connection->execute('INSERT INTO `to...')
#2 C:\CandourAutoTech\cat_rams_v2_api\system\Database\BaseConnection.php(606): CodeIgniter\Database\BaseConnection->simpleQuery('INSERT INTO `to...')
#3 C:\CandourAutoTech\cat_rams_v2_api\system\Database\BaseBuilder.php(2308): CodeIgniter\Database\BaseConnection->query('INSERT INTO `to...', Array, false)
#4 C:\CandourAutoTech\cat_rams_v2_api\system\Model.php(319): CodeIgniter\Database\BaseBuilder->insert()
#5 C:\CandourAutoTech\cat_rams_v2_api\system\BaseModel.php(788): CodeIgniter\Model->doInsert(Array)
#6 C:\CandourAutoTech\cat_rams_v2_api\system\Model.php(715): CodeIgniter\BaseModel->insert(Array, true)
#7 C:\CandourAutoTech\cat_rams_v2_api\app\Controllers\ToolRequest\ToolRequestMasterController.php(134): CodeIgniter\Model->insert(Array)
#8 C:\CandourAutoTech\cat_rams_v2_api\system\CodeIgniter.php(919): App\Controllers\ToolRequest\ToolRequestMasterController->tool_req_create()
#9 C:\CandourAutoTech\cat_rams_v2_api\system\CodeIgniter.php(494): CodeIgniter\CodeIgniter->runController(Object(App\Controllers\ToolRequest\ToolRequestMasterController))
#10 C:\CandourAutoTech\cat_rams_v2_api\system\CodeIgniter.php(353): CodeIgniter\CodeIgniter->handleRequest(NULL, Object(Config\Cache), false)
#11 C:\CandourAutoTech\cat_rams_v2_api\public\index.php(87): CodeIgniter\CodeIgniter->run()
#12 C:\CandourAutoTech\cat_rams_v2_api\system\Commands\Server\rewrite.php(47): require_once('C:\\CandourAutoT...')
#13 {main}
CRITICAL - 2023-11-02 18:49:01 --> Cannot add or update a child row: a foreign key constraint fails (`rams_live_db`.`tool_request_details`, CONSTRAINT `tool_request_details_ibfk_2` FOREIGN KEY (`tldt_tool_id`) REFERENCES `tool_details` (`tool_id`))
in SYSTEMPATH\Database\BaseConnection.php on line 646.
 1 SYSTEMPATH\Database\BaseBuilder.php(2308): CodeIgniter\Database\BaseConnection->query('INSERT INTO `tool_request_details` (`tldt_tool_quant`, `tldt_cost`, `tldt_delivery_address`, `tldt_status`) VALUES (:tldt_tool_quant:, :tldt_cost:, :tldt_delivery_address:, :tldt_status:)', [...], false)
 2 SYSTEMPATH\Model.php(319): CodeIgniter\Database\BaseBuilder->insert()
 3 SYSTEMPATH\BaseModel.php(788): CodeIgniter\Model->doInsert([...])
 4 SYSTEMPATH\Model.php(715): CodeIgniter\BaseModel->insert([...], true)
 5 APPPATH\Controllers\ToolRequest\ToolRequestMasterController.php(134): CodeIgniter\Model->insert([...])
 6 SYSTEMPATH\CodeIgniter.php(919): App\Controllers\ToolRequest\ToolRequestMasterController->tool_req_create()
 7 SYSTEMPATH\CodeIgniter.php(494): CodeIgniter\CodeIgniter->runController(Object(App\Controllers\ToolRequest\ToolRequestMasterController))
 8 SYSTEMPATH\CodeIgniter.php(353): CodeIgniter\CodeIgniter->handleRequest(null, Object(Config\Cache), false)
 9 FCPATH\index.php(87): CodeIgniter\CodeIgniter->run()
10 SYSTEMPATH\Commands\Server\rewrite.php(47): require_once('C:\\CandourAutoTech\\cat_rams_v2_api\\public\\index.php')
CRITICAL - 2023-11-02 20:44:58 --> Cannot use object of type stdClass as array
in APPPATH\Controllers\ToolRequest\ToolRequestMasterController.php on line 173.
 1 SYSTEMPATH\CodeIgniter.php(919): App\Controllers\ToolRequest\ToolRequestMasterController->tool_req_fetch()
 2 SYSTEMPATH\CodeIgniter.php(494): CodeIgniter\CodeIgniter->runController(Object(App\Controllers\ToolRequest\ToolRequestMasterController))
 3 SYSTEMPATH\CodeIgniter.php(353): CodeIgniter\CodeIgniter->handleRequest(null, Object(Config\Cache), false)
 4 FCPATH\index.php(87): CodeIgniter\CodeIgniter->run()
 5 SYSTEMPATH\Commands\Server\rewrite.php(47): require_once('C:\\CandourAutoTech\\cat_rams_v2_api\\public\\index.php')
CRITICAL - 2023-11-02 20:46:44 --> Undefined array key "tool_cost"
in APPPATH\Controllers\ToolRequest\ToolRequestMasterController.php on line 188.
 1 APPPATH\Controllers\ToolRequest\ToolRequestMasterController.php(188): CodeIgniter\Debug\Exceptions->errorHandler(2, 'Undefined array key "tool_cost"', 'C:\\CandourAutoTech\\cat_rams_v2_api\\app\\Controllers\\ToolRequest\\ToolRequestMasterController.php', 188)
 2 SYSTEMPATH\CodeIgniter.php(919): App\Controllers\ToolRequest\ToolRequestMasterController->tool_req_fetch()
 3 SYSTEMPATH\CodeIgniter.php(494): CodeIgniter\CodeIgniter->runController(Object(App\Controllers\ToolRequest\ToolRequestMasterController))
 4 SYSTEMPATH\CodeIgniter.php(353): CodeIgniter\CodeIgniter->handleRequest(null, Object(Config\Cache), false)
 5 FCPATH\index.php(87): CodeIgniter\CodeIgniter->run()
 6 SYSTEMPATH\Commands\Server\rewrite.php(47): require_once('C:\\CandourAutoTech\\cat_rams_v2_api\\public\\index.php')
CRITICAL - 2023-11-02 20:47:42 --> Attempt to read property "tool_name" on array
in APPPATH\Controllers\ToolRequest\ToolRequestMasterController.php on line 187.
 1 APPPATH\Controllers\ToolRequest\ToolRequestMasterController.php(187): CodeIgniter\Debug\Exceptions->errorHandler(2, 'Attempt to read property "tool_name" on array', 'C:\\CandourAutoTech\\cat_rams_v2_api\\app\\Controllers\\ToolRequest\\ToolRequestMasterController.php', 187)
 2 SYSTEMPATH\CodeIgniter.php(919): App\Controllers\ToolRequest\ToolRequestMasterController->tool_req_fetch()
 3 SYSTEMPATH\CodeIgniter.php(494): CodeIgniter\CodeIgniter->runController(Object(App\Controllers\ToolRequest\ToolRequestMasterController))
 4 SYSTEMPATH\CodeIgniter.php(353): CodeIgniter\CodeIgniter->handleRequest(null, Object(Config\Cache), false)
 5 FCPATH\index.php(87): CodeIgniter\CodeIgniter->run()
 6 SYSTEMPATH\Commands\Server\rewrite.php(47): require_once('C:\\CandourAutoTech\\cat_rams_v2_api\\public\\index.php')
CRITICAL - 2023-11-02 20:50:44 --> Attempt to read property "tool_name" on array
in APPPATH\Controllers\ToolRequest\ToolRequestMasterController.php on line 188.
 1 APPPATH\Controllers\ToolRequest\ToolRequestMasterController.php(188): CodeIgniter\Debug\Exceptions->errorHandler(2, 'Attempt to read property "tool_name" on array', 'C:\\CandourAutoTech\\cat_rams_v2_api\\app\\Controllers\\ToolRequest\\ToolRequestMasterController.php', 188)
 2 SYSTEMPATH\CodeIgniter.php(919): App\Controllers\ToolRequest\ToolRequestMasterController->tool_req_fetch()
 3 SYSTEMPATH\CodeIgniter.php(494): CodeIgniter\CodeIgniter->runController(Object(App\Controllers\ToolRequest\ToolRequestMasterController))
 4 SYSTEMPATH\CodeIgniter.php(353): CodeIgniter\CodeIgniter->handleRequest(null, Object(Config\Cache), false)
 5 FCPATH\index.php(87): CodeIgniter\CodeIgniter->run()
 6 SYSTEMPATH\Commands\Server\rewrite.php(47): require_once('C:\\CandourAutoTech\\cat_rams_v2_api\\public\\index.php')
CRITICAL - 2023-11-02 20:51:40 --> Cannot use object of type stdClass as array
in APPPATH\Controllers\ToolRequest\ToolRequestMasterController.php on line 194.
 1 SYSTEMPATH\CodeIgniter.php(919): App\Controllers\ToolRequest\ToolRequestMasterController->tool_req_fetch()
 2 SYSTEMPATH\CodeIgniter.php(494): CodeIgniter\CodeIgniter->runController(Object(App\Controllers\ToolRequest\ToolRequestMasterController))
 3 SYSTEMPATH\CodeIgniter.php(353): CodeIgniter\CodeIgniter->handleRequest(null, Object(Config\Cache), false)
 4 FCPATH\index.php(87): CodeIgniter\CodeIgniter->run()
 5 SYSTEMPATH\Commands\Server\rewrite.php(47): require_once('C:\\CandourAutoTech\\cat_rams_v2_api\\public\\index.php')
CRITICAL - 2023-11-02 22:49:17 --> Object of type App\Models\ToolRequest\ToolRequestDetailsModel is not callable
in APPPATH\Controllers\ToolRequest\ToolRequestMasterController.php on line 293.
 1 SYSTEMPATH\CodeIgniter.php(919): App\Controllers\ToolRequest\ToolRequestMasterController->tool_req_list()
 2 SYSTEMPATH\CodeIgniter.php(494): CodeIgniter\CodeIgniter->runController(Object(App\Controllers\ToolRequest\ToolRequestMasterController))
 3 SYSTEMPATH\CodeIgniter.php(353): CodeIgniter\CodeIgniter->handleRequest(null, Object(Config\Cache), false)
 4 FCPATH\index.php(87): CodeIgniter\CodeIgniter->run()
 5 SYSTEMPATH\Commands\Server\rewrite.php(47): require_once('C:\\CandourAutoTech\\cat_rams_v2_api\\public\\index.php')
CRITICAL - 2023-11-02 22:59:48 --> Object of type App\Models\ToolRequest\ToolRequestDetailsModel is not callable
in APPPATH\Controllers\ToolRequest\ToolRequestMasterController.php on line 294.
 1 SYSTEMPATH\CodeIgniter.php(919): App\Controllers\ToolRequest\ToolRequestMasterController->tool_req_list()
 2 SYSTEMPATH\CodeIgniter.php(494): CodeIgniter\CodeIgniter->runController(Object(App\Controllers\ToolRequest\ToolRequestMasterController))
 3 SYSTEMPATH\CodeIgniter.php(353): CodeIgniter\CodeIgniter->handleRequest(null, Object(Config\Cache), false)
 4 FCPATH\index.php(87): CodeIgniter\CodeIgniter->run()
 5 SYSTEMPATH\Commands\Server\rewrite.php(47): require_once('C:\\CandourAutoTech\\cat_rams_v2_api\\public\\index.php')
CRITICAL - 2023-11-02 23:00:37 --> Object of type App\Models\ToolRequest\ToolRequestDetailsModel is not callable
in APPPATH\Controllers\ToolRequest\ToolRequestMasterController.php on line 294.
 1 SYSTEMPATH\CodeIgniter.php(919): App\Controllers\ToolRequest\ToolRequestMasterController->tool_req_list()
 2 SYSTEMPATH\CodeIgniter.php(494): CodeIgniter\CodeIgniter->runController(Object(App\Controllers\ToolRequest\ToolRequestMasterController))
 3 SYSTEMPATH\CodeIgniter.php(353): CodeIgniter\CodeIgniter->handleRequest(null, Object(Config\Cache), false)
 4 FCPATH\index.php(87): CodeIgniter\CodeIgniter->run()
 5 SYSTEMPATH\Commands\Server\rewrite.php(47): require_once('C:\\CandourAutoTech\\cat_rams_v2_api\\public\\index.php')
CRITICAL - 2023-11-02 23:02:04 --> Object of type App\Models\ToolRequest\ToolRequestDetailsModel is not callable
in APPPATH\Controllers\ToolRequest\ToolRequestMasterController.php on line 294.
 1 SYSTEMPATH\CodeIgniter.php(919): App\Controllers\ToolRequest\ToolRequestMasterController->tool_req_list()
 2 SYSTEMPATH\CodeIgniter.php(494): CodeIgniter\CodeIgniter->runController(Object(App\Controllers\ToolRequest\ToolRequestMasterController))
 3 SYSTEMPATH\CodeIgniter.php(353): CodeIgniter\CodeIgniter->handleRequest(null, Object(Config\Cache), false)
 4 FCPATH\index.php(87): CodeIgniter\CodeIgniter->run()
 5 SYSTEMPATH\Commands\Server\rewrite.php(47): require_once('C:\\CandourAutoTech\\cat_rams_v2_api\\public\\index.php')
CRITICAL - 2023-11-02 23:03:02 --> Object of type App\Models\ToolRequest\ToolRequestDetailsModel is not callable
in APPPATH\Controllers\ToolRequest\ToolRequestMasterController.php on line 294.
 1 SYSTEMPATH\CodeIgniter.php(919): App\Controllers\ToolRequest\ToolRequestMasterController->tool_req_list()
 2 SYSTEMPATH\CodeIgniter.php(494): CodeIgniter\CodeIgniter->runController(Object(App\Controllers\ToolRequest\ToolRequestMasterController))
 3 SYSTEMPATH\CodeIgniter.php(353): CodeIgniter\CodeIgniter->handleRequest(null, Object(Config\Cache), false)
 4 FCPATH\index.php(87): CodeIgniter\CodeIgniter->run()
 5 SYSTEMPATH\Commands\Server\rewrite.php(47): require_once('C:\\CandourAutoTech\\cat_rams_v2_api\\public\\index.php')
CRITICAL - 2023-11-02 23:03:33 --> Object of type App\Models\ToolRequest\ToolRequestDetailsModel is not callable
in APPPATH\Controllers\ToolRequest\ToolRequestMasterController.php on line 294.
 1 SYSTEMPATH\CodeIgniter.php(919): App\Controllers\ToolRequest\ToolRequestMasterController->tool_req_list()
 2 SYSTEMPATH\CodeIgniter.php(494): CodeIgniter\CodeIgniter->runController(Object(App\Controllers\ToolRequest\ToolRequestMasterController))
 3 SYSTEMPATH\CodeIgniter.php(353): CodeIgniter\CodeIgniter->handleRequest(null, Object(Config\Cache), false)
 4 FCPATH\index.php(87): CodeIgniter\CodeIgniter->run()
 5 SYSTEMPATH\Commands\Server\rewrite.php(47): require_once('C:\\CandourAutoTech\\cat_rams_v2_api\\public\\index.php')
