CRITICAL - 2024-05-28 22:27:42 --> CodeIgniter\Database\BaseBuilder::hasOperator(): Argument #1 ($str) must be of type string, Closure given, called in D:\RamsAPI-localtestlive\CandourAutoTech\cat_rams_v2_api\system\Database\BaseBuilder.php on line 648
in SYSTEMPATH\Database\BaseBuilder.php on line 3370.
 1 SYSTEMPATH\Database\BaseBuilder.php(648): CodeIgniter\Database\BaseBuilder->hasOperator(Object(Closure))
 2 SYSTEMPATH\Model.php(871): CodeIgniter\Database\BaseBuilder->join('`customer_master`', Object(Closure))
 3 APPPATH\Controllers\ServiceRequest\ServiceRequestMasterController.php(92): CodeIgniter\Model->__call('join', [...])
 4 SYSTEMPATH\CodeIgniter.php(919): App\Controllers\ServiceRequest\ServiceRequestMasterController->index()
 5 SYSTEMPATH\CodeIgniter.php(494): CodeIgniter\CodeIgniter->runController(Object(App\Controllers\ServiceRequest\ServiceRequestMasterController))
 6 SYSTEMPATH\CodeIgniter.php(353): CodeIgniter\CodeIgniter->handleRequest(null, Object(Config\Cache), false)
 7 FCPATH\index.php(79): CodeIgniter\CodeIgniter->run()
 8 SYSTEMPATH\Commands\Server\rewrite.php(47): require_once('D:\\RamsAPI-localtestlive\\CandourAutoTech\\cat_rams_v2_api\\public\\index.php')
CRITICAL - 2024-05-28 22:28:58 --> Undefined array key "serm_id"
in APPPATH\Controllers\ServiceRequest\ServiceRequestMasterController.php on line 109.
 1 APPPATH\Controllers\ServiceRequest\ServiceRequestMasterController.php(109): CodeIgniter\Debug\Exceptions->errorHandler(2, 'Undefined array key "serm_id"', 'D:\\RamsAPI-localtestlive\\CandourAutoTech\\cat_rams_v2_api\\app\\Controllers\\ServiceRequest\\ServiceRequestMasterController.php', 109)
 2 SYSTEMPATH\CodeIgniter.php(919): App\Controllers\ServiceRequest\ServiceRequestMasterController->index()
 3 SYSTEMPATH\CodeIgniter.php(494): CodeIgniter\CodeIgniter->runController(Object(App\Controllers\ServiceRequest\ServiceRequestMasterController))
 4 SYSTEMPATH\CodeIgniter.php(353): CodeIgniter\CodeIgniter->handleRequest(null, Object(Config\Cache), false)
 5 FCPATH\index.php(79): CodeIgniter\CodeIgniter->run()
 6 SYSTEMPATH\Commands\Server\rewrite.php(47): require_once('D:\\RamsAPI-localtestlive\\CandourAutoTech\\cat_rams_v2_api\\public\\index.php')
ERROR - 2024-05-28 22:33:47 --> mysqli_sql_exception: You have an error in your SQL syntax; check the manual that corresponds to your MariaDB server version for the right syntax to use near '*) AS *, MAX(`cat_vehicle_data`.*) AS *, MAX(`status_master`.*) AS *, MAX(`us...' at line 1 in D:\RamsAPI-localtestlive\CandourAutoTech\cat_rams_v2_api\system\Database\MySQLi\Connection.php:306
Stack trace:
#0 D:\RamsAPI-localtestlive\CandourAutoTech\cat_rams_v2_api\system\Database\MySQLi\Connection.php(306): mysqli->query('SELECT `custome...', 0)
#1 D:\RamsAPI-localtestlive\CandourAutoTech\cat_rams_v2_api\system\Database\BaseConnection.php(692): CodeIgniter\Database\MySQLi\Connection->execute('SELECT `custome...')
#2 D:\RamsAPI-localtestlive\CandourAutoTech\cat_rams_v2_api\system\Database\BaseConnection.php(606): CodeIgniter\Database\BaseConnection->simpleQuery('SELECT `custome...')
#3 D:\RamsAPI-localtestlive\CandourAutoTech\cat_rams_v2_api\system\Database\BaseBuilder.php(1615): CodeIgniter\Database\BaseConnection->query('SELECT `custome...', Array, false)
#4 D:\RamsAPI-localtestlive\CandourAutoTech\cat_rams_v2_api\system\Model.php(237): CodeIgniter\Database\BaseBuilder->get()
#5 D:\RamsAPI-localtestlive\CandourAutoTech\cat_rams_v2_api\system\BaseModel.php(624): CodeIgniter\Model->doFindAll(0, 0)
#6 D:\RamsAPI-localtestlive\CandourAutoTech\cat_rams_v2_api\app\Controllers\ServiceRequest\ServiceRequestMasterController.php(103): CodeIgniter\BaseModel->findAll()
#7 D:\RamsAPI-localtestlive\CandourAutoTech\cat_rams_v2_api\system\CodeIgniter.php(919): App\Controllers\ServiceRequest\ServiceRequestMasterController->index()
#8 D:\RamsAPI-localtestlive\CandourAutoTech\cat_rams_v2_api\system\CodeIgniter.php(494): CodeIgniter\CodeIgniter->runController(Object(App\Controllers\ServiceRequest\ServiceRequestMasterController))
#9 D:\RamsAPI-localtestlive\CandourAutoTech\cat_rams_v2_api\system\CodeIgniter.php(353): CodeIgniter\CodeIgniter->handleRequest(NULL, Object(Config\Cache), false)
#10 D:\RamsAPI-localtestlive\CandourAutoTech\cat_rams_v2_api\public\index.php(79): CodeIgniter\CodeIgniter->run()
#11 D:\RamsAPI-localtestlive\CandourAutoTech\cat_rams_v2_api\system\Commands\Server\rewrite.php(47): require_once('D:\\RamsAPI-loca...')
#12 {main}
CRITICAL - 2024-05-28 22:33:47 --> You have an error in your SQL syntax; check the manual that corresponds to your MariaDB server version for the right syntax to use near '*) AS *, MAX(`cat_vehicle_data`.*) AS *, MAX(`status_master`.*) AS *, MAX(`us...' at line 1
in SYSTEMPATH\Database\BaseConnection.php on line 646.
 1 SYSTEMPATH\Database\BaseBuilder.php(1615): CodeIgniter\Database\BaseConnection->query('SELECT `customer_master`.`cstm_name`, `customer_master`.`cstm_id`, `customer_master`.`cstm_phone`, `customer_master`.`cstm_type`, MAX(`customer_vehicle`.*) AS *, MAX(`cat_vehicle_data`.*) AS *, MAX(`status_master`.*) AS *, MAX(`users`.*) AS *
FROM `servicerequest_master`
JOIN `customer_master` ON `cstm_id`=`serm_custid`
JOIN `customer_vehicle` ON `custveh_id` = `serm_vehid`
JOIN `cat_vehicle_data` ON `id`=`custveh_veh_id`
JOIN `status_master` ON `sm_id`=`serm_status`
LEFT JOIN `users` ON `us_id`=`serm_createdby`
WHERE `serm_deleteflag` = :serm_deleteflag:
AND `serm_active_flag` = :serm_active_flag:
AND `serm_status` != :serm_status:
AND `serm_status` != :serm_status.1:
ORDER BY `serm_id` DESC', [...], false)
 2 SYSTEMPATH\Model.php(237): CodeIgniter\Database\BaseBuilder->get()
 3 SYSTEMPATH\BaseModel.php(624): CodeIgniter\Model->doFindAll(0, 0)
 4 APPPATH\Controllers\ServiceRequest\ServiceRequestMasterController.php(103): CodeIgniter\BaseModel->findAll()
 5 SYSTEMPATH\CodeIgniter.php(919): App\Controllers\ServiceRequest\ServiceRequestMasterController->index()
 6 SYSTEMPATH\CodeIgniter.php(494): CodeIgniter\CodeIgniter->runController(Object(App\Controllers\ServiceRequest\ServiceRequestMasterController))
 7 SYSTEMPATH\CodeIgniter.php(353): CodeIgniter\CodeIgniter->handleRequest(null, Object(Config\Cache), false)
 8 FCPATH\index.php(79): CodeIgniter\CodeIgniter->run()
 9 SYSTEMPATH\Commands\Server\rewrite.php(47): require_once('D:\\RamsAPI-localtestlive\\CandourAutoTech\\cat_rams_v2_api\\public\\index.php')
CRITICAL - 2024-05-28 22:41:56 --> Undefined variable $result
in APPPATH\Controllers\ServiceRequest\ServiceRequestMasterController.php on line 124.
 1 APPPATH\Controllers\ServiceRequest\ServiceRequestMasterController.php(124): CodeIgniter\Debug\Exceptions->errorHandler(2, 'Undefined variable $result', 'D:\\RamsAPI-localtestlive\\CandourAutoTech\\cat_rams_v2_api\\app\\Controllers\\ServiceRequest\\ServiceRequestMasterController.php', 124)
 2 SYSTEMPATH\CodeIgniter.php(919): App\Controllers\ServiceRequest\ServiceRequestMasterController->index()
 3 SYSTEMPATH\CodeIgniter.php(494): CodeIgniter\CodeIgniter->runController(Object(App\Controllers\ServiceRequest\ServiceRequestMasterController))
 4 SYSTEMPATH\CodeIgniter.php(353): CodeIgniter\CodeIgniter->handleRequest(null, Object(Config\Cache), false)
 5 FCPATH\index.php(79): CodeIgniter\CodeIgniter->run()
 6 SYSTEMPATH\Commands\Server\rewrite.php(47): require_once('D:\\RamsAPI-localtestlive\\CandourAutoTech\\cat_rams_v2_api\\public\\index.php')
CRITICAL - 2024-05-28 22:44:48 --> Call to undefined method App\Models\ServiceRequest\ServiceRequestMasterModel::where_not_in
in SYSTEMPATH\Model.php on line 873.
 1 APPPATH\Controllers\ServiceRequest\ServiceRequestMasterController.php(104): CodeIgniter\Model->__call('where_not_in', [...])
 2 SYSTEMPATH\CodeIgniter.php(919): App\Controllers\ServiceRequest\ServiceRequestMasterController->index()
 3 SYSTEMPATH\CodeIgniter.php(494): CodeIgniter\CodeIgniter->runController(Object(App\Controllers\ServiceRequest\ServiceRequestMasterController))
 4 SYSTEMPATH\CodeIgniter.php(353): CodeIgniter\CodeIgniter->handleRequest(null, Object(Config\Cache), false)
 5 FCPATH\index.php(79): CodeIgniter\CodeIgniter->run()
 6 SYSTEMPATH\Commands\Server\rewrite.php(47): require_once('D:\\RamsAPI-localtestlive\\CandourAutoTech\\cat_rams_v2_api\\public\\index.php')
CRITICAL - 2024-05-28 22:46:08 --> Call to undefined method App\Models\ServiceRequest\ServiceRequestMasterModel::where_not_in
in SYSTEMPATH\Model.php on line 873.
 1 APPPATH\Controllers\ServiceRequest\ServiceRequestMasterController.php(103): CodeIgniter\Model->__call('where_not_in', [...])
 2 SYSTEMPATH\CodeIgniter.php(919): App\Controllers\ServiceRequest\ServiceRequestMasterController->index()
 3 SYSTEMPATH\CodeIgniter.php(494): CodeIgniter\CodeIgniter->runController(Object(App\Controllers\ServiceRequest\ServiceRequestMasterController))
 4 SYSTEMPATH\CodeIgniter.php(353): CodeIgniter\CodeIgniter->handleRequest(null, Object(Config\Cache), false)
 5 FCPATH\index.php(79): CodeIgniter\CodeIgniter->run()
 6 SYSTEMPATH\Commands\Server\rewrite.php(47): require_once('D:\\RamsAPI-localtestlive\\CandourAutoTech\\cat_rams_v2_api\\public\\index.php')
CRITICAL - 2024-05-28 22:46:31 --> CodeIgniter\Database\BaseBuilder::where(): Argument #3 ($escape) must be of type ?bool, array given, called in D:\RamsAPI-localtestlive\CandourAutoTech\cat_rams_v2_api\system\Model.php on line 871
in SYSTEMPATH\Database\BaseBuilder.php on line 696.
 1 SYSTEMPATH\Model.php(871): CodeIgniter\Database\BaseBuilder->where('servicerequest_master.serm_status', '!=', [...])
 2 APPPATH\Controllers\ServiceRequest\ServiceRequestMasterController.php(103): CodeIgniter\Model->__call('where', [...])
 3 SYSTEMPATH\CodeIgniter.php(919): App\Controllers\ServiceRequest\ServiceRequestMasterController->index()
 4 SYSTEMPATH\CodeIgniter.php(494): CodeIgniter\CodeIgniter->runController(Object(App\Controllers\ServiceRequest\ServiceRequestMasterController))
 5 SYSTEMPATH\CodeIgniter.php(353): CodeIgniter\CodeIgniter->handleRequest(null, Object(Config\Cache), false)
 6 FCPATH\index.php(79): CodeIgniter\CodeIgniter->run()
 7 SYSTEMPATH\Commands\Server\rewrite.php(47): require_once('D:\\RamsAPI-localtestlive\\CandourAutoTech\\cat_rams_v2_api\\public\\index.php')
CRITICAL - 2024-05-28 22:47:58 --> CodeIgniter\Database\BaseBuilder::where(): Argument #3 ($escape) must be of type ?bool, array given, called in D:\RamsAPI-localtestlive\CandourAutoTech\cat_rams_v2_api\system\Model.php on line 871
in SYSTEMPATH\Database\BaseBuilder.php on line 696.
 1 SYSTEMPATH\Model.php(871): CodeIgniter\Database\BaseBuilder->where('servicerequest_master.serm_status', '!=', [...])
 2 APPPATH\Controllers\ServiceRequest\ServiceRequestMasterController.php(103): CodeIgniter\Model->__call('where', [...])
 3 SYSTEMPATH\CodeIgniter.php(919): App\Controllers\ServiceRequest\ServiceRequestMasterController->index()
 4 SYSTEMPATH\CodeIgniter.php(494): CodeIgniter\CodeIgniter->runController(Object(App\Controllers\ServiceRequest\ServiceRequestMasterController))
 5 SYSTEMPATH\CodeIgniter.php(353): CodeIgniter\CodeIgniter->handleRequest(null, Object(Config\Cache), false)
 6 FCPATH\index.php(79): CodeIgniter\CodeIgniter->run()
 7 SYSTEMPATH\Commands\Server\rewrite.php(47): require_once('D:\\RamsAPI-localtestlive\\CandourAutoTech\\cat_rams_v2_api\\public\\index.php')
