CRITICAL - 2023-10-31 11:50:03 --> Cannot use object of type stdClass as array
in APPPATH\Controllers\System\UserRoleController.php on line 867.
 1 SYSTEMPATH\CodeIgniter.php(919): App\Controllers\System\UserRoleController->tool_create()
 2 SYSTEMPATH\CodeIgniter.php(494): CodeIgniter\CodeIgniter->runController(Object(App\Controllers\System\UserRoleController))
 3 SYSTEMPATH\CodeIgniter.php(353): CodeIgniter\CodeIgniter->handleRequest(null, Object(Config\Cache), false)
 4 FCPATH\index.php(87): CodeIgniter\CodeIgniter->run()
 5 SYSTEMPATH\Commands\Server\rewrite.php(47): require_once('C:\\CandourAutoTech\\cat_rams_v2_api\\public\\index.php')
CRITICAL - 2023-10-31 11:51:26 --> Cannot use object of type stdClass as array
in APPPATH\Controllers\System\UserRoleController.php on line 866.
 1 SYSTEMPATH\CodeIgniter.php(919): App\Controllers\System\UserRoleController->tool_create()
 2 SYSTEMPATH\CodeIgniter.php(494): CodeIgniter\CodeIgniter->runController(Object(App\Controllers\System\UserRoleController))
 3 SYSTEMPATH\CodeIgniter.php(353): CodeIgniter\CodeIgniter->handleRequest(null, Object(Config\Cache), false)
 4 FCPATH\index.php(87): CodeIgniter\CodeIgniter->run()
 5 SYSTEMPATH\Commands\Server\rewrite.php(47): require_once('C:\\CandourAutoTech\\cat_rams_v2_api\\public\\index.php')
CRITICAL - 2023-10-31 11:52:16 --> Cannot use object of type stdClass as array
in APPPATH\Controllers\System\UserRoleController.php on line 868.
 1 SYSTEMPATH\CodeIgniter.php(919): App\Controllers\System\UserRoleController->tool_create()
 2 SYSTEMPATH\CodeIgniter.php(494): CodeIgniter\CodeIgniter->runController(Object(App\Controllers\System\UserRoleController))
 3 SYSTEMPATH\CodeIgniter.php(353): CodeIgniter\CodeIgniter->handleRequest(null, Object(Config\Cache), false)
 4 FCPATH\index.php(87): CodeIgniter\CodeIgniter->run()
 5 SYSTEMPATH\Commands\Server\rewrite.php(47): require_once('C:\\CandourAutoTech\\cat_rams_v2_api\\public\\index.php')
CRITICAL - 2023-10-31 12:07:29 --> Undefined array key "No Tools found"
in APPPATH\Controllers\System\UserRoleController.php on line 899.
 1 APPPATH\Controllers\System\UserRoleController.php(899): CodeIgniter\Debug\Exceptions->errorHandler(2, 'Undefined array key "No Tools found"', 'C:\\CandourAutoTech\\cat_rams_v2_api\\app\\Controllers\\System\\UserRoleController.php', 899)
 2 SYSTEMPATH\CodeIgniter.php(919): App\Controllers\System\UserRoleController->tool_list()
 3 SYSTEMPATH\CodeIgniter.php(494): CodeIgniter\CodeIgniter->runController(Object(App\Controllers\System\UserRoleController))
 4 SYSTEMPATH\CodeIgniter.php(353): CodeIgniter\CodeIgniter->handleRequest(null, Object(Config\Cache), false)
 5 FCPATH\index.php(87): CodeIgniter\CodeIgniter->run()
 6 SYSTEMPATH\Commands\Server\rewrite.php(47): require_once('C:\\CandourAutoTech\\cat_rams_v2_api\\public\\index.php')
CRITICAL - 2023-10-31 12:08:03 --> Undefined array key "No Tools found"
in APPPATH\Controllers\System\UserRoleController.php on line 900.
 1 APPPATH\Controllers\System\UserRoleController.php(900): CodeIgniter\Debug\Exceptions->errorHandler(2, 'Undefined array key "No Tools found"', 'C:\\CandourAutoTech\\cat_rams_v2_api\\app\\Controllers\\System\\UserRoleController.php', 900)
 2 SYSTEMPATH\CodeIgniter.php(919): App\Controllers\System\UserRoleController->tool_list()
 3 SYSTEMPATH\CodeIgniter.php(494): CodeIgniter\CodeIgniter->runController(Object(App\Controllers\System\UserRoleController))
 4 SYSTEMPATH\CodeIgniter.php(353): CodeIgniter\CodeIgniter->handleRequest(null, Object(Config\Cache), false)
 5 FCPATH\index.php(87): CodeIgniter\CodeIgniter->run()
 6 SYSTEMPATH\Commands\Server\rewrite.php(47): require_once('C:\\CandourAutoTech\\cat_rams_v2_api\\public\\index.php')
CRITICAL - 2023-10-31 14:26:32 --> Cannot use object of type stdClass as array
in APPPATH\Controllers\System\UserRoleController.php on line 915.
 1 SYSTEMPATH\CodeIgniter.php(919): App\Controllers\System\UserRoleController->fetch_tool_details()
 2 SYSTEMPATH\CodeIgniter.php(494): CodeIgniter\CodeIgniter->runController(Object(App\Controllers\System\UserRoleController))
 3 SYSTEMPATH\CodeIgniter.php(353): CodeIgniter\CodeIgniter->handleRequest(null, Object(Config\Cache), false)
 4 FCPATH\index.php(87): CodeIgniter\CodeIgniter->run()
 5 SYSTEMPATH\Commands\Server\rewrite.php(47): require_once('C:\\CandourAutoTech\\cat_rams_v2_api\\public\\index.php')
CRITICAL - 2023-10-31 17:13:35 --> Class "app\Models\ServiceRequest\ServiceRequestMaster" not found
in APPPATH\Controllers\ServiceRequest\ServiceRequestMasterController.php on line 315.
 1 SYSTEMPATH\CodeIgniter.php(919): App\Controllers\ServiceRequest\ServiceRequestMasterController->service_request_list()
 2 SYSTEMPATH\CodeIgniter.php(494): CodeIgniter\CodeIgniter->runController(Object(App\Controllers\ServiceRequest\ServiceRequestMasterController))
 3 SYSTEMPATH\CodeIgniter.php(353): CodeIgniter\CodeIgniter->handleRequest(null, Object(Config\Cache), false)
 4 FCPATH\index.php(87): CodeIgniter\CodeIgniter->run()
 5 SYSTEMPATH\Commands\Server\rewrite.php(47): require_once('C:\\CandourAutoTech\\cat_rams_v2_api\\public\\index.php')
CRITICAL - 2023-10-31 17:13:48 --> Class "app\Models\ServiceRequest\ServiceRequestMaster" not found
in APPPATH\Controllers\ServiceRequest\ServiceRequestMasterController.php on line 315.
 1 SYSTEMPATH\CodeIgniter.php(919): App\Controllers\ServiceRequest\ServiceRequestMasterController->service_request_list()
 2 SYSTEMPATH\CodeIgniter.php(494): CodeIgniter\CodeIgniter->runController(Object(App\Controllers\ServiceRequest\ServiceRequestMasterController))
 3 SYSTEMPATH\CodeIgniter.php(353): CodeIgniter\CodeIgniter->handleRequest(null, Object(Config\Cache), false)
 4 FCPATH\index.php(87): CodeIgniter\CodeIgniter->run()
 5 SYSTEMPATH\Commands\Server\rewrite.php(47): require_once('C:\\CandourAutoTech\\cat_rams_v2_api\\public\\index.php')
CRITICAL - 2023-10-31 17:15:15 --> Class "app\Models\ServiceRequest\ServiceRequestMaster" not found
in APPPATH\Controllers\ServiceRequest\ServiceRequestMasterController.php on line 316.
 1 SYSTEMPATH\CodeIgniter.php(919): App\Controllers\ServiceRequest\ServiceRequestMasterController->service_request_list()
 2 SYSTEMPATH\CodeIgniter.php(494): CodeIgniter\CodeIgniter->runController(Object(App\Controllers\ServiceRequest\ServiceRequestMasterController))
 3 SYSTEMPATH\CodeIgniter.php(353): CodeIgniter\CodeIgniter->handleRequest(null, Object(Config\Cache), false)
 4 FCPATH\index.php(87): CodeIgniter\CodeIgniter->run()
 5 SYSTEMPATH\Commands\Server\rewrite.php(47): require_once('C:\\CandourAutoTech\\cat_rams_v2_api\\public\\index.php')
CRITICAL - 2023-10-31 17:16:14 --> Class "app\Models\ServiceRequest\ServiceRequestMaster" not found
in APPPATH\Controllers\ServiceRequest\ServiceRequestMasterController.php on line 316.
 1 SYSTEMPATH\CodeIgniter.php(919): App\Controllers\ServiceRequest\ServiceRequestMasterController->service_request_list()
 2 SYSTEMPATH\CodeIgniter.php(494): CodeIgniter\CodeIgniter->runController(Object(App\Controllers\ServiceRequest\ServiceRequestMasterController))
 3 SYSTEMPATH\CodeIgniter.php(353): CodeIgniter\CodeIgniter->handleRequest(null, Object(Config\Cache), false)
 4 FCPATH\index.php(87): CodeIgniter\CodeIgniter->run()
 5 SYSTEMPATH\Commands\Server\rewrite.php(47): require_once('C:\\CandourAutoTech\\cat_rams_v2_api\\public\\index.php')
CRITICAL - 2023-10-31 17:16:45 --> Class "app\Models\ServiceRequest\ServiceRequestMaster" not found
in APPPATH\Controllers\ServiceRequest\ServiceRequestMasterController.php on line 316.
 1 SYSTEMPATH\CodeIgniter.php(919): App\Controllers\ServiceRequest\ServiceRequestMasterController->service_request_list()
 2 SYSTEMPATH\CodeIgniter.php(494): CodeIgniter\CodeIgniter->runController(Object(App\Controllers\ServiceRequest\ServiceRequestMasterController))
 3 SYSTEMPATH\CodeIgniter.php(353): CodeIgniter\CodeIgniter->handleRequest(null, Object(Config\Cache), false)
 4 FCPATH\index.php(87): CodeIgniter\CodeIgniter->run()
 5 SYSTEMPATH\Commands\Server\rewrite.php(47): require_once('C:\\CandourAutoTech\\cat_rams_v2_api\\public\\index.php')
CRITICAL - 2023-10-31 17:21:07 --> Class "app\Models\ServiceRequest\ServiceRequestMaster" not found
in APPPATH\Controllers\ServiceRequest\ServiceRequestMasterController.php on line 323.
 1 SYSTEMPATH\CodeIgniter.php(919): App\Controllers\ServiceRequest\ServiceRequestMasterController->service_request_list()
 2 SYSTEMPATH\CodeIgniter.php(494): CodeIgniter\CodeIgniter->runController(Object(App\Controllers\ServiceRequest\ServiceRequestMasterController))
 3 SYSTEMPATH\CodeIgniter.php(353): CodeIgniter\CodeIgniter->handleRequest(null, Object(Config\Cache), false)
 4 FCPATH\index.php(87): CodeIgniter\CodeIgniter->run()
 5 SYSTEMPATH\Commands\Server\rewrite.php(47): require_once('C:\\CandourAutoTech\\cat_rams_v2_api\\public\\index.php')
CRITICAL - 2023-10-31 17:21:32 --> Class "app\models\Customer\CustomerMasterModel" not found
in APPPATH\Controllers\ServiceRequest\ServiceRequestMasterController.php on line 324.
 1 SYSTEMPATH\CodeIgniter.php(919): App\Controllers\ServiceRequest\ServiceRequestMasterController->service_request_list()
 2 SYSTEMPATH\CodeIgniter.php(494): CodeIgniter\CodeIgniter->runController(Object(App\Controllers\ServiceRequest\ServiceRequestMasterController))
 3 SYSTEMPATH\CodeIgniter.php(353): CodeIgniter\CodeIgniter->handleRequest(null, Object(Config\Cache), false)
 4 FCPATH\index.php(87): CodeIgniter\CodeIgniter->run()
 5 SYSTEMPATH\Commands\Server\rewrite.php(47): require_once('C:\\CandourAutoTech\\cat_rams_v2_api\\public\\index.php')
CRITICAL - 2023-10-31 17:22:26 --> syntax error, unexpected token "use", expecting "," or ";"
in APPPATH\Controllers\ServiceRequest\ServiceRequestMasterController.php on line 17.
 1 SYSTEMPATH\Autoloader\Autoloader.php(285): CodeIgniter\Autoloader\Autoloader->includeFile('C:\\CandourAutoTech\\cat_rams_v2_api\\app\\Controllers\\ServiceRequest\\ServiceRequestMasterController.php')
 2 SYSTEMPATH\Autoloader\Autoloader.php(263): CodeIgniter\Autoloader\Autoloader->loadInNamespace('App\\Controllers\\ServiceRequest\\ServiceRequestMasterController')
 3 [internal function]: CodeIgniter\Autoloader\Autoloader->loadClass('App\\Controllers\\ServiceRequest\\ServiceRequestMasterController')
 4 SYSTEMPATH\CodeIgniter.php(877): class_exists('\\App\\Controllers\\ServiceRequest\\ServiceRequestMasterController', true)
 5 SYSTEMPATH\CodeIgniter.php(481): CodeIgniter\CodeIgniter->startController()
 6 SYSTEMPATH\CodeIgniter.php(353): CodeIgniter\CodeIgniter->handleRequest(null, Object(Config\Cache), false)
 7 FCPATH\index.php(87): CodeIgniter\CodeIgniter->run()
 8 SYSTEMPATH\Commands\Server\rewrite.php(47): require_once('C:\\CandourAutoTech\\cat_rams_v2_api\\public\\index.php')
CRITICAL - 2023-10-31 17:25:22 --> Class "app\Models\Customer\CustomerMasterModel" not found
in APPPATH\Controllers\ServiceRequest\ServiceRequestMasterController.php on line 322.
 1 SYSTEMPATH\CodeIgniter.php(919): App\Controllers\ServiceRequest\ServiceRequestMasterController->service_request_list()
 2 SYSTEMPATH\CodeIgniter.php(494): CodeIgniter\CodeIgniter->runController(Object(App\Controllers\ServiceRequest\ServiceRequestMasterController))
 3 SYSTEMPATH\CodeIgniter.php(353): CodeIgniter\CodeIgniter->handleRequest(null, Object(Config\Cache), false)
 4 FCPATH\index.php(87): CodeIgniter\CodeIgniter->run()
 5 SYSTEMPATH\Commands\Server\rewrite.php(47): require_once('C:\\CandourAutoTech\\cat_rams_v2_api\\public\\index.php')
CRITICAL - 2023-10-31 17:26:45 --> Class "app\Models\ServiceRequest\ServiceRequestMasterModel" not found
in APPPATH\Controllers\ServiceRequest\ServiceRequestMasterController.php on line 323.
 1 SYSTEMPATH\CodeIgniter.php(919): App\Controllers\ServiceRequest\ServiceRequestMasterController->service_request_list()
 2 SYSTEMPATH\CodeIgniter.php(494): CodeIgniter\CodeIgniter->runController(Object(App\Controllers\ServiceRequest\ServiceRequestMasterController))
 3 SYSTEMPATH\CodeIgniter.php(353): CodeIgniter\CodeIgniter->handleRequest(null, Object(Config\Cache), false)
 4 FCPATH\index.php(87): CodeIgniter\CodeIgniter->run()
 5 SYSTEMPATH\Commands\Server\rewrite.php(47): require_once('C:\\CandourAutoTech\\cat_rams_v2_api\\public\\index.php')
CRITICAL - 2023-10-31 17:29:33 --> Undefined array key "serm_custid"
in APPPATH\Controllers\ServiceRequest\ServiceRequestMasterController.php on line 329.
 1 APPPATH\Controllers\ServiceRequest\ServiceRequestMasterController.php(329): CodeIgniter\Debug\Exceptions->errorHandler(2, 'Undefined array key "serm_custid"', 'C:\\CandourAutoTech\\cat_rams_v2_api\\app\\Controllers\\ServiceRequest\\ServiceRequestMasterController.php', 329)
 2 SYSTEMPATH\CodeIgniter.php(919): App\Controllers\ServiceRequest\ServiceRequestMasterController->service_request_list()
 3 SYSTEMPATH\CodeIgniter.php(494): CodeIgniter\CodeIgniter->runController(Object(App\Controllers\ServiceRequest\ServiceRequestMasterController))
 4 SYSTEMPATH\CodeIgniter.php(353): CodeIgniter\CodeIgniter->handleRequest(null, Object(Config\Cache), false)
 5 FCPATH\index.php(87): CodeIgniter\CodeIgniter->run()
 6 SYSTEMPATH\Commands\Server\rewrite.php(47): require_once('C:\\CandourAutoTech\\cat_rams_v2_api\\public\\index.php')
CRITICAL - 2023-10-31 17:45:30 --> Undefined array key "serm_custid"
in APPPATH\Controllers\ServiceRequest\ServiceRequestMasterController.php on line 329.
 1 APPPATH\Controllers\ServiceRequest\ServiceRequestMasterController.php(329): CodeIgniter\Debug\Exceptions->errorHandler(2, 'Undefined array key "serm_custid"', 'C:\\CandourAutoTech\\cat_rams_v2_api\\app\\Controllers\\ServiceRequest\\ServiceRequestMasterController.php', 329)
 2 SYSTEMPATH\CodeIgniter.php(919): App\Controllers\ServiceRequest\ServiceRequestMasterController->service_request_list()
 3 SYSTEMPATH\CodeIgniter.php(494): CodeIgniter\CodeIgniter->runController(Object(App\Controllers\ServiceRequest\ServiceRequestMasterController))
 4 SYSTEMPATH\CodeIgniter.php(353): CodeIgniter\CodeIgniter->handleRequest(null, Object(Config\Cache), false)
 5 FCPATH\index.php(87): CodeIgniter\CodeIgniter->run()
 6 SYSTEMPATH\Commands\Server\rewrite.php(47): require_once('C:\\CandourAutoTech\\cat_rams_v2_api\\public\\index.php')
CRITICAL - 2023-10-31 17:46:06 --> Cannot use object of type stdClass as array
in APPPATH\Controllers\ServiceRequest\ServiceRequestMasterController.php on line 329.
 1 SYSTEMPATH\CodeIgniter.php(919): App\Controllers\ServiceRequest\ServiceRequestMasterController->service_request_list()
 2 SYSTEMPATH\CodeIgniter.php(494): CodeIgniter\CodeIgniter->runController(Object(App\Controllers\ServiceRequest\ServiceRequestMasterController))
 3 SYSTEMPATH\CodeIgniter.php(353): CodeIgniter\CodeIgniter->handleRequest(null, Object(Config\Cache), false)
 4 FCPATH\index.php(87): CodeIgniter\CodeIgniter->run()
 5 SYSTEMPATH\Commands\Server\rewrite.php(47): require_once('C:\\CandourAutoTech\\cat_rams_v2_api\\public\\index.php')
