CRITICAL - 2024-02-15 11:38:22 --> Signature verification failed
in VENDORPATH\firebase\php-jwt\src\JWT.php on line 136.
 1 APPPATH\Config\Commonutils.php(30): Firebase\JWT\JWT::decode('eyJ0eXAiOiJKV1QiLCJhbGciOiJIUzI1NiJ9.eyJpc3MiOiJEaWdpdGFsIFNlcnZpY2UiLCJhdWQiOiJjdXN0b21lciIsInN1YiI6IkN1c3RvbWVyIHZlcmlmaWNhdGlvbiIsImlhdCI6MTcwNzkxMjI3OSwidWlkIjoiMiJ9.wNq6r4w1RBpy22VqrVZLQG6Rq32hMdqUZgAoA6TE-eg', Object(Firebase\JWT\Key))
 2 APPPATH\Controllers\ToolRequest\ToolRequestMasterController.php(691): Config\Commonutils->decode_jwt_token('eyJ0eXAiOiJKV1QiLCJhbGciOiJIUzI1NiJ9.eyJpc3MiOiJEaWdpdGFsIFNlcnZpY2UiLCJhdWQiOiJjdXN0b21lciIsInN1YiI6IkN1c3RvbWVyIHZlcmlmaWNhdGlvbiIsImlhdCI6MTcwNzkxMjI3OSwidWlkIjoiMiJ9.wNq6r4w1RBpy22VqrVZLQG6Rq32hMdqUZgAoA6TE-eg')
 3 SYSTEMPATH\CodeIgniter.php(919): App\Controllers\ToolRequest\ToolRequestMasterController->tool_req_list()
 4 SYSTEMPATH\CodeIgniter.php(494): CodeIgniter\CodeIgniter->runController(Object(App\Controllers\ToolRequest\ToolRequestMasterController))
 5 SYSTEMPATH\CodeIgniter.php(353): CodeIgniter\CodeIgniter->handleRequest(null, Object(Config\Cache), false)
 6 FCPATH\index.php(79): CodeIgniter\CodeIgniter->run()
 7 SYSTEMPATH\Commands\Server\rewrite.php(47): require_once('D:\\RamsAPI-localtestlive\\CandourAutoTech\\cat_rams_v2_api\\public\\index.php')
WARNING - 2024-02-15 11:58:42 --> [DEPRECATED] DateTimeImmutable::createFromFormat(): Passing null to parameter #2 ($datetime) of type string is deprecated in SYSTEMPATH\I18n\TimeTrait.php on line 242.
 1 SYSTEMPATH\I18n\TimeTrait.php(242): DateTimeImmutable::createFromFormat('Y-m-d H:i:s', null)
 2 APPPATH\Controllers\System\UserMasterController.php(298): CodeIgniter\I18n\Time::createFromFormat('Y-m-d H:i:s', null)
 3 SYSTEMPATH\CodeIgniter.php(919): App\Controllers\System\UserMasterController->get_userdet()
 4 SYSTEMPATH\CodeIgniter.php(494): CodeIgniter\CodeIgniter->runController(Object(App\Controllers\System\UserMasterController))
 5 SYSTEMPATH\CodeIgniter.php(353): CodeIgniter\CodeIgniter->handleRequest(null, Object(Config\Cache), false)
 6 FCPATH\index.php(79): CodeIgniter\CodeIgniter->run()
 7 SYSTEMPATH\Commands\Server\rewrite.php(47): require_once('D:\\RamsAPI-localtestlive\\CandourAutoTech\\cat_rams_v2_api\\public\\index.php')
CRITICAL - 2024-02-15 11:58:42 --> "Y-m-d H:i:s" is not a valid datetime format
in SYSTEMPATH\I18n\TimeTrait.php on line 243.
 1 SYSTEMPATH\I18n\TimeTrait.php(243): CodeIgniter\I18n\Exceptions\I18nException::forInvalidFormat('Y-m-d H:i:s')
 2 APPPATH\Controllers\System\UserMasterController.php(298): CodeIgniter\I18n\Time::createFromFormat('Y-m-d H:i:s', null)
 3 SYSTEMPATH\CodeIgniter.php(919): App\Controllers\System\UserMasterController->get_userdet()
 4 SYSTEMPATH\CodeIgniter.php(494): CodeIgniter\CodeIgniter->runController(Object(App\Controllers\System\UserMasterController))
 5 SYSTEMPATH\CodeIgniter.php(353): CodeIgniter\CodeIgniter->handleRequest(null, Object(Config\Cache), false)
 6 FCPATH\index.php(79): CodeIgniter\CodeIgniter->run()
 7 SYSTEMPATH\Commands\Server\rewrite.php(47): require_once('D:\\RamsAPI-localtestlive\\CandourAutoTech\\cat_rams_v2_api\\public\\index.php')
WARNING - 2024-02-15 11:59:38 --> [DEPRECATED] DateTimeImmutable::createFromFormat(): Passing null to parameter #2 ($datetime) of type string is deprecated in SYSTEMPATH\I18n\TimeTrait.php on line 242.
 1 SYSTEMPATH\I18n\TimeTrait.php(242): DateTimeImmutable::createFromFormat('Y-m-d H:i:s', null)
 2 APPPATH\Controllers\System\UserMasterController.php(298): CodeIgniter\I18n\Time::createFromFormat('Y-m-d H:i:s', null)
 3 SYSTEMPATH\CodeIgniter.php(919): App\Controllers\System\UserMasterController->get_userdet()
 4 SYSTEMPATH\CodeIgniter.php(494): CodeIgniter\CodeIgniter->runController(Object(App\Controllers\System\UserMasterController))
 5 SYSTEMPATH\CodeIgniter.php(353): CodeIgniter\CodeIgniter->handleRequest(null, Object(Config\Cache), false)
 6 FCPATH\index.php(79): CodeIgniter\CodeIgniter->run()
 7 SYSTEMPATH\Commands\Server\rewrite.php(47): require_once('D:\\RamsAPI-localtestlive\\CandourAutoTech\\cat_rams_v2_api\\public\\index.php')
CRITICAL - 2024-02-15 11:59:38 --> "Y-m-d H:i:s" is not a valid datetime format
in SYSTEMPATH\I18n\TimeTrait.php on line 243.
 1 SYSTEMPATH\I18n\TimeTrait.php(243): CodeIgniter\I18n\Exceptions\I18nException::forInvalidFormat('Y-m-d H:i:s')
 2 APPPATH\Controllers\System\UserMasterController.php(298): CodeIgniter\I18n\Time::createFromFormat('Y-m-d H:i:s', null)
 3 SYSTEMPATH\CodeIgniter.php(919): App\Controllers\System\UserMasterController->get_userdet()
 4 SYSTEMPATH\CodeIgniter.php(494): CodeIgniter\CodeIgniter->runController(Object(App\Controllers\System\UserMasterController))
 5 SYSTEMPATH\CodeIgniter.php(353): CodeIgniter\CodeIgniter->handleRequest(null, Object(Config\Cache), false)
 6 FCPATH\index.php(79): CodeIgniter\CodeIgniter->run()
 7 SYSTEMPATH\Commands\Server\rewrite.php(47): require_once('D:\\RamsAPI-localtestlive\\CandourAutoTech\\cat_rams_v2_api\\public\\index.php')
WARNING - 2024-02-15 12:00:24 --> [DEPRECATED] DateTimeImmutable::createFromFormat(): Passing null to parameter #2 ($datetime) of type string is deprecated in SYSTEMPATH\I18n\TimeTrait.php on line 242.
 1 SYSTEMPATH\I18n\TimeTrait.php(242): DateTimeImmutable::createFromFormat('Y-m-d H:i:s', null)
 2 APPPATH\Controllers\System\UserMasterController.php(297): CodeIgniter\I18n\Time::createFromFormat('Y-m-d H:i:s', null)
 3 SYSTEMPATH\CodeIgniter.php(919): App\Controllers\System\UserMasterController->get_userdet()
 4 SYSTEMPATH\CodeIgniter.php(494): CodeIgniter\CodeIgniter->runController(Object(App\Controllers\System\UserMasterController))
 5 SYSTEMPATH\CodeIgniter.php(353): CodeIgniter\CodeIgniter->handleRequest(null, Object(Config\Cache), false)
 6 FCPATH\index.php(79): CodeIgniter\CodeIgniter->run()
 7 SYSTEMPATH\Commands\Server\rewrite.php(47): require_once('D:\\RamsAPI-localtestlive\\CandourAutoTech\\cat_rams_v2_api\\public\\index.php')
CRITICAL - 2024-02-15 12:00:24 --> "Y-m-d H:i:s" is not a valid datetime format
in SYSTEMPATH\I18n\TimeTrait.php on line 243.
 1 SYSTEMPATH\I18n\TimeTrait.php(243): CodeIgniter\I18n\Exceptions\I18nException::forInvalidFormat('Y-m-d H:i:s')
 2 APPPATH\Controllers\System\UserMasterController.php(297): CodeIgniter\I18n\Time::createFromFormat('Y-m-d H:i:s', null)
 3 SYSTEMPATH\CodeIgniter.php(919): App\Controllers\System\UserMasterController->get_userdet()
 4 SYSTEMPATH\CodeIgniter.php(494): CodeIgniter\CodeIgniter->runController(Object(App\Controllers\System\UserMasterController))
 5 SYSTEMPATH\CodeIgniter.php(353): CodeIgniter\CodeIgniter->handleRequest(null, Object(Config\Cache), false)
 6 FCPATH\index.php(79): CodeIgniter\CodeIgniter->run()
 7 SYSTEMPATH\Commands\Server\rewrite.php(47): require_once('D:\\RamsAPI-localtestlive\\CandourAutoTech\\cat_rams_v2_api\\public\\index.php')
WARNING - 2024-02-15 12:02:03 --> [DEPRECATED] DateTimeImmutable::createFromFormat(): Passing null to parameter #2 ($datetime) of type string is deprecated in SYSTEMPATH\I18n\TimeTrait.php on line 242.
 1 SYSTEMPATH\I18n\TimeTrait.php(242): DateTimeImmutable::createFromFormat('Y-m-d H:i:s', null)
 2 APPPATH\Controllers\System\UserMasterController.php(297): CodeIgniter\I18n\Time::createFromFormat('Y-m-d H:i:s', null)
 3 SYSTEMPATH\CodeIgniter.php(919): App\Controllers\System\UserMasterController->get_userdet()
 4 SYSTEMPATH\CodeIgniter.php(494): CodeIgniter\CodeIgniter->runController(Object(App\Controllers\System\UserMasterController))
 5 SYSTEMPATH\CodeIgniter.php(353): CodeIgniter\CodeIgniter->handleRequest(null, Object(Config\Cache), false)
 6 FCPATH\index.php(79): CodeIgniter\CodeIgniter->run()
 7 SYSTEMPATH\Commands\Server\rewrite.php(47): require_once('D:\\RamsAPI-localtestlive\\CandourAutoTech\\cat_rams_v2_api\\public\\index.php')
CRITICAL - 2024-02-15 12:02:03 --> "Y-m-d H:i:s" is not a valid datetime format
in SYSTEMPATH\I18n\TimeTrait.php on line 243.
 1 SYSTEMPATH\I18n\TimeTrait.php(243): CodeIgniter\I18n\Exceptions\I18nException::forInvalidFormat('Y-m-d H:i:s')
 2 APPPATH\Controllers\System\UserMasterController.php(297): CodeIgniter\I18n\Time::createFromFormat('Y-m-d H:i:s', null)
 3 SYSTEMPATH\CodeIgniter.php(919): App\Controllers\System\UserMasterController->get_userdet()
 4 SYSTEMPATH\CodeIgniter.php(494): CodeIgniter\CodeIgniter->runController(Object(App\Controllers\System\UserMasterController))
 5 SYSTEMPATH\CodeIgniter.php(353): CodeIgniter\CodeIgniter->handleRequest(null, Object(Config\Cache), false)
 6 FCPATH\index.php(79): CodeIgniter\CodeIgniter->run()
 7 SYSTEMPATH\Commands\Server\rewrite.php(47): require_once('D:\\RamsAPI-localtestlive\\CandourAutoTech\\cat_rams_v2_api\\public\\index.php')
CRITICAL - 2024-02-15 12:12:24 --> Signature verification failed
in VENDORPATH\firebase\php-jwt\src\JWT.php on line 136.
 1 APPPATH\Config\Commonutils.php(30): Firebase\JWT\JWT::decode('eyJ0eXAiOiJKV1QiLCJhbGciOiJIUzI1NiJ9.eyJpc3MiOiJEaWdpdGFsIFNlcnZpY2UiLCJhdWQiOiJjdXN0b21lciIsInN1YiI6IkN1c3RvbWVyIHZlcmlmaWNhdGlvbiIsImlhdCI6MTcwNzk2OTM1MiwidWlkIjoiMSJ9.4JnnVKuik2w2P9K4o1StXxnsxajsFBr7KSGPhL0UbWo', Object(Firebase\JWT\Key))
 2 APPPATH\Controllers\ToolRequest\ToolRequestMasterController.php(691): Config\Commonutils->decode_jwt_token('eyJ0eXAiOiJKV1QiLCJhbGciOiJIUzI1NiJ9.eyJpc3MiOiJEaWdpdGFsIFNlcnZpY2UiLCJhdWQiOiJjdXN0b21lciIsInN1YiI6IkN1c3RvbWVyIHZlcmlmaWNhdGlvbiIsImlhdCI6MTcwNzk2OTM1MiwidWlkIjoiMSJ9.4JnnVKuik2w2P9K4o1StXxnsxajsFBr7KSGPhL0UbWo')
 3 SYSTEMPATH\CodeIgniter.php(919): App\Controllers\ToolRequest\ToolRequestMasterController->tool_req_list()
 4 SYSTEMPATH\CodeIgniter.php(494): CodeIgniter\CodeIgniter->runController(Object(App\Controllers\ToolRequest\ToolRequestMasterController))
 5 SYSTEMPATH\CodeIgniter.php(353): CodeIgniter\CodeIgniter->handleRequest(null, Object(Config\Cache), false)
 6 FCPATH\index.php(79): CodeIgniter\CodeIgniter->run()
 7 SYSTEMPATH\Commands\Server\rewrite.php(47): require_once('D:\\RamsAPI-localtestlive\\CandourAutoTech\\cat_rams_v2_api\\public\\index.php')
WARNING - 2024-02-15 12:21:19 --> [DEPRECATED] DateTimeImmutable::createFromFormat(): Passing null to parameter #2 ($datetime) of type string is deprecated in SYSTEMPATH\I18n\TimeTrait.php on line 242.
 1 SYSTEMPATH\I18n\TimeTrait.php(242): DateTimeImmutable::createFromFormat('Y-m-d H:i:s', null)
 2 APPPATH\Controllers\System\UserMasterController.php(296): CodeIgniter\I18n\Time::createFromFormat('Y-m-d H:i:s', null)
 3 SYSTEMPATH\CodeIgniter.php(919): App\Controllers\System\UserMasterController->get_userdet()
 4 SYSTEMPATH\CodeIgniter.php(494): CodeIgniter\CodeIgniter->runController(Object(App\Controllers\System\UserMasterController))
 5 SYSTEMPATH\CodeIgniter.php(353): CodeIgniter\CodeIgniter->handleRequest(null, Object(Config\Cache), false)
 6 FCPATH\index.php(79): CodeIgniter\CodeIgniter->run()
 7 SYSTEMPATH\Commands\Server\rewrite.php(47): require_once('D:\\RamsAPI-localtestlive\\CandourAutoTech\\cat_rams_v2_api\\public\\index.php')
CRITICAL - 2024-02-15 12:21:19 --> "Y-m-d H:i:s" is not a valid datetime format
in SYSTEMPATH\I18n\TimeTrait.php on line 243.
 1 SYSTEMPATH\I18n\TimeTrait.php(243): CodeIgniter\I18n\Exceptions\I18nException::forInvalidFormat('Y-m-d H:i:s')
 2 APPPATH\Controllers\System\UserMasterController.php(296): CodeIgniter\I18n\Time::createFromFormat('Y-m-d H:i:s', null)
 3 SYSTEMPATH\CodeIgniter.php(919): App\Controllers\System\UserMasterController->get_userdet()
 4 SYSTEMPATH\CodeIgniter.php(494): CodeIgniter\CodeIgniter->runController(Object(App\Controllers\System\UserMasterController))
 5 SYSTEMPATH\CodeIgniter.php(353): CodeIgniter\CodeIgniter->handleRequest(null, Object(Config\Cache), false)
 6 FCPATH\index.php(79): CodeIgniter\CodeIgniter->run()
 7 SYSTEMPATH\Commands\Server\rewrite.php(47): require_once('D:\\RamsAPI-localtestlive\\CandourAutoTech\\cat_rams_v2_api\\public\\index.php')
WARNING - 2024-02-15 12:21:49 --> [DEPRECATED] DateTimeImmutable::createFromFormat(): Passing null to parameter #2 ($datetime) of type string is deprecated in SYSTEMPATH\I18n\TimeTrait.php on line 242.
 1 SYSTEMPATH\I18n\TimeTrait.php(242): DateTimeImmutable::createFromFormat('Y-m-d H:i:s', null)
 2 APPPATH\Controllers\System\UserMasterController.php(296): CodeIgniter\I18n\Time::createFromFormat('Y-m-d H:i:s', null)
 3 SYSTEMPATH\CodeIgniter.php(919): App\Controllers\System\UserMasterController->get_userdet()
 4 SYSTEMPATH\CodeIgniter.php(494): CodeIgniter\CodeIgniter->runController(Object(App\Controllers\System\UserMasterController))
 5 SYSTEMPATH\CodeIgniter.php(353): CodeIgniter\CodeIgniter->handleRequest(null, Object(Config\Cache), false)
 6 FCPATH\index.php(79): CodeIgniter\CodeIgniter->run()
 7 SYSTEMPATH\Commands\Server\rewrite.php(47): require_once('D:\\RamsAPI-localtestlive\\CandourAutoTech\\cat_rams_v2_api\\public\\index.php')
CRITICAL - 2024-02-15 12:21:49 --> "Y-m-d H:i:s" is not a valid datetime format
in SYSTEMPATH\I18n\TimeTrait.php on line 243.
 1 SYSTEMPATH\I18n\TimeTrait.php(243): CodeIgniter\I18n\Exceptions\I18nException::forInvalidFormat('Y-m-d H:i:s')
 2 APPPATH\Controllers\System\UserMasterController.php(296): CodeIgniter\I18n\Time::createFromFormat('Y-m-d H:i:s', null)
 3 SYSTEMPATH\CodeIgniter.php(919): App\Controllers\System\UserMasterController->get_userdet()
 4 SYSTEMPATH\CodeIgniter.php(494): CodeIgniter\CodeIgniter->runController(Object(App\Controllers\System\UserMasterController))
 5 SYSTEMPATH\CodeIgniter.php(353): CodeIgniter\CodeIgniter->handleRequest(null, Object(Config\Cache), false)
 6 FCPATH\index.php(79): CodeIgniter\CodeIgniter->run()
 7 SYSTEMPATH\Commands\Server\rewrite.php(47): require_once('D:\\RamsAPI-localtestlive\\CandourAutoTech\\cat_rams_v2_api\\public\\index.php')
CRITICAL - 2024-02-15 12:23:24 --> Signature verification failed
in VENDORPATH\firebase\php-jwt\src\JWT.php on line 136.
 1 APPPATH\Config\Commonutils.php(30): Firebase\JWT\JWT::decode('eyJ0eXAiOiJKV1QiLCJhbGciOiJIUzI1NiJ9.eyJpc3MiOiJEaWdpdGFsIFNlcnZpY2UiLCJhdWQiOiJjdXN0b21lciIsInN1YiI6IkN1c3RvbWVyIHZlcmlmaWNhdGlvbiIsImlhdCI6MTcwNDE3NjI1NywidWlkIjoiMSJ9.__3x0F530NxnUwKIVNNp4Irgr_VwgeNv1kzlvNDb7dk', Object(Firebase\JWT\Key))
 2 APPPATH\Controllers\WorkCard\WorkCardMasterController.php(156): Config\Commonutils->decode_jwt_token('eyJ0eXAiOiJKV1QiLCJhbGciOiJIUzI1NiJ9.eyJpc3MiOiJEaWdpdGFsIFNlcnZpY2UiLCJhdWQiOiJjdXN0b21lciIsInN1YiI6IkN1c3RvbWVyIHZlcmlmaWNhdGlvbiIsImlhdCI6MTcwNDE3NjI1NywidWlkIjoiMSJ9.__3x0F530NxnUwKIVNNp4Irgr_VwgeNv1kzlvNDb7dk')
 3 SYSTEMPATH\CodeIgniter.php(919): App\Controllers\WorkCard\WorkCardMasterController->getworkcard_Details()
 4 SYSTEMPATH\CodeIgniter.php(494): CodeIgniter\CodeIgniter->runController(Object(App\Controllers\WorkCard\WorkCardMasterController))
 5 SYSTEMPATH\CodeIgniter.php(353): CodeIgniter\CodeIgniter->handleRequest(null, Object(Config\Cache), false)
 6 FCPATH\index.php(79): CodeIgniter\CodeIgniter->run()
 7 SYSTEMPATH\Commands\Server\rewrite.php(47): require_once('D:\\RamsAPI-localtestlive\\CandourAutoTech\\cat_rams_v2_api\\public\\index.php')
CRITICAL - 2024-02-15 12:23:31 --> Signature verification failed
in VENDORPATH\firebase\php-jwt\src\JWT.php on line 136.
 1 APPPATH\Config\Commonutils.php(30): Firebase\JWT\JWT::decode('eyJ0eXAiOiJKV1QiLCJhbGciOiJIUzI1NiJ9.eyJpc3MiOiJEaWdpdGFsIFNlcnZpY2UiLCJhdWQiOiJjdXN0b21lciIsInN1YiI6IkN1c3RvbWVyIHZlcmlmaWNhdGlvbiIsImlhdCI6MTcwNDE3NjI1NywidWlkIjoiMSJ9.__3x0F530NxnUwKIVNNp4Irgr_VwgeNv1kzlvNDb7dk', Object(Firebase\JWT\Key))
 2 APPPATH\Controllers\WorkCard\WorkCardMasterController.php(156): Config\Commonutils->decode_jwt_token('eyJ0eXAiOiJKV1QiLCJhbGciOiJIUzI1NiJ9.eyJpc3MiOiJEaWdpdGFsIFNlcnZpY2UiLCJhdWQiOiJjdXN0b21lciIsInN1YiI6IkN1c3RvbWVyIHZlcmlmaWNhdGlvbiIsImlhdCI6MTcwNDE3NjI1NywidWlkIjoiMSJ9.__3x0F530NxnUwKIVNNp4Irgr_VwgeNv1kzlvNDb7dk')
 3 SYSTEMPATH\CodeIgniter.php(919): App\Controllers\WorkCard\WorkCardMasterController->getworkcard_Details()
 4 SYSTEMPATH\CodeIgniter.php(494): CodeIgniter\CodeIgniter->runController(Object(App\Controllers\WorkCard\WorkCardMasterController))
 5 SYSTEMPATH\CodeIgniter.php(353): CodeIgniter\CodeIgniter->handleRequest(null, Object(Config\Cache), false)
 6 FCPATH\index.php(79): CodeIgniter\CodeIgniter->run()
 7 SYSTEMPATH\Commands\Server\rewrite.php(47): require_once('D:\\RamsAPI-localtestlive\\CandourAutoTech\\cat_rams_v2_api\\public\\index.php')
CRITICAL - 2024-02-15 12:23:38 --> Signature verification failed
in VENDORPATH\firebase\php-jwt\src\JWT.php on line 136.
 1 APPPATH\Config\Commonutils.php(30): Firebase\JWT\JWT::decode('eyJ0eXAiOiJKV1QiLCJhbGciOiJIUzI1NiJ9.eyJpc3MiOiJEaWdpdGFsIFNlcnZpY2UiLCJhdWQiOiJjdXN0b21lciIsInN1YiI6IkN1c3RvbWVyIHZlcmlmaWNhdGlvbiIsImlhdCI6MTcwNDE3NjI1NywidWlkIjoiMSJ9.__3x0F530NxnUwKIVNNp4Irgr_VwgeNv1kzlvNDb7dk', Object(Firebase\JWT\Key))
 2 APPPATH\Controllers\WorkCard\WorkCardMasterController.php(156): Config\Commonutils->decode_jwt_token('eyJ0eXAiOiJKV1QiLCJhbGciOiJIUzI1NiJ9.eyJpc3MiOiJEaWdpdGFsIFNlcnZpY2UiLCJhdWQiOiJjdXN0b21lciIsInN1YiI6IkN1c3RvbWVyIHZlcmlmaWNhdGlvbiIsImlhdCI6MTcwNDE3NjI1NywidWlkIjoiMSJ9.__3x0F530NxnUwKIVNNp4Irgr_VwgeNv1kzlvNDb7dk')
 3 SYSTEMPATH\CodeIgniter.php(919): App\Controllers\WorkCard\WorkCardMasterController->getworkcard_Details()
 4 SYSTEMPATH\CodeIgniter.php(494): CodeIgniter\CodeIgniter->runController(Object(App\Controllers\WorkCard\WorkCardMasterController))
 5 SYSTEMPATH\CodeIgniter.php(353): CodeIgniter\CodeIgniter->handleRequest(null, Object(Config\Cache), false)
 6 FCPATH\index.php(79): CodeIgniter\CodeIgniter->run()
 7 SYSTEMPATH\Commands\Server\rewrite.php(47): require_once('D:\\RamsAPI-localtestlive\\CandourAutoTech\\cat_rams_v2_api\\public\\index.php')
WARNING - 2024-02-15 12:27:18 --> [DEPRECATED] DateTimeImmutable::createFromFormat(): Passing null to parameter #2 ($datetime) of type string is deprecated in SYSTEMPATH\I18n\TimeTrait.php on line 242.
 1 SYSTEMPATH\I18n\TimeTrait.php(242): DateTimeImmutable::createFromFormat('Y-m-d H:i:s', null)
 2 APPPATH\Controllers\System\UserMasterController.php(297): CodeIgniter\I18n\Time::createFromFormat('Y-m-d H:i:s', null)
 3 SYSTEMPATH\CodeIgniter.php(919): App\Controllers\System\UserMasterController->get_userdet()
 4 SYSTEMPATH\CodeIgniter.php(494): CodeIgniter\CodeIgniter->runController(Object(App\Controllers\System\UserMasterController))
 5 SYSTEMPATH\CodeIgniter.php(353): CodeIgniter\CodeIgniter->handleRequest(null, Object(Config\Cache), false)
 6 FCPATH\index.php(79): CodeIgniter\CodeIgniter->run()
 7 SYSTEMPATH\Commands\Server\rewrite.php(47): require_once('D:\\RamsAPI-localtestlive\\CandourAutoTech\\cat_rams_v2_api\\public\\index.php')
CRITICAL - 2024-02-15 12:27:18 --> "Y-m-d H:i:s" is not a valid datetime format
in SYSTEMPATH\I18n\TimeTrait.php on line 243.
 1 SYSTEMPATH\I18n\TimeTrait.php(243): CodeIgniter\I18n\Exceptions\I18nException::forInvalidFormat('Y-m-d H:i:s')
 2 APPPATH\Controllers\System\UserMasterController.php(297): CodeIgniter\I18n\Time::createFromFormat('Y-m-d H:i:s', null)
 3 SYSTEMPATH\CodeIgniter.php(919): App\Controllers\System\UserMasterController->get_userdet()
 4 SYSTEMPATH\CodeIgniter.php(494): CodeIgniter\CodeIgniter->runController(Object(App\Controllers\System\UserMasterController))
 5 SYSTEMPATH\CodeIgniter.php(353): CodeIgniter\CodeIgniter->handleRequest(null, Object(Config\Cache), false)
 6 FCPATH\index.php(79): CodeIgniter\CodeIgniter->run()
 7 SYSTEMPATH\Commands\Server\rewrite.php(47): require_once('D:\\RamsAPI-localtestlive\\CandourAutoTech\\cat_rams_v2_api\\public\\index.php')
WARNING - 2024-02-15 12:28:05 --> [DEPRECATED] DateTimeImmutable::createFromFormat(): Passing null to parameter #2 ($datetime) of type string is deprecated in SYSTEMPATH\I18n\TimeTrait.php on line 242.
 1 SYSTEMPATH\I18n\TimeTrait.php(242): DateTimeImmutable::createFromFormat('Y-m-d H:i:s', null)
 2 APPPATH\Controllers\System\UserMasterController.php(297): CodeIgniter\I18n\Time::createFromFormat('Y-m-d H:i:s', null)
 3 SYSTEMPATH\CodeIgniter.php(919): App\Controllers\System\UserMasterController->get_userdet()
 4 SYSTEMPATH\CodeIgniter.php(494): CodeIgniter\CodeIgniter->runController(Object(App\Controllers\System\UserMasterController))
 5 SYSTEMPATH\CodeIgniter.php(353): CodeIgniter\CodeIgniter->handleRequest(null, Object(Config\Cache), false)
 6 FCPATH\index.php(79): CodeIgniter\CodeIgniter->run()
 7 SYSTEMPATH\Commands\Server\rewrite.php(47): require_once('D:\\RamsAPI-localtestlive\\CandourAutoTech\\cat_rams_v2_api\\public\\index.php')
CRITICAL - 2024-02-15 12:28:05 --> "Y-m-d H:i:s" is not a valid datetime format
in SYSTEMPATH\I18n\TimeTrait.php on line 243.
 1 SYSTEMPATH\I18n\TimeTrait.php(243): CodeIgniter\I18n\Exceptions\I18nException::forInvalidFormat('Y-m-d H:i:s')
 2 APPPATH\Controllers\System\UserMasterController.php(297): CodeIgniter\I18n\Time::createFromFormat('Y-m-d H:i:s', null)
 3 SYSTEMPATH\CodeIgniter.php(919): App\Controllers\System\UserMasterController->get_userdet()
 4 SYSTEMPATH\CodeIgniter.php(494): CodeIgniter\CodeIgniter->runController(Object(App\Controllers\System\UserMasterController))
 5 SYSTEMPATH\CodeIgniter.php(353): CodeIgniter\CodeIgniter->handleRequest(null, Object(Config\Cache), false)
 6 FCPATH\index.php(79): CodeIgniter\CodeIgniter->run()
 7 SYSTEMPATH\Commands\Server\rewrite.php(47): require_once('D:\\RamsAPI-localtestlive\\CandourAutoTech\\cat_rams_v2_api\\public\\index.php')
CRITICAL - 2024-02-15 13:35:39 --> Unsupported operand types: array - float
in APPPATH\Controllers\ServiceRequest\ServiceRequestMasterController.php on line 185.
 1 SYSTEMPATH\CodeIgniter.php(919): App\Controllers\ServiceRequest\ServiceRequestMasterController->show('Mg')
 2 SYSTEMPATH\CodeIgniter.php(494): CodeIgniter\CodeIgniter->runController(Object(App\Controllers\ServiceRequest\ServiceRequestMasterController))
 3 SYSTEMPATH\CodeIgniter.php(353): CodeIgniter\CodeIgniter->handleRequest(null, Object(Config\Cache), false)
 4 FCPATH\index.php(79): CodeIgniter\CodeIgniter->run()
 5 SYSTEMPATH\Commands\Server\rewrite.php(47): require_once('D:\\RamsAPI-localtestlive\\CandourAutoTech\\cat_rams_v2_api\\public\\index.php')
CRITICAL - 2024-02-15 13:52:10 --> Unsupported operand types: array - float
in APPPATH\Controllers\ServiceRequest\ServiceRequestMasterController.php on line 186.
 1 SYSTEMPATH\CodeIgniter.php(919): App\Controllers\ServiceRequest\ServiceRequestMasterController->show('Mg')
 2 SYSTEMPATH\CodeIgniter.php(494): CodeIgniter\CodeIgniter->runController(Object(App\Controllers\ServiceRequest\ServiceRequestMasterController))
 3 SYSTEMPATH\CodeIgniter.php(353): CodeIgniter\CodeIgniter->handleRequest(null, Object(Config\Cache), false)
 4 FCPATH\index.php(79): CodeIgniter\CodeIgniter->run()
 5 SYSTEMPATH\Commands\Server\rewrite.php(47): require_once('D:\\RamsAPI-localtestlive\\CandourAutoTech\\cat_rams_v2_api\\public\\index.php')
CRITICAL - 2024-02-15 15:39:02 --> Trying to access array offset on value of type null
in APPPATH\Controllers\ToolRequest\ToolRequestMasterController.php on line 135.
 1 APPPATH\Controllers\ToolRequest\ToolRequestMasterController.php(135): CodeIgniter\Debug\Exceptions->errorHandler(2, 'Trying to access array offset on value of type null', 'D:\\RamsAPI-localtestlive\\CandourAutoTech\\cat_rams_v2_api\\app\\Controllers\\ToolRequest\\ToolRequestMasterController.php', 135)
 2 SYSTEMPATH\CodeIgniter.php(919): App\Controllers\ToolRequest\ToolRequestMasterController->show('completed_request')
 3 SYSTEMPATH\CodeIgniter.php(494): CodeIgniter\CodeIgniter->runController(Object(App\Controllers\ToolRequest\ToolRequestMasterController))
 4 SYSTEMPATH\CodeIgniter.php(353): CodeIgniter\CodeIgniter->handleRequest(null, Object(Config\Cache), false)
 5 FCPATH\index.php(79): CodeIgniter\CodeIgniter->run()
 6 SYSTEMPATH\Commands\Server\rewrite.php(47): require_once('D:\\RamsAPI-localtestlive\\CandourAutoTech\\cat_rams_v2_api\\public\\index.php')
CRITICAL - 2024-02-15 16:58:02 --> Signature verification failed
in VENDORPATH\firebase\php-jwt\src\JWT.php on line 136.
 1 APPPATH\Config\Commonutils.php(30): Firebase\JWT\JWT::decode('eyJ0eXAiOiJKV1QiLCJhbGciOiJIUzI1NiJ9.eyJpc3MiOiJEaWdpdGFsIFNlcnZpY2UiLCJhdWQiOiJjdXN0b21lciIsInN1YiI6IkN1c3RvbWVyIHZlcmlmaWNhdGlvbiIsImlhdCI6MTcwNzk5MjgyOSwidWlkIjoiMSJ9.7K6w17ayvUbxRrPzCDUkI_UgXu5YKnqMw-ubaCaX3Ic', Object(Firebase\JWT\Key))
 2 APPPATH\Controllers\ToolRequest\ToolRequestMasterController.php(698): Config\Commonutils->decode_jwt_token('eyJ0eXAiOiJKV1QiLCJhbGciOiJIUzI1NiJ9.eyJpc3MiOiJEaWdpdGFsIFNlcnZpY2UiLCJhdWQiOiJjdXN0b21lciIsInN1YiI6IkN1c3RvbWVyIHZlcmlmaWNhdGlvbiIsImlhdCI6MTcwNzk5MjgyOSwidWlkIjoiMSJ9.7K6w17ayvUbxRrPzCDUkI_UgXu5YKnqMw-ubaCaX3Ic')
 3 SYSTEMPATH\CodeIgniter.php(919): App\Controllers\ToolRequest\ToolRequestMasterController->tool_req_list()
 4 SYSTEMPATH\CodeIgniter.php(494): CodeIgniter\CodeIgniter->runController(Object(App\Controllers\ToolRequest\ToolRequestMasterController))
 5 SYSTEMPATH\CodeIgniter.php(353): CodeIgniter\CodeIgniter->handleRequest(null, Object(Config\Cache), false)
 6 FCPATH\index.php(79): CodeIgniter\CodeIgniter->run()
 7 SYSTEMPATH\Commands\Server\rewrite.php(47): require_once('D:\\RamsAPI-localtestlive\\CandourAutoTech\\cat_rams_v2_api\\public\\index.php')
CRITICAL - 2024-02-15 17:33:38 --> Undefined variable $outdata
in APPPATH\Controllers\ServiceRequest\ServiceRequestMasterController.php on line 298.
 1 APPPATH\Controllers\ServiceRequest\ServiceRequestMasterController.php(298): CodeIgniter\Debug\Exceptions->errorHandler(2, 'Undefined variable $outdata', 'D:\\RamsAPI-localtestlive\\CandourAutoTech\\cat_rams_v2_api\\app\\Controllers\\ServiceRequest\\ServiceRequestMasterController.php', 298)
 2 SYSTEMPATH\CodeIgniter.php(919): App\Controllers\ServiceRequest\ServiceRequestMasterController->show('NQ')
 3 SYSTEMPATH\CodeIgniter.php(494): CodeIgniter\CodeIgniter->runController(Object(App\Controllers\ServiceRequest\ServiceRequestMasterController))
 4 SYSTEMPATH\CodeIgniter.php(353): CodeIgniter\CodeIgniter->handleRequest(null, Object(Config\Cache), false)
 5 FCPATH\index.php(79): CodeIgniter\CodeIgniter->run()
 6 SYSTEMPATH\Commands\Server\rewrite.php(47): require_once('D:\\RamsAPI-localtestlive\\CandourAutoTech\\cat_rams_v2_api\\public\\index.php')
CRITICAL - 2024-02-15 17:35:59 --> Undefined variable $outdata
in APPPATH\Controllers\ServiceRequest\ServiceRequestMasterController.php on line 299.
 1 APPPATH\Controllers\ServiceRequest\ServiceRequestMasterController.php(299): CodeIgniter\Debug\Exceptions->errorHandler(2, 'Undefined variable $outdata', 'D:\\RamsAPI-localtestlive\\CandourAutoTech\\cat_rams_v2_api\\app\\Controllers\\ServiceRequest\\ServiceRequestMasterController.php', 299)
 2 SYSTEMPATH\CodeIgniter.php(919): App\Controllers\ServiceRequest\ServiceRequestMasterController->show('NQ')
 3 SYSTEMPATH\CodeIgniter.php(494): CodeIgniter\CodeIgniter->runController(Object(App\Controllers\ServiceRequest\ServiceRequestMasterController))
 4 SYSTEMPATH\CodeIgniter.php(353): CodeIgniter\CodeIgniter->handleRequest(null, Object(Config\Cache), false)
 5 FCPATH\index.php(79): CodeIgniter\CodeIgniter->run()
 6 SYSTEMPATH\Commands\Server\rewrite.php(47): require_once('D:\\RamsAPI-localtestlive\\CandourAutoTech\\cat_rams_v2_api\\public\\index.php')
CRITICAL - 2024-02-15 17:51:38 --> Trying to access array offset on value of type null
in APPPATH\Controllers\ServiceRequest\ServiceRequestMasterController.php on line 207.
 1 APPPATH\Controllers\ServiceRequest\ServiceRequestMasterController.php(207): CodeIgniter\Debug\Exceptions->errorHandler(2, 'Trying to access array offset on value of type null', 'D:\\RamsAPI-localtestlive\\CandourAutoTech\\cat_rams_v2_api\\app\\Controllers\\ServiceRequest\\ServiceRequestMasterController.php', 207)
 2 SYSTEMPATH\CodeIgniter.php(919): App\Controllers\ServiceRequest\ServiceRequestMasterController->show('Ng')
 3 SYSTEMPATH\CodeIgniter.php(494): CodeIgniter\CodeIgniter->runController(Object(App\Controllers\ServiceRequest\ServiceRequestMasterController))
 4 SYSTEMPATH\CodeIgniter.php(353): CodeIgniter\CodeIgniter->handleRequest(null, Object(Config\Cache), false)
 5 FCPATH\index.php(79): CodeIgniter\CodeIgniter->run()
 6 SYSTEMPATH\Commands\Server\rewrite.php(47): require_once('D:\\RamsAPI-localtestlive\\CandourAutoTech\\cat_rams_v2_api\\public\\index.php')
WARNING - 2024-02-15 17:52:58 --> [DEPRECATED] DateTimeImmutable::createFromFormat(): Passing null to parameter #2 ($datetime) of type string is deprecated in SYSTEMPATH\I18n\TimeTrait.php on line 242.
 1 SYSTEMPATH\I18n\TimeTrait.php(242): DateTimeImmutable::createFromFormat('Y-m-d H:i:s', null)
 2 APPPATH\Controllers\ServiceRequest\ServiceRequestMasterController.php(1769): CodeIgniter\I18n\Time::createFromFormat('Y-m-d H:i:s', null)
 3 SYSTEMPATH\CodeIgniter.php(919): App\Controllers\ServiceRequest\ServiceRequestMasterController->check_reopen_workcard()
 4 SYSTEMPATH\CodeIgniter.php(494): CodeIgniter\CodeIgniter->runController(Object(App\Controllers\ServiceRequest\ServiceRequestMasterController))
 5 SYSTEMPATH\CodeIgniter.php(353): CodeIgniter\CodeIgniter->handleRequest(null, Object(Config\Cache), false)
 6 FCPATH\index.php(79): CodeIgniter\CodeIgniter->run()
 7 SYSTEMPATH\Commands\Server\rewrite.php(47): require_once('D:\\RamsAPI-localtestlive\\CandourAutoTech\\cat_rams_v2_api\\public\\index.php')
CRITICAL - 2024-02-15 17:52:58 --> "Y-m-d H:i:s" is not a valid datetime format
in SYSTEMPATH\I18n\TimeTrait.php on line 243.
 1 SYSTEMPATH\I18n\TimeTrait.php(243): CodeIgniter\I18n\Exceptions\I18nException::forInvalidFormat('Y-m-d H:i:s')
 2 APPPATH\Controllers\ServiceRequest\ServiceRequestMasterController.php(1769): CodeIgniter\I18n\Time::createFromFormat('Y-m-d H:i:s', null)
 3 SYSTEMPATH\CodeIgniter.php(919): App\Controllers\ServiceRequest\ServiceRequestMasterController->check_reopen_workcard()
 4 SYSTEMPATH\CodeIgniter.php(494): CodeIgniter\CodeIgniter->runController(Object(App\Controllers\ServiceRequest\ServiceRequestMasterController))
 5 SYSTEMPATH\CodeIgniter.php(353): CodeIgniter\CodeIgniter->handleRequest(null, Object(Config\Cache), false)
 6 FCPATH\index.php(79): CodeIgniter\CodeIgniter->run()
 7 SYSTEMPATH\Commands\Server\rewrite.php(47): require_once('D:\\RamsAPI-localtestlive\\CandourAutoTech\\cat_rams_v2_api\\public\\index.php')
CRITICAL - 2024-02-15 17:53:04 --> Trying to access array offset on value of type null
in APPPATH\Controllers\ServiceRequest\ServiceRequestMasterController.php on line 207.
 1 APPPATH\Controllers\ServiceRequest\ServiceRequestMasterController.php(207): CodeIgniter\Debug\Exceptions->errorHandler(2, 'Trying to access array offset on value of type null', 'D:\\RamsAPI-localtestlive\\CandourAutoTech\\cat_rams_v2_api\\app\\Controllers\\ServiceRequest\\ServiceRequestMasterController.php', 207)
 2 SYSTEMPATH\CodeIgniter.php(919): App\Controllers\ServiceRequest\ServiceRequestMasterController->show('Ng')
 3 SYSTEMPATH\CodeIgniter.php(494): CodeIgniter\CodeIgniter->runController(Object(App\Controllers\ServiceRequest\ServiceRequestMasterController))
 4 SYSTEMPATH\CodeIgniter.php(353): CodeIgniter\CodeIgniter->handleRequest(null, Object(Config\Cache), false)
 5 FCPATH\index.php(79): CodeIgniter\CodeIgniter->run()
 6 SYSTEMPATH\Commands\Server\rewrite.php(47): require_once('D:\\RamsAPI-localtestlive\\CandourAutoTech\\cat_rams_v2_api\\public\\index.php')
CRITICAL - 2024-02-15 17:53:08 --> Trying to access array offset on value of type null
in APPPATH\Controllers\ServiceRequest\ServiceRequestMasterController.php on line 207.
 1 APPPATH\Controllers\ServiceRequest\ServiceRequestMasterController.php(207): CodeIgniter\Debug\Exceptions->errorHandler(2, 'Trying to access array offset on value of type null', 'D:\\RamsAPI-localtestlive\\CandourAutoTech\\cat_rams_v2_api\\app\\Controllers\\ServiceRequest\\ServiceRequestMasterController.php', 207)
 2 SYSTEMPATH\CodeIgniter.php(919): App\Controllers\ServiceRequest\ServiceRequestMasterController->show('Ng')
 3 SYSTEMPATH\CodeIgniter.php(494): CodeIgniter\CodeIgniter->runController(Object(App\Controllers\ServiceRequest\ServiceRequestMasterController))
 4 SYSTEMPATH\CodeIgniter.php(353): CodeIgniter\CodeIgniter->handleRequest(null, Object(Config\Cache), false)
 5 FCPATH\index.php(79): CodeIgniter\CodeIgniter->run()
 6 SYSTEMPATH\Commands\Server\rewrite.php(47): require_once('D:\\RamsAPI-localtestlive\\CandourAutoTech\\cat_rams_v2_api\\public\\index.php')
CRITICAL - 2024-02-15 17:54:30 --> Trying to access array offset on value of type null
in APPPATH\Controllers\ServiceRequest\ServiceRequestMasterController.php on line 209.
 1 APPPATH\Controllers\ServiceRequest\ServiceRequestMasterController.php(209): CodeIgniter\Debug\Exceptions->errorHandler(2, 'Trying to access array offset on value of type null', 'D:\\RamsAPI-localtestlive\\CandourAutoTech\\cat_rams_v2_api\\app\\Controllers\\ServiceRequest\\ServiceRequestMasterController.php', 209)
 2 SYSTEMPATH\CodeIgniter.php(919): App\Controllers\ServiceRequest\ServiceRequestMasterController->show('Ng')
 3 SYSTEMPATH\CodeIgniter.php(494): CodeIgniter\CodeIgniter->runController(Object(App\Controllers\ServiceRequest\ServiceRequestMasterController))
 4 SYSTEMPATH\CodeIgniter.php(353): CodeIgniter\CodeIgniter->handleRequest(null, Object(Config\Cache), false)
 5 FCPATH\index.php(79): CodeIgniter\CodeIgniter->run()
 6 SYSTEMPATH\Commands\Server\rewrite.php(47): require_once('D:\\RamsAPI-localtestlive\\CandourAutoTech\\cat_rams_v2_api\\public\\index.php')
WARNING - 2024-02-15 18:48:19 --> [DEPRECATED] DateTimeImmutable::createFromFormat(): Passing null to parameter #2 ($datetime) of type string is deprecated in SYSTEMPATH\I18n\TimeTrait.php on line 242.
 1 SYSTEMPATH\I18n\TimeTrait.php(242): DateTimeImmutable::createFromFormat('Y-m-d H:i:s', null)
 2 APPPATH\Controllers\ServiceRequest\ServiceRequestMasterController.php(1773): CodeIgniter\I18n\Time::createFromFormat('Y-m-d H:i:s', null)
 3 SYSTEMPATH\CodeIgniter.php(919): App\Controllers\ServiceRequest\ServiceRequestMasterController->check_reopen_workcard()
 4 SYSTEMPATH\CodeIgniter.php(494): CodeIgniter\CodeIgniter->runController(Object(App\Controllers\ServiceRequest\ServiceRequestMasterController))
 5 SYSTEMPATH\CodeIgniter.php(353): CodeIgniter\CodeIgniter->handleRequest(null, Object(Config\Cache), false)
 6 FCPATH\index.php(79): CodeIgniter\CodeIgniter->run()
 7 SYSTEMPATH\Commands\Server\rewrite.php(47): require_once('D:\\RamsAPI-localtestlive\\CandourAutoTech\\cat_rams_v2_api\\public\\index.php')
CRITICAL - 2024-02-15 18:48:19 --> "Y-m-d H:i:s" is not a valid datetime format
in SYSTEMPATH\I18n\TimeTrait.php on line 243.
 1 SYSTEMPATH\I18n\TimeTrait.php(243): CodeIgniter\I18n\Exceptions\I18nException::forInvalidFormat('Y-m-d H:i:s')
 2 APPPATH\Controllers\ServiceRequest\ServiceRequestMasterController.php(1773): CodeIgniter\I18n\Time::createFromFormat('Y-m-d H:i:s', null)
 3 SYSTEMPATH\CodeIgniter.php(919): App\Controllers\ServiceRequest\ServiceRequestMasterController->check_reopen_workcard()
 4 SYSTEMPATH\CodeIgniter.php(494): CodeIgniter\CodeIgniter->runController(Object(App\Controllers\ServiceRequest\ServiceRequestMasterController))
 5 SYSTEMPATH\CodeIgniter.php(353): CodeIgniter\CodeIgniter->handleRequest(null, Object(Config\Cache), false)
 6 FCPATH\index.php(79): CodeIgniter\CodeIgniter->run()
 7 SYSTEMPATH\Commands\Server\rewrite.php(47): require_once('D:\\RamsAPI-localtestlive\\CandourAutoTech\\cat_rams_v2_api\\public\\index.php')
WARNING - 2024-02-15 19:48:35 --> [DEPRECATED] DateTimeImmutable::createFromFormat(): Passing null to parameter #2 ($datetime) of type string is deprecated in SYSTEMPATH\I18n\TimeTrait.php on line 242.
 1 SYSTEMPATH\I18n\TimeTrait.php(242): DateTimeImmutable::createFromFormat('Y-m-d H:i:s', null)
 2 APPPATH\Controllers\ServiceRequest\ServiceRequestMasterController.php(1773): CodeIgniter\I18n\Time::createFromFormat('Y-m-d H:i:s', null)
 3 SYSTEMPATH\CodeIgniter.php(919): App\Controllers\ServiceRequest\ServiceRequestMasterController->check_reopen_workcard()
 4 SYSTEMPATH\CodeIgniter.php(494): CodeIgniter\CodeIgniter->runController(Object(App\Controllers\ServiceRequest\ServiceRequestMasterController))
 5 SYSTEMPATH\CodeIgniter.php(353): CodeIgniter\CodeIgniter->handleRequest(null, Object(Config\Cache), false)
 6 FCPATH\index.php(79): CodeIgniter\CodeIgniter->run()
 7 SYSTEMPATH\Commands\Server\rewrite.php(47): require_once('D:\\RamsAPI-localtestlive\\CandourAutoTech\\cat_rams_v2_api\\public\\index.php')
CRITICAL - 2024-02-15 19:48:35 --> "Y-m-d H:i:s" is not a valid datetime format
in SYSTEMPATH\I18n\TimeTrait.php on line 243.
 1 SYSTEMPATH\I18n\TimeTrait.php(243): CodeIgniter\I18n\Exceptions\I18nException::forInvalidFormat('Y-m-d H:i:s')
 2 APPPATH\Controllers\ServiceRequest\ServiceRequestMasterController.php(1773): CodeIgniter\I18n\Time::createFromFormat('Y-m-d H:i:s', null)
 3 SYSTEMPATH\CodeIgniter.php(919): App\Controllers\ServiceRequest\ServiceRequestMasterController->check_reopen_workcard()
 4 SYSTEMPATH\CodeIgniter.php(494): CodeIgniter\CodeIgniter->runController(Object(App\Controllers\ServiceRequest\ServiceRequestMasterController))
 5 SYSTEMPATH\CodeIgniter.php(353): CodeIgniter\CodeIgniter->handleRequest(null, Object(Config\Cache), false)
 6 FCPATH\index.php(79): CodeIgniter\CodeIgniter->run()
 7 SYSTEMPATH\Commands\Server\rewrite.php(47): require_once('D:\\RamsAPI-localtestlive\\CandourAutoTech\\cat_rams_v2_api\\public\\index.php')
