CRITICAL - 2024-05-08 16:58:31 --> sizeof(): Argument #1 ($value) must be of type Countable|array, null given
in APPPATH\Controllers\ServiceRequest\ServiceRequestMasterController.php on line 1590.
 1 APPPATH\Controllers\ServiceRequest\ServiceRequestMasterController.php(1590): sizeof(null)
 2 SYSTEMPATH\CodeIgniter.php(919): App\Controllers\ServiceRequest\ServiceRequestMasterController->actvt_serm_rq()
 3 SYSTEMPATH\CodeIgniter.php(494): CodeIgniter\CodeIgniter->runController(Object(App\Controllers\ServiceRequest\ServiceRequestMasterController))
 4 SYSTEMPATH\CodeIgniter.php(353): CodeIgniter\CodeIgniter->handleRequest(null, Object(Config\Cache), false)
 5 FCPATH\index.php(79): CodeIgniter\CodeIgniter->run()
 6 SYSTEMPATH\Commands\Server\rewrite.php(47): require_once('D:\\RamsAPI-localtestlive\\CandourAutoTech\\cat_rams_v2_api\\public\\index.php')
CRITICAL - 2024-05-08 16:58:34 --> sizeof(): Argument #1 ($value) must be of type Countable|array, null given
in APPPATH\Controllers\ServiceRequest\ServiceRequestMasterController.php on line 1590.
 1 APPPATH\Controllers\ServiceRequest\ServiceRequestMasterController.php(1590): sizeof(null)
 2 SYSTEMPATH\CodeIgniter.php(919): App\Controllers\ServiceRequest\ServiceRequestMasterController->actvt_serm_rq()
 3 SYSTEMPATH\CodeIgniter.php(494): CodeIgniter\CodeIgniter->runController(Object(App\Controllers\ServiceRequest\ServiceRequestMasterController))
 4 SYSTEMPATH\CodeIgniter.php(353): CodeIgniter\CodeIgniter->handleRequest(null, Object(Config\Cache), false)
 5 FCPATH\index.php(79): CodeIgniter\CodeIgniter->run()
 6 SYSTEMPATH\Commands\Server\rewrite.php(47): require_once('D:\\RamsAPI-localtestlive\\CandourAutoTech\\cat_rams_v2_api\\public\\index.php')
CRITICAL - 2024-05-08 16:58:48 --> sizeof(): Argument #1 ($value) must be of type Countable|array, null given
in APPPATH\Controllers\ServiceRequest\ServiceRequestMasterController.php on line 1590.
 1 APPPATH\Controllers\ServiceRequest\ServiceRequestMasterController.php(1590): sizeof(null)
 2 SYSTEMPATH\CodeIgniter.php(919): App\Controllers\ServiceRequest\ServiceRequestMasterController->actvt_serm_rq()
 3 SYSTEMPATH\CodeIgniter.php(494): CodeIgniter\CodeIgniter->runController(Object(App\Controllers\ServiceRequest\ServiceRequestMasterController))
 4 SYSTEMPATH\CodeIgniter.php(353): CodeIgniter\CodeIgniter->handleRequest(null, Object(Config\Cache), false)
 5 FCPATH\index.php(79): CodeIgniter\CodeIgniter->run()
 6 SYSTEMPATH\Commands\Server\rewrite.php(47): require_once('D:\\RamsAPI-localtestlive\\CandourAutoTech\\cat_rams_v2_api\\public\\index.php')
CRITICAL - 2024-05-08 17:03:40 --> sizeof(): Argument #1 ($value) must be of type Countable|array, null given
in APPPATH\Controllers\ServiceRequest\ServiceRequestMasterController.php on line 1590.
 1 APPPATH\Controllers\ServiceRequest\ServiceRequestMasterController.php(1590): sizeof(null)
 2 SYSTEMPATH\CodeIgniter.php(919): App\Controllers\ServiceRequest\ServiceRequestMasterController->actvt_serm_rq()
 3 SYSTEMPATH\CodeIgniter.php(494): CodeIgniter\CodeIgniter->runController(Object(App\Controllers\ServiceRequest\ServiceRequestMasterController))
 4 SYSTEMPATH\CodeIgniter.php(353): CodeIgniter\CodeIgniter->handleRequest(null, Object(Config\Cache), false)
 5 FCPATH\index.php(79): CodeIgniter\CodeIgniter->run()
 6 SYSTEMPATH\Commands\Server\rewrite.php(47): require_once('D:\\RamsAPI-localtestlive\\CandourAutoTech\\cat_rams_v2_api\\public\\index.php')
CRITICAL - 2024-05-08 17:17:02 --> sizeof(): Argument #1 ($value) must be of type Countable|array, null given
in APPPATH\Controllers\ServiceRequest\ServiceRequestMasterController.php on line 1590.
 1 APPPATH\Controllers\ServiceRequest\ServiceRequestMasterController.php(1590): sizeof(null)
 2 SYSTEMPATH\CodeIgniter.php(919): App\Controllers\ServiceRequest\ServiceRequestMasterController->actvt_serm_rq()
 3 SYSTEMPATH\CodeIgniter.php(494): CodeIgniter\CodeIgniter->runController(Object(App\Controllers\ServiceRequest\ServiceRequestMasterController))
 4 SYSTEMPATH\CodeIgniter.php(353): CodeIgniter\CodeIgniter->handleRequest(null, Object(Config\Cache), false)
 5 FCPATH\index.php(79): CodeIgniter\CodeIgniter->run()
 6 SYSTEMPATH\Commands\Server\rewrite.php(47): require_once('D:\\RamsAPI-localtestlive\\CandourAutoTech\\cat_rams_v2_api\\public\\index.php')
CRITICAL - 2024-05-08 17:46:59 --> sizeof(): Argument #1 ($value) must be of type Countable|array, null given
in APPPATH\Controllers\ServiceRequest\ServiceRequestMasterController.php on line 1590.
 1 APPPATH\Controllers\ServiceRequest\ServiceRequestMasterController.php(1590): sizeof(null)
 2 SYSTEMPATH\CodeIgniter.php(919): App\Controllers\ServiceRequest\ServiceRequestMasterController->actvt_serm_rq()
 3 SYSTEMPATH\CodeIgniter.php(494): CodeIgniter\CodeIgniter->runController(Object(App\Controllers\ServiceRequest\ServiceRequestMasterController))
 4 SYSTEMPATH\CodeIgniter.php(353): CodeIgniter\CodeIgniter->handleRequest(null, Object(Config\Cache), false)
 5 FCPATH\index.php(79): CodeIgniter\CodeIgniter->run()
 6 SYSTEMPATH\Commands\Server\rewrite.php(47): require_once('D:\\RamsAPI-localtestlive\\CandourAutoTech\\cat_rams_v2_api\\public\\index.php')
CRITICAL - 2024-05-08 18:20:08 --> sizeof(): Argument #1 ($value) must be of type Countable|array, null given
in APPPATH\Controllers\ServiceRequest\ServiceRequestMasterController.php on line 1594.
 1 APPPATH\Controllers\ServiceRequest\ServiceRequestMasterController.php(1594): sizeof(null)
 2 SYSTEMPATH\CodeIgniter.php(919): App\Controllers\ServiceRequest\ServiceRequestMasterController->actvt_serm_rq()
 3 SYSTEMPATH\CodeIgniter.php(494): CodeIgniter\CodeIgniter->runController(Object(App\Controllers\ServiceRequest\ServiceRequestMasterController))
 4 SYSTEMPATH\CodeIgniter.php(353): CodeIgniter\CodeIgniter->handleRequest(null, Object(Config\Cache), false)
 5 FCPATH\index.php(79): CodeIgniter\CodeIgniter->run()
 6 SYSTEMPATH\Commands\Server\rewrite.php(47): require_once('D:\\RamsAPI-localtestlive\\CandourAutoTech\\cat_rams_v2_api\\public\\index.php')
CRITICAL - 2024-05-08 18:59:20 --> syntax error, unexpected token ",", expecting "]"
in APPPATH\Controllers\ServiceRequest\ServiceRequestMasterController.php on line 1645.
 1 SYSTEMPATH\Autoloader\Autoloader.php(285): CodeIgniter\Autoloader\Autoloader->includeFile('D:\\RamsAPI-localtestlive\\CandourAutoTech\\cat_rams_v2_api\\app\\Controllers\\ServiceRequest\\ServiceRequestMasterController.php')
 2 SYSTEMPATH\Autoloader\Autoloader.php(263): CodeIgniter\Autoloader\Autoloader->loadInNamespace('App\\Controllers\\ServiceRequest\\ServiceRequestMasterController')
 3 [internal function]: CodeIgniter\Autoloader\Autoloader->loadClass('App\\Controllers\\ServiceRequest\\ServiceRequestMasterController')
 4 SYSTEMPATH\CodeIgniter.php(877): class_exists('\\App\\Controllers\\ServiceRequest\\ServiceRequestMasterController', true)
 5 SYSTEMPATH\CodeIgniter.php(481): CodeIgniter\CodeIgniter->startController()
 6 SYSTEMPATH\CodeIgniter.php(353): CodeIgniter\CodeIgniter->handleRequest(null, Object(Config\Cache), false)
 7 FCPATH\index.php(79): CodeIgniter\CodeIgniter->run()
 8 SYSTEMPATH\Commands\Server\rewrite.php(47): require_once('D:\\RamsAPI-localtestlive\\CandourAutoTech\\cat_rams_v2_api\\public\\index.php')
